<?xml version="1.0" encoding="UTF-8"?>
<!-- Generated by org.testng.reporters.JUnitReportReporter -->
<testsuite hostname="SoulTest-PC" name="com.soulinfo.cases.BrowserCase" tests="2" failures="0" timestamp="4 Jun 2015 06:21:59 GMT" time="2.970" errors="0">
  <testcase name="closeBrowser" time="0.658" classname="com.soulinfo.cases.BrowserCase"/>
  <testcase name="openBrowser" time="2.312" classname="com.soulinfo.cases.BrowserCase"/>
</testsuite> <!-- com.soulinfo.cases.BrowserCase -->
