<?xml version="1.0" encoding="UTF-8"?>
<!-- Generated by org.testng.reporters.JUnitReportReporter -->
<testsuite hostname="SoulTest-PC" name="com.soulinfo.cases.CreateBooksCase" tests="2" failures="0" timestamp="4 Jun 2015 06:21:59 GMT" time="22.850" errors="0">
  <testcase name="test1CreateBooks" time="17.298" classname="com.soulinfo.cases.CreateBooksCase"/>
  <testcase name="test2Code" time="5.552" classname="com.soulinfo.cases.CreateBooksCase"/>
</testsuite> <!-- com.soulinfo.cases.CreateBooksCase -->
