<?xml version="1.0" encoding="UTF-8"?>
<!-- Generated by org.testng.reporters.JUnitReportReporter -->
<testsuite hostname="SoulTest-PC" name="com.soulinfo.cases.LoginCase" tests="2" failures="0" timestamp="4 Jun 2015 06:21:59 GMT" time="7.288" errors="0">
  <testcase name="testLogout" time="0.929" classname="com.soulinfo.cases.LoginCase"/>
  <testcase name="testClaLogin" time="6.359" classname="com.soulinfo.cases.LoginCase"/>
</testsuite> <!-- com.soulinfo.cases.LoginCase -->
