<?xml version="1.0" encoding="UTF-8"?>
<testsuite name="TestSuite" time="68.706" tests="7" errors="0" skipped="0" failures="1">
  <properties>
    <property name="java.runtime.name" value="Java(TM) SE Runtime Environment"/>
    <property name="sun.boot.library.path" value="C:\Program Files\Java\jdk1.7.0_75\jre\bin"/>
    <property name="java.vm.version" value="24.75-b04"/>
    <property name="java.vm.vendor" value="Oracle Corporation"/>
    <property name="java.vendor.url" value="http://java.oracle.com/"/>
    <property name="path.separator" value=";"/>
    <property name="guice.disable.misplaced.annotation.check" value="true"/>
    <property name="java.vm.name" value="Java HotSpot(TM) 64-Bit Server VM"/>
    <property name="file.encoding.pkg" value="sun.io"/>
    <property name="user.script" value=""/>
    <property name="user.country" value="CN"/>
    <property name="sun.java.launcher" value="SUN_STANDARD"/>
    <property name="sun.os.patch.level" value="Service Pack 1"/>
    <property name="java.vm.specification.name" value="Java Virtual Machine Specification"/>
    <property name="user.dir" value="D:\Workspaces\YearBook4.0"/>
    <property name="java.runtime.version" value="1.7.0_75-b13"/>
    <property name="java.awt.graphicsenv" value="sun.awt.Win32GraphicsEnvironment"/>
    <property name="java.endorsed.dirs" value="C:\Program Files\Java\jdk1.7.0_75\jre\lib\endorsed"/>
    <property name="os.arch" value="amd64"/>
    <property name="java.io.tmpdir" value="C:\Users\SoulTest\AppData\Local\Temp\"/>
    <property name="line.separator" value="&#10;"/>
    <property name="java.vm.specification.vendor" value="Oracle Corporation"/>
    <property name="user.variant" value=""/>
    <property name="os.name" value="Windows 7"/>
    <property name="classworlds.conf" value="C:\apache-maven-3.0.5\bin\..\bin\m2.conf"/>
    <property name="sun.jnu.encoding" value="GBK"/>
    <property name="java.library.path" value="C:\Program Files\Java\jdk1.7.0_75\bin;C:\Windows\Sun\Java\bin;C:\Windows\system32;C:\Windows;C:\Program Files\Java\jdk1.7.0_75\bin;C:\Program Files\Java\jdk1.7.0_75\jre\bin;C:\Windows\system32;C:\Windows;C:\Windows\System32\Wbem;C:\Windows\System32\WindowsPowerShell\v1.0\;C:\Python27;C:\apache-maven-3.0.5\bin;;."/>
    <property name="java.specification.name" value="Java Platform API Specification"/>
    <property name="java.class.version" value="51.0"/>
    <property name="sun.management.compiler" value="HotSpot 64-Bit Tiered Compilers"/>
    <property name="os.version" value="6.1"/>
    <property name="user.home" value="C:\Users\SoulTest"/>
    <property name="user.timezone" value="Asia/Shanghai"/>
    <property name="java.awt.printerjob" value="sun.awt.windows.WPrinterJob"/>
    <property name="java.specification.version" value="1.7"/>
    <property name="file.encoding" value="GBK"/>
    <property name="user.name" value="SoulTest"/>
    <property name="java.class.path" value="C:\apache-maven-3.0.5\bin\..\boot\plexus-classworlds-2.4.jar"/>
    <property name="java.vm.specification.version" value="1.7"/>
    <property name="sun.arch.data.model" value="64"/>
    <property name="java.home" value="C:\Program Files\Java\jdk1.7.0_75\jre"/>
    <property name="sun.java.command" value="org.codehaus.plexus.classworlds.launcher.Launcher clean test"/>
    <property name="java.specification.vendor" value="Oracle Corporation"/>
    <property name="user.language" value="zh"/>
    <property name="awt.toolkit" value="sun.awt.windows.WToolkit"/>
    <property name="java.vm.info" value="mixed mode"/>
    <property name="java.version" value="1.7.0_75"/>
    <property name="java.ext.dirs" value="C:\Program Files\Java\jdk1.7.0_75\jre\lib\ext;C:\Windows\Sun\Java\lib\ext"/>
    <property name="sun.boot.class.path" value="C:\Program Files\Java\jdk1.7.0_75\jre\lib\resources.jar;C:\Program Files\Java\jdk1.7.0_75\jre\lib\rt.jar;C:\Program Files\Java\jdk1.7.0_75\jre\lib\sunrsasign.jar;C:\Program Files\Java\jdk1.7.0_75\jre\lib\jsse.jar;C:\Program Files\Java\jdk1.7.0_75\jre\lib\jce.jar;C:\Program Files\Java\jdk1.7.0_75\jre\lib\charsets.jar;C:\Program Files\Java\jdk1.7.0_75\jre\lib\jfr.jar;C:\Program Files\Java\jdk1.7.0_75\jre\classes"/>
    <property name="java.vendor" value="Oracle Corporation"/>
    <property name="maven.home" value="C:\apache-maven-3.0.5\bin\.."/>
    <property name="file.separator" value="\"/>
    <property name="java.vendor.url.bug" value="http://bugreport.sun.com/bugreport/"/>
    <property name="sun.cpu.endian" value="little"/>
    <property name="sun.io.unicode.encoding" value="UnicodeLittle"/>
    <property name="sun.desktop" value="windows"/>
    <property name="sun.cpu.isalist" value="amd64"/>
  </properties>
  <testcase name="openBrowser" classname="com.soulinfo.cases.BrowserCase" time="2.343"/>
  <testcase name="testClaLogin" classname="com.soulinfo.cases.LoginCase" time="6.406"/>
  <testcase name="test1CreateBooks" classname="com.soulinfo.cases.CreateBooksCase" time="18.455"/>
  <testcase name="test2Code" classname="com.soulinfo.cases.CreateBooksCase" time="4.349"/>
  <testcase name="testCreateVote" classname="com.soulinfo.cases.CreateVoteCase" time="35.521">
    <failure message="Element is not currently visible and so may not be interacted with&#10;Command duration or timeout: 20.11 seconds&#10;Build info: version: &apos;2.44.0&apos;, revision: &apos;76d78cf323ce037c5f92db6c1bba601c2ac43ad8&apos;, time: &apos;2014-10-23 13:11:40&apos;&#10;System info: host: &apos;SoulTest-PC&apos;, ip: &apos;192.168.2.214&apos;, os.name: &apos;Windows 7&apos;, os.arch: &apos;amd64&apos;, os.version: &apos;6.1&apos;, java.version: &apos;1.7.0_75&apos;&#10;Session ID: 9ff46c75-f860-4b6c-96bf-d1f3a31859fe&#10;Driver info: org.openqa.selenium.firefox.FirefoxDriver&#10;Capabilities [{platform=WINDOWS, acceptSslCerts=true, javascriptEnabled=true, cssSelectorsEnabled=true, databaseEnabled=true, browserName=firefox, handlesAlerts=true, browserConnectionEnabled=true, nativeEvents=false, webStorageEnabled=true, rotatable=false, locationContextEnabled=true, applicationCacheEnabled=true, takesScreenshot=true, version=26.0}]" type="org.openqa.selenium.ElementNotVisibleException"><![CDATA[org.openqa.selenium.ElementNotVisibleException: Element is not currently visible and so may not be interacted with
Command duration or timeout: 20.11 seconds
Build info: version: '2.44.0', revision: '76d78cf323ce037c5f92db6c1bba601c2ac43ad8', time: '2014-10-23 13:11:40'
System info: host: 'SoulTest-PC', ip: '192.168.2.214', os.name: 'Windows 7', os.arch: 'amd64', os.version: '6.1', java.version: '1.7.0_75'
Session ID: 9ff46c75-f860-4b6c-96bf-d1f3a31859fe
Driver info: org.openqa.selenium.firefox.FirefoxDriver
Capabilities [{platform=WINDOWS, acceptSslCerts=true, javascriptEnabled=true, cssSelectorsEnabled=true, databaseEnabled=true, browserName=firefox, handlesAlerts=true, browserConnectionEnabled=true, nativeEvents=false, webStorageEnabled=true, rotatable=false, locationContextEnabled=true, applicationCacheEnabled=true, takesScreenshot=true, version=26.0}]
	at sun.reflect.NativeConstructorAccessorImpl.newInstance0(Native Method)
	at sun.reflect.NativeConstructorAccessorImpl.newInstance(NativeConstructorAccessorImpl.java:57)
	at sun.reflect.DelegatingConstructorAccessorImpl.newInstance(DelegatingConstructorAccessorImpl.java:45)
	at java.lang.reflect.Constructor.newInstance(Constructor.java:526)
	at org.openqa.selenium.remote.ErrorHandler.createThrowable(ErrorHandler.java:204)
	at org.openqa.selenium.remote.ErrorHandler.throwIfResponseFailed(ErrorHandler.java:156)
	at org.openqa.selenium.remote.RemoteWebDriver.execute(RemoteWebDriver.java:599)
	at org.openqa.selenium.remote.RemoteWebElement.execute(RemoteWebElement.java:268)
	at org.openqa.selenium.remote.RemoteWebElement.sendKeys(RemoteWebElement.java:89)
	at com.soulinfo.util.BasicElements.findByXpathSendKeys(BasicElements.java:411)
	at com.soulinfo.cases.CreateVoteCase.testCreateVote(CreateVoteCase.java:40)
Caused by: org.openqa.selenium.ElementNotVisibleException: Element is not currently visible and so may not be interacted with
Build info: version: '2.44.0', revision: '76d78cf323ce037c5f92db6c1bba601c2ac43ad8', time: '2014-10-23 13:11:40'
System info: host: 'SoulTest-PC', ip: '192.168.2.214', os.name: 'Windows 7', os.arch: 'amd64', os.version: '6.1', java.version: '1.7.0_75'
Driver info: driver.version: unknown
	at <anonymous class>.fxdriver.preconditions.visible(file:///C:/Users/SoulTest/AppData/Local/Temp/anonymous4496018821105563880webdriver-profile/extensions/fxdriver@googlecode.com/components/command-processor.js:8959)
	at <anonymous class>.DelayedCommand.prototype.checkPreconditions_(file:///C:/Users/SoulTest/AppData/Local/Temp/anonymous4496018821105563880webdriver-profile/extensions/fxdriver@googlecode.com/components/command-processor.js:11618)
	at <anonymous class>.DelayedCommand.prototype.executeInternal_/h(file:///C:/Users/SoulTest/AppData/Local/Temp/anonymous4496018821105563880webdriver-profile/extensions/fxdriver@googlecode.com/components/command-processor.js:11635)
	at <anonymous class>.fxdriver.Timer.prototype.setTimeout/<.notify(file:///C:/Users/SoulTest/AppData/Local/Temp/anonymous4496018821105563880webdriver-profile/extensions/fxdriver@googlecode.com/components/command-processor.js:548)
]]></failure>
    <system-out>14:21:22.336 [main] INFO  org.testng.annotations.Test - ======进入testCreateVote()方法=======
14:21:22.338 [Forwarding findElement on session 9ff46c75-f860-4b6c-96bf-d1f3a31859fe to remote] DEBUG o.a.h.c.protocol.RequestAddCookies - CookieSpec selected: best-match
14:21:22.338 [Forwarding findElement on session 9ff46c75-f860-4b6c-96bf-d1f3a31859fe to remote] DEBUG o.a.h.c.protocol.RequestAuthCache - Auth cache not set in the context
14:21:22.338 [Forwarding findElement on session 9ff46c75-f860-4b6c-96bf-d1f3a31859fe to remote] DEBUG o.a.h.i.c.PoolingHttpClientConnectionManager - Connection request: [route: {}-&gt;http://127.0.0.1:7055][total kept alive: 0; route allocated: 0 of 2000; total allocated: 0 of 2000]
14:21:22.338 [Forwarding findElement on session 9ff46c75-f860-4b6c-96bf-d1f3a31859fe to remote] DEBUG o.a.h.i.c.PoolingHttpClientConnectionManager - Connection leased: [id: 89][route: {}-&gt;http://127.0.0.1:7055][total kept alive: 0; route allocated: 1 of 2000; total allocated: 1 of 2000]
14:21:22.338 [Forwarding findElement on session 9ff46c75-f860-4b6c-96bf-d1f3a31859fe to remote] DEBUG o.a.h.impl.execchain.MainClientExec - Opening connection {}-&gt;http://127.0.0.1:7055
14:21:22.338 [Forwarding findElement on session 9ff46c75-f860-4b6c-96bf-d1f3a31859fe to remote] DEBUG o.a.h.i.c.HttpClientConnectionOperator - Connecting to /127.0.0.1:7055
14:21:22.339 [Forwarding findElement on session 9ff46c75-f860-4b6c-96bf-d1f3a31859fe to remote] DEBUG o.a.h.i.c.HttpClientConnectionOperator - Connection established 127.0.0.1:58996&lt;-&gt;127.0.0.1:7055
14:21:22.339 [Forwarding findElement on session 9ff46c75-f860-4b6c-96bf-d1f3a31859fe to remote] DEBUG o.a.h.impl.execchain.MainClientExec - Executing request POST /hub/session/9ff46c75-f860-4b6c-96bf-d1f3a31859fe/element HTTP/1.1
14:21:22.340 [Forwarding findElement on session 9ff46c75-f860-4b6c-96bf-d1f3a31859fe to remote] DEBUG o.a.h.impl.execchain.MainClientExec - Target auth state: UNCHALLENGED
14:21:22.340 [Forwarding findElement on session 9ff46c75-f860-4b6c-96bf-d1f3a31859fe to remote] DEBUG o.a.h.impl.execchain.MainClientExec - Proxy auth state: UNCHALLENGED
14:21:22.340 [Forwarding findElement on session 9ff46c75-f860-4b6c-96bf-d1f3a31859fe to remote] DEBUG org.apache.http.headers - http-outgoing-89 &gt;&gt; POST /hub/session/9ff46c75-f860-4b6c-96bf-d1f3a31859fe/element HTTP/1.1
14:21:22.340 [Forwarding findElement on session 9ff46c75-f860-4b6c-96bf-d1f3a31859fe to remote] DEBUG org.apache.http.headers - http-outgoing-89 &gt;&gt; Content-Type: application/json; charset=utf-8
14:21:22.340 [Forwarding findElement on session 9ff46c75-f860-4b6c-96bf-d1f3a31859fe to remote] DEBUG org.apache.http.headers - http-outgoing-89 &gt;&gt; Content-Length: 44
14:21:22.340 [Forwarding findElement on session 9ff46c75-f860-4b6c-96bf-d1f3a31859fe to remote] DEBUG org.apache.http.headers - http-outgoing-89 &gt;&gt; Host: 127.0.0.1:7055
14:21:22.340 [Forwarding findElement on session 9ff46c75-f860-4b6c-96bf-d1f3a31859fe to remote] DEBUG org.apache.http.headers - http-outgoing-89 &gt;&gt; Connection: Keep-Alive
14:21:22.340 [Forwarding findElement on session 9ff46c75-f860-4b6c-96bf-d1f3a31859fe to remote] DEBUG org.apache.http.headers - http-outgoing-89 &gt;&gt; User-Agent: Apache-HttpClient/4.3.4 (java 1.5)
14:21:22.340 [Forwarding findElement on session 9ff46c75-f860-4b6c-96bf-d1f3a31859fe to remote] DEBUG org.apache.http.headers - http-outgoing-89 &gt;&gt; Accept-Encoding: gzip,deflate
14:21:22.341 [Forwarding findElement on session 9ff46c75-f860-4b6c-96bf-d1f3a31859fe to remote] DEBUG org.apache.http.wire - http-outgoing-89 &gt;&gt; "POST /hub/session/9ff46c75-f860-4b6c-96bf-d1f3a31859fe/element HTTP/1.1[\r][\n]"
14:21:22.341 [Forwarding findElement on session 9ff46c75-f860-4b6c-96bf-d1f3a31859fe to remote] DEBUG org.apache.http.wire - http-outgoing-89 &gt;&gt; "Content-Type: application/json; charset=utf-8[\r][\n]"
14:21:22.341 [Forwarding findElement on session 9ff46c75-f860-4b6c-96bf-d1f3a31859fe to remote] DEBUG org.apache.http.wire - http-outgoing-89 &gt;&gt; "Content-Length: 44[\r][\n]"
14:21:22.341 [Forwarding findElement on session 9ff46c75-f860-4b6c-96bf-d1f3a31859fe to remote] DEBUG org.apache.http.wire - http-outgoing-89 &gt;&gt; "Host: 127.0.0.1:7055[\r][\n]"
14:21:22.341 [Forwarding findElement on session 9ff46c75-f860-4b6c-96bf-d1f3a31859fe to remote] DEBUG org.apache.http.wire - http-outgoing-89 &gt;&gt; "Connection: Keep-Alive[\r][\n]"
14:21:22.341 [Forwarding findElement on session 9ff46c75-f860-4b6c-96bf-d1f3a31859fe to remote] DEBUG org.apache.http.wire - http-outgoing-89 &gt;&gt; "User-Agent: Apache-HttpClient/4.3.4 (java 1.5)[\r][\n]"
14:21:22.342 [Forwarding findElement on session 9ff46c75-f860-4b6c-96bf-d1f3a31859fe to remote] DEBUG org.apache.http.wire - http-outgoing-89 &gt;&gt; "Accept-Encoding: gzip,deflate[\r][\n]"
14:21:22.342 [Forwarding findElement on session 9ff46c75-f860-4b6c-96bf-d1f3a31859fe to remote] DEBUG org.apache.http.wire - http-outgoing-89 &gt;&gt; "[\r][\n]"
14:21:22.342 [Forwarding findElement on session 9ff46c75-f860-4b6c-96bf-d1f3a31859fe to remote] DEBUG org.apache.http.wire - http-outgoing-89 &gt;&gt; "{"using":"link text","value":"[0xe5][0x88][0xb6][0xe4][0xbd][0x9c][0xe4][0xb9][0xa6][0xe9][0xa1][0xb5]"}"
14:21:22.360 [Forwarding findElement on session 9ff46c75-f860-4b6c-96bf-d1f3a31859fe to remote] DEBUG org.apache.http.wire - http-outgoing-89 &lt;&lt; "HTTP/1.1 200 OK[\r][\n]"
14:21:22.360 [Forwarding findElement on session 9ff46c75-f860-4b6c-96bf-d1f3a31859fe to remote] DEBUG org.apache.http.wire - http-outgoing-89 &lt;&lt; "content-type: application/json; charset=UTF-8[\r][\n]"
14:21:22.360 [Forwarding findElement on session 9ff46c75-f860-4b6c-96bf-d1f3a31859fe to remote] DEBUG org.apache.http.wire - http-outgoing-89 &lt;&lt; "connection: close[\r][\n]"
14:21:22.360 [Forwarding findElement on session 9ff46c75-f860-4b6c-96bf-d1f3a31859fe to remote] DEBUG org.apache.http.wire - http-outgoing-89 &lt;&lt; "content-length: 145[\r][\n]"
14:21:22.360 [Forwarding findElement on session 9ff46c75-f860-4b6c-96bf-d1f3a31859fe to remote] DEBUG org.apache.http.wire - http-outgoing-89 &lt;&lt; "server: httpd.js[\r][\n]"
14:21:22.360 [Forwarding findElement on session 9ff46c75-f860-4b6c-96bf-d1f3a31859fe to remote] DEBUG org.apache.http.wire - http-outgoing-89 &lt;&lt; "date: Thu, 04 Jun 2015 06:21:22 GMT[\r][\n]"
14:21:22.360 [Forwarding findElement on session 9ff46c75-f860-4b6c-96bf-d1f3a31859fe to remote] DEBUG org.apache.http.wire - http-outgoing-89 &lt;&lt; "[\r][\n]"
14:21:22.360 [Forwarding findElement on session 9ff46c75-f860-4b6c-96bf-d1f3a31859fe to remote] DEBUG org.apache.http.headers - http-outgoing-89 &lt;&lt; HTTP/1.1 200 OK
14:21:22.360 [Forwarding findElement on session 9ff46c75-f860-4b6c-96bf-d1f3a31859fe to remote] DEBUG org.apache.http.headers - http-outgoing-89 &lt;&lt; content-type: application/json; charset=UTF-8
14:21:22.361 [Forwarding findElement on session 9ff46c75-f860-4b6c-96bf-d1f3a31859fe to remote] DEBUG org.apache.http.headers - http-outgoing-89 &lt;&lt; connection: close
14:21:22.361 [Forwarding findElement on session 9ff46c75-f860-4b6c-96bf-d1f3a31859fe to remote] DEBUG org.apache.http.headers - http-outgoing-89 &lt;&lt; content-length: 145
14:21:22.361 [Forwarding findElement on session 9ff46c75-f860-4b6c-96bf-d1f3a31859fe to remote] DEBUG org.apache.http.headers - http-outgoing-89 &lt;&lt; server: httpd.js
14:21:22.361 [Forwarding findElement on session 9ff46c75-f860-4b6c-96bf-d1f3a31859fe to remote] DEBUG org.apache.http.headers - http-outgoing-89 &lt;&lt; date: Thu, 04 Jun 2015 06:21:22 GMT
14:21:22.362 [Forwarding findElement on session 9ff46c75-f860-4b6c-96bf-d1f3a31859fe to remote] DEBUG org.apache.http.wire - http-outgoing-89 &lt;&lt; "{"name":"findElement","sessionId":"9ff46c75-f860-4b6c-96bf-d1f3a31859fe","status":0,"value":{"ELEMENT":"{58240bb6-23f0-4dc8-8095-cfc908a1ef6a}"}}"
14:21:22.363 [Forwarding findElement on session 9ff46c75-f860-4b6c-96bf-d1f3a31859fe to remote] DEBUG o.a.h.i.c.DefaultManagedHttpClientConnection - http-outgoing-89: Shutdown connection
14:21:22.363 [Forwarding findElement on session 9ff46c75-f860-4b6c-96bf-d1f3a31859fe to remote] DEBUG o.a.h.impl.execchain.MainClientExec - Connection discarded
14:21:22.363 [Forwarding findElement on session 9ff46c75-f860-4b6c-96bf-d1f3a31859fe to remote] DEBUG o.a.h.i.c.DefaultManagedHttpClientConnection - http-outgoing-89: Close connection
14:21:22.363 [Forwarding findElement on session 9ff46c75-f860-4b6c-96bf-d1f3a31859fe to remote] DEBUG o.a.h.i.c.PoolingHttpClientConnectionManager - Connection released: [id: 89][route: {}-&gt;http://127.0.0.1:7055][total kept alive: 0; route allocated: 0 of 2000; total allocated: 0 of 2000]
14:21:22.364 [Forwarding findElement on session 9ff46c75-f860-4b6c-96bf-d1f3a31859fe to remote] DEBUG o.a.h.c.protocol.RequestAddCookies - CookieSpec selected: best-match
14:21:22.364 [Forwarding findElement on session 9ff46c75-f860-4b6c-96bf-d1f3a31859fe to remote] DEBUG o.a.h.c.protocol.RequestAuthCache - Auth cache not set in the context
14:21:22.364 [Forwarding findElement on session 9ff46c75-f860-4b6c-96bf-d1f3a31859fe to remote] DEBUG o.a.h.i.c.PoolingHttpClientConnectionManager - Connection request: [route: {}-&gt;http://127.0.0.1:7055][total kept alive: 0; route allocated: 0 of 2000; total allocated: 0 of 2000]
14:21:22.364 [Forwarding findElement on session 9ff46c75-f860-4b6c-96bf-d1f3a31859fe to remote] DEBUG o.a.h.i.c.PoolingHttpClientConnectionManager - Connection leased: [id: 90][route: {}-&gt;http://127.0.0.1:7055][total kept alive: 0; route allocated: 1 of 2000; total allocated: 1 of 2000]
14:21:22.364 [Forwarding findElement on session 9ff46c75-f860-4b6c-96bf-d1f3a31859fe to remote] DEBUG o.a.h.impl.execchain.MainClientExec - Opening connection {}-&gt;http://127.0.0.1:7055
14:21:22.366 [Forwarding findElement on session 9ff46c75-f860-4b6c-96bf-d1f3a31859fe to remote] DEBUG o.a.h.i.c.HttpClientConnectionOperator - Connecting to /127.0.0.1:7055
14:21:22.368 [Forwarding findElement on session 9ff46c75-f860-4b6c-96bf-d1f3a31859fe to remote] DEBUG o.a.h.i.c.HttpClientConnectionOperator - Connection established 127.0.0.1:58997&lt;-&gt;127.0.0.1:7055
14:21:22.368 [Forwarding findElement on session 9ff46c75-f860-4b6c-96bf-d1f3a31859fe to remote] DEBUG o.a.h.impl.execchain.MainClientExec - Executing request POST /hub/session/9ff46c75-f860-4b6c-96bf-d1f3a31859fe/element HTTP/1.1
14:21:22.369 [Forwarding findElement on session 9ff46c75-f860-4b6c-96bf-d1f3a31859fe to remote] DEBUG o.a.h.impl.execchain.MainClientExec - Target auth state: UNCHALLENGED
14:21:22.369 [Forwarding findElement on session 9ff46c75-f860-4b6c-96bf-d1f3a31859fe to remote] DEBUG o.a.h.impl.execchain.MainClientExec - Proxy auth state: UNCHALLENGED
14:21:22.369 [Forwarding findElement on session 9ff46c75-f860-4b6c-96bf-d1f3a31859fe to remote] DEBUG org.apache.http.headers - http-outgoing-90 &gt;&gt; POST /hub/session/9ff46c75-f860-4b6c-96bf-d1f3a31859fe/element HTTP/1.1
14:21:22.369 [Forwarding findElement on session 9ff46c75-f860-4b6c-96bf-d1f3a31859fe to remote] DEBUG org.apache.http.headers - http-outgoing-90 &gt;&gt; Content-Type: application/json; charset=utf-8
14:21:22.369 [Forwarding findElement on session 9ff46c75-f860-4b6c-96bf-d1f3a31859fe to remote] DEBUG org.apache.http.headers - http-outgoing-90 &gt;&gt; Content-Length: 44
14:21:22.369 [Forwarding findElement on session 9ff46c75-f860-4b6c-96bf-d1f3a31859fe to remote] DEBUG org.apache.http.headers - http-outgoing-90 &gt;&gt; Host: 127.0.0.1:7055
14:21:22.369 [Forwarding findElement on session 9ff46c75-f860-4b6c-96bf-d1f3a31859fe to remote] DEBUG org.apache.http.headers - http-outgoing-90 &gt;&gt; Connection: Keep-Alive
14:21:22.369 [Forwarding findElement on session 9ff46c75-f860-4b6c-96bf-d1f3a31859fe to remote] DEBUG org.apache.http.headers - http-outgoing-90 &gt;&gt; User-Agent: Apache-HttpClient/4.3.4 (java 1.5)
14:21:22.369 [Forwarding findElement on session 9ff46c75-f860-4b6c-96bf-d1f3a31859fe to remote] DEBUG org.apache.http.headers - http-outgoing-90 &gt;&gt; Accept-Encoding: gzip,deflate
14:21:22.369 [Forwarding findElement on session 9ff46c75-f860-4b6c-96bf-d1f3a31859fe to remote] DEBUG org.apache.http.wire - http-outgoing-90 &gt;&gt; "POST /hub/session/9ff46c75-f860-4b6c-96bf-d1f3a31859fe/element HTTP/1.1[\r][\n]"
14:21:22.369 [Forwarding findElement on session 9ff46c75-f860-4b6c-96bf-d1f3a31859fe to remote] DEBUG org.apache.http.wire - http-outgoing-90 &gt;&gt; "Content-Type: application/json; charset=utf-8[\r][\n]"
14:21:22.370 [Forwarding findElement on session 9ff46c75-f860-4b6c-96bf-d1f3a31859fe to remote] DEBUG org.apache.http.wire - http-outgoing-90 &gt;&gt; "Content-Length: 44[\r][\n]"
14:21:22.370 [Forwarding findElement on session 9ff46c75-f860-4b6c-96bf-d1f3a31859fe to remote] DEBUG org.apache.http.wire - http-outgoing-90 &gt;&gt; "Host: 127.0.0.1:7055[\r][\n]"
14:21:22.370 [Forwarding findElement on session 9ff46c75-f860-4b6c-96bf-d1f3a31859fe to remote] DEBUG org.apache.http.wire - http-outgoing-90 &gt;&gt; "Connection: Keep-Alive[\r][\n]"
14:21:22.370 [Forwarding findElement on session 9ff46c75-f860-4b6c-96bf-d1f3a31859fe to remote] DEBUG org.apache.http.wire - http-outgoing-90 &gt;&gt; "User-Agent: Apache-HttpClient/4.3.4 (java 1.5)[\r][\n]"
14:21:22.370 [Forwarding findElement on session 9ff46c75-f860-4b6c-96bf-d1f3a31859fe to remote] DEBUG org.apache.http.wire - http-outgoing-90 &gt;&gt; "Accept-Encoding: gzip,deflate[\r][\n]"
14:21:22.370 [Forwarding findElement on session 9ff46c75-f860-4b6c-96bf-d1f3a31859fe to remote] DEBUG org.apache.http.wire - http-outgoing-90 &gt;&gt; "[\r][\n]"
14:21:22.370 [Forwarding findElement on session 9ff46c75-f860-4b6c-96bf-d1f3a31859fe to remote] DEBUG org.apache.http.wire - http-outgoing-90 &gt;&gt; "{"using":"link text","value":"[0xe5][0x88][0xb6][0xe4][0xbd][0x9c][0xe4][0xb9][0xa6][0xe9][0xa1][0xb5]"}"
14:21:22.387 [Forwarding findElement on session 9ff46c75-f860-4b6c-96bf-d1f3a31859fe to remote] DEBUG org.apache.http.wire - http-outgoing-90 &lt;&lt; "HTTP/1.1 200 OK[\r][\n]"
14:21:22.387 [Forwarding findElement on session 9ff46c75-f860-4b6c-96bf-d1f3a31859fe to remote] DEBUG org.apache.http.wire - http-outgoing-90 &lt;&lt; "content-type: application/json; charset=UTF-8[\r][\n]"
14:21:22.387 [Forwarding findElement on session 9ff46c75-f860-4b6c-96bf-d1f3a31859fe to remote] DEBUG org.apache.http.wire - http-outgoing-90 &lt;&lt; "connection: close[\r][\n]"
14:21:22.387 [Forwarding findElement on session 9ff46c75-f860-4b6c-96bf-d1f3a31859fe to remote] DEBUG org.apache.http.wire - http-outgoing-90 &lt;&lt; "content-length: 145[\r][\n]"
14:21:22.387 [Forwarding findElement on session 9ff46c75-f860-4b6c-96bf-d1f3a31859fe to remote] DEBUG org.apache.http.wire - http-outgoing-90 &lt;&lt; "server: httpd.js[\r][\n]"
14:21:22.387 [Forwarding findElement on session 9ff46c75-f860-4b6c-96bf-d1f3a31859fe to remote] DEBUG org.apache.http.wire - http-outgoing-90 &lt;&lt; "date: Thu, 04 Jun 2015 06:21:22 GMT[\r][\n]"
14:21:22.387 [Forwarding findElement on session 9ff46c75-f860-4b6c-96bf-d1f3a31859fe to remote] DEBUG org.apache.http.wire - http-outgoing-90 &lt;&lt; "[\r][\n]"
14:21:22.388 [Forwarding findElement on session 9ff46c75-f860-4b6c-96bf-d1f3a31859fe to remote] DEBUG org.apache.http.wire - http-outgoing-90 &lt;&lt; "{"name":"findElement","sessionId":"9ff46c75-f860-4b6c-96bf-d1f3a31859fe","status":0,"value":{"ELEMENT":"{58240bb6-23f0-4dc8-8095-cfc908a1ef6a}"}}"
14:21:22.388 [Forwarding findElement on session 9ff46c75-f860-4b6c-96bf-d1f3a31859fe to remote] DEBUG org.apache.http.headers - http-outgoing-90 &lt;&lt; HTTP/1.1 200 OK
14:21:22.388 [Forwarding findElement on session 9ff46c75-f860-4b6c-96bf-d1f3a31859fe to remote] DEBUG org.apache.http.headers - http-outgoing-90 &lt;&lt; content-type: application/json; charset=UTF-8
14:21:22.388 [Forwarding findElement on session 9ff46c75-f860-4b6c-96bf-d1f3a31859fe to remote] DEBUG org.apache.http.headers - http-outgoing-90 &lt;&lt; connection: close
14:21:22.388 [Forwarding findElement on session 9ff46c75-f860-4b6c-96bf-d1f3a31859fe to remote] DEBUG org.apache.http.headers - http-outgoing-90 &lt;&lt; content-length: 145
14:21:22.388 [Forwarding findElement on session 9ff46c75-f860-4b6c-96bf-d1f3a31859fe to remote] DEBUG org.apache.http.headers - http-outgoing-90 &lt;&lt; server: httpd.js
14:21:22.388 [Forwarding findElement on session 9ff46c75-f860-4b6c-96bf-d1f3a31859fe to remote] DEBUG org.apache.http.headers - http-outgoing-90 &lt;&lt; date: Thu, 04 Jun 2015 06:21:22 GMT
14:21:22.389 [Forwarding findElement on session 9ff46c75-f860-4b6c-96bf-d1f3a31859fe to remote] DEBUG o.a.h.i.c.DefaultManagedHttpClientConnection - http-outgoing-90: Shutdown connection
14:21:22.389 [Forwarding findElement on session 9ff46c75-f860-4b6c-96bf-d1f3a31859fe to remote] DEBUG o.a.h.impl.execchain.MainClientExec - Connection discarded
14:21:22.389 [Forwarding findElement on session 9ff46c75-f860-4b6c-96bf-d1f3a31859fe to remote] DEBUG o.a.h.i.c.DefaultManagedHttpClientConnection - http-outgoing-90: Close connection
14:21:22.389 [Forwarding findElement on session 9ff46c75-f860-4b6c-96bf-d1f3a31859fe to remote] DEBUG o.a.h.i.c.PoolingHttpClientConnectionManager - Connection released: [id: 90][route: {}-&gt;http://127.0.0.1:7055][total kept alive: 0; route allocated: 0 of 2000; total allocated: 0 of 2000]
true
14:21:22.391 [Forwarding findElement on session 9ff46c75-f860-4b6c-96bf-d1f3a31859fe to remote] DEBUG o.a.h.c.protocol.RequestAddCookies - CookieSpec selected: best-match
14:21:22.391 [Forwarding findElement on session 9ff46c75-f860-4b6c-96bf-d1f3a31859fe to remote] DEBUG o.a.h.c.protocol.RequestAuthCache - Auth cache not set in the context
14:21:22.391 [Forwarding findElement on session 9ff46c75-f860-4b6c-96bf-d1f3a31859fe to remote] DEBUG o.a.h.i.c.PoolingHttpClientConnectionManager - Connection request: [route: {}-&gt;http://127.0.0.1:7055][total kept alive: 0; route allocated: 0 of 2000; total allocated: 0 of 2000]
14:21:22.391 [Forwarding findElement on session 9ff46c75-f860-4b6c-96bf-d1f3a31859fe to remote] DEBUG o.a.h.i.c.PoolingHttpClientConnectionManager - Connection leased: [id: 91][route: {}-&gt;http://127.0.0.1:7055][total kept alive: 0; route allocated: 1 of 2000; total allocated: 1 of 2000]
14:21:22.391 [Forwarding findElement on session 9ff46c75-f860-4b6c-96bf-d1f3a31859fe to remote] DEBUG o.a.h.impl.execchain.MainClientExec - Opening connection {}-&gt;http://127.0.0.1:7055
14:21:22.392 [Forwarding findElement on session 9ff46c75-f860-4b6c-96bf-d1f3a31859fe to remote] DEBUG o.a.h.i.c.HttpClientConnectionOperator - Connecting to /127.0.0.1:7055
14:21:22.393 [Forwarding findElement on session 9ff46c75-f860-4b6c-96bf-d1f3a31859fe to remote] DEBUG o.a.h.i.c.HttpClientConnectionOperator - Connection established 127.0.0.1:58998&lt;-&gt;127.0.0.1:7055
14:21:22.393 [Forwarding findElement on session 9ff46c75-f860-4b6c-96bf-d1f3a31859fe to remote] DEBUG o.a.h.impl.execchain.MainClientExec - Executing request POST /hub/session/9ff46c75-f860-4b6c-96bf-d1f3a31859fe/element HTTP/1.1
14:21:22.393 [Forwarding findElement on session 9ff46c75-f860-4b6c-96bf-d1f3a31859fe to remote] DEBUG o.a.h.impl.execchain.MainClientExec - Target auth state: UNCHALLENGED
14:21:22.393 [Forwarding findElement on session 9ff46c75-f860-4b6c-96bf-d1f3a31859fe to remote] DEBUG o.a.h.impl.execchain.MainClientExec - Proxy auth state: UNCHALLENGED
14:21:22.393 [Forwarding findElement on session 9ff46c75-f860-4b6c-96bf-d1f3a31859fe to remote] DEBUG org.apache.http.headers - http-outgoing-91 &gt;&gt; POST /hub/session/9ff46c75-f860-4b6c-96bf-d1f3a31859fe/element HTTP/1.1
14:21:22.393 [Forwarding findElement on session 9ff46c75-f860-4b6c-96bf-d1f3a31859fe to remote] DEBUG org.apache.http.headers - http-outgoing-91 &gt;&gt; Content-Type: application/json; charset=utf-8
14:21:22.393 [Forwarding findElement on session 9ff46c75-f860-4b6c-96bf-d1f3a31859fe to remote] DEBUG org.apache.http.headers - http-outgoing-91 &gt;&gt; Content-Length: 44
14:21:22.394 [Forwarding findElement on session 9ff46c75-f860-4b6c-96bf-d1f3a31859fe to remote] DEBUG org.apache.http.headers - http-outgoing-91 &gt;&gt; Host: 127.0.0.1:7055
14:21:22.394 [Forwarding findElement on session 9ff46c75-f860-4b6c-96bf-d1f3a31859fe to remote] DEBUG org.apache.http.headers - http-outgoing-91 &gt;&gt; Connection: Keep-Alive
14:21:22.394 [Forwarding findElement on session 9ff46c75-f860-4b6c-96bf-d1f3a31859fe to remote] DEBUG org.apache.http.headers - http-outgoing-91 &gt;&gt; User-Agent: Apache-HttpClient/4.3.4 (java 1.5)
14:21:22.394 [Forwarding findElement on session 9ff46c75-f860-4b6c-96bf-d1f3a31859fe to remote] DEBUG org.apache.http.headers - http-outgoing-91 &gt;&gt; Accept-Encoding: gzip,deflate
14:21:22.394 [Forwarding findElement on session 9ff46c75-f860-4b6c-96bf-d1f3a31859fe to remote] DEBUG org.apache.http.wire - http-outgoing-91 &gt;&gt; "POST /hub/session/9ff46c75-f860-4b6c-96bf-d1f3a31859fe/element HTTP/1.1[\r][\n]"
14:21:22.394 [Forwarding findElement on session 9ff46c75-f860-4b6c-96bf-d1f3a31859fe to remote] DEBUG org.apache.http.wire - http-outgoing-91 &gt;&gt; "Content-Type: application/json; charset=utf-8[\r][\n]"
14:21:22.394 [Forwarding findElement on session 9ff46c75-f860-4b6c-96bf-d1f3a31859fe to remote] DEBUG org.apache.http.wire - http-outgoing-91 &gt;&gt; "Content-Length: 44[\r][\n]"
14:21:22.394 [Forwarding findElement on session 9ff46c75-f860-4b6c-96bf-d1f3a31859fe to remote] DEBUG org.apache.http.wire - http-outgoing-91 &gt;&gt; "Host: 127.0.0.1:7055[\r][\n]"
14:21:22.395 [Forwarding findElement on session 9ff46c75-f860-4b6c-96bf-d1f3a31859fe to remote] DEBUG org.apache.http.wire - http-outgoing-91 &gt;&gt; "Connection: Keep-Alive[\r][\n]"
14:21:22.395 [Forwarding findElement on session 9ff46c75-f860-4b6c-96bf-d1f3a31859fe to remote] DEBUG org.apache.http.wire - http-outgoing-91 &gt;&gt; "User-Agent: Apache-HttpClient/4.3.4 (java 1.5)[\r][\n]"
14:21:22.395 [Forwarding findElement on session 9ff46c75-f860-4b6c-96bf-d1f3a31859fe to remote] DEBUG org.apache.http.wire - http-outgoing-91 &gt;&gt; "Accept-Encoding: gzip,deflate[\r][\n]"
14:21:22.395 [Forwarding findElement on session 9ff46c75-f860-4b6c-96bf-d1f3a31859fe to remote] DEBUG org.apache.http.wire - http-outgoing-91 &gt;&gt; "[\r][\n]"
14:21:22.395 [Forwarding findElement on session 9ff46c75-f860-4b6c-96bf-d1f3a31859fe to remote] DEBUG org.apache.http.wire - http-outgoing-91 &gt;&gt; "{"using":"link text","value":"[0xe5][0x88][0xb6][0xe4][0xbd][0x9c][0xe4][0xb9][0xa6][0xe9][0xa1][0xb5]"}"
14:21:22.411 [Forwarding findElement on session 9ff46c75-f860-4b6c-96bf-d1f3a31859fe to remote] DEBUG org.apache.http.wire - http-outgoing-91 &lt;&lt; "HTTP/1.1 200 OK[\r][\n]"
14:21:22.411 [Forwarding findElement on session 9ff46c75-f860-4b6c-96bf-d1f3a31859fe to remote] DEBUG org.apache.http.wire - http-outgoing-91 &lt;&lt; "content-type: application/json; charset=UTF-8[\r][\n]"
14:21:22.411 [Forwarding findElement on session 9ff46c75-f860-4b6c-96bf-d1f3a31859fe to remote] DEBUG org.apache.http.wire - http-outgoing-91 &lt;&lt; "connection: close[\r][\n]"
14:21:22.411 [Forwarding findElement on session 9ff46c75-f860-4b6c-96bf-d1f3a31859fe to remote] DEBUG org.apache.http.wire - http-outgoing-91 &lt;&lt; "content-length: 145[\r][\n]"
14:21:22.411 [Forwarding findElement on session 9ff46c75-f860-4b6c-96bf-d1f3a31859fe to remote] DEBUG org.apache.http.wire - http-outgoing-91 &lt;&lt; "server: httpd.js[\r][\n]"
14:21:22.411 [Forwarding findElement on session 9ff46c75-f860-4b6c-96bf-d1f3a31859fe to remote] DEBUG org.apache.http.wire - http-outgoing-91 &lt;&lt; "date: Thu, 04 Jun 2015 06:21:22 GMT[\r][\n]"
14:21:22.411 [Forwarding findElement on session 9ff46c75-f860-4b6c-96bf-d1f3a31859fe to remote] DEBUG org.apache.http.wire - http-outgoing-91 &lt;&lt; "[\r][\n]"
14:21:22.411 [Forwarding findElement on session 9ff46c75-f860-4b6c-96bf-d1f3a31859fe to remote] DEBUG org.apache.http.headers - http-outgoing-91 &lt;&lt; HTTP/1.1 200 OK
14:21:22.411 [Forwarding findElement on session 9ff46c75-f860-4b6c-96bf-d1f3a31859fe to remote] DEBUG org.apache.http.headers - http-outgoing-91 &lt;&lt; content-type: application/json; charset=UTF-8
14:21:22.411 [Forwarding findElement on session 9ff46c75-f860-4b6c-96bf-d1f3a31859fe to remote] DEBUG org.apache.http.headers - http-outgoing-91 &lt;&lt; connection: close
14:21:22.412 [Forwarding findElement on session 9ff46c75-f860-4b6c-96bf-d1f3a31859fe to remote] DEBUG org.apache.http.headers - http-outgoing-91 &lt;&lt; content-length: 145
14:21:22.412 [Forwarding findElement on session 9ff46c75-f860-4b6c-96bf-d1f3a31859fe to remote] DEBUG org.apache.http.headers - http-outgoing-91 &lt;&lt; server: httpd.js
14:21:22.412 [Forwarding findElement on session 9ff46c75-f860-4b6c-96bf-d1f3a31859fe to remote] DEBUG org.apache.http.headers - http-outgoing-91 &lt;&lt; date: Thu, 04 Jun 2015 06:21:22 GMT
14:21:22.413 [Forwarding findElement on session 9ff46c75-f860-4b6c-96bf-d1f3a31859fe to remote] DEBUG org.apache.http.wire - http-outgoing-91 &lt;&lt; "{"name":"findElement","sessionId":"9ff46c75-f860-4b6c-96bf-d1f3a31859fe","status":0,"value":{"ELEMENT":"{58240bb6-23f0-4dc8-8095-cfc908a1ef6a}"}}"
14:21:22.413 [Forwarding findElement on session 9ff46c75-f860-4b6c-96bf-d1f3a31859fe to remote] DEBUG o.a.h.i.c.DefaultManagedHttpClientConnection - http-outgoing-91: Shutdown connection
14:21:22.413 [Forwarding findElement on session 9ff46c75-f860-4b6c-96bf-d1f3a31859fe to remote] DEBUG o.a.h.impl.execchain.MainClientExec - Connection discarded
14:21:22.413 [Forwarding findElement on session 9ff46c75-f860-4b6c-96bf-d1f3a31859fe to remote] DEBUG o.a.h.i.c.DefaultManagedHttpClientConnection - http-outgoing-91: Close connection
14:21:22.413 [Forwarding findElement on session 9ff46c75-f860-4b6c-96bf-d1f3a31859fe to remote] DEBUG o.a.h.i.c.PoolingHttpClientConnectionManager - Connection released: [id: 91][route: {}-&gt;http://127.0.0.1:7055][total kept alive: 0; route allocated: 0 of 2000; total allocated: 0 of 2000]
14:21:22.415 [Forwarding findElement on session 9ff46c75-f860-4b6c-96bf-d1f3a31859fe to remote] DEBUG o.a.h.c.protocol.RequestAddCookies - CookieSpec selected: best-match
14:21:22.416 [Forwarding findElement on session 9ff46c75-f860-4b6c-96bf-d1f3a31859fe to remote] DEBUG o.a.h.c.protocol.RequestAuthCache - Auth cache not set in the context
14:21:22.416 [Forwarding findElement on session 9ff46c75-f860-4b6c-96bf-d1f3a31859fe to remote] DEBUG o.a.h.i.c.PoolingHttpClientConnectionManager - Connection request: [route: {}-&gt;http://127.0.0.1:7055][total kept alive: 0; route allocated: 0 of 2000; total allocated: 0 of 2000]
14:21:22.416 [Forwarding findElement on session 9ff46c75-f860-4b6c-96bf-d1f3a31859fe to remote] DEBUG o.a.h.i.c.PoolingHttpClientConnectionManager - Connection leased: [id: 92][route: {}-&gt;http://127.0.0.1:7055][total kept alive: 0; route allocated: 1 of 2000; total allocated: 1 of 2000]
14:21:22.416 [Forwarding findElement on session 9ff46c75-f860-4b6c-96bf-d1f3a31859fe to remote] DEBUG o.a.h.impl.execchain.MainClientExec - Opening connection {}-&gt;http://127.0.0.1:7055
14:21:22.416 [Forwarding findElement on session 9ff46c75-f860-4b6c-96bf-d1f3a31859fe to remote] DEBUG o.a.h.i.c.HttpClientConnectionOperator - Connecting to /127.0.0.1:7055
14:21:22.419 [Forwarding findElement on session 9ff46c75-f860-4b6c-96bf-d1f3a31859fe to remote] DEBUG o.a.h.i.c.HttpClientConnectionOperator - Connection established 127.0.0.1:58999&lt;-&gt;127.0.0.1:7055
14:21:22.419 [Forwarding findElement on session 9ff46c75-f860-4b6c-96bf-d1f3a31859fe to remote] DEBUG o.a.h.impl.execchain.MainClientExec - Executing request POST /hub/session/9ff46c75-f860-4b6c-96bf-d1f3a31859fe/element HTTP/1.1
14:21:22.419 [Forwarding findElement on session 9ff46c75-f860-4b6c-96bf-d1f3a31859fe to remote] DEBUG o.a.h.impl.execchain.MainClientExec - Target auth state: UNCHALLENGED
14:21:22.419 [Forwarding findElement on session 9ff46c75-f860-4b6c-96bf-d1f3a31859fe to remote] DEBUG o.a.h.impl.execchain.MainClientExec - Proxy auth state: UNCHALLENGED
14:21:22.419 [Forwarding findElement on session 9ff46c75-f860-4b6c-96bf-d1f3a31859fe to remote] DEBUG org.apache.http.headers - http-outgoing-92 &gt;&gt; POST /hub/session/9ff46c75-f860-4b6c-96bf-d1f3a31859fe/element HTTP/1.1
14:21:22.419 [Forwarding findElement on session 9ff46c75-f860-4b6c-96bf-d1f3a31859fe to remote] DEBUG org.apache.http.headers - http-outgoing-92 &gt;&gt; Content-Type: application/json; charset=utf-8
14:21:22.419 [Forwarding findElement on session 9ff46c75-f860-4b6c-96bf-d1f3a31859fe to remote] DEBUG org.apache.http.headers - http-outgoing-92 &gt;&gt; Content-Length: 44
14:21:22.420 [Forwarding findElement on session 9ff46c75-f860-4b6c-96bf-d1f3a31859fe to remote] DEBUG org.apache.http.headers - http-outgoing-92 &gt;&gt; Host: 127.0.0.1:7055
14:21:22.420 [Forwarding findElement on session 9ff46c75-f860-4b6c-96bf-d1f3a31859fe to remote] DEBUG org.apache.http.headers - http-outgoing-92 &gt;&gt; Connection: Keep-Alive
14:21:22.420 [Forwarding findElement on session 9ff46c75-f860-4b6c-96bf-d1f3a31859fe to remote] DEBUG org.apache.http.headers - http-outgoing-92 &gt;&gt; User-Agent: Apache-HttpClient/4.3.4 (java 1.5)
14:21:22.420 [Forwarding findElement on session 9ff46c75-f860-4b6c-96bf-d1f3a31859fe to remote] DEBUG org.apache.http.headers - http-outgoing-92 &gt;&gt; Accept-Encoding: gzip,deflate
14:21:22.420 [Forwarding findElement on session 9ff46c75-f860-4b6c-96bf-d1f3a31859fe to remote] DEBUG org.apache.http.wire - http-outgoing-92 &gt;&gt; "POST /hub/session/9ff46c75-f860-4b6c-96bf-d1f3a31859fe/element HTTP/1.1[\r][\n]"
14:21:22.420 [Forwarding findElement on session 9ff46c75-f860-4b6c-96bf-d1f3a31859fe to remote] DEBUG org.apache.http.wire - http-outgoing-92 &gt;&gt; "Content-Type: application/json; charset=utf-8[\r][\n]"
14:21:22.420 [Forwarding findElement on session 9ff46c75-f860-4b6c-96bf-d1f3a31859fe to remote] DEBUG org.apache.http.wire - http-outgoing-92 &gt;&gt; "Content-Length: 44[\r][\n]"
14:21:22.420 [Forwarding findElement on session 9ff46c75-f860-4b6c-96bf-d1f3a31859fe to remote] DEBUG org.apache.http.wire - http-outgoing-92 &gt;&gt; "Host: 127.0.0.1:7055[\r][\n]"
14:21:22.420 [Forwarding findElement on session 9ff46c75-f860-4b6c-96bf-d1f3a31859fe to remote] DEBUG org.apache.http.wire - http-outgoing-92 &gt;&gt; "Connection: Keep-Alive[\r][\n]"
14:21:22.420 [Forwarding findElement on session 9ff46c75-f860-4b6c-96bf-d1f3a31859fe to remote] DEBUG org.apache.http.wire - http-outgoing-92 &gt;&gt; "User-Agent: Apache-HttpClient/4.3.4 (java 1.5)[\r][\n]"
14:21:22.421 [Forwarding findElement on session 9ff46c75-f860-4b6c-96bf-d1f3a31859fe to remote] DEBUG org.apache.http.wire - http-outgoing-92 &gt;&gt; "Accept-Encoding: gzip,deflate[\r][\n]"
14:21:22.421 [Forwarding findElement on session 9ff46c75-f860-4b6c-96bf-d1f3a31859fe to remote] DEBUG org.apache.http.wire - http-outgoing-92 &gt;&gt; "[\r][\n]"
14:21:22.421 [Forwarding findElement on session 9ff46c75-f860-4b6c-96bf-d1f3a31859fe to remote] DEBUG org.apache.http.wire - http-outgoing-92 &gt;&gt; "{"using":"link text","value":"[0xe5][0x88][0xb6][0xe4][0xbd][0x9c][0xe4][0xb9][0xa6][0xe9][0xa1][0xb5]"}"
14:21:22.443 [Forwarding findElement on session 9ff46c75-f860-4b6c-96bf-d1f3a31859fe to remote] DEBUG org.apache.http.wire - http-outgoing-92 &lt;&lt; "HTTP/1.1 200 OK[\r][\n]"
14:21:22.443 [Forwarding findElement on session 9ff46c75-f860-4b6c-96bf-d1f3a31859fe to remote] DEBUG org.apache.http.wire - http-outgoing-92 &lt;&lt; "content-type: application/json; charset=UTF-8[\r][\n]"
14:21:22.443 [Forwarding findElement on session 9ff46c75-f860-4b6c-96bf-d1f3a31859fe to remote] DEBUG org.apache.http.wire - http-outgoing-92 &lt;&lt; "connection: close[\r][\n]"
14:21:22.443 [Forwarding findElement on session 9ff46c75-f860-4b6c-96bf-d1f3a31859fe to remote] DEBUG org.apache.http.wire - http-outgoing-92 &lt;&lt; "content-length: 145[\r][\n]"
14:21:22.444 [Forwarding findElement on session 9ff46c75-f860-4b6c-96bf-d1f3a31859fe to remote] DEBUG org.apache.http.wire - http-outgoing-92 &lt;&lt; "server: httpd.js[\r][\n]"
14:21:22.444 [Forwarding findElement on session 9ff46c75-f860-4b6c-96bf-d1f3a31859fe to remote] DEBUG org.apache.http.wire - http-outgoing-92 &lt;&lt; "date: Thu, 04 Jun 2015 06:21:22 GMT[\r][\n]"
14:21:22.444 [Forwarding findElement on session 9ff46c75-f860-4b6c-96bf-d1f3a31859fe to remote] DEBUG org.apache.http.wire - http-outgoing-92 &lt;&lt; "[\r][\n]"
14:21:22.444 [Forwarding findElement on session 9ff46c75-f860-4b6c-96bf-d1f3a31859fe to remote] DEBUG org.apache.http.wire - http-outgoing-92 &lt;&lt; "{"name":"findElement","sessionId":"9ff46c75-f860-4b6c-96bf-d1f3a31859fe","status":0,"value":{"ELEMENT":"{58240bb6-23f0-4dc8-8095-cfc908a1ef6a}"}}"
14:21:22.444 [Forwarding findElement on session 9ff46c75-f860-4b6c-96bf-d1f3a31859fe to remote] DEBUG org.apache.http.headers - http-outgoing-92 &lt;&lt; HTTP/1.1 200 OK
14:21:22.444 [Forwarding findElement on session 9ff46c75-f860-4b6c-96bf-d1f3a31859fe to remote] DEBUG org.apache.http.headers - http-outgoing-92 &lt;&lt; content-type: application/json; charset=UTF-8
14:21:22.444 [Forwarding findElement on session 9ff46c75-f860-4b6c-96bf-d1f3a31859fe to remote] DEBUG org.apache.http.headers - http-outgoing-92 &lt;&lt; connection: close
14:21:22.450 [Forwarding findElement on session 9ff46c75-f860-4b6c-96bf-d1f3a31859fe to remote] DEBUG org.apache.http.headers - http-outgoing-92 &lt;&lt; content-length: 145
14:21:22.450 [Forwarding findElement on session 9ff46c75-f860-4b6c-96bf-d1f3a31859fe to remote] DEBUG org.apache.http.headers - http-outgoing-92 &lt;&lt; server: httpd.js
14:21:22.450 [Forwarding findElement on session 9ff46c75-f860-4b6c-96bf-d1f3a31859fe to remote] DEBUG org.apache.http.headers - http-outgoing-92 &lt;&lt; date: Thu, 04 Jun 2015 06:21:22 GMT
14:21:22.451 [Forwarding findElement on session 9ff46c75-f860-4b6c-96bf-d1f3a31859fe to remote] DEBUG o.a.h.i.c.DefaultManagedHttpClientConnection - http-outgoing-92: Shutdown connection
14:21:22.451 [Forwarding findElement on session 9ff46c75-f860-4b6c-96bf-d1f3a31859fe to remote] DEBUG o.a.h.impl.execchain.MainClientExec - Connection discarded
14:21:22.451 [Forwarding findElement on session 9ff46c75-f860-4b6c-96bf-d1f3a31859fe to remote] DEBUG o.a.h.i.c.DefaultManagedHttpClientConnection - http-outgoing-92: Close connection
14:21:22.451 [Forwarding findElement on session 9ff46c75-f860-4b6c-96bf-d1f3a31859fe to remote] DEBUG o.a.h.i.c.PoolingHttpClientConnectionManager - Connection released: [id: 92][route: {}-&gt;http://127.0.0.1:7055][total kept alive: 0; route allocated: 0 of 2000; total allocated: 0 of 2000]
14:21:22.452 [Forwarding clickElement on session 9ff46c75-f860-4b6c-96bf-d1f3a31859fe to remote] DEBUG o.a.h.c.protocol.RequestAddCookies - CookieSpec selected: best-match
14:21:22.453 [Forwarding clickElement on session 9ff46c75-f860-4b6c-96bf-d1f3a31859fe to remote] DEBUG o.a.h.c.protocol.RequestAuthCache - Auth cache not set in the context
14:21:22.453 [Forwarding clickElement on session 9ff46c75-f860-4b6c-96bf-d1f3a31859fe to remote] DEBUG o.a.h.i.c.PoolingHttpClientConnectionManager - Connection request: [route: {}-&gt;http://127.0.0.1:7055][total kept alive: 0; route allocated: 0 of 2000; total allocated: 0 of 2000]
14:21:22.453 [Forwarding clickElement on session 9ff46c75-f860-4b6c-96bf-d1f3a31859fe to remote] DEBUG o.a.h.i.c.PoolingHttpClientConnectionManager - Connection leased: [id: 93][route: {}-&gt;http://127.0.0.1:7055][total kept alive: 0; route allocated: 1 of 2000; total allocated: 1 of 2000]
14:21:22.453 [Forwarding clickElement on session 9ff46c75-f860-4b6c-96bf-d1f3a31859fe to remote] DEBUG o.a.h.impl.execchain.MainClientExec - Opening connection {}-&gt;http://127.0.0.1:7055
14:21:22.453 [Forwarding clickElement on session 9ff46c75-f860-4b6c-96bf-d1f3a31859fe to remote] DEBUG o.a.h.i.c.HttpClientConnectionOperator - Connecting to /127.0.0.1:7055
14:21:22.454 [Forwarding clickElement on session 9ff46c75-f860-4b6c-96bf-d1f3a31859fe to remote] DEBUG o.a.h.i.c.HttpClientConnectionOperator - Connection established 127.0.0.1:59000&lt;-&gt;127.0.0.1:7055
14:21:22.454 [Forwarding clickElement on session 9ff46c75-f860-4b6c-96bf-d1f3a31859fe to remote] DEBUG o.a.h.impl.execchain.MainClientExec - Executing request POST /hub/session/9ff46c75-f860-4b6c-96bf-d1f3a31859fe/element/%7B58240bb6-23f0-4dc8-8095-cfc908a1ef6a%7D/click HTTP/1.1
14:21:22.454 [Forwarding clickElement on session 9ff46c75-f860-4b6c-96bf-d1f3a31859fe to remote] DEBUG o.a.h.impl.execchain.MainClientExec - Target auth state: UNCHALLENGED
14:21:22.454 [Forwarding clickElement on session 9ff46c75-f860-4b6c-96bf-d1f3a31859fe to remote] DEBUG o.a.h.impl.execchain.MainClientExec - Proxy auth state: UNCHALLENGED
14:21:22.454 [Forwarding clickElement on session 9ff46c75-f860-4b6c-96bf-d1f3a31859fe to remote] DEBUG org.apache.http.headers - http-outgoing-93 &gt;&gt; POST /hub/session/9ff46c75-f860-4b6c-96bf-d1f3a31859fe/element/%7B58240bb6-23f0-4dc8-8095-cfc908a1ef6a%7D/click HTTP/1.1
14:21:22.454 [Forwarding clickElement on session 9ff46c75-f860-4b6c-96bf-d1f3a31859fe to remote] DEBUG org.apache.http.headers - http-outgoing-93 &gt;&gt; Content-Type: application/json; charset=utf-8
14:21:22.454 [Forwarding clickElement on session 9ff46c75-f860-4b6c-96bf-d1f3a31859fe to remote] DEBUG org.apache.http.headers - http-outgoing-93 &gt;&gt; Content-Length: 47
14:21:22.454 [Forwarding clickElement on session 9ff46c75-f860-4b6c-96bf-d1f3a31859fe to remote] DEBUG org.apache.http.headers - http-outgoing-93 &gt;&gt; Host: 127.0.0.1:7055
14:21:22.454 [Forwarding clickElement on session 9ff46c75-f860-4b6c-96bf-d1f3a31859fe to remote] DEBUG org.apache.http.headers - http-outgoing-93 &gt;&gt; Connection: Keep-Alive
14:21:22.454 [Forwarding clickElement on session 9ff46c75-f860-4b6c-96bf-d1f3a31859fe to remote] DEBUG org.apache.http.headers - http-outgoing-93 &gt;&gt; User-Agent: Apache-HttpClient/4.3.4 (java 1.5)
14:21:22.454 [Forwarding clickElement on session 9ff46c75-f860-4b6c-96bf-d1f3a31859fe to remote] DEBUG org.apache.http.headers - http-outgoing-93 &gt;&gt; Accept-Encoding: gzip,deflate
14:21:22.454 [Forwarding clickElement on session 9ff46c75-f860-4b6c-96bf-d1f3a31859fe to remote] DEBUG org.apache.http.wire - http-outgoing-93 &gt;&gt; "POST /hub/session/9ff46c75-f860-4b6c-96bf-d1f3a31859fe/element/%7B58240bb6-23f0-4dc8-8095-cfc908a1ef6a%7D/click HTTP/1.1[\r][\n]"
14:21:22.454 [Forwarding clickElement on session 9ff46c75-f860-4b6c-96bf-d1f3a31859fe to remote] DEBUG org.apache.http.wire - http-outgoing-93 &gt;&gt; "Content-Type: application/json; charset=utf-8[\r][\n]"
14:21:22.454 [Forwarding clickElement on session 9ff46c75-f860-4b6c-96bf-d1f3a31859fe to remote] DEBUG org.apache.http.wire - http-outgoing-93 &gt;&gt; "Content-Length: 47[\r][\n]"
14:21:22.454 [Forwarding clickElement on session 9ff46c75-f860-4b6c-96bf-d1f3a31859fe to remote] DEBUG org.apache.http.wire - http-outgoing-93 &gt;&gt; "Host: 127.0.0.1:7055[\r][\n]"
14:21:22.455 [Forwarding clickElement on session 9ff46c75-f860-4b6c-96bf-d1f3a31859fe to remote] DEBUG org.apache.http.wire - http-outgoing-93 &gt;&gt; "Connection: Keep-Alive[\r][\n]"
14:21:22.459 [Forwarding clickElement on session 9ff46c75-f860-4b6c-96bf-d1f3a31859fe to remote] DEBUG org.apache.http.wire - http-outgoing-93 &gt;&gt; "User-Agent: Apache-HttpClient/4.3.4 (java 1.5)[\r][\n]"
14:21:22.459 [Forwarding clickElement on session 9ff46c75-f860-4b6c-96bf-d1f3a31859fe to remote] DEBUG org.apache.http.wire - http-outgoing-93 &gt;&gt; "Accept-Encoding: gzip,deflate[\r][\n]"
14:21:22.459 [Forwarding clickElement on session 9ff46c75-f860-4b6c-96bf-d1f3a31859fe to remote] DEBUG org.apache.http.wire - http-outgoing-93 &gt;&gt; "[\r][\n]"
14:21:22.459 [Forwarding clickElement on session 9ff46c75-f860-4b6c-96bf-d1f3a31859fe to remote] DEBUG org.apache.http.wire - http-outgoing-93 &gt;&gt; "{"id":"{58240bb6-23f0-4dc8-8095-cfc908a1ef6a}"}"
14:21:23.604 [Forwarding clickElement on session 9ff46c75-f860-4b6c-96bf-d1f3a31859fe to remote] DEBUG org.apache.http.wire - http-outgoing-93 &lt;&lt; "HTTP/1.1 200 OK[\r][\n]"
14:21:23.604 [Forwarding clickElement on session 9ff46c75-f860-4b6c-96bf-d1f3a31859fe to remote] DEBUG org.apache.http.wire - http-outgoing-93 &lt;&lt; "content-type: application/json; charset=UTF-8[\r][\n]"
14:21:23.604 [Forwarding clickElement on session 9ff46c75-f860-4b6c-96bf-d1f3a31859fe to remote] DEBUG org.apache.http.wire - http-outgoing-93 &lt;&lt; "connection: close[\r][\n]"
14:21:23.605 [Forwarding clickElement on session 9ff46c75-f860-4b6c-96bf-d1f3a31859fe to remote] DEBUG org.apache.http.wire - http-outgoing-93 &lt;&lt; "content-length: 98[\r][\n]"
14:21:23.605 [Forwarding clickElement on session 9ff46c75-f860-4b6c-96bf-d1f3a31859fe to remote] DEBUG org.apache.http.wire - http-outgoing-93 &lt;&lt; "server: httpd.js[\r][\n]"
14:21:23.605 [Forwarding clickElement on session 9ff46c75-f860-4b6c-96bf-d1f3a31859fe to remote] DEBUG org.apache.http.wire - http-outgoing-93 &lt;&lt; "date: Thu, 04 Jun 2015 06:21:23 GMT[\r][\n]"
14:21:23.605 [Forwarding clickElement on session 9ff46c75-f860-4b6c-96bf-d1f3a31859fe to remote] DEBUG org.apache.http.wire - http-outgoing-93 &lt;&lt; "[\r][\n]"
14:21:23.605 [Forwarding clickElement on session 9ff46c75-f860-4b6c-96bf-d1f3a31859fe to remote] DEBUG org.apache.http.headers - http-outgoing-93 &lt;&lt; HTTP/1.1 200 OK
14:21:23.605 [Forwarding clickElement on session 9ff46c75-f860-4b6c-96bf-d1f3a31859fe to remote] DEBUG org.apache.http.headers - http-outgoing-93 &lt;&lt; content-type: application/json; charset=UTF-8
14:21:23.605 [Forwarding clickElement on session 9ff46c75-f860-4b6c-96bf-d1f3a31859fe to remote] DEBUG org.apache.http.headers - http-outgoing-93 &lt;&lt; connection: close
14:21:23.605 [Forwarding clickElement on session 9ff46c75-f860-4b6c-96bf-d1f3a31859fe to remote] DEBUG org.apache.http.headers - http-outgoing-93 &lt;&lt; content-length: 98
14:21:23.605 [Forwarding clickElement on session 9ff46c75-f860-4b6c-96bf-d1f3a31859fe to remote] DEBUG org.apache.http.headers - http-outgoing-93 &lt;&lt; server: httpd.js
14:21:23.605 [Forwarding clickElement on session 9ff46c75-f860-4b6c-96bf-d1f3a31859fe to remote] DEBUG org.apache.http.headers - http-outgoing-93 &lt;&lt; date: Thu, 04 Jun 2015 06:21:23 GMT
14:21:23.607 [Forwarding clickElement on session 9ff46c75-f860-4b6c-96bf-d1f3a31859fe to remote] DEBUG org.apache.http.wire - http-outgoing-93 &lt;&lt; "{"name":"clickElement","sessionId":"9ff46c75-f860-4b6c-96bf-d1f3a31859fe","status":0,"value":"ok"}"
14:21:23.607 [Forwarding clickElement on session 9ff46c75-f860-4b6c-96bf-d1f3a31859fe to remote] DEBUG o.a.h.i.c.DefaultManagedHttpClientConnection - http-outgoing-93: Shutdown connection
14:21:23.607 [Forwarding clickElement on session 9ff46c75-f860-4b6c-96bf-d1f3a31859fe to remote] DEBUG o.a.h.impl.execchain.MainClientExec - Connection discarded
14:21:23.608 [Forwarding clickElement on session 9ff46c75-f860-4b6c-96bf-d1f3a31859fe to remote] DEBUG o.a.h.i.c.DefaultManagedHttpClientConnection - http-outgoing-93: Close connection
14:21:23.608 [Forwarding clickElement on session 9ff46c75-f860-4b6c-96bf-d1f3a31859fe to remote] DEBUG o.a.h.i.c.PoolingHttpClientConnectionManager - Connection released: [id: 93][route: {}-&gt;http://127.0.0.1:7055][total kept alive: 0; route allocated: 0 of 2000; total allocated: 0 of 2000]
14:21:23.609 [Forwarding findElement on session 9ff46c75-f860-4b6c-96bf-d1f3a31859fe to remote] DEBUG o.a.h.c.protocol.RequestAddCookies - CookieSpec selected: best-match
14:21:23.609 [Forwarding findElement on session 9ff46c75-f860-4b6c-96bf-d1f3a31859fe to remote] DEBUG o.a.h.c.protocol.RequestAuthCache - Auth cache not set in the context
14:21:23.609 [Forwarding findElement on session 9ff46c75-f860-4b6c-96bf-d1f3a31859fe to remote] DEBUG o.a.h.i.c.PoolingHttpClientConnectionManager - Connection request: [route: {}-&gt;http://127.0.0.1:7055][total kept alive: 0; route allocated: 0 of 2000; total allocated: 0 of 2000]
14:21:23.610 [Forwarding findElement on session 9ff46c75-f860-4b6c-96bf-d1f3a31859fe to remote] DEBUG o.a.h.i.c.PoolingHttpClientConnectionManager - Connection leased: [id: 94][route: {}-&gt;http://127.0.0.1:7055][total kept alive: 0; route allocated: 1 of 2000; total allocated: 1 of 2000]
14:21:23.610 [Forwarding findElement on session 9ff46c75-f860-4b6c-96bf-d1f3a31859fe to remote] DEBUG o.a.h.impl.execchain.MainClientExec - Opening connection {}-&gt;http://127.0.0.1:7055
14:21:23.610 [Forwarding findElement on session 9ff46c75-f860-4b6c-96bf-d1f3a31859fe to remote] DEBUG o.a.h.i.c.HttpClientConnectionOperator - Connecting to /127.0.0.1:7055
14:21:23.610 [Forwarding findElement on session 9ff46c75-f860-4b6c-96bf-d1f3a31859fe to remote] DEBUG o.a.h.i.c.HttpClientConnectionOperator - Connection established 127.0.0.1:59010&lt;-&gt;127.0.0.1:7055
14:21:23.611 [Forwarding findElement on session 9ff46c75-f860-4b6c-96bf-d1f3a31859fe to remote] DEBUG o.a.h.impl.execchain.MainClientExec - Executing request POST /hub/session/9ff46c75-f860-4b6c-96bf-d1f3a31859fe/element HTTP/1.1
14:21:23.611 [Forwarding findElement on session 9ff46c75-f860-4b6c-96bf-d1f3a31859fe to remote] DEBUG o.a.h.impl.execchain.MainClientExec - Target auth state: UNCHALLENGED
14:21:23.611 [Forwarding findElement on session 9ff46c75-f860-4b6c-96bf-d1f3a31859fe to remote] DEBUG o.a.h.impl.execchain.MainClientExec - Proxy auth state: UNCHALLENGED
14:21:23.611 [Forwarding findElement on session 9ff46c75-f860-4b6c-96bf-d1f3a31859fe to remote] DEBUG org.apache.http.headers - http-outgoing-94 &gt;&gt; POST /hub/session/9ff46c75-f860-4b6c-96bf-d1f3a31859fe/element HTTP/1.1
14:21:23.611 [Forwarding findElement on session 9ff46c75-f860-4b6c-96bf-d1f3a31859fe to remote] DEBUG org.apache.http.headers - http-outgoing-94 &gt;&gt; Content-Type: application/json; charset=utf-8
14:21:23.611 [Forwarding findElement on session 9ff46c75-f860-4b6c-96bf-d1f3a31859fe to remote] DEBUG org.apache.http.headers - http-outgoing-94 &gt;&gt; Content-Length: 44
14:21:23.611 [Forwarding findElement on session 9ff46c75-f860-4b6c-96bf-d1f3a31859fe to remote] DEBUG org.apache.http.headers - http-outgoing-94 &gt;&gt; Host: 127.0.0.1:7055
14:21:23.611 [Forwarding findElement on session 9ff46c75-f860-4b6c-96bf-d1f3a31859fe to remote] DEBUG org.apache.http.headers - http-outgoing-94 &gt;&gt; Connection: Keep-Alive
14:21:23.612 [Forwarding findElement on session 9ff46c75-f860-4b6c-96bf-d1f3a31859fe to remote] DEBUG org.apache.http.headers - http-outgoing-94 &gt;&gt; User-Agent: Apache-HttpClient/4.3.4 (java 1.5)
14:21:23.612 [Forwarding findElement on session 9ff46c75-f860-4b6c-96bf-d1f3a31859fe to remote] DEBUG org.apache.http.headers - http-outgoing-94 &gt;&gt; Accept-Encoding: gzip,deflate
14:21:23.612 [Forwarding findElement on session 9ff46c75-f860-4b6c-96bf-d1f3a31859fe to remote] DEBUG org.apache.http.wire - http-outgoing-94 &gt;&gt; "POST /hub/session/9ff46c75-f860-4b6c-96bf-d1f3a31859fe/element HTTP/1.1[\r][\n]"
14:21:23.612 [Forwarding findElement on session 9ff46c75-f860-4b6c-96bf-d1f3a31859fe to remote] DEBUG org.apache.http.wire - http-outgoing-94 &gt;&gt; "Content-Type: application/json; charset=utf-8[\r][\n]"
14:21:23.612 [Forwarding findElement on session 9ff46c75-f860-4b6c-96bf-d1f3a31859fe to remote] DEBUG org.apache.http.wire - http-outgoing-94 &gt;&gt; "Content-Length: 44[\r][\n]"
14:21:23.612 [Forwarding findElement on session 9ff46c75-f860-4b6c-96bf-d1f3a31859fe to remote] DEBUG org.apache.http.wire - http-outgoing-94 &gt;&gt; "Host: 127.0.0.1:7055[\r][\n]"
14:21:23.612 [Forwarding findElement on session 9ff46c75-f860-4b6c-96bf-d1f3a31859fe to remote] DEBUG org.apache.http.wire - http-outgoing-94 &gt;&gt; "Connection: Keep-Alive[\r][\n]"
14:21:23.612 [Forwarding findElement on session 9ff46c75-f860-4b6c-96bf-d1f3a31859fe to remote] DEBUG org.apache.http.wire - http-outgoing-94 &gt;&gt; "User-Agent: Apache-HttpClient/4.3.4 (java 1.5)[\r][\n]"
14:21:23.612 [Forwarding findElement on session 9ff46c75-f860-4b6c-96bf-d1f3a31859fe to remote] DEBUG org.apache.http.wire - http-outgoing-94 &gt;&gt; "Accept-Encoding: gzip,deflate[\r][\n]"
14:21:23.612 [Forwarding findElement on session 9ff46c75-f860-4b6c-96bf-d1f3a31859fe to remote] DEBUG org.apache.http.wire - http-outgoing-94 &gt;&gt; "[\r][\n]"
14:21:23.612 [Forwarding findElement on session 9ff46c75-f860-4b6c-96bf-d1f3a31859fe to remote] DEBUG org.apache.http.wire - http-outgoing-94 &gt;&gt; "{"using":"link text","value":"[0xe4][0xb8][0xbe][0xe6][0x89][0x8b][0xe6][0x8a][0x95][0xe7][0xa5][0xa8]"}"
14:21:32.058 [Forwarding findElement on session 9ff46c75-f860-4b6c-96bf-d1f3a31859fe to remote] DEBUG org.apache.http.wire - http-outgoing-94 &lt;&lt; "HTTP/1.1 200 OK[\r][\n]"
14:21:32.058 [Forwarding findElement on session 9ff46c75-f860-4b6c-96bf-d1f3a31859fe to remote] DEBUG org.apache.http.wire - http-outgoing-94 &lt;&lt; "content-type: application/json; charset=UTF-8[\r][\n]"
14:21:32.058 [Forwarding findElement on session 9ff46c75-f860-4b6c-96bf-d1f3a31859fe to remote] DEBUG org.apache.http.wire - http-outgoing-94 &lt;&lt; "connection: close[\r][\n]"
14:21:32.059 [Forwarding findElement on session 9ff46c75-f860-4b6c-96bf-d1f3a31859fe to remote] DEBUG org.apache.http.wire - http-outgoing-94 &lt;&lt; "content-length: 145[\r][\n]"
14:21:32.060 [Forwarding findElement on session 9ff46c75-f860-4b6c-96bf-d1f3a31859fe to remote] DEBUG org.apache.http.wire - http-outgoing-94 &lt;&lt; "server: httpd.js[\r][\n]"
14:21:32.060 [Forwarding findElement on session 9ff46c75-f860-4b6c-96bf-d1f3a31859fe to remote] DEBUG org.apache.http.wire - http-outgoing-94 &lt;&lt; "date: Thu, 04 Jun 2015 06:21:32 GMT[\r][\n]"
14:21:32.060 [Forwarding findElement on session 9ff46c75-f860-4b6c-96bf-d1f3a31859fe to remote] DEBUG org.apache.http.wire - http-outgoing-94 &lt;&lt; "[\r][\n]"
14:21:32.060 [Forwarding findElement on session 9ff46c75-f860-4b6c-96bf-d1f3a31859fe to remote] DEBUG org.apache.http.headers - http-outgoing-94 &lt;&lt; HTTP/1.1 200 OK
14:21:32.060 [Forwarding findElement on session 9ff46c75-f860-4b6c-96bf-d1f3a31859fe to remote] DEBUG org.apache.http.headers - http-outgoing-94 &lt;&lt; content-type: application/json; charset=UTF-8
14:21:32.060 [Forwarding findElement on session 9ff46c75-f860-4b6c-96bf-d1f3a31859fe to remote] DEBUG org.apache.http.headers - http-outgoing-94 &lt;&lt; connection: close
14:21:32.060 [Forwarding findElement on session 9ff46c75-f860-4b6c-96bf-d1f3a31859fe to remote] DEBUG org.apache.http.headers - http-outgoing-94 &lt;&lt; content-length: 145
14:21:32.060 [Forwarding findElement on session 9ff46c75-f860-4b6c-96bf-d1f3a31859fe to remote] DEBUG org.apache.http.headers - http-outgoing-94 &lt;&lt; server: httpd.js
14:21:32.060 [Forwarding findElement on session 9ff46c75-f860-4b6c-96bf-d1f3a31859fe to remote] DEBUG org.apache.http.headers - http-outgoing-94 &lt;&lt; date: Thu, 04 Jun 2015 06:21:32 GMT
14:21:32.085 [Forwarding findElement on session 9ff46c75-f860-4b6c-96bf-d1f3a31859fe to remote] DEBUG org.apache.http.wire - http-outgoing-94 &lt;&lt; "{"name":"findElement","sessionId":"9ff46c75-f860-4b6c-96bf-d1f3a31859fe","status":0,"value":{"ELEMENT":"{d97534c3-35a8-4fe8-8c2e-444ecc323039}"}}"
14:21:32.085 [Forwarding findElement on session 9ff46c75-f860-4b6c-96bf-d1f3a31859fe to remote] DEBUG o.a.h.i.c.DefaultManagedHttpClientConnection - http-outgoing-94: Shutdown connection
14:21:32.085 [Forwarding findElement on session 9ff46c75-f860-4b6c-96bf-d1f3a31859fe to remote] DEBUG o.a.h.impl.execchain.MainClientExec - Connection discarded
14:21:32.085 [Forwarding findElement on session 9ff46c75-f860-4b6c-96bf-d1f3a31859fe to remote] DEBUG o.a.h.i.c.DefaultManagedHttpClientConnection - http-outgoing-94: Close connection
14:21:32.086 [Forwarding findElement on session 9ff46c75-f860-4b6c-96bf-d1f3a31859fe to remote] DEBUG o.a.h.i.c.PoolingHttpClientConnectionManager - Connection released: [id: 94][route: {}-&gt;http://127.0.0.1:7055][total kept alive: 0; route allocated: 0 of 2000; total allocated: 0 of 2000]
14:21:32.088 [Forwarding findElement on session 9ff46c75-f860-4b6c-96bf-d1f3a31859fe to remote] DEBUG o.a.h.c.protocol.RequestAddCookies - CookieSpec selected: best-match
14:21:32.088 [Forwarding findElement on session 9ff46c75-f860-4b6c-96bf-d1f3a31859fe to remote] DEBUG o.a.h.c.protocol.RequestAuthCache - Auth cache not set in the context
14:21:32.088 [Forwarding findElement on session 9ff46c75-f860-4b6c-96bf-d1f3a31859fe to remote] DEBUG o.a.h.i.c.PoolingHttpClientConnectionManager - Connection request: [route: {}-&gt;http://127.0.0.1:7055][total kept alive: 0; route allocated: 0 of 2000; total allocated: 0 of 2000]
14:21:32.088 [Forwarding findElement on session 9ff46c75-f860-4b6c-96bf-d1f3a31859fe to remote] DEBUG o.a.h.i.c.PoolingHttpClientConnectionManager - Connection leased: [id: 95][route: {}-&gt;http://127.0.0.1:7055][total kept alive: 0; route allocated: 1 of 2000; total allocated: 1 of 2000]
14:21:32.089 [Forwarding findElement on session 9ff46c75-f860-4b6c-96bf-d1f3a31859fe to remote] DEBUG o.a.h.impl.execchain.MainClientExec - Opening connection {}-&gt;http://127.0.0.1:7055
14:21:32.089 [Forwarding findElement on session 9ff46c75-f860-4b6c-96bf-d1f3a31859fe to remote] DEBUG o.a.h.i.c.HttpClientConnectionOperator - Connecting to /127.0.0.1:7055
14:21:32.089 [Forwarding findElement on session 9ff46c75-f860-4b6c-96bf-d1f3a31859fe to remote] DEBUG o.a.h.i.c.HttpClientConnectionOperator - Connection established 127.0.0.1:59011&lt;-&gt;127.0.0.1:7055
14:21:32.089 [Forwarding findElement on session 9ff46c75-f860-4b6c-96bf-d1f3a31859fe to remote] DEBUG o.a.h.impl.execchain.MainClientExec - Executing request POST /hub/session/9ff46c75-f860-4b6c-96bf-d1f3a31859fe/element HTTP/1.1
14:21:32.089 [Forwarding findElement on session 9ff46c75-f860-4b6c-96bf-d1f3a31859fe to remote] DEBUG o.a.h.impl.execchain.MainClientExec - Target auth state: UNCHALLENGED
14:21:32.089 [Forwarding findElement on session 9ff46c75-f860-4b6c-96bf-d1f3a31859fe to remote] DEBUG o.a.h.impl.execchain.MainClientExec - Proxy auth state: UNCHALLENGED
14:21:32.089 [Forwarding findElement on session 9ff46c75-f860-4b6c-96bf-d1f3a31859fe to remote] DEBUG org.apache.http.headers - http-outgoing-95 &gt;&gt; POST /hub/session/9ff46c75-f860-4b6c-96bf-d1f3a31859fe/element HTTP/1.1
14:21:32.090 [Forwarding findElement on session 9ff46c75-f860-4b6c-96bf-d1f3a31859fe to remote] DEBUG org.apache.http.headers - http-outgoing-95 &gt;&gt; Content-Type: application/json; charset=utf-8
14:21:32.090 [Forwarding findElement on session 9ff46c75-f860-4b6c-96bf-d1f3a31859fe to remote] DEBUG org.apache.http.headers - http-outgoing-95 &gt;&gt; Content-Length: 44
14:21:32.090 [Forwarding findElement on session 9ff46c75-f860-4b6c-96bf-d1f3a31859fe to remote] DEBUG org.apache.http.headers - http-outgoing-95 &gt;&gt; Host: 127.0.0.1:7055
14:21:32.090 [Forwarding findElement on session 9ff46c75-f860-4b6c-96bf-d1f3a31859fe to remote] DEBUG org.apache.http.headers - http-outgoing-95 &gt;&gt; Connection: Keep-Alive
14:21:32.090 [Forwarding findElement on session 9ff46c75-f860-4b6c-96bf-d1f3a31859fe to remote] DEBUG org.apache.http.headers - http-outgoing-95 &gt;&gt; User-Agent: Apache-HttpClient/4.3.4 (java 1.5)
14:21:32.090 [Forwarding findElement on session 9ff46c75-f860-4b6c-96bf-d1f3a31859fe to remote] DEBUG org.apache.http.headers - http-outgoing-95 &gt;&gt; Accept-Encoding: gzip,deflate
14:21:32.091 [Forwarding findElement on session 9ff46c75-f860-4b6c-96bf-d1f3a31859fe to remote] DEBUG org.apache.http.wire - http-outgoing-95 &gt;&gt; "POST /hub/session/9ff46c75-f860-4b6c-96bf-d1f3a31859fe/element HTTP/1.1[\r][\n]"
14:21:32.092 [Forwarding findElement on session 9ff46c75-f860-4b6c-96bf-d1f3a31859fe to remote] DEBUG org.apache.http.wire - http-outgoing-95 &gt;&gt; "Content-Type: application/json; charset=utf-8[\r][\n]"
14:21:32.092 [Forwarding findElement on session 9ff46c75-f860-4b6c-96bf-d1f3a31859fe to remote] DEBUG org.apache.http.wire - http-outgoing-95 &gt;&gt; "Content-Length: 44[\r][\n]"
14:21:32.092 [Forwarding findElement on session 9ff46c75-f860-4b6c-96bf-d1f3a31859fe to remote] DEBUG org.apache.http.wire - http-outgoing-95 &gt;&gt; "Host: 127.0.0.1:7055[\r][\n]"
14:21:32.092 [Forwarding findElement on session 9ff46c75-f860-4b6c-96bf-d1f3a31859fe to remote] DEBUG org.apache.http.wire - http-outgoing-95 &gt;&gt; "Connection: Keep-Alive[\r][\n]"
14:21:32.092 [Forwarding findElement on session 9ff46c75-f860-4b6c-96bf-d1f3a31859fe to remote] DEBUG org.apache.http.wire - http-outgoing-95 &gt;&gt; "User-Agent: Apache-HttpClient/4.3.4 (java 1.5)[\r][\n]"
14:21:32.092 [Forwarding findElement on session 9ff46c75-f860-4b6c-96bf-d1f3a31859fe to remote] DEBUG org.apache.http.wire - http-outgoing-95 &gt;&gt; "Accept-Encoding: gzip,deflate[\r][\n]"
14:21:32.092 [Forwarding findElement on session 9ff46c75-f860-4b6c-96bf-d1f3a31859fe to remote] DEBUG org.apache.http.wire - http-outgoing-95 &gt;&gt; "[\r][\n]"
14:21:32.092 [Forwarding findElement on session 9ff46c75-f860-4b6c-96bf-d1f3a31859fe to remote] DEBUG org.apache.http.wire - http-outgoing-95 &gt;&gt; "{"using":"link text","value":"[0xe4][0xb8][0xbe][0xe6][0x89][0x8b][0xe6][0x8a][0x95][0xe7][0xa5][0xa8]"}"
14:21:32.264 [Forwarding findElement on session 9ff46c75-f860-4b6c-96bf-d1f3a31859fe to remote] DEBUG org.apache.http.wire - http-outgoing-95 &lt;&lt; "HTTP/1.1 200 OK[\r][\n]"
14:21:32.264 [Forwarding findElement on session 9ff46c75-f860-4b6c-96bf-d1f3a31859fe to remote] DEBUG org.apache.http.wire - http-outgoing-95 &lt;&lt; "content-type: application/json; charset=UTF-8[\r][\n]"
14:21:32.264 [Forwarding findElement on session 9ff46c75-f860-4b6c-96bf-d1f3a31859fe to remote] DEBUG org.apache.http.wire - http-outgoing-95 &lt;&lt; "connection: close[\r][\n]"
14:21:32.264 [Forwarding findElement on session 9ff46c75-f860-4b6c-96bf-d1f3a31859fe to remote] DEBUG org.apache.http.wire - http-outgoing-95 &lt;&lt; "content-length: 145[\r][\n]"
14:21:32.264 [Forwarding findElement on session 9ff46c75-f860-4b6c-96bf-d1f3a31859fe to remote] DEBUG org.apache.http.wire - http-outgoing-95 &lt;&lt; "server: httpd.js[\r][\n]"
14:21:32.264 [Forwarding findElement on session 9ff46c75-f860-4b6c-96bf-d1f3a31859fe to remote] DEBUG org.apache.http.wire - http-outgoing-95 &lt;&lt; "date: Thu, 04 Jun 2015 06:21:32 GMT[\r][\n]"
14:21:32.264 [Forwarding findElement on session 9ff46c75-f860-4b6c-96bf-d1f3a31859fe to remote] DEBUG org.apache.http.wire - http-outgoing-95 &lt;&lt; "[\r][\n]"
14:21:32.264 [Forwarding findElement on session 9ff46c75-f860-4b6c-96bf-d1f3a31859fe to remote] DEBUG org.apache.http.headers - http-outgoing-95 &lt;&lt; HTTP/1.1 200 OK
14:21:32.264 [Forwarding findElement on session 9ff46c75-f860-4b6c-96bf-d1f3a31859fe to remote] DEBUG org.apache.http.headers - http-outgoing-95 &lt;&lt; content-type: application/json; charset=UTF-8
14:21:32.264 [Forwarding findElement on session 9ff46c75-f860-4b6c-96bf-d1f3a31859fe to remote] DEBUG org.apache.http.headers - http-outgoing-95 &lt;&lt; connection: close
14:21:32.264 [Forwarding findElement on session 9ff46c75-f860-4b6c-96bf-d1f3a31859fe to remote] DEBUG org.apache.http.headers - http-outgoing-95 &lt;&lt; content-length: 145
14:21:32.264 [Forwarding findElement on session 9ff46c75-f860-4b6c-96bf-d1f3a31859fe to remote] DEBUG org.apache.http.headers - http-outgoing-95 &lt;&lt; server: httpd.js
14:21:32.264 [Forwarding findElement on session 9ff46c75-f860-4b6c-96bf-d1f3a31859fe to remote] DEBUG org.apache.http.headers - http-outgoing-95 &lt;&lt; date: Thu, 04 Jun 2015 06:21:32 GMT
14:21:32.269 [Forwarding findElement on session 9ff46c75-f860-4b6c-96bf-d1f3a31859fe to remote] DEBUG org.apache.http.wire - http-outgoing-95 &lt;&lt; "{"name":"findElement","sessionId":"9ff46c75-f860-4b6c-96bf-d1f3a31859fe","status":0,"value":{"ELEMENT":"{d97534c3-35a8-4fe8-8c2e-444ecc323039}"}}"
14:21:32.269 [Forwarding findElement on session 9ff46c75-f860-4b6c-96bf-d1f3a31859fe to remote] DEBUG o.a.h.i.c.DefaultManagedHttpClientConnection - http-outgoing-95: Shutdown connection
14:21:32.269 [Forwarding findElement on session 9ff46c75-f860-4b6c-96bf-d1f3a31859fe to remote] DEBUG o.a.h.impl.execchain.MainClientExec - Connection discarded
14:21:32.269 [Forwarding findElement on session 9ff46c75-f860-4b6c-96bf-d1f3a31859fe to remote] DEBUG o.a.h.i.c.DefaultManagedHttpClientConnection - http-outgoing-95: Close connection
14:21:32.269 [Forwarding findElement on session 9ff46c75-f860-4b6c-96bf-d1f3a31859fe to remote] DEBUG o.a.h.i.c.PoolingHttpClientConnectionManager - Connection released: [id: 95][route: {}-&gt;http://127.0.0.1:7055][total kept alive: 0; route allocated: 0 of 2000; total allocated: 0 of 2000]
true
14:21:32.271 [Forwarding findElement on session 9ff46c75-f860-4b6c-96bf-d1f3a31859fe to remote] DEBUG o.a.h.c.protocol.RequestAddCookies - CookieSpec selected: best-match
14:21:32.272 [Forwarding findElement on session 9ff46c75-f860-4b6c-96bf-d1f3a31859fe to remote] DEBUG o.a.h.c.protocol.RequestAuthCache - Auth cache not set in the context
14:21:32.272 [Forwarding findElement on session 9ff46c75-f860-4b6c-96bf-d1f3a31859fe to remote] DEBUG o.a.h.i.c.PoolingHttpClientConnectionManager - Connection request: [route: {}-&gt;http://127.0.0.1:7055][total kept alive: 0; route allocated: 0 of 2000; total allocated: 0 of 2000]
14:21:32.272 [Forwarding findElement on session 9ff46c75-f860-4b6c-96bf-d1f3a31859fe to remote] DEBUG o.a.h.i.c.PoolingHttpClientConnectionManager - Connection leased: [id: 96][route: {}-&gt;http://127.0.0.1:7055][total kept alive: 0; route allocated: 1 of 2000; total allocated: 1 of 2000]
14:21:32.272 [Forwarding findElement on session 9ff46c75-f860-4b6c-96bf-d1f3a31859fe to remote] DEBUG o.a.h.impl.execchain.MainClientExec - Opening connection {}-&gt;http://127.0.0.1:7055
14:21:32.272 [Forwarding findElement on session 9ff46c75-f860-4b6c-96bf-d1f3a31859fe to remote] DEBUG o.a.h.i.c.HttpClientConnectionOperator - Connecting to /127.0.0.1:7055
14:21:32.272 [Forwarding findElement on session 9ff46c75-f860-4b6c-96bf-d1f3a31859fe to remote] DEBUG o.a.h.i.c.HttpClientConnectionOperator - Connection established 127.0.0.1:59012&lt;-&gt;127.0.0.1:7055
14:21:32.273 [Forwarding findElement on session 9ff46c75-f860-4b6c-96bf-d1f3a31859fe to remote] DEBUG o.a.h.impl.execchain.MainClientExec - Executing request POST /hub/session/9ff46c75-f860-4b6c-96bf-d1f3a31859fe/element HTTP/1.1
14:21:32.273 [Forwarding findElement on session 9ff46c75-f860-4b6c-96bf-d1f3a31859fe to remote] DEBUG o.a.h.impl.execchain.MainClientExec - Target auth state: UNCHALLENGED
14:21:32.273 [Forwarding findElement on session 9ff46c75-f860-4b6c-96bf-d1f3a31859fe to remote] DEBUG o.a.h.impl.execchain.MainClientExec - Proxy auth state: UNCHALLENGED
14:21:32.273 [Forwarding findElement on session 9ff46c75-f860-4b6c-96bf-d1f3a31859fe to remote] DEBUG org.apache.http.headers - http-outgoing-96 &gt;&gt; POST /hub/session/9ff46c75-f860-4b6c-96bf-d1f3a31859fe/element HTTP/1.1
14:21:32.273 [Forwarding findElement on session 9ff46c75-f860-4b6c-96bf-d1f3a31859fe to remote] DEBUG org.apache.http.headers - http-outgoing-96 &gt;&gt; Content-Type: application/json; charset=utf-8
14:21:32.273 [Forwarding findElement on session 9ff46c75-f860-4b6c-96bf-d1f3a31859fe to remote] DEBUG org.apache.http.headers - http-outgoing-96 &gt;&gt; Content-Length: 44
14:21:32.273 [Forwarding findElement on session 9ff46c75-f860-4b6c-96bf-d1f3a31859fe to remote] DEBUG org.apache.http.headers - http-outgoing-96 &gt;&gt; Host: 127.0.0.1:7055
14:21:32.273 [Forwarding findElement on session 9ff46c75-f860-4b6c-96bf-d1f3a31859fe to remote] DEBUG org.apache.http.headers - http-outgoing-96 &gt;&gt; Connection: Keep-Alive
14:21:32.273 [Forwarding findElement on session 9ff46c75-f860-4b6c-96bf-d1f3a31859fe to remote] DEBUG org.apache.http.headers - http-outgoing-96 &gt;&gt; User-Agent: Apache-HttpClient/4.3.4 (java 1.5)
14:21:32.274 [Forwarding findElement on session 9ff46c75-f860-4b6c-96bf-d1f3a31859fe to remote] DEBUG org.apache.http.headers - http-outgoing-96 &gt;&gt; Accept-Encoding: gzip,deflate
14:21:32.274 [Forwarding findElement on session 9ff46c75-f860-4b6c-96bf-d1f3a31859fe to remote] DEBUG org.apache.http.wire - http-outgoing-96 &gt;&gt; "POST /hub/session/9ff46c75-f860-4b6c-96bf-d1f3a31859fe/element HTTP/1.1[\r][\n]"
14:21:32.274 [Forwarding findElement on session 9ff46c75-f860-4b6c-96bf-d1f3a31859fe to remote] DEBUG org.apache.http.wire - http-outgoing-96 &gt;&gt; "Content-Type: application/json; charset=utf-8[\r][\n]"
14:21:32.274 [Forwarding findElement on session 9ff46c75-f860-4b6c-96bf-d1f3a31859fe to remote] DEBUG org.apache.http.wire - http-outgoing-96 &gt;&gt; "Content-Length: 44[\r][\n]"
14:21:32.274 [Forwarding findElement on session 9ff46c75-f860-4b6c-96bf-d1f3a31859fe to remote] DEBUG org.apache.http.wire - http-outgoing-96 &gt;&gt; "Host: 127.0.0.1:7055[\r][\n]"
14:21:32.274 [Forwarding findElement on session 9ff46c75-f860-4b6c-96bf-d1f3a31859fe to remote] DEBUG org.apache.http.wire - http-outgoing-96 &gt;&gt; "Connection: Keep-Alive[\r][\n]"
14:21:32.274 [Forwarding findElement on session 9ff46c75-f860-4b6c-96bf-d1f3a31859fe to remote] DEBUG org.apache.http.wire - http-outgoing-96 &gt;&gt; "User-Agent: Apache-HttpClient/4.3.4 (java 1.5)[\r][\n]"
14:21:32.274 [Forwarding findElement on session 9ff46c75-f860-4b6c-96bf-d1f3a31859fe to remote] DEBUG org.apache.http.wire - http-outgoing-96 &gt;&gt; "Accept-Encoding: gzip,deflate[\r][\n]"
14:21:32.274 [Forwarding findElement on session 9ff46c75-f860-4b6c-96bf-d1f3a31859fe to remote] DEBUG org.apache.http.wire - http-outgoing-96 &gt;&gt; "[\r][\n]"
14:21:32.274 [Forwarding findElement on session 9ff46c75-f860-4b6c-96bf-d1f3a31859fe to remote] DEBUG org.apache.http.wire - http-outgoing-96 &gt;&gt; "{"using":"link text","value":"[0xe4][0xb8][0xbe][0xe6][0x89][0x8b][0xe6][0x8a][0x95][0xe7][0xa5][0xa8]"}"
14:21:32.602 [Forwarding findElement on session 9ff46c75-f860-4b6c-96bf-d1f3a31859fe to remote] DEBUG org.apache.http.wire - http-outgoing-96 &lt;&lt; "HTTP/1.1 200 OK[\r][\n]"
14:21:32.602 [Forwarding findElement on session 9ff46c75-f860-4b6c-96bf-d1f3a31859fe to remote] DEBUG org.apache.http.wire - http-outgoing-96 &lt;&lt; "content-type: application/json; charset=UTF-8[\r][\n]"
14:21:32.602 [Forwarding findElement on session 9ff46c75-f860-4b6c-96bf-d1f3a31859fe to remote] DEBUG org.apache.http.wire - http-outgoing-96 &lt;&lt; "connection: close[\r][\n]"
14:21:32.602 [Forwarding findElement on session 9ff46c75-f860-4b6c-96bf-d1f3a31859fe to remote] DEBUG org.apache.http.wire - http-outgoing-96 &lt;&lt; "content-length: 145[\r][\n]"
14:21:32.602 [Forwarding findElement on session 9ff46c75-f860-4b6c-96bf-d1f3a31859fe to remote] DEBUG org.apache.http.wire - http-outgoing-96 &lt;&lt; "server: httpd.js[\r][\n]"
14:21:32.602 [Forwarding findElement on session 9ff46c75-f860-4b6c-96bf-d1f3a31859fe to remote] DEBUG org.apache.http.wire - http-outgoing-96 &lt;&lt; "date: Thu, 04 Jun 2015 06:21:32 GMT[\r][\n]"
14:21:32.603 [Forwarding findElement on session 9ff46c75-f860-4b6c-96bf-d1f3a31859fe to remote] DEBUG org.apache.http.wire - http-outgoing-96 &lt;&lt; "[\r][\n]"
14:21:32.603 [Forwarding findElement on session 9ff46c75-f860-4b6c-96bf-d1f3a31859fe to remote] DEBUG org.apache.http.headers - http-outgoing-96 &lt;&lt; HTTP/1.1 200 OK
14:21:32.603 [Forwarding findElement on session 9ff46c75-f860-4b6c-96bf-d1f3a31859fe to remote] DEBUG org.apache.http.headers - http-outgoing-96 &lt;&lt; content-type: application/json; charset=UTF-8
14:21:32.603 [Forwarding findElement on session 9ff46c75-f860-4b6c-96bf-d1f3a31859fe to remote] DEBUG org.apache.http.headers - http-outgoing-96 &lt;&lt; connection: close
14:21:32.603 [Forwarding findElement on session 9ff46c75-f860-4b6c-96bf-d1f3a31859fe to remote] DEBUG org.apache.http.headers - http-outgoing-96 &lt;&lt; content-length: 145
14:21:32.603 [Forwarding findElement on session 9ff46c75-f860-4b6c-96bf-d1f3a31859fe to remote] DEBUG org.apache.http.headers - http-outgoing-96 &lt;&lt; server: httpd.js
14:21:32.603 [Forwarding findElement on session 9ff46c75-f860-4b6c-96bf-d1f3a31859fe to remote] DEBUG org.apache.http.headers - http-outgoing-96 &lt;&lt; date: Thu, 04 Jun 2015 06:21:32 GMT
14:21:32.605 [Forwarding findElement on session 9ff46c75-f860-4b6c-96bf-d1f3a31859fe to remote] DEBUG org.apache.http.wire - http-outgoing-96 &lt;&lt; "{"name":"findElement","sessionId":"9ff46c75-f860-4b6c-96bf-d1f3a31859fe","status":0,"value":{"ELEMENT":"{d97534c3-35a8-4fe8-8c2e-444ecc323039}"}}"
14:21:32.606 [Forwarding findElement on session 9ff46c75-f860-4b6c-96bf-d1f3a31859fe to remote] DEBUG o.a.h.i.c.DefaultManagedHttpClientConnection - http-outgoing-96: Shutdown connection
14:21:32.606 [Forwarding findElement on session 9ff46c75-f860-4b6c-96bf-d1f3a31859fe to remote] DEBUG o.a.h.impl.execchain.MainClientExec - Connection discarded
14:21:32.606 [Forwarding findElement on session 9ff46c75-f860-4b6c-96bf-d1f3a31859fe to remote] DEBUG o.a.h.i.c.DefaultManagedHttpClientConnection - http-outgoing-96: Close connection
14:21:32.606 [Forwarding findElement on session 9ff46c75-f860-4b6c-96bf-d1f3a31859fe to remote] DEBUG o.a.h.i.c.PoolingHttpClientConnectionManager - Connection released: [id: 96][route: {}-&gt;http://127.0.0.1:7055][total kept alive: 0; route allocated: 0 of 2000; total allocated: 0 of 2000]
14:21:32.607 [Forwarding findElement on session 9ff46c75-f860-4b6c-96bf-d1f3a31859fe to remote] DEBUG o.a.h.c.protocol.RequestAddCookies - CookieSpec selected: best-match
14:21:32.608 [Forwarding findElement on session 9ff46c75-f860-4b6c-96bf-d1f3a31859fe to remote] DEBUG o.a.h.c.protocol.RequestAuthCache - Auth cache not set in the context
14:21:32.608 [Forwarding findElement on session 9ff46c75-f860-4b6c-96bf-d1f3a31859fe to remote] DEBUG o.a.h.i.c.PoolingHttpClientConnectionManager - Connection request: [route: {}-&gt;http://127.0.0.1:7055][total kept alive: 0; route allocated: 0 of 2000; total allocated: 0 of 2000]
14:21:32.608 [Forwarding findElement on session 9ff46c75-f860-4b6c-96bf-d1f3a31859fe to remote] DEBUG o.a.h.i.c.PoolingHttpClientConnectionManager - Connection leased: [id: 97][route: {}-&gt;http://127.0.0.1:7055][total kept alive: 0; route allocated: 1 of 2000; total allocated: 1 of 2000]
14:21:32.608 [Forwarding findElement on session 9ff46c75-f860-4b6c-96bf-d1f3a31859fe to remote] DEBUG o.a.h.impl.execchain.MainClientExec - Opening connection {}-&gt;http://127.0.0.1:7055
14:21:32.608 [Forwarding findElement on session 9ff46c75-f860-4b6c-96bf-d1f3a31859fe to remote] DEBUG o.a.h.i.c.HttpClientConnectionOperator - Connecting to /127.0.0.1:7055
14:21:32.609 [Forwarding findElement on session 9ff46c75-f860-4b6c-96bf-d1f3a31859fe to remote] DEBUG o.a.h.i.c.HttpClientConnectionOperator - Connection established 127.0.0.1:59013&lt;-&gt;127.0.0.1:7055
14:21:32.609 [Forwarding findElement on session 9ff46c75-f860-4b6c-96bf-d1f3a31859fe to remote] DEBUG o.a.h.impl.execchain.MainClientExec - Executing request POST /hub/session/9ff46c75-f860-4b6c-96bf-d1f3a31859fe/element HTTP/1.1
14:21:32.609 [Forwarding findElement on session 9ff46c75-f860-4b6c-96bf-d1f3a31859fe to remote] DEBUG o.a.h.impl.execchain.MainClientExec - Target auth state: UNCHALLENGED
14:21:32.609 [Forwarding findElement on session 9ff46c75-f860-4b6c-96bf-d1f3a31859fe to remote] DEBUG o.a.h.impl.execchain.MainClientExec - Proxy auth state: UNCHALLENGED
14:21:32.609 [Forwarding findElement on session 9ff46c75-f860-4b6c-96bf-d1f3a31859fe to remote] DEBUG org.apache.http.headers - http-outgoing-97 &gt;&gt; POST /hub/session/9ff46c75-f860-4b6c-96bf-d1f3a31859fe/element HTTP/1.1
14:21:32.609 [Forwarding findElement on session 9ff46c75-f860-4b6c-96bf-d1f3a31859fe to remote] DEBUG org.apache.http.headers - http-outgoing-97 &gt;&gt; Content-Type: application/json; charset=utf-8
14:21:32.609 [Forwarding findElement on session 9ff46c75-f860-4b6c-96bf-d1f3a31859fe to remote] DEBUG org.apache.http.headers - http-outgoing-97 &gt;&gt; Content-Length: 44
14:21:32.609 [Forwarding findElement on session 9ff46c75-f860-4b6c-96bf-d1f3a31859fe to remote] DEBUG org.apache.http.headers - http-outgoing-97 &gt;&gt; Host: 127.0.0.1:7055
14:21:32.610 [Forwarding findElement on session 9ff46c75-f860-4b6c-96bf-d1f3a31859fe to remote] DEBUG org.apache.http.headers - http-outgoing-97 &gt;&gt; Connection: Keep-Alive
14:21:32.610 [Forwarding findElement on session 9ff46c75-f860-4b6c-96bf-d1f3a31859fe to remote] DEBUG org.apache.http.headers - http-outgoing-97 &gt;&gt; User-Agent: Apache-HttpClient/4.3.4 (java 1.5)
14:21:32.610 [Forwarding findElement on session 9ff46c75-f860-4b6c-96bf-d1f3a31859fe to remote] DEBUG org.apache.http.headers - http-outgoing-97 &gt;&gt; Accept-Encoding: gzip,deflate
14:21:32.610 [Forwarding findElement on session 9ff46c75-f860-4b6c-96bf-d1f3a31859fe to remote] DEBUG org.apache.http.wire - http-outgoing-97 &gt;&gt; "POST /hub/session/9ff46c75-f860-4b6c-96bf-d1f3a31859fe/element HTTP/1.1[\r][\n]"
14:21:32.610 [Forwarding findElement on session 9ff46c75-f860-4b6c-96bf-d1f3a31859fe to remote] DEBUG org.apache.http.wire - http-outgoing-97 &gt;&gt; "Content-Type: application/json; charset=utf-8[\r][\n]"
14:21:32.610 [Forwarding findElement on session 9ff46c75-f860-4b6c-96bf-d1f3a31859fe to remote] DEBUG org.apache.http.wire - http-outgoing-97 &gt;&gt; "Content-Length: 44[\r][\n]"
14:21:32.610 [Forwarding findElement on session 9ff46c75-f860-4b6c-96bf-d1f3a31859fe to remote] DEBUG org.apache.http.wire - http-outgoing-97 &gt;&gt; "Host: 127.0.0.1:7055[\r][\n]"
14:21:32.610 [Forwarding findElement on session 9ff46c75-f860-4b6c-96bf-d1f3a31859fe to remote] DEBUG org.apache.http.wire - http-outgoing-97 &gt;&gt; "Connection: Keep-Alive[\r][\n]"
14:21:32.610 [Forwarding findElement on session 9ff46c75-f860-4b6c-96bf-d1f3a31859fe to remote] DEBUG org.apache.http.wire - http-outgoing-97 &gt;&gt; "User-Agent: Apache-HttpClient/4.3.4 (java 1.5)[\r][\n]"
14:21:32.611 [Forwarding findElement on session 9ff46c75-f860-4b6c-96bf-d1f3a31859fe to remote] DEBUG org.apache.http.wire - http-outgoing-97 &gt;&gt; "Accept-Encoding: gzip,deflate[\r][\n]"
14:21:32.611 [Forwarding findElement on session 9ff46c75-f860-4b6c-96bf-d1f3a31859fe to remote] DEBUG org.apache.http.wire - http-outgoing-97 &gt;&gt; "[\r][\n]"
14:21:32.611 [Forwarding findElement on session 9ff46c75-f860-4b6c-96bf-d1f3a31859fe to remote] DEBUG org.apache.http.wire - http-outgoing-97 &gt;&gt; "{"using":"link text","value":"[0xe4][0xb8][0xbe][0xe6][0x89][0x8b][0xe6][0x8a][0x95][0xe7][0xa5][0xa8]"}"
14:21:32.783 [Forwarding findElement on session 9ff46c75-f860-4b6c-96bf-d1f3a31859fe to remote] DEBUG org.apache.http.wire - http-outgoing-97 &lt;&lt; "HTTP/1.1 200 OK[\r][\n]"
14:21:32.783 [Forwarding findElement on session 9ff46c75-f860-4b6c-96bf-d1f3a31859fe to remote] DEBUG org.apache.http.wire - http-outgoing-97 &lt;&lt; "content-type: application/json; charset=UTF-8[\r][\n]"
14:21:32.783 [Forwarding findElement on session 9ff46c75-f860-4b6c-96bf-d1f3a31859fe to remote] DEBUG org.apache.http.wire - http-outgoing-97 &lt;&lt; "connection: close[\r][\n]"
14:21:32.783 [Forwarding findElement on session 9ff46c75-f860-4b6c-96bf-d1f3a31859fe to remote] DEBUG org.apache.http.wire - http-outgoing-97 &lt;&lt; "content-length: 145[\r][\n]"
14:21:32.784 [Forwarding findElement on session 9ff46c75-f860-4b6c-96bf-d1f3a31859fe to remote] DEBUG org.apache.http.wire - http-outgoing-97 &lt;&lt; "server: httpd.js[\r][\n]"
14:21:32.784 [Forwarding findElement on session 9ff46c75-f860-4b6c-96bf-d1f3a31859fe to remote] DEBUG org.apache.http.wire - http-outgoing-97 &lt;&lt; "date: Thu, 04 Jun 2015 06:21:32 GMT[\r][\n]"
14:21:32.784 [Forwarding findElement on session 9ff46c75-f860-4b6c-96bf-d1f3a31859fe to remote] DEBUG org.apache.http.wire - http-outgoing-97 &lt;&lt; "[\r][\n]"
14:21:32.784 [Forwarding findElement on session 9ff46c75-f860-4b6c-96bf-d1f3a31859fe to remote] DEBUG org.apache.http.headers - http-outgoing-97 &lt;&lt; HTTP/1.1 200 OK
14:21:32.784 [Forwarding findElement on session 9ff46c75-f860-4b6c-96bf-d1f3a31859fe to remote] DEBUG org.apache.http.headers - http-outgoing-97 &lt;&lt; content-type: application/json; charset=UTF-8
14:21:32.784 [Forwarding findElement on session 9ff46c75-f860-4b6c-96bf-d1f3a31859fe to remote] DEBUG org.apache.http.headers - http-outgoing-97 &lt;&lt; connection: close
14:21:32.784 [Forwarding findElement on session 9ff46c75-f860-4b6c-96bf-d1f3a31859fe to remote] DEBUG org.apache.http.headers - http-outgoing-97 &lt;&lt; content-length: 145
14:21:32.784 [Forwarding findElement on session 9ff46c75-f860-4b6c-96bf-d1f3a31859fe to remote] DEBUG org.apache.http.headers - http-outgoing-97 &lt;&lt; server: httpd.js
14:21:32.784 [Forwarding findElement on session 9ff46c75-f860-4b6c-96bf-d1f3a31859fe to remote] DEBUG org.apache.http.headers - http-outgoing-97 &lt;&lt; date: Thu, 04 Jun 2015 06:21:32 GMT
14:21:32.786 [Forwarding findElement on session 9ff46c75-f860-4b6c-96bf-d1f3a31859fe to remote] DEBUG org.apache.http.wire - http-outgoing-97 &lt;&lt; "{"name":"findElement","sessionId":"9ff46c75-f860-4b6c-96bf-d1f3a31859fe","status":0,"value":{"ELEMENT":"{d97534c3-35a8-4fe8-8c2e-444ecc323039}"}}"
14:21:32.786 [Forwarding findElement on session 9ff46c75-f860-4b6c-96bf-d1f3a31859fe to remote] DEBUG o.a.h.i.c.DefaultManagedHttpClientConnection - http-outgoing-97: Shutdown connection
14:21:32.786 [Forwarding findElement on session 9ff46c75-f860-4b6c-96bf-d1f3a31859fe to remote] DEBUG o.a.h.impl.execchain.MainClientExec - Connection discarded
14:21:32.786 [Forwarding findElement on session 9ff46c75-f860-4b6c-96bf-d1f3a31859fe to remote] DEBUG o.a.h.i.c.DefaultManagedHttpClientConnection - http-outgoing-97: Close connection
14:21:32.786 [Forwarding findElement on session 9ff46c75-f860-4b6c-96bf-d1f3a31859fe to remote] DEBUG o.a.h.i.c.PoolingHttpClientConnectionManager - Connection released: [id: 97][route: {}-&gt;http://127.0.0.1:7055][total kept alive: 0; route allocated: 0 of 2000; total allocated: 0 of 2000]
14:21:32.788 [Forwarding clickElement on session 9ff46c75-f860-4b6c-96bf-d1f3a31859fe to remote] DEBUG o.a.h.c.protocol.RequestAddCookies - CookieSpec selected: best-match
14:21:32.788 [Forwarding clickElement on session 9ff46c75-f860-4b6c-96bf-d1f3a31859fe to remote] DEBUG o.a.h.c.protocol.RequestAuthCache - Auth cache not set in the context
14:21:32.788 [Forwarding clickElement on session 9ff46c75-f860-4b6c-96bf-d1f3a31859fe to remote] DEBUG o.a.h.i.c.PoolingHttpClientConnectionManager - Connection request: [route: {}-&gt;http://127.0.0.1:7055][total kept alive: 0; route allocated: 0 of 2000; total allocated: 0 of 2000]
14:21:32.788 [Forwarding clickElement on session 9ff46c75-f860-4b6c-96bf-d1f3a31859fe to remote] DEBUG o.a.h.i.c.PoolingHttpClientConnectionManager - Connection leased: [id: 98][route: {}-&gt;http://127.0.0.1:7055][total kept alive: 0; route allocated: 1 of 2000; total allocated: 1 of 2000]
14:21:32.788 [Forwarding clickElement on session 9ff46c75-f860-4b6c-96bf-d1f3a31859fe to remote] DEBUG o.a.h.impl.execchain.MainClientExec - Opening connection {}-&gt;http://127.0.0.1:7055
14:21:32.788 [Forwarding clickElement on session 9ff46c75-f860-4b6c-96bf-d1f3a31859fe to remote] DEBUG o.a.h.i.c.HttpClientConnectionOperator - Connecting to /127.0.0.1:7055
14:21:32.789 [Forwarding clickElement on session 9ff46c75-f860-4b6c-96bf-d1f3a31859fe to remote] DEBUG o.a.h.i.c.HttpClientConnectionOperator - Connection established 127.0.0.1:59014&lt;-&gt;127.0.0.1:7055
14:21:32.790 [Forwarding clickElement on session 9ff46c75-f860-4b6c-96bf-d1f3a31859fe to remote] DEBUG o.a.h.impl.execchain.MainClientExec - Executing request POST /hub/session/9ff46c75-f860-4b6c-96bf-d1f3a31859fe/element/%7Bd97534c3-35a8-4fe8-8c2e-444ecc323039%7D/click HTTP/1.1
14:21:32.790 [Forwarding clickElement on session 9ff46c75-f860-4b6c-96bf-d1f3a31859fe to remote] DEBUG o.a.h.impl.execchain.MainClientExec - Target auth state: UNCHALLENGED
14:21:32.790 [Forwarding clickElement on session 9ff46c75-f860-4b6c-96bf-d1f3a31859fe to remote] DEBUG o.a.h.impl.execchain.MainClientExec - Proxy auth state: UNCHALLENGED
14:21:32.790 [Forwarding clickElement on session 9ff46c75-f860-4b6c-96bf-d1f3a31859fe to remote] DEBUG org.apache.http.headers - http-outgoing-98 &gt;&gt; POST /hub/session/9ff46c75-f860-4b6c-96bf-d1f3a31859fe/element/%7Bd97534c3-35a8-4fe8-8c2e-444ecc323039%7D/click HTTP/1.1
14:21:32.790 [Forwarding clickElement on session 9ff46c75-f860-4b6c-96bf-d1f3a31859fe to remote] DEBUG org.apache.http.headers - http-outgoing-98 &gt;&gt; Content-Type: application/json; charset=utf-8
14:21:32.790 [Forwarding clickElement on session 9ff46c75-f860-4b6c-96bf-d1f3a31859fe to remote] DEBUG org.apache.http.headers - http-outgoing-98 &gt;&gt; Content-Length: 47
14:21:32.790 [Forwarding clickElement on session 9ff46c75-f860-4b6c-96bf-d1f3a31859fe to remote] DEBUG org.apache.http.headers - http-outgoing-98 &gt;&gt; Host: 127.0.0.1:7055
14:21:32.791 [Forwarding clickElement on session 9ff46c75-f860-4b6c-96bf-d1f3a31859fe to remote] DEBUG org.apache.http.headers - http-outgoing-98 &gt;&gt; Connection: Keep-Alive
14:21:32.791 [Forwarding clickElement on session 9ff46c75-f860-4b6c-96bf-d1f3a31859fe to remote] DEBUG org.apache.http.headers - http-outgoing-98 &gt;&gt; User-Agent: Apache-HttpClient/4.3.4 (java 1.5)
14:21:32.791 [Forwarding clickElement on session 9ff46c75-f860-4b6c-96bf-d1f3a31859fe to remote] DEBUG org.apache.http.headers - http-outgoing-98 &gt;&gt; Accept-Encoding: gzip,deflate
14:21:32.791 [Forwarding clickElement on session 9ff46c75-f860-4b6c-96bf-d1f3a31859fe to remote] DEBUG org.apache.http.wire - http-outgoing-98 &gt;&gt; "POST /hub/session/9ff46c75-f860-4b6c-96bf-d1f3a31859fe/element/%7Bd97534c3-35a8-4fe8-8c2e-444ecc323039%7D/click HTTP/1.1[\r][\n]"
14:21:32.791 [Forwarding clickElement on session 9ff46c75-f860-4b6c-96bf-d1f3a31859fe to remote] DEBUG org.apache.http.wire - http-outgoing-98 &gt;&gt; "Content-Type: application/json; charset=utf-8[\r][\n]"
14:21:32.791 [Forwarding clickElement on session 9ff46c75-f860-4b6c-96bf-d1f3a31859fe to remote] DEBUG org.apache.http.wire - http-outgoing-98 &gt;&gt; "Content-Length: 47[\r][\n]"
14:21:32.791 [Forwarding clickElement on session 9ff46c75-f860-4b6c-96bf-d1f3a31859fe to remote] DEBUG org.apache.http.wire - http-outgoing-98 &gt;&gt; "Host: 127.0.0.1:7055[\r][\n]"
14:21:32.791 [Forwarding clickElement on session 9ff46c75-f860-4b6c-96bf-d1f3a31859fe to remote] DEBUG org.apache.http.wire - http-outgoing-98 &gt;&gt; "Connection: Keep-Alive[\r][\n]"
14:21:32.791 [Forwarding clickElement on session 9ff46c75-f860-4b6c-96bf-d1f3a31859fe to remote] DEBUG org.apache.http.wire - http-outgoing-98 &gt;&gt; "User-Agent: Apache-HttpClient/4.3.4 (java 1.5)[\r][\n]"
14:21:32.791 [Forwarding clickElement on session 9ff46c75-f860-4b6c-96bf-d1f3a31859fe to remote] DEBUG org.apache.http.wire - http-outgoing-98 &gt;&gt; "Accept-Encoding: gzip,deflate[\r][\n]"
14:21:32.791 [Forwarding clickElement on session 9ff46c75-f860-4b6c-96bf-d1f3a31859fe to remote] DEBUG org.apache.http.wire - http-outgoing-98 &gt;&gt; "[\r][\n]"
14:21:32.791 [Forwarding clickElement on session 9ff46c75-f860-4b6c-96bf-d1f3a31859fe to remote] DEBUG org.apache.http.wire - http-outgoing-98 &gt;&gt; "{"id":"{d97534c3-35a8-4fe8-8c2e-444ecc323039}"}"
14:21:32.946 [Forwarding clickElement on session 9ff46c75-f860-4b6c-96bf-d1f3a31859fe to remote] DEBUG org.apache.http.wire - http-outgoing-98 &lt;&lt; "HTTP/1.1 200 OK[\r][\n]"
14:21:32.946 [Forwarding clickElement on session 9ff46c75-f860-4b6c-96bf-d1f3a31859fe to remote] DEBUG org.apache.http.wire - http-outgoing-98 &lt;&lt; "content-type: application/json; charset=UTF-8[\r][\n]"
14:21:32.946 [Forwarding clickElement on session 9ff46c75-f860-4b6c-96bf-d1f3a31859fe to remote] DEBUG org.apache.http.wire - http-outgoing-98 &lt;&lt; "connection: close[\r][\n]"
14:21:32.946 [Forwarding clickElement on session 9ff46c75-f860-4b6c-96bf-d1f3a31859fe to remote] DEBUG org.apache.http.wire - http-outgoing-98 &lt;&lt; "content-length: 98[\r][\n]"
14:21:32.946 [Forwarding clickElement on session 9ff46c75-f860-4b6c-96bf-d1f3a31859fe to remote] DEBUG org.apache.http.wire - http-outgoing-98 &lt;&lt; "server: httpd.js[\r][\n]"
14:21:32.946 [Forwarding clickElement on session 9ff46c75-f860-4b6c-96bf-d1f3a31859fe to remote] DEBUG org.apache.http.wire - http-outgoing-98 &lt;&lt; "date: Thu, 04 Jun 2015 06:21:32 GMT[\r][\n]"
14:21:32.947 [Forwarding clickElement on session 9ff46c75-f860-4b6c-96bf-d1f3a31859fe to remote] DEBUG org.apache.http.wire - http-outgoing-98 &lt;&lt; "[\r][\n]"
14:21:32.947 [Forwarding clickElement on session 9ff46c75-f860-4b6c-96bf-d1f3a31859fe to remote] DEBUG org.apache.http.headers - http-outgoing-98 &lt;&lt; HTTP/1.1 200 OK
14:21:32.947 [Forwarding clickElement on session 9ff46c75-f860-4b6c-96bf-d1f3a31859fe to remote] DEBUG org.apache.http.headers - http-outgoing-98 &lt;&lt; content-type: application/json; charset=UTF-8
14:21:32.947 [Forwarding clickElement on session 9ff46c75-f860-4b6c-96bf-d1f3a31859fe to remote] DEBUG org.apache.http.headers - http-outgoing-98 &lt;&lt; connection: close
14:21:32.947 [Forwarding clickElement on session 9ff46c75-f860-4b6c-96bf-d1f3a31859fe to remote] DEBUG org.apache.http.headers - http-outgoing-98 &lt;&lt; content-length: 98
14:21:32.947 [Forwarding clickElement on session 9ff46c75-f860-4b6c-96bf-d1f3a31859fe to remote] DEBUG org.apache.http.headers - http-outgoing-98 &lt;&lt; server: httpd.js
14:21:32.947 [Forwarding clickElement on session 9ff46c75-f860-4b6c-96bf-d1f3a31859fe to remote] DEBUG org.apache.http.headers - http-outgoing-98 &lt;&lt; date: Thu, 04 Jun 2015 06:21:32 GMT
14:21:32.964 [Forwarding clickElement on session 9ff46c75-f860-4b6c-96bf-d1f3a31859fe to remote] DEBUG org.apache.http.wire - http-outgoing-98 &lt;&lt; "{"name":"clickElement","sessionId":"9ff46c75-f860-4b6c-96bf-d1f3a31859fe","status":0,"value":"ok"}"
14:21:32.964 [Forwarding clickElement on session 9ff46c75-f860-4b6c-96bf-d1f3a31859fe to remote] DEBUG o.a.h.i.c.DefaultManagedHttpClientConnection - http-outgoing-98: Shutdown connection
14:21:32.964 [Forwarding clickElement on session 9ff46c75-f860-4b6c-96bf-d1f3a31859fe to remote] DEBUG o.a.h.impl.execchain.MainClientExec - Connection discarded
14:21:32.964 [Forwarding clickElement on session 9ff46c75-f860-4b6c-96bf-d1f3a31859fe to remote] DEBUG o.a.h.i.c.DefaultManagedHttpClientConnection - http-outgoing-98: Close connection
14:21:32.965 [Forwarding clickElement on session 9ff46c75-f860-4b6c-96bf-d1f3a31859fe to remote] DEBUG o.a.h.i.c.PoolingHttpClientConnectionManager - Connection released: [id: 98][route: {}-&gt;http://127.0.0.1:7055][total kept alive: 0; route allocated: 0 of 2000; total allocated: 0 of 2000]
14:21:32.966 [main] INFO  org.testng.annotations.Test - 班长创建第1个投票
14:21:32.966 [Forwarding findElement on session 9ff46c75-f860-4b6c-96bf-d1f3a31859fe to remote] DEBUG o.a.h.c.protocol.RequestAddCookies - CookieSpec selected: best-match
14:21:32.966 [Forwarding findElement on session 9ff46c75-f860-4b6c-96bf-d1f3a31859fe to remote] DEBUG o.a.h.c.protocol.RequestAuthCache - Auth cache not set in the context
14:21:32.966 [Forwarding findElement on session 9ff46c75-f860-4b6c-96bf-d1f3a31859fe to remote] DEBUG o.a.h.i.c.PoolingHttpClientConnectionManager - Connection request: [route: {}-&gt;http://127.0.0.1:7055][total kept alive: 0; route allocated: 0 of 2000; total allocated: 0 of 2000]
14:21:32.967 [Forwarding findElement on session 9ff46c75-f860-4b6c-96bf-d1f3a31859fe to remote] DEBUG o.a.h.i.c.PoolingHttpClientConnectionManager - Connection leased: [id: 99][route: {}-&gt;http://127.0.0.1:7055][total kept alive: 0; route allocated: 1 of 2000; total allocated: 1 of 2000]
14:21:32.967 [Forwarding findElement on session 9ff46c75-f860-4b6c-96bf-d1f3a31859fe to remote] DEBUG o.a.h.impl.execchain.MainClientExec - Opening connection {}-&gt;http://127.0.0.1:7055
14:21:32.967 [Forwarding findElement on session 9ff46c75-f860-4b6c-96bf-d1f3a31859fe to remote] DEBUG o.a.h.i.c.HttpClientConnectionOperator - Connecting to /127.0.0.1:7055
14:21:32.967 [Forwarding findElement on session 9ff46c75-f860-4b6c-96bf-d1f3a31859fe to remote] DEBUG o.a.h.i.c.HttpClientConnectionOperator - Connection established 127.0.0.1:59015&lt;-&gt;127.0.0.1:7055
14:21:32.967 [Forwarding findElement on session 9ff46c75-f860-4b6c-96bf-d1f3a31859fe to remote] DEBUG o.a.h.impl.execchain.MainClientExec - Executing request POST /hub/session/9ff46c75-f860-4b6c-96bf-d1f3a31859fe/element HTTP/1.1
14:21:32.967 [Forwarding findElement on session 9ff46c75-f860-4b6c-96bf-d1f3a31859fe to remote] DEBUG o.a.h.impl.execchain.MainClientExec - Target auth state: UNCHALLENGED
14:21:32.967 [Forwarding findElement on session 9ff46c75-f860-4b6c-96bf-d1f3a31859fe to remote] DEBUG o.a.h.impl.execchain.MainClientExec - Proxy auth state: UNCHALLENGED
14:21:32.968 [Forwarding findElement on session 9ff46c75-f860-4b6c-96bf-d1f3a31859fe to remote] DEBUG org.apache.http.headers - http-outgoing-99 &gt;&gt; POST /hub/session/9ff46c75-f860-4b6c-96bf-d1f3a31859fe/element HTTP/1.1
14:21:32.968 [Forwarding findElement on session 9ff46c75-f860-4b6c-96bf-d1f3a31859fe to remote] DEBUG org.apache.http.headers - http-outgoing-99 &gt;&gt; Content-Type: application/json; charset=utf-8
14:21:32.968 [Forwarding findElement on session 9ff46c75-f860-4b6c-96bf-d1f3a31859fe to remote] DEBUG org.apache.http.headers - http-outgoing-99 &gt;&gt; Content-Length: 46
14:21:32.968 [Forwarding findElement on session 9ff46c75-f860-4b6c-96bf-d1f3a31859fe to remote] DEBUG org.apache.http.headers - http-outgoing-99 &gt;&gt; Host: 127.0.0.1:7055
14:21:32.968 [Forwarding findElement on session 9ff46c75-f860-4b6c-96bf-d1f3a31859fe to remote] DEBUG org.apache.http.headers - http-outgoing-99 &gt;&gt; Connection: Keep-Alive
14:21:32.968 [Forwarding findElement on session 9ff46c75-f860-4b6c-96bf-d1f3a31859fe to remote] DEBUG org.apache.http.headers - http-outgoing-99 &gt;&gt; User-Agent: Apache-HttpClient/4.3.4 (java 1.5)
14:21:32.968 [Forwarding findElement on session 9ff46c75-f860-4b6c-96bf-d1f3a31859fe to remote] DEBUG org.apache.http.headers - http-outgoing-99 &gt;&gt; Accept-Encoding: gzip,deflate
14:21:32.968 [Forwarding findElement on session 9ff46c75-f860-4b6c-96bf-d1f3a31859fe to remote] DEBUG org.apache.http.wire - http-outgoing-99 &gt;&gt; "POST /hub/session/9ff46c75-f860-4b6c-96bf-d1f3a31859fe/element HTTP/1.1[\r][\n]"
14:21:32.968 [Forwarding findElement on session 9ff46c75-f860-4b6c-96bf-d1f3a31859fe to remote] DEBUG org.apache.http.wire - http-outgoing-99 &gt;&gt; "Content-Type: application/json; charset=utf-8[\r][\n]"
14:21:32.969 [Forwarding findElement on session 9ff46c75-f860-4b6c-96bf-d1f3a31859fe to remote] DEBUG org.apache.http.wire - http-outgoing-99 &gt;&gt; "Content-Length: 46[\r][\n]"
14:21:32.969 [Forwarding findElement on session 9ff46c75-f860-4b6c-96bf-d1f3a31859fe to remote] DEBUG org.apache.http.wire - http-outgoing-99 &gt;&gt; "Host: 127.0.0.1:7055[\r][\n]"
14:21:32.969 [Forwarding findElement on session 9ff46c75-f860-4b6c-96bf-d1f3a31859fe to remote] DEBUG org.apache.http.wire - http-outgoing-99 &gt;&gt; "Connection: Keep-Alive[\r][\n]"
14:21:32.969 [Forwarding findElement on session 9ff46c75-f860-4b6c-96bf-d1f3a31859fe to remote] DEBUG org.apache.http.wire - http-outgoing-99 &gt;&gt; "User-Agent: Apache-HttpClient/4.3.4 (java 1.5)[\r][\n]"
14:21:32.969 [Forwarding findElement on session 9ff46c75-f860-4b6c-96bf-d1f3a31859fe to remote] DEBUG org.apache.http.wire - http-outgoing-99 &gt;&gt; "Accept-Encoding: gzip,deflate[\r][\n]"
14:21:32.969 [Forwarding findElement on session 9ff46c75-f860-4b6c-96bf-d1f3a31859fe to remote] DEBUG org.apache.http.wire - http-outgoing-99 &gt;&gt; "[\r][\n]"
14:21:32.969 [Forwarding findElement on session 9ff46c75-f860-4b6c-96bf-d1f3a31859fe to remote] DEBUG org.apache.http.wire - http-outgoing-99 &gt;&gt; "{"using":"css selector","value":".onbtnCss03"}"
14:21:33.076 [Forwarding findElement on session 9ff46c75-f860-4b6c-96bf-d1f3a31859fe to remote] DEBUG org.apache.http.wire - http-outgoing-99 &lt;&lt; "HTTP/1.1 200 OK[\r][\n]"
14:21:33.076 [Forwarding findElement on session 9ff46c75-f860-4b6c-96bf-d1f3a31859fe to remote] DEBUG org.apache.http.wire - http-outgoing-99 &lt;&lt; "content-type: application/json; charset=UTF-8[\r][\n]"
14:21:33.076 [Forwarding findElement on session 9ff46c75-f860-4b6c-96bf-d1f3a31859fe to remote] DEBUG org.apache.http.wire - http-outgoing-99 &lt;&lt; "connection: close[\r][\n]"
14:21:33.076 [Forwarding findElement on session 9ff46c75-f860-4b6c-96bf-d1f3a31859fe to remote] DEBUG org.apache.http.wire - http-outgoing-99 &lt;&lt; "content-length: 145[\r][\n]"
14:21:33.076 [Forwarding findElement on session 9ff46c75-f860-4b6c-96bf-d1f3a31859fe to remote] DEBUG org.apache.http.wire - http-outgoing-99 &lt;&lt; "server: httpd.js[\r][\n]"
14:21:33.077 [Forwarding findElement on session 9ff46c75-f860-4b6c-96bf-d1f3a31859fe to remote] DEBUG org.apache.http.wire - http-outgoing-99 &lt;&lt; "date: Thu, 04 Jun 2015 06:21:33 GMT[\r][\n]"
14:21:33.077 [Forwarding findElement on session 9ff46c75-f860-4b6c-96bf-d1f3a31859fe to remote] DEBUG org.apache.http.wire - http-outgoing-99 &lt;&lt; "[\r][\n]"
14:21:33.077 [Forwarding findElement on session 9ff46c75-f860-4b6c-96bf-d1f3a31859fe to remote] DEBUG org.apache.http.wire - http-outgoing-99 &lt;&lt; "{"name":"findElement","sessionId":"9ff46c75-f860-4b6c-96bf-d1f3a31859fe","status":0,"value":{"ELEMENT":"{dc86f1ed-47aa-4913-9496-fbba89423de7}"}}"
14:21:33.077 [Forwarding findElement on session 9ff46c75-f860-4b6c-96bf-d1f3a31859fe to remote] DEBUG org.apache.http.headers - http-outgoing-99 &lt;&lt; HTTP/1.1 200 OK
14:21:33.077 [Forwarding findElement on session 9ff46c75-f860-4b6c-96bf-d1f3a31859fe to remote] DEBUG org.apache.http.headers - http-outgoing-99 &lt;&lt; content-type: application/json; charset=UTF-8
14:21:33.077 [Forwarding findElement on session 9ff46c75-f860-4b6c-96bf-d1f3a31859fe to remote] DEBUG org.apache.http.headers - http-outgoing-99 &lt;&lt; connection: close
14:21:33.077 [Forwarding findElement on session 9ff46c75-f860-4b6c-96bf-d1f3a31859fe to remote] DEBUG org.apache.http.headers - http-outgoing-99 &lt;&lt; content-length: 145
14:21:33.077 [Forwarding findElement on session 9ff46c75-f860-4b6c-96bf-d1f3a31859fe to remote] DEBUG org.apache.http.headers - http-outgoing-99 &lt;&lt; server: httpd.js
14:21:33.077 [Forwarding findElement on session 9ff46c75-f860-4b6c-96bf-d1f3a31859fe to remote] DEBUG org.apache.http.headers - http-outgoing-99 &lt;&lt; date: Thu, 04 Jun 2015 06:21:33 GMT
14:21:33.078 [Forwarding findElement on session 9ff46c75-f860-4b6c-96bf-d1f3a31859fe to remote] DEBUG o.a.h.i.c.DefaultManagedHttpClientConnection - http-outgoing-99: Shutdown connection
14:21:33.078 [Forwarding findElement on session 9ff46c75-f860-4b6c-96bf-d1f3a31859fe to remote] DEBUG o.a.h.impl.execchain.MainClientExec - Connection discarded
14:21:33.078 [Forwarding findElement on session 9ff46c75-f860-4b6c-96bf-d1f3a31859fe to remote] DEBUG o.a.h.i.c.DefaultManagedHttpClientConnection - http-outgoing-99: Close connection
14:21:33.078 [Forwarding findElement on session 9ff46c75-f860-4b6c-96bf-d1f3a31859fe to remote] DEBUG o.a.h.i.c.PoolingHttpClientConnectionManager - Connection released: [id: 99][route: {}-&gt;http://127.0.0.1:7055][total kept alive: 0; route allocated: 0 of 2000; total allocated: 0 of 2000]
14:21:33.080 [Forwarding findElement on session 9ff46c75-f860-4b6c-96bf-d1f3a31859fe to remote] DEBUG o.a.h.c.protocol.RequestAddCookies - CookieSpec selected: best-match
14:21:33.080 [Forwarding findElement on session 9ff46c75-f860-4b6c-96bf-d1f3a31859fe to remote] DEBUG o.a.h.c.protocol.RequestAuthCache - Auth cache not set in the context
14:21:33.082 [Forwarding findElement on session 9ff46c75-f860-4b6c-96bf-d1f3a31859fe to remote] DEBUG o.a.h.i.c.PoolingHttpClientConnectionManager - Connection request: [route: {}-&gt;http://127.0.0.1:7055][total kept alive: 0; route allocated: 0 of 2000; total allocated: 0 of 2000]
14:21:33.082 [Forwarding findElement on session 9ff46c75-f860-4b6c-96bf-d1f3a31859fe to remote] DEBUG o.a.h.i.c.PoolingHttpClientConnectionManager - Connection leased: [id: 100][route: {}-&gt;http://127.0.0.1:7055][total kept alive: 0; route allocated: 1 of 2000; total allocated: 1 of 2000]
14:21:33.082 [Forwarding findElement on session 9ff46c75-f860-4b6c-96bf-d1f3a31859fe to remote] DEBUG o.a.h.impl.execchain.MainClientExec - Opening connection {}-&gt;http://127.0.0.1:7055
14:21:33.083 [Forwarding findElement on session 9ff46c75-f860-4b6c-96bf-d1f3a31859fe to remote] DEBUG o.a.h.i.c.HttpClientConnectionOperator - Connecting to /127.0.0.1:7055
14:21:33.090 [Forwarding findElement on session 9ff46c75-f860-4b6c-96bf-d1f3a31859fe to remote] DEBUG o.a.h.i.c.HttpClientConnectionOperator - Connection established 127.0.0.1:59016&lt;-&gt;127.0.0.1:7055
14:21:33.091 [Forwarding findElement on session 9ff46c75-f860-4b6c-96bf-d1f3a31859fe to remote] DEBUG o.a.h.impl.execchain.MainClientExec - Executing request POST /hub/session/9ff46c75-f860-4b6c-96bf-d1f3a31859fe/element HTTP/1.1
14:21:33.091 [Forwarding findElement on session 9ff46c75-f860-4b6c-96bf-d1f3a31859fe to remote] DEBUG o.a.h.impl.execchain.MainClientExec - Target auth state: UNCHALLENGED
14:21:33.091 [Forwarding findElement on session 9ff46c75-f860-4b6c-96bf-d1f3a31859fe to remote] DEBUG o.a.h.impl.execchain.MainClientExec - Proxy auth state: UNCHALLENGED
14:21:33.091 [Forwarding findElement on session 9ff46c75-f860-4b6c-96bf-d1f3a31859fe to remote] DEBUG org.apache.http.headers - http-outgoing-100 &gt;&gt; POST /hub/session/9ff46c75-f860-4b6c-96bf-d1f3a31859fe/element HTTP/1.1
14:21:33.091 [Forwarding findElement on session 9ff46c75-f860-4b6c-96bf-d1f3a31859fe to remote] DEBUG org.apache.http.headers - http-outgoing-100 &gt;&gt; Content-Type: application/json; charset=utf-8
14:21:33.091 [Forwarding findElement on session 9ff46c75-f860-4b6c-96bf-d1f3a31859fe to remote] DEBUG org.apache.http.headers - http-outgoing-100 &gt;&gt; Content-Length: 46
14:21:33.091 [Forwarding findElement on session 9ff46c75-f860-4b6c-96bf-d1f3a31859fe to remote] DEBUG org.apache.http.headers - http-outgoing-100 &gt;&gt; Host: 127.0.0.1:7055
14:21:33.091 [Forwarding findElement on session 9ff46c75-f860-4b6c-96bf-d1f3a31859fe to remote] DEBUG org.apache.http.headers - http-outgoing-100 &gt;&gt; Connection: Keep-Alive
14:21:33.091 [Forwarding findElement on session 9ff46c75-f860-4b6c-96bf-d1f3a31859fe to remote] DEBUG org.apache.http.headers - http-outgoing-100 &gt;&gt; User-Agent: Apache-HttpClient/4.3.4 (java 1.5)
14:21:33.091 [Forwarding findElement on session 9ff46c75-f860-4b6c-96bf-d1f3a31859fe to remote] DEBUG org.apache.http.headers - http-outgoing-100 &gt;&gt; Accept-Encoding: gzip,deflate
14:21:33.091 [Forwarding findElement on session 9ff46c75-f860-4b6c-96bf-d1f3a31859fe to remote] DEBUG org.apache.http.wire - http-outgoing-100 &gt;&gt; "POST /hub/session/9ff46c75-f860-4b6c-96bf-d1f3a31859fe/element HTTP/1.1[\r][\n]"
14:21:33.091 [Forwarding findElement on session 9ff46c75-f860-4b6c-96bf-d1f3a31859fe to remote] DEBUG org.apache.http.wire - http-outgoing-100 &gt;&gt; "Content-Type: application/json; charset=utf-8[\r][\n]"
14:21:33.091 [Forwarding findElement on session 9ff46c75-f860-4b6c-96bf-d1f3a31859fe to remote] DEBUG org.apache.http.wire - http-outgoing-100 &gt;&gt; "Content-Length: 46[\r][\n]"
14:21:33.091 [Forwarding findElement on session 9ff46c75-f860-4b6c-96bf-d1f3a31859fe to remote] DEBUG org.apache.http.wire - http-outgoing-100 &gt;&gt; "Host: 127.0.0.1:7055[\r][\n]"
14:21:33.091 [Forwarding findElement on session 9ff46c75-f860-4b6c-96bf-d1f3a31859fe to remote] DEBUG org.apache.http.wire - http-outgoing-100 &gt;&gt; "Connection: Keep-Alive[\r][\n]"
14:21:33.092 [Forwarding findElement on session 9ff46c75-f860-4b6c-96bf-d1f3a31859fe to remote] DEBUG org.apache.http.wire - http-outgoing-100 &gt;&gt; "User-Agent: Apache-HttpClient/4.3.4 (java 1.5)[\r][\n]"
14:21:33.097 [Forwarding findElement on session 9ff46c75-f860-4b6c-96bf-d1f3a31859fe to remote] DEBUG org.apache.http.wire - http-outgoing-100 &gt;&gt; "Accept-Encoding: gzip,deflate[\r][\n]"
14:21:33.097 [Forwarding findElement on session 9ff46c75-f860-4b6c-96bf-d1f3a31859fe to remote] DEBUG org.apache.http.wire - http-outgoing-100 &gt;&gt; "[\r][\n]"
14:21:33.097 [Forwarding findElement on session 9ff46c75-f860-4b6c-96bf-d1f3a31859fe to remote] DEBUG org.apache.http.wire - http-outgoing-100 &gt;&gt; "{"using":"css selector","value":".onbtnCss03"}"
14:21:33.103 [Forwarding findElement on session 9ff46c75-f860-4b6c-96bf-d1f3a31859fe to remote] DEBUG org.apache.http.wire - http-outgoing-100 &lt;&lt; "HTTP/1.1 200 OK[\r][\n]"
14:21:33.103 [Forwarding findElement on session 9ff46c75-f860-4b6c-96bf-d1f3a31859fe to remote] DEBUG org.apache.http.wire - http-outgoing-100 &lt;&lt; "content-type: application/json; charset=UTF-8[\r][\n]"
14:21:33.103 [Forwarding findElement on session 9ff46c75-f860-4b6c-96bf-d1f3a31859fe to remote] DEBUG org.apache.http.wire - http-outgoing-100 &lt;&lt; "connection: close[\r][\n]"
14:21:33.103 [Forwarding findElement on session 9ff46c75-f860-4b6c-96bf-d1f3a31859fe to remote] DEBUG org.apache.http.wire - http-outgoing-100 &lt;&lt; "content-length: 145[\r][\n]"
14:21:33.103 [Forwarding findElement on session 9ff46c75-f860-4b6c-96bf-d1f3a31859fe to remote] DEBUG org.apache.http.wire - http-outgoing-100 &lt;&lt; "server: httpd.js[\r][\n]"
14:21:33.103 [Forwarding findElement on session 9ff46c75-f860-4b6c-96bf-d1f3a31859fe to remote] DEBUG org.apache.http.wire - http-outgoing-100 &lt;&lt; "date: Thu, 04 Jun 2015 06:21:33 GMT[\r][\n]"
14:21:33.103 [Forwarding findElement on session 9ff46c75-f860-4b6c-96bf-d1f3a31859fe to remote] DEBUG org.apache.http.wire - http-outgoing-100 &lt;&lt; "[\r][\n]"
14:21:33.103 [Forwarding findElement on session 9ff46c75-f860-4b6c-96bf-d1f3a31859fe to remote] DEBUG org.apache.http.wire - http-outgoing-100 &lt;&lt; "{"name":"findElement","sessionId":"9ff46c75-f860-4b6c-96bf-d1f3a31859fe","status":0,"value":{"ELEMENT":"{dc86f1ed-47aa-4913-9496-fbba89423de7}"}}"
14:21:33.104 [Forwarding findElement on session 9ff46c75-f860-4b6c-96bf-d1f3a31859fe to remote] DEBUG org.apache.http.headers - http-outgoing-100 &lt;&lt; HTTP/1.1 200 OK
14:21:33.104 [Forwarding findElement on session 9ff46c75-f860-4b6c-96bf-d1f3a31859fe to remote] DEBUG org.apache.http.headers - http-outgoing-100 &lt;&lt; content-type: application/json; charset=UTF-8
14:21:33.104 [Forwarding findElement on session 9ff46c75-f860-4b6c-96bf-d1f3a31859fe to remote] DEBUG org.apache.http.headers - http-outgoing-100 &lt;&lt; connection: close
14:21:33.104 [Forwarding findElement on session 9ff46c75-f860-4b6c-96bf-d1f3a31859fe to remote] DEBUG org.apache.http.headers - http-outgoing-100 &lt;&lt; content-length: 145
14:21:33.104 [Forwarding findElement on session 9ff46c75-f860-4b6c-96bf-d1f3a31859fe to remote] DEBUG org.apache.http.headers - http-outgoing-100 &lt;&lt; server: httpd.js
14:21:33.104 [Forwarding findElement on session 9ff46c75-f860-4b6c-96bf-d1f3a31859fe to remote] DEBUG org.apache.http.headers - http-outgoing-100 &lt;&lt; date: Thu, 04 Jun 2015 06:21:33 GMT
14:21:33.105 [Forwarding findElement on session 9ff46c75-f860-4b6c-96bf-d1f3a31859fe to remote] DEBUG o.a.h.i.c.DefaultManagedHttpClientConnection - http-outgoing-100: Shutdown connection
14:21:33.105 [Forwarding findElement on session 9ff46c75-f860-4b6c-96bf-d1f3a31859fe to remote] DEBUG o.a.h.impl.execchain.MainClientExec - Connection discarded
14:21:33.105 [Forwarding findElement on session 9ff46c75-f860-4b6c-96bf-d1f3a31859fe to remote] DEBUG o.a.h.i.c.DefaultManagedHttpClientConnection - http-outgoing-100: Close connection
14:21:33.105 [Forwarding findElement on session 9ff46c75-f860-4b6c-96bf-d1f3a31859fe to remote] DEBUG o.a.h.i.c.PoolingHttpClientConnectionManager - Connection released: [id: 100][route: {}-&gt;http://127.0.0.1:7055][total kept alive: 0; route allocated: 0 of 2000; total allocated: 0 of 2000]
14:21:33.106 [Forwarding findElement on session 9ff46c75-f860-4b6c-96bf-d1f3a31859fe to remote] DEBUG o.a.h.c.protocol.RequestAddCookies - CookieSpec selected: best-match
14:21:33.106 [Forwarding findElement on session 9ff46c75-f860-4b6c-96bf-d1f3a31859fe to remote] DEBUG o.a.h.c.protocol.RequestAuthCache - Auth cache not set in the context
14:21:33.107 [Forwarding findElement on session 9ff46c75-f860-4b6c-96bf-d1f3a31859fe to remote] DEBUG o.a.h.i.c.PoolingHttpClientConnectionManager - Connection request: [route: {}-&gt;http://127.0.0.1:7055][total kept alive: 0; route allocated: 0 of 2000; total allocated: 0 of 2000]
14:21:33.107 [Forwarding findElement on session 9ff46c75-f860-4b6c-96bf-d1f3a31859fe to remote] DEBUG o.a.h.i.c.PoolingHttpClientConnectionManager - Connection leased: [id: 101][route: {}-&gt;http://127.0.0.1:7055][total kept alive: 0; route allocated: 1 of 2000; total allocated: 1 of 2000]
14:21:33.107 [Forwarding findElement on session 9ff46c75-f860-4b6c-96bf-d1f3a31859fe to remote] DEBUG o.a.h.impl.execchain.MainClientExec - Opening connection {}-&gt;http://127.0.0.1:7055
14:21:33.107 [Forwarding findElement on session 9ff46c75-f860-4b6c-96bf-d1f3a31859fe to remote] DEBUG o.a.h.i.c.HttpClientConnectionOperator - Connecting to /127.0.0.1:7055
14:21:33.108 [Forwarding findElement on session 9ff46c75-f860-4b6c-96bf-d1f3a31859fe to remote] DEBUG o.a.h.i.c.HttpClientConnectionOperator - Connection established 127.0.0.1:59017&lt;-&gt;127.0.0.1:7055
14:21:33.108 [Forwarding findElement on session 9ff46c75-f860-4b6c-96bf-d1f3a31859fe to remote] DEBUG o.a.h.impl.execchain.MainClientExec - Executing request POST /hub/session/9ff46c75-f860-4b6c-96bf-d1f3a31859fe/element HTTP/1.1
14:21:33.108 [Forwarding findElement on session 9ff46c75-f860-4b6c-96bf-d1f3a31859fe to remote] DEBUG o.a.h.impl.execchain.MainClientExec - Target auth state: UNCHALLENGED
14:21:33.108 [Forwarding findElement on session 9ff46c75-f860-4b6c-96bf-d1f3a31859fe to remote] DEBUG o.a.h.impl.execchain.MainClientExec - Proxy auth state: UNCHALLENGED
14:21:33.108 [Forwarding findElement on session 9ff46c75-f860-4b6c-96bf-d1f3a31859fe to remote] DEBUG org.apache.http.headers - http-outgoing-101 &gt;&gt; POST /hub/session/9ff46c75-f860-4b6c-96bf-d1f3a31859fe/element HTTP/1.1
14:21:33.108 [Forwarding findElement on session 9ff46c75-f860-4b6c-96bf-d1f3a31859fe to remote] DEBUG org.apache.http.headers - http-outgoing-101 &gt;&gt; Content-Type: application/json; charset=utf-8
14:21:33.108 [Forwarding findElement on session 9ff46c75-f860-4b6c-96bf-d1f3a31859fe to remote] DEBUG org.apache.http.headers - http-outgoing-101 &gt;&gt; Content-Length: 46
14:21:33.108 [Forwarding findElement on session 9ff46c75-f860-4b6c-96bf-d1f3a31859fe to remote] DEBUG org.apache.http.headers - http-outgoing-101 &gt;&gt; Host: 127.0.0.1:7055
14:21:33.108 [Forwarding findElement on session 9ff46c75-f860-4b6c-96bf-d1f3a31859fe to remote] DEBUG org.apache.http.headers - http-outgoing-101 &gt;&gt; Connection: Keep-Alive
14:21:33.108 [Forwarding findElement on session 9ff46c75-f860-4b6c-96bf-d1f3a31859fe to remote] DEBUG org.apache.http.headers - http-outgoing-101 &gt;&gt; User-Agent: Apache-HttpClient/4.3.4 (java 1.5)
14:21:33.108 [Forwarding findElement on session 9ff46c75-f860-4b6c-96bf-d1f3a31859fe to remote] DEBUG org.apache.http.headers - http-outgoing-101 &gt;&gt; Accept-Encoding: gzip,deflate
14:21:33.108 [Forwarding findElement on session 9ff46c75-f860-4b6c-96bf-d1f3a31859fe to remote] DEBUG org.apache.http.wire - http-outgoing-101 &gt;&gt; "POST /hub/session/9ff46c75-f860-4b6c-96bf-d1f3a31859fe/element HTTP/1.1[\r][\n]"
14:21:33.108 [Forwarding findElement on session 9ff46c75-f860-4b6c-96bf-d1f3a31859fe to remote] DEBUG org.apache.http.wire - http-outgoing-101 &gt;&gt; "Content-Type: application/json; charset=utf-8[\r][\n]"
14:21:33.108 [Forwarding findElement on session 9ff46c75-f860-4b6c-96bf-d1f3a31859fe to remote] DEBUG org.apache.http.wire - http-outgoing-101 &gt;&gt; "Content-Length: 46[\r][\n]"
14:21:33.108 [Forwarding findElement on session 9ff46c75-f860-4b6c-96bf-d1f3a31859fe to remote] DEBUG org.apache.http.wire - http-outgoing-101 &gt;&gt; "Host: 127.0.0.1:7055[\r][\n]"
14:21:33.109 [Forwarding findElement on session 9ff46c75-f860-4b6c-96bf-d1f3a31859fe to remote] DEBUG org.apache.http.wire - http-outgoing-101 &gt;&gt; "Connection: Keep-Alive[\r][\n]"
14:21:33.109 [Forwarding findElement on session 9ff46c75-f860-4b6c-96bf-d1f3a31859fe to remote] DEBUG org.apache.http.wire - http-outgoing-101 &gt;&gt; "User-Agent: Apache-HttpClient/4.3.4 (java 1.5)[\r][\n]"
14:21:33.118 [Forwarding findElement on session 9ff46c75-f860-4b6c-96bf-d1f3a31859fe to remote] DEBUG org.apache.http.wire - http-outgoing-101 &gt;&gt; "Accept-Encoding: gzip,deflate[\r][\n]"
14:21:33.118 [Forwarding findElement on session 9ff46c75-f860-4b6c-96bf-d1f3a31859fe to remote] DEBUG org.apache.http.wire - http-outgoing-101 &gt;&gt; "[\r][\n]"
14:21:33.118 [Forwarding findElement on session 9ff46c75-f860-4b6c-96bf-d1f3a31859fe to remote] DEBUG org.apache.http.wire - http-outgoing-101 &gt;&gt; "{"using":"css selector","value":".onbtnCss03"}"
14:21:33.124 [Forwarding findElement on session 9ff46c75-f860-4b6c-96bf-d1f3a31859fe to remote] DEBUG org.apache.http.wire - http-outgoing-101 &lt;&lt; "HTTP/1.1 200 OK[\r][\n]"
14:21:33.124 [Forwarding findElement on session 9ff46c75-f860-4b6c-96bf-d1f3a31859fe to remote] DEBUG org.apache.http.wire - http-outgoing-101 &lt;&lt; "content-type: application/json; charset=UTF-8[\r][\n]"
14:21:33.124 [Forwarding findElement on session 9ff46c75-f860-4b6c-96bf-d1f3a31859fe to remote] DEBUG org.apache.http.wire - http-outgoing-101 &lt;&lt; "connection: close[\r][\n]"
14:21:33.124 [Forwarding findElement on session 9ff46c75-f860-4b6c-96bf-d1f3a31859fe to remote] DEBUG org.apache.http.wire - http-outgoing-101 &lt;&lt; "content-length: 145[\r][\n]"
14:21:33.124 [Forwarding findElement on session 9ff46c75-f860-4b6c-96bf-d1f3a31859fe to remote] DEBUG org.apache.http.wire - http-outgoing-101 &lt;&lt; "server: httpd.js[\r][\n]"
14:21:33.124 [Forwarding findElement on session 9ff46c75-f860-4b6c-96bf-d1f3a31859fe to remote] DEBUG org.apache.http.wire - http-outgoing-101 &lt;&lt; "date: Thu, 04 Jun 2015 06:21:33 GMT[\r][\n]"
14:21:33.124 [Forwarding findElement on session 9ff46c75-f860-4b6c-96bf-d1f3a31859fe to remote] DEBUG org.apache.http.wire - http-outgoing-101 &lt;&lt; "[\r][\n]"
14:21:33.124 [Forwarding findElement on session 9ff46c75-f860-4b6c-96bf-d1f3a31859fe to remote] DEBUG org.apache.http.wire - http-outgoing-101 &lt;&lt; "{"name":"findElement","sessionId":"9ff46c75-f860-4b6c-96bf-d1f3a31859fe","status":0,"value":{"ELEMENT":"{dc86f1ed-47aa-4913-9496-fbba89423de7}"}}"
14:21:33.124 [Forwarding findElement on session 9ff46c75-f860-4b6c-96bf-d1f3a31859fe to remote] DEBUG org.apache.http.headers - http-outgoing-101 &lt;&lt; HTTP/1.1 200 OK
14:21:33.124 [Forwarding findElement on session 9ff46c75-f860-4b6c-96bf-d1f3a31859fe to remote] DEBUG org.apache.http.headers - http-outgoing-101 &lt;&lt; content-type: application/json; charset=UTF-8
14:21:33.124 [Forwarding findElement on session 9ff46c75-f860-4b6c-96bf-d1f3a31859fe to remote] DEBUG org.apache.http.headers - http-outgoing-101 &lt;&lt; connection: close
14:21:33.124 [Forwarding findElement on session 9ff46c75-f860-4b6c-96bf-d1f3a31859fe to remote] DEBUG org.apache.http.headers - http-outgoing-101 &lt;&lt; content-length: 145
14:21:33.124 [Forwarding findElement on session 9ff46c75-f860-4b6c-96bf-d1f3a31859fe to remote] DEBUG org.apache.http.headers - http-outgoing-101 &lt;&lt; server: httpd.js
14:21:33.124 [Forwarding findElement on session 9ff46c75-f860-4b6c-96bf-d1f3a31859fe to remote] DEBUG org.apache.http.headers - http-outgoing-101 &lt;&lt; date: Thu, 04 Jun 2015 06:21:33 GMT
14:21:33.125 [Forwarding findElement on session 9ff46c75-f860-4b6c-96bf-d1f3a31859fe to remote] DEBUG o.a.h.i.c.DefaultManagedHttpClientConnection - http-outgoing-101: Shutdown connection
14:21:33.125 [Forwarding findElement on session 9ff46c75-f860-4b6c-96bf-d1f3a31859fe to remote] DEBUG o.a.h.impl.execchain.MainClientExec - Connection discarded
14:21:33.125 [Forwarding findElement on session 9ff46c75-f860-4b6c-96bf-d1f3a31859fe to remote] DEBUG o.a.h.i.c.DefaultManagedHttpClientConnection - http-outgoing-101: Close connection
14:21:33.125 [Forwarding findElement on session 9ff46c75-f860-4b6c-96bf-d1f3a31859fe to remote] DEBUG o.a.h.i.c.PoolingHttpClientConnectionManager - Connection released: [id: 101][route: {}-&gt;http://127.0.0.1:7055][total kept alive: 0; route allocated: 0 of 2000; total allocated: 0 of 2000]
14:21:33.127 [Forwarding clickElement on session 9ff46c75-f860-4b6c-96bf-d1f3a31859fe to remote] DEBUG o.a.h.c.protocol.RequestAddCookies - CookieSpec selected: best-match
14:21:33.127 [Forwarding clickElement on session 9ff46c75-f860-4b6c-96bf-d1f3a31859fe to remote] DEBUG o.a.h.c.protocol.RequestAuthCache - Auth cache not set in the context
14:21:33.127 [Forwarding clickElement on session 9ff46c75-f860-4b6c-96bf-d1f3a31859fe to remote] DEBUG o.a.h.i.c.PoolingHttpClientConnectionManager - Connection request: [route: {}-&gt;http://127.0.0.1:7055][total kept alive: 0; route allocated: 0 of 2000; total allocated: 0 of 2000]
14:21:33.128 [Forwarding clickElement on session 9ff46c75-f860-4b6c-96bf-d1f3a31859fe to remote] DEBUG o.a.h.i.c.PoolingHttpClientConnectionManager - Connection leased: [id: 102][route: {}-&gt;http://127.0.0.1:7055][total kept alive: 0; route allocated: 1 of 2000; total allocated: 1 of 2000]
14:21:33.128 [Forwarding clickElement on session 9ff46c75-f860-4b6c-96bf-d1f3a31859fe to remote] DEBUG o.a.h.impl.execchain.MainClientExec - Opening connection {}-&gt;http://127.0.0.1:7055
14:21:33.128 [Forwarding clickElement on session 9ff46c75-f860-4b6c-96bf-d1f3a31859fe to remote] DEBUG o.a.h.i.c.HttpClientConnectionOperator - Connecting to /127.0.0.1:7055
14:21:33.128 [Forwarding clickElement on session 9ff46c75-f860-4b6c-96bf-d1f3a31859fe to remote] DEBUG o.a.h.i.c.HttpClientConnectionOperator - Connection established 127.0.0.1:59018&lt;-&gt;127.0.0.1:7055
14:21:33.128 [Forwarding clickElement on session 9ff46c75-f860-4b6c-96bf-d1f3a31859fe to remote] DEBUG o.a.h.impl.execchain.MainClientExec - Executing request POST /hub/session/9ff46c75-f860-4b6c-96bf-d1f3a31859fe/element/%7Bdc86f1ed-47aa-4913-9496-fbba89423de7%7D/click HTTP/1.1
14:21:33.128 [Forwarding clickElement on session 9ff46c75-f860-4b6c-96bf-d1f3a31859fe to remote] DEBUG o.a.h.impl.execchain.MainClientExec - Target auth state: UNCHALLENGED
14:21:33.128 [Forwarding clickElement on session 9ff46c75-f860-4b6c-96bf-d1f3a31859fe to remote] DEBUG o.a.h.impl.execchain.MainClientExec - Proxy auth state: UNCHALLENGED
14:21:33.129 [Forwarding clickElement on session 9ff46c75-f860-4b6c-96bf-d1f3a31859fe to remote] DEBUG org.apache.http.headers - http-outgoing-102 &gt;&gt; POST /hub/session/9ff46c75-f860-4b6c-96bf-d1f3a31859fe/element/%7Bdc86f1ed-47aa-4913-9496-fbba89423de7%7D/click HTTP/1.1
14:21:33.129 [Forwarding clickElement on session 9ff46c75-f860-4b6c-96bf-d1f3a31859fe to remote] DEBUG org.apache.http.headers - http-outgoing-102 &gt;&gt; Content-Type: application/json; charset=utf-8
14:21:33.129 [Forwarding clickElement on session 9ff46c75-f860-4b6c-96bf-d1f3a31859fe to remote] DEBUG org.apache.http.headers - http-outgoing-102 &gt;&gt; Content-Length: 47
14:21:33.129 [Forwarding clickElement on session 9ff46c75-f860-4b6c-96bf-d1f3a31859fe to remote] DEBUG org.apache.http.headers - http-outgoing-102 &gt;&gt; Host: 127.0.0.1:7055
14:21:33.129 [Forwarding clickElement on session 9ff46c75-f860-4b6c-96bf-d1f3a31859fe to remote] DEBUG org.apache.http.headers - http-outgoing-102 &gt;&gt; Connection: Keep-Alive
14:21:33.129 [Forwarding clickElement on session 9ff46c75-f860-4b6c-96bf-d1f3a31859fe to remote] DEBUG org.apache.http.headers - http-outgoing-102 &gt;&gt; User-Agent: Apache-HttpClient/4.3.4 (java 1.5)
14:21:33.129 [Forwarding clickElement on session 9ff46c75-f860-4b6c-96bf-d1f3a31859fe to remote] DEBUG org.apache.http.headers - http-outgoing-102 &gt;&gt; Accept-Encoding: gzip,deflate
14:21:33.129 [Forwarding clickElement on session 9ff46c75-f860-4b6c-96bf-d1f3a31859fe to remote] DEBUG org.apache.http.wire - http-outgoing-102 &gt;&gt; "POST /hub/session/9ff46c75-f860-4b6c-96bf-d1f3a31859fe/element/%7Bdc86f1ed-47aa-4913-9496-fbba89423de7%7D/click HTTP/1.1[\r][\n]"
14:21:33.129 [Forwarding clickElement on session 9ff46c75-f860-4b6c-96bf-d1f3a31859fe to remote] DEBUG org.apache.http.wire - http-outgoing-102 &gt;&gt; "Content-Type: application/json; charset=utf-8[\r][\n]"
14:21:33.129 [Forwarding clickElement on session 9ff46c75-f860-4b6c-96bf-d1f3a31859fe to remote] DEBUG org.apache.http.wire - http-outgoing-102 &gt;&gt; "Content-Length: 47[\r][\n]"
14:21:33.129 [Forwarding clickElement on session 9ff46c75-f860-4b6c-96bf-d1f3a31859fe to remote] DEBUG org.apache.http.wire - http-outgoing-102 &gt;&gt; "Host: 127.0.0.1:7055[\r][\n]"
14:21:33.129 [Forwarding clickElement on session 9ff46c75-f860-4b6c-96bf-d1f3a31859fe to remote] DEBUG org.apache.http.wire - http-outgoing-102 &gt;&gt; "Connection: Keep-Alive[\r][\n]"
14:21:33.129 [Forwarding clickElement on session 9ff46c75-f860-4b6c-96bf-d1f3a31859fe to remote] DEBUG org.apache.http.wire - http-outgoing-102 &gt;&gt; "User-Agent: Apache-HttpClient/4.3.4 (java 1.5)[\r][\n]"
14:21:33.130 [Forwarding clickElement on session 9ff46c75-f860-4b6c-96bf-d1f3a31859fe to remote] DEBUG org.apache.http.wire - http-outgoing-102 &gt;&gt; "Accept-Encoding: gzip,deflate[\r][\n]"
14:21:33.130 [Forwarding clickElement on session 9ff46c75-f860-4b6c-96bf-d1f3a31859fe to remote] DEBUG org.apache.http.wire - http-outgoing-102 &gt;&gt; "[\r][\n]"
14:21:33.130 [Forwarding clickElement on session 9ff46c75-f860-4b6c-96bf-d1f3a31859fe to remote] DEBUG org.apache.http.wire - http-outgoing-102 &gt;&gt; "{"id":"{dc86f1ed-47aa-4913-9496-fbba89423de7}"}"
14:21:33.337 [Forwarding clickElement on session 9ff46c75-f860-4b6c-96bf-d1f3a31859fe to remote] DEBUG org.apache.http.wire - http-outgoing-102 &lt;&lt; "HTTP/1.1 200 OK[\r][\n]"
14:21:33.337 [Forwarding clickElement on session 9ff46c75-f860-4b6c-96bf-d1f3a31859fe to remote] DEBUG org.apache.http.wire - http-outgoing-102 &lt;&lt; "content-type: application/json; charset=UTF-8[\r][\n]"
14:21:33.337 [Forwarding clickElement on session 9ff46c75-f860-4b6c-96bf-d1f3a31859fe to remote] DEBUG org.apache.http.wire - http-outgoing-102 &lt;&lt; "connection: close[\r][\n]"
14:21:33.337 [Forwarding clickElement on session 9ff46c75-f860-4b6c-96bf-d1f3a31859fe to remote] DEBUG org.apache.http.wire - http-outgoing-102 &lt;&lt; "content-length: 98[\r][\n]"
14:21:33.337 [Forwarding clickElement on session 9ff46c75-f860-4b6c-96bf-d1f3a31859fe to remote] DEBUG org.apache.http.wire - http-outgoing-102 &lt;&lt; "server: httpd.js[\r][\n]"
14:21:33.337 [Forwarding clickElement on session 9ff46c75-f860-4b6c-96bf-d1f3a31859fe to remote] DEBUG org.apache.http.wire - http-outgoing-102 &lt;&lt; "date: Thu, 04 Jun 2015 06:21:33 GMT[\r][\n]"
14:21:33.337 [Forwarding clickElement on session 9ff46c75-f860-4b6c-96bf-d1f3a31859fe to remote] DEBUG org.apache.http.wire - http-outgoing-102 &lt;&lt; "[\r][\n]"
14:21:33.337 [Forwarding clickElement on session 9ff46c75-f860-4b6c-96bf-d1f3a31859fe to remote] DEBUG org.apache.http.headers - http-outgoing-102 &lt;&lt; HTTP/1.1 200 OK
14:21:33.337 [Forwarding clickElement on session 9ff46c75-f860-4b6c-96bf-d1f3a31859fe to remote] DEBUG org.apache.http.headers - http-outgoing-102 &lt;&lt; content-type: application/json; charset=UTF-8
14:21:33.337 [Forwarding clickElement on session 9ff46c75-f860-4b6c-96bf-d1f3a31859fe to remote] DEBUG org.apache.http.headers - http-outgoing-102 &lt;&lt; connection: close
14:21:33.337 [Forwarding clickElement on session 9ff46c75-f860-4b6c-96bf-d1f3a31859fe to remote] DEBUG org.apache.http.headers - http-outgoing-102 &lt;&lt; content-length: 98
14:21:33.337 [Forwarding clickElement on session 9ff46c75-f860-4b6c-96bf-d1f3a31859fe to remote] DEBUG org.apache.http.headers - http-outgoing-102 &lt;&lt; server: httpd.js
14:21:33.337 [Forwarding clickElement on session 9ff46c75-f860-4b6c-96bf-d1f3a31859fe to remote] DEBUG org.apache.http.headers - http-outgoing-102 &lt;&lt; date: Thu, 04 Jun 2015 06:21:33 GMT
14:21:33.347 [Forwarding clickElement on session 9ff46c75-f860-4b6c-96bf-d1f3a31859fe to remote] DEBUG org.apache.http.wire - http-outgoing-102 &lt;&lt; "{"name":"clickElement","sessionId":"9ff46c75-f860-4b6c-96bf-d1f3a31859fe","status":0,"value":"ok"}"
14:21:33.347 [Forwarding clickElement on session 9ff46c75-f860-4b6c-96bf-d1f3a31859fe to remote] DEBUG o.a.h.i.c.DefaultManagedHttpClientConnection - http-outgoing-102: Shutdown connection
14:21:33.347 [Forwarding clickElement on session 9ff46c75-f860-4b6c-96bf-d1f3a31859fe to remote] DEBUG o.a.h.impl.execchain.MainClientExec - Connection discarded
14:21:33.347 [Forwarding clickElement on session 9ff46c75-f860-4b6c-96bf-d1f3a31859fe to remote] DEBUG o.a.h.i.c.DefaultManagedHttpClientConnection - http-outgoing-102: Close connection
14:21:33.347 [Forwarding clickElement on session 9ff46c75-f860-4b6c-96bf-d1f3a31859fe to remote] DEBUG o.a.h.i.c.PoolingHttpClientConnectionManager - Connection released: [id: 102][route: {}-&gt;http://127.0.0.1:7055][total kept alive: 0; route allocated: 0 of 2000; total allocated: 0 of 2000]
14:21:33.348 [Forwarding findElement on session 9ff46c75-f860-4b6c-96bf-d1f3a31859fe to remote] DEBUG o.a.h.c.protocol.RequestAddCookies - CookieSpec selected: best-match
14:21:33.348 [Forwarding findElement on session 9ff46c75-f860-4b6c-96bf-d1f3a31859fe to remote] DEBUG o.a.h.c.protocol.RequestAuthCache - Auth cache not set in the context
14:21:33.348 [Forwarding findElement on session 9ff46c75-f860-4b6c-96bf-d1f3a31859fe to remote] DEBUG o.a.h.i.c.PoolingHttpClientConnectionManager - Connection request: [route: {}-&gt;http://127.0.0.1:7055][total kept alive: 0; route allocated: 0 of 2000; total allocated: 0 of 2000]
14:21:33.348 [Forwarding findElement on session 9ff46c75-f860-4b6c-96bf-d1f3a31859fe to remote] DEBUG o.a.h.i.c.PoolingHttpClientConnectionManager - Connection leased: [id: 103][route: {}-&gt;http://127.0.0.1:7055][total kept alive: 0; route allocated: 1 of 2000; total allocated: 1 of 2000]
14:21:33.348 [Forwarding findElement on session 9ff46c75-f860-4b6c-96bf-d1f3a31859fe to remote] DEBUG o.a.h.impl.execchain.MainClientExec - Opening connection {}-&gt;http://127.0.0.1:7055
14:21:33.349 [Forwarding findElement on session 9ff46c75-f860-4b6c-96bf-d1f3a31859fe to remote] DEBUG o.a.h.i.c.HttpClientConnectionOperator - Connecting to /127.0.0.1:7055
14:21:33.349 [Forwarding findElement on session 9ff46c75-f860-4b6c-96bf-d1f3a31859fe to remote] DEBUG o.a.h.i.c.HttpClientConnectionOperator - Connection established 127.0.0.1:59019&lt;-&gt;127.0.0.1:7055
14:21:33.349 [Forwarding findElement on session 9ff46c75-f860-4b6c-96bf-d1f3a31859fe to remote] DEBUG o.a.h.impl.execchain.MainClientExec - Executing request POST /hub/session/9ff46c75-f860-4b6c-96bf-d1f3a31859fe/element HTTP/1.1
14:21:33.349 [Forwarding findElement on session 9ff46c75-f860-4b6c-96bf-d1f3a31859fe to remote] DEBUG o.a.h.impl.execchain.MainClientExec - Target auth state: UNCHALLENGED
14:21:33.349 [Forwarding findElement on session 9ff46c75-f860-4b6c-96bf-d1f3a31859fe to remote] DEBUG o.a.h.impl.execchain.MainClientExec - Proxy auth state: UNCHALLENGED
14:21:33.349 [Forwarding findElement on session 9ff46c75-f860-4b6c-96bf-d1f3a31859fe to remote] DEBUG org.apache.http.headers - http-outgoing-103 &gt;&gt; POST /hub/session/9ff46c75-f860-4b6c-96bf-d1f3a31859fe/element HTTP/1.1
14:21:33.349 [Forwarding findElement on session 9ff46c75-f860-4b6c-96bf-d1f3a31859fe to remote] DEBUG org.apache.http.headers - http-outgoing-103 &gt;&gt; Content-Type: application/json; charset=utf-8
14:21:33.349 [Forwarding findElement on session 9ff46c75-f860-4b6c-96bf-d1f3a31859fe to remote] DEBUG org.apache.http.headers - http-outgoing-103 &gt;&gt; Content-Length: 104
14:21:33.349 [Forwarding findElement on session 9ff46c75-f860-4b6c-96bf-d1f3a31859fe to remote] DEBUG org.apache.http.headers - http-outgoing-103 &gt;&gt; Host: 127.0.0.1:7055
14:21:33.350 [Forwarding findElement on session 9ff46c75-f860-4b6c-96bf-d1f3a31859fe to remote] DEBUG org.apache.http.headers - http-outgoing-103 &gt;&gt; Connection: Keep-Alive
14:21:33.350 [Forwarding findElement on session 9ff46c75-f860-4b6c-96bf-d1f3a31859fe to remote] DEBUG org.apache.http.headers - http-outgoing-103 &gt;&gt; User-Agent: Apache-HttpClient/4.3.4 (java 1.5)
14:21:33.350 [Forwarding findElement on session 9ff46c75-f860-4b6c-96bf-d1f3a31859fe to remote] DEBUG org.apache.http.headers - http-outgoing-103 &gt;&gt; Accept-Encoding: gzip,deflate
14:21:33.350 [Forwarding findElement on session 9ff46c75-f860-4b6c-96bf-d1f3a31859fe to remote] DEBUG org.apache.http.wire - http-outgoing-103 &gt;&gt; "POST /hub/session/9ff46c75-f860-4b6c-96bf-d1f3a31859fe/element HTTP/1.1[\r][\n]"
14:21:33.350 [Forwarding findElement on session 9ff46c75-f860-4b6c-96bf-d1f3a31859fe to remote] DEBUG org.apache.http.wire - http-outgoing-103 &gt;&gt; "Content-Type: application/json; charset=utf-8[\r][\n]"
14:21:33.350 [Forwarding findElement on session 9ff46c75-f860-4b6c-96bf-d1f3a31859fe to remote] DEBUG org.apache.http.wire - http-outgoing-103 &gt;&gt; "Content-Length: 104[\r][\n]"
14:21:33.350 [Forwarding findElement on session 9ff46c75-f860-4b6c-96bf-d1f3a31859fe to remote] DEBUG org.apache.http.wire - http-outgoing-103 &gt;&gt; "Host: 127.0.0.1:7055[\r][\n]"
14:21:33.350 [Forwarding findElement on session 9ff46c75-f860-4b6c-96bf-d1f3a31859fe to remote] DEBUG org.apache.http.wire - http-outgoing-103 &gt;&gt; "Connection: Keep-Alive[\r][\n]"
14:21:33.350 [Forwarding findElement on session 9ff46c75-f860-4b6c-96bf-d1f3a31859fe to remote] DEBUG org.apache.http.wire - http-outgoing-103 &gt;&gt; "User-Agent: Apache-HttpClient/4.3.4 (java 1.5)[\r][\n]"
14:21:33.350 [Forwarding findElement on session 9ff46c75-f860-4b6c-96bf-d1f3a31859fe to remote] DEBUG org.apache.http.wire - http-outgoing-103 &gt;&gt; "Accept-Encoding: gzip,deflate[\r][\n]"
14:21:33.350 [Forwarding findElement on session 9ff46c75-f860-4b6c-96bf-d1f3a31859fe to remote] DEBUG org.apache.http.wire - http-outgoing-103 &gt;&gt; "[\r][\n]"
14:21:33.350 [Forwarding findElement on session 9ff46c75-f860-4b6c-96bf-d1f3a31859fe to remote] DEBUG org.apache.http.wire - http-outgoing-103 &gt;&gt; "{"using":"xpath","value":".//*[@id\u003d\u0027popupDiv\u0027]/div/div[1]/table/tbody/tr[1]/td[2]/input"}"
14:21:33.356 [Forwarding findElement on session 9ff46c75-f860-4b6c-96bf-d1f3a31859fe to remote] DEBUG org.apache.http.wire - http-outgoing-103 &lt;&lt; "HTTP/1.1 200 OK[\r][\n]"
14:21:33.356 [Forwarding findElement on session 9ff46c75-f860-4b6c-96bf-d1f3a31859fe to remote] DEBUG org.apache.http.wire - http-outgoing-103 &lt;&lt; "content-type: application/json; charset=UTF-8[\r][\n]"
14:21:33.356 [Forwarding findElement on session 9ff46c75-f860-4b6c-96bf-d1f3a31859fe to remote] DEBUG org.apache.http.wire - http-outgoing-103 &lt;&lt; "connection: close[\r][\n]"
14:21:33.356 [Forwarding findElement on session 9ff46c75-f860-4b6c-96bf-d1f3a31859fe to remote] DEBUG org.apache.http.wire - http-outgoing-103 &lt;&lt; "content-length: 145[\r][\n]"
14:21:33.356 [Forwarding findElement on session 9ff46c75-f860-4b6c-96bf-d1f3a31859fe to remote] DEBUG org.apache.http.wire - http-outgoing-103 &lt;&lt; "server: httpd.js[\r][\n]"
14:21:33.356 [Forwarding findElement on session 9ff46c75-f860-4b6c-96bf-d1f3a31859fe to remote] DEBUG org.apache.http.wire - http-outgoing-103 &lt;&lt; "date: Thu, 04 Jun 2015 06:21:33 GMT[\r][\n]"
14:21:33.356 [Forwarding findElement on session 9ff46c75-f860-4b6c-96bf-d1f3a31859fe to remote] DEBUG org.apache.http.wire - http-outgoing-103 &lt;&lt; "[\r][\n]"
14:21:33.356 [Forwarding findElement on session 9ff46c75-f860-4b6c-96bf-d1f3a31859fe to remote] DEBUG org.apache.http.headers - http-outgoing-103 &lt;&lt; HTTP/1.1 200 OK
14:21:33.356 [Forwarding findElement on session 9ff46c75-f860-4b6c-96bf-d1f3a31859fe to remote] DEBUG org.apache.http.headers - http-outgoing-103 &lt;&lt; content-type: application/json; charset=UTF-8
14:21:33.357 [Forwarding findElement on session 9ff46c75-f860-4b6c-96bf-d1f3a31859fe to remote] DEBUG org.apache.http.headers - http-outgoing-103 &lt;&lt; connection: close
14:21:33.357 [Forwarding findElement on session 9ff46c75-f860-4b6c-96bf-d1f3a31859fe to remote] DEBUG org.apache.http.headers - http-outgoing-103 &lt;&lt; content-length: 145
14:21:33.357 [Forwarding findElement on session 9ff46c75-f860-4b6c-96bf-d1f3a31859fe to remote] DEBUG org.apache.http.headers - http-outgoing-103 &lt;&lt; server: httpd.js
14:21:33.357 [Forwarding findElement on session 9ff46c75-f860-4b6c-96bf-d1f3a31859fe to remote] DEBUG org.apache.http.headers - http-outgoing-103 &lt;&lt; date: Thu, 04 Jun 2015 06:21:33 GMT
14:21:33.358 [Forwarding findElement on session 9ff46c75-f860-4b6c-96bf-d1f3a31859fe to remote] DEBUG org.apache.http.wire - http-outgoing-103 &lt;&lt; "{"name":"findElement","sessionId":"9ff46c75-f860-4b6c-96bf-d1f3a31859fe","status":0,"value":{"ELEMENT":"{30e251d2-b825-495e-a5d9-5143cef710a0}"}}"
14:21:33.358 [Forwarding findElement on session 9ff46c75-f860-4b6c-96bf-d1f3a31859fe to remote] DEBUG o.a.h.i.c.DefaultManagedHttpClientConnection - http-outgoing-103: Shutdown connection
14:21:33.358 [Forwarding findElement on session 9ff46c75-f860-4b6c-96bf-d1f3a31859fe to remote] DEBUG o.a.h.impl.execchain.MainClientExec - Connection discarded
14:21:33.358 [Forwarding findElement on session 9ff46c75-f860-4b6c-96bf-d1f3a31859fe to remote] DEBUG o.a.h.i.c.DefaultManagedHttpClientConnection - http-outgoing-103: Close connection
14:21:33.358 [Forwarding findElement on session 9ff46c75-f860-4b6c-96bf-d1f3a31859fe to remote] DEBUG o.a.h.i.c.PoolingHttpClientConnectionManager - Connection released: [id: 103][route: {}-&gt;http://127.0.0.1:7055][total kept alive: 0; route allocated: 0 of 2000; total allocated: 0 of 2000]
14:21:33.359 [Forwarding findElement on session 9ff46c75-f860-4b6c-96bf-d1f3a31859fe to remote] DEBUG o.a.h.c.protocol.RequestAddCookies - CookieSpec selected: best-match
14:21:33.359 [Forwarding findElement on session 9ff46c75-f860-4b6c-96bf-d1f3a31859fe to remote] DEBUG o.a.h.c.protocol.RequestAuthCache - Auth cache not set in the context
14:21:33.360 [Forwarding findElement on session 9ff46c75-f860-4b6c-96bf-d1f3a31859fe to remote] DEBUG o.a.h.i.c.PoolingHttpClientConnectionManager - Connection request: [route: {}-&gt;http://127.0.0.1:7055][total kept alive: 0; route allocated: 0 of 2000; total allocated: 0 of 2000]
14:21:33.360 [Forwarding findElement on session 9ff46c75-f860-4b6c-96bf-d1f3a31859fe to remote] DEBUG o.a.h.i.c.PoolingHttpClientConnectionManager - Connection leased: [id: 104][route: {}-&gt;http://127.0.0.1:7055][total kept alive: 0; route allocated: 1 of 2000; total allocated: 1 of 2000]
14:21:33.360 [Forwarding findElement on session 9ff46c75-f860-4b6c-96bf-d1f3a31859fe to remote] DEBUG o.a.h.impl.execchain.MainClientExec - Opening connection {}-&gt;http://127.0.0.1:7055
14:21:33.360 [Forwarding findElement on session 9ff46c75-f860-4b6c-96bf-d1f3a31859fe to remote] DEBUG o.a.h.i.c.HttpClientConnectionOperator - Connecting to /127.0.0.1:7055
14:21:33.360 [Forwarding findElement on session 9ff46c75-f860-4b6c-96bf-d1f3a31859fe to remote] DEBUG o.a.h.i.c.HttpClientConnectionOperator - Connection established 127.0.0.1:59020&lt;-&gt;127.0.0.1:7055
14:21:33.360 [Forwarding findElement on session 9ff46c75-f860-4b6c-96bf-d1f3a31859fe to remote] DEBUG o.a.h.impl.execchain.MainClientExec - Executing request POST /hub/session/9ff46c75-f860-4b6c-96bf-d1f3a31859fe/element HTTP/1.1
14:21:33.360 [Forwarding findElement on session 9ff46c75-f860-4b6c-96bf-d1f3a31859fe to remote] DEBUG o.a.h.impl.execchain.MainClientExec - Target auth state: UNCHALLENGED
14:21:33.360 [Forwarding findElement on session 9ff46c75-f860-4b6c-96bf-d1f3a31859fe to remote] DEBUG o.a.h.impl.execchain.MainClientExec - Proxy auth state: UNCHALLENGED
14:21:33.360 [Forwarding findElement on session 9ff46c75-f860-4b6c-96bf-d1f3a31859fe to remote] DEBUG org.apache.http.headers - http-outgoing-104 &gt;&gt; POST /hub/session/9ff46c75-f860-4b6c-96bf-d1f3a31859fe/element HTTP/1.1
14:21:33.360 [Forwarding findElement on session 9ff46c75-f860-4b6c-96bf-d1f3a31859fe to remote] DEBUG org.apache.http.headers - http-outgoing-104 &gt;&gt; Content-Type: application/json; charset=utf-8
14:21:33.361 [Forwarding findElement on session 9ff46c75-f860-4b6c-96bf-d1f3a31859fe to remote] DEBUG org.apache.http.headers - http-outgoing-104 &gt;&gt; Content-Length: 104
14:21:33.361 [Forwarding findElement on session 9ff46c75-f860-4b6c-96bf-d1f3a31859fe to remote] DEBUG org.apache.http.headers - http-outgoing-104 &gt;&gt; Host: 127.0.0.1:7055
14:21:33.361 [Forwarding findElement on session 9ff46c75-f860-4b6c-96bf-d1f3a31859fe to remote] DEBUG org.apache.http.headers - http-outgoing-104 &gt;&gt; Connection: Keep-Alive
14:21:33.361 [Forwarding findElement on session 9ff46c75-f860-4b6c-96bf-d1f3a31859fe to remote] DEBUG org.apache.http.headers - http-outgoing-104 &gt;&gt; User-Agent: Apache-HttpClient/4.3.4 (java 1.5)
14:21:33.361 [Forwarding findElement on session 9ff46c75-f860-4b6c-96bf-d1f3a31859fe to remote] DEBUG org.apache.http.headers - http-outgoing-104 &gt;&gt; Accept-Encoding: gzip,deflate
14:21:33.361 [Forwarding findElement on session 9ff46c75-f860-4b6c-96bf-d1f3a31859fe to remote] DEBUG org.apache.http.wire - http-outgoing-104 &gt;&gt; "POST /hub/session/9ff46c75-f860-4b6c-96bf-d1f3a31859fe/element HTTP/1.1[\r][\n]"
14:21:33.361 [Forwarding findElement on session 9ff46c75-f860-4b6c-96bf-d1f3a31859fe to remote] DEBUG org.apache.http.wire - http-outgoing-104 &gt;&gt; "Content-Type: application/json; charset=utf-8[\r][\n]"
14:21:33.361 [Forwarding findElement on session 9ff46c75-f860-4b6c-96bf-d1f3a31859fe to remote] DEBUG org.apache.http.wire - http-outgoing-104 &gt;&gt; "Content-Length: 104[\r][\n]"
14:21:33.361 [Forwarding findElement on session 9ff46c75-f860-4b6c-96bf-d1f3a31859fe to remote] DEBUG org.apache.http.wire - http-outgoing-104 &gt;&gt; "Host: 127.0.0.1:7055[\r][\n]"
14:21:33.361 [Forwarding findElement on session 9ff46c75-f860-4b6c-96bf-d1f3a31859fe to remote] DEBUG org.apache.http.wire - http-outgoing-104 &gt;&gt; "Connection: Keep-Alive[\r][\n]"
14:21:33.361 [Forwarding findElement on session 9ff46c75-f860-4b6c-96bf-d1f3a31859fe to remote] DEBUG org.apache.http.wire - http-outgoing-104 &gt;&gt; "User-Agent: Apache-HttpClient/4.3.4 (java 1.5)[\r][\n]"
14:21:33.361 [Forwarding findElement on session 9ff46c75-f860-4b6c-96bf-d1f3a31859fe to remote] DEBUG org.apache.http.wire - http-outgoing-104 &gt;&gt; "Accept-Encoding: gzip,deflate[\r][\n]"
14:21:33.361 [Forwarding findElement on session 9ff46c75-f860-4b6c-96bf-d1f3a31859fe to remote] DEBUG org.apache.http.wire - http-outgoing-104 &gt;&gt; "[\r][\n]"
14:21:33.361 [Forwarding findElement on session 9ff46c75-f860-4b6c-96bf-d1f3a31859fe to remote] DEBUG org.apache.http.wire - http-outgoing-104 &gt;&gt; "{"using":"xpath","value":".//*[@id\u003d\u0027popupDiv\u0027]/div/div[1]/table/tbody/tr[1]/td[2]/input"}"
14:21:33.430 [Forwarding findElement on session 9ff46c75-f860-4b6c-96bf-d1f3a31859fe to remote] DEBUG org.apache.http.wire - http-outgoing-104 &lt;&lt; "HTTP/1.1 200 OK[\r][\n]"
14:21:33.430 [Forwarding findElement on session 9ff46c75-f860-4b6c-96bf-d1f3a31859fe to remote] DEBUG org.apache.http.wire - http-outgoing-104 &lt;&lt; "content-type: application/json; charset=UTF-8[\r][\n]"
14:21:33.430 [Forwarding findElement on session 9ff46c75-f860-4b6c-96bf-d1f3a31859fe to remote] DEBUG org.apache.http.wire - http-outgoing-104 &lt;&lt; "connection: close[\r][\n]"
14:21:33.430 [Forwarding findElement on session 9ff46c75-f860-4b6c-96bf-d1f3a31859fe to remote] DEBUG org.apache.http.wire - http-outgoing-104 &lt;&lt; "content-length: 145[\r][\n]"
14:21:33.430 [Forwarding findElement on session 9ff46c75-f860-4b6c-96bf-d1f3a31859fe to remote] DEBUG org.apache.http.wire - http-outgoing-104 &lt;&lt; "server: httpd.js[\r][\n]"
14:21:33.430 [Forwarding findElement on session 9ff46c75-f860-4b6c-96bf-d1f3a31859fe to remote] DEBUG org.apache.http.wire - http-outgoing-104 &lt;&lt; "date: Thu, 04 Jun 2015 06:21:33 GMT[\r][\n]"
14:21:33.430 [Forwarding findElement on session 9ff46c75-f860-4b6c-96bf-d1f3a31859fe to remote] DEBUG org.apache.http.wire - http-outgoing-104 &lt;&lt; "[\r][\n]"
14:21:33.430 [Forwarding findElement on session 9ff46c75-f860-4b6c-96bf-d1f3a31859fe to remote] DEBUG org.apache.http.headers - http-outgoing-104 &lt;&lt; HTTP/1.1 200 OK
14:21:33.430 [Forwarding findElement on session 9ff46c75-f860-4b6c-96bf-d1f3a31859fe to remote] DEBUG org.apache.http.headers - http-outgoing-104 &lt;&lt; content-type: application/json; charset=UTF-8
14:21:33.430 [Forwarding findElement on session 9ff46c75-f860-4b6c-96bf-d1f3a31859fe to remote] DEBUG org.apache.http.headers - http-outgoing-104 &lt;&lt; connection: close
14:21:33.430 [Forwarding findElement on session 9ff46c75-f860-4b6c-96bf-d1f3a31859fe to remote] DEBUG org.apache.http.headers - http-outgoing-104 &lt;&lt; content-length: 145
14:21:33.430 [Forwarding findElement on session 9ff46c75-f860-4b6c-96bf-d1f3a31859fe to remote] DEBUG org.apache.http.headers - http-outgoing-104 &lt;&lt; server: httpd.js
14:21:33.430 [Forwarding findElement on session 9ff46c75-f860-4b6c-96bf-d1f3a31859fe to remote] DEBUG org.apache.http.headers - http-outgoing-104 &lt;&lt; date: Thu, 04 Jun 2015 06:21:33 GMT
14:21:33.436 [Forwarding findElement on session 9ff46c75-f860-4b6c-96bf-d1f3a31859fe to remote] DEBUG org.apache.http.wire - http-outgoing-104 &lt;&lt; "{"name":"findElement","sessionId":"9ff46c75-f860-4b6c-96bf-d1f3a31859fe","status":0,"value":{"ELEMENT":"{30e251d2-b825-495e-a5d9-5143cef710a0}"}}"
14:21:33.436 [Forwarding findElement on session 9ff46c75-f860-4b6c-96bf-d1f3a31859fe to remote] DEBUG o.a.h.i.c.DefaultManagedHttpClientConnection - http-outgoing-104: Shutdown connection
14:21:33.436 [Forwarding findElement on session 9ff46c75-f860-4b6c-96bf-d1f3a31859fe to remote] DEBUG o.a.h.impl.execchain.MainClientExec - Connection discarded
14:21:33.436 [Forwarding findElement on session 9ff46c75-f860-4b6c-96bf-d1f3a31859fe to remote] DEBUG o.a.h.i.c.DefaultManagedHttpClientConnection - http-outgoing-104: Close connection
14:21:33.436 [Forwarding findElement on session 9ff46c75-f860-4b6c-96bf-d1f3a31859fe to remote] DEBUG o.a.h.i.c.PoolingHttpClientConnectionManager - Connection released: [id: 104][route: {}-&gt;http://127.0.0.1:7055][total kept alive: 0; route allocated: 0 of 2000; total allocated: 0 of 2000]
14:21:33.437 [Forwarding findElement on session 9ff46c75-f860-4b6c-96bf-d1f3a31859fe to remote] DEBUG o.a.h.c.protocol.RequestAddCookies - CookieSpec selected: best-match
14:21:33.438 [Forwarding findElement on session 9ff46c75-f860-4b6c-96bf-d1f3a31859fe to remote] DEBUG o.a.h.c.protocol.RequestAuthCache - Auth cache not set in the context
14:21:33.438 [Forwarding findElement on session 9ff46c75-f860-4b6c-96bf-d1f3a31859fe to remote] DEBUG o.a.h.i.c.PoolingHttpClientConnectionManager - Connection request: [route: {}-&gt;http://127.0.0.1:7055][total kept alive: 0; route allocated: 0 of 2000; total allocated: 0 of 2000]
14:21:33.438 [Forwarding findElement on session 9ff46c75-f860-4b6c-96bf-d1f3a31859fe to remote] DEBUG o.a.h.i.c.PoolingHttpClientConnectionManager - Connection leased: [id: 105][route: {}-&gt;http://127.0.0.1:7055][total kept alive: 0; route allocated: 1 of 2000; total allocated: 1 of 2000]
14:21:33.438 [Forwarding findElement on session 9ff46c75-f860-4b6c-96bf-d1f3a31859fe to remote] DEBUG o.a.h.impl.execchain.MainClientExec - Opening connection {}-&gt;http://127.0.0.1:7055
14:21:33.438 [Forwarding findElement on session 9ff46c75-f860-4b6c-96bf-d1f3a31859fe to remote] DEBUG o.a.h.i.c.HttpClientConnectionOperator - Connecting to /127.0.0.1:7055
14:21:33.438 [Forwarding findElement on session 9ff46c75-f860-4b6c-96bf-d1f3a31859fe to remote] DEBUG o.a.h.i.c.HttpClientConnectionOperator - Connection established 127.0.0.1:59021&lt;-&gt;127.0.0.1:7055
14:21:33.438 [Forwarding findElement on session 9ff46c75-f860-4b6c-96bf-d1f3a31859fe to remote] DEBUG o.a.h.impl.execchain.MainClientExec - Executing request POST /hub/session/9ff46c75-f860-4b6c-96bf-d1f3a31859fe/element HTTP/1.1
14:21:33.438 [Forwarding findElement on session 9ff46c75-f860-4b6c-96bf-d1f3a31859fe to remote] DEBUG o.a.h.impl.execchain.MainClientExec - Target auth state: UNCHALLENGED
14:21:33.438 [Forwarding findElement on session 9ff46c75-f860-4b6c-96bf-d1f3a31859fe to remote] DEBUG o.a.h.impl.execchain.MainClientExec - Proxy auth state: UNCHALLENGED
14:21:33.439 [Forwarding findElement on session 9ff46c75-f860-4b6c-96bf-d1f3a31859fe to remote] DEBUG org.apache.http.headers - http-outgoing-105 &gt;&gt; POST /hub/session/9ff46c75-f860-4b6c-96bf-d1f3a31859fe/element HTTP/1.1
14:21:33.439 [Forwarding findElement on session 9ff46c75-f860-4b6c-96bf-d1f3a31859fe to remote] DEBUG org.apache.http.headers - http-outgoing-105 &gt;&gt; Content-Type: application/json; charset=utf-8
14:21:33.439 [Forwarding findElement on session 9ff46c75-f860-4b6c-96bf-d1f3a31859fe to remote] DEBUG org.apache.http.headers - http-outgoing-105 &gt;&gt; Content-Length: 104
14:21:33.439 [Forwarding findElement on session 9ff46c75-f860-4b6c-96bf-d1f3a31859fe to remote] DEBUG org.apache.http.headers - http-outgoing-105 &gt;&gt; Host: 127.0.0.1:7055
14:21:33.439 [Forwarding findElement on session 9ff46c75-f860-4b6c-96bf-d1f3a31859fe to remote] DEBUG org.apache.http.headers - http-outgoing-105 &gt;&gt; Connection: Keep-Alive
14:21:33.439 [Forwarding findElement on session 9ff46c75-f860-4b6c-96bf-d1f3a31859fe to remote] DEBUG org.apache.http.headers - http-outgoing-105 &gt;&gt; User-Agent: Apache-HttpClient/4.3.4 (java 1.5)
14:21:33.439 [Forwarding findElement on session 9ff46c75-f860-4b6c-96bf-d1f3a31859fe to remote] DEBUG org.apache.http.headers - http-outgoing-105 &gt;&gt; Accept-Encoding: gzip,deflate
14:21:33.439 [Forwarding findElement on session 9ff46c75-f860-4b6c-96bf-d1f3a31859fe to remote] DEBUG org.apache.http.wire - http-outgoing-105 &gt;&gt; "POST /hub/session/9ff46c75-f860-4b6c-96bf-d1f3a31859fe/element HTTP/1.1[\r][\n]"
14:21:33.439 [Forwarding findElement on session 9ff46c75-f860-4b6c-96bf-d1f3a31859fe to remote] DEBUG org.apache.http.wire - http-outgoing-105 &gt;&gt; "Content-Type: application/json; charset=utf-8[\r][\n]"
14:21:33.439 [Forwarding findElement on session 9ff46c75-f860-4b6c-96bf-d1f3a31859fe to remote] DEBUG org.apache.http.wire - http-outgoing-105 &gt;&gt; "Content-Length: 104[\r][\n]"
14:21:33.439 [Forwarding findElement on session 9ff46c75-f860-4b6c-96bf-d1f3a31859fe to remote] DEBUG org.apache.http.wire - http-outgoing-105 &gt;&gt; "Host: 127.0.0.1:7055[\r][\n]"
14:21:33.439 [Forwarding findElement on session 9ff46c75-f860-4b6c-96bf-d1f3a31859fe to remote] DEBUG org.apache.http.wire - http-outgoing-105 &gt;&gt; "Connection: Keep-Alive[\r][\n]"
14:21:33.439 [Forwarding findElement on session 9ff46c75-f860-4b6c-96bf-d1f3a31859fe to remote] DEBUG org.apache.http.wire - http-outgoing-105 &gt;&gt; "User-Agent: Apache-HttpClient/4.3.4 (java 1.5)[\r][\n]"
14:21:33.439 [Forwarding findElement on session 9ff46c75-f860-4b6c-96bf-d1f3a31859fe to remote] DEBUG org.apache.http.wire - http-outgoing-105 &gt;&gt; "Accept-Encoding: gzip,deflate[\r][\n]"
14:21:33.439 [Forwarding findElement on session 9ff46c75-f860-4b6c-96bf-d1f3a31859fe to remote] DEBUG org.apache.http.wire - http-outgoing-105 &gt;&gt; "[\r][\n]"
14:21:33.439 [Forwarding findElement on session 9ff46c75-f860-4b6c-96bf-d1f3a31859fe to remote] DEBUG org.apache.http.wire - http-outgoing-105 &gt;&gt; "{"using":"xpath","value":".//*[@id\u003d\u0027popupDiv\u0027]/div/div[1]/table/tbody/tr[1]/td[2]/input"}"
14:21:33.445 [Forwarding findElement on session 9ff46c75-f860-4b6c-96bf-d1f3a31859fe to remote] DEBUG org.apache.http.wire - http-outgoing-105 &lt;&lt; "HTTP/1.1 200 OK[\r][\n]"
14:21:33.445 [Forwarding findElement on session 9ff46c75-f860-4b6c-96bf-d1f3a31859fe to remote] DEBUG org.apache.http.wire - http-outgoing-105 &lt;&lt; "content-type: application/json; charset=UTF-8[\r][\n]"
14:21:33.445 [Forwarding findElement on session 9ff46c75-f860-4b6c-96bf-d1f3a31859fe to remote] DEBUG org.apache.http.wire - http-outgoing-105 &lt;&lt; "connection: close[\r][\n]"
14:21:33.445 [Forwarding findElement on session 9ff46c75-f860-4b6c-96bf-d1f3a31859fe to remote] DEBUG org.apache.http.wire - http-outgoing-105 &lt;&lt; "content-length: 145[\r][\n]"
14:21:33.445 [Forwarding findElement on session 9ff46c75-f860-4b6c-96bf-d1f3a31859fe to remote] DEBUG org.apache.http.wire - http-outgoing-105 &lt;&lt; "server: httpd.js[\r][\n]"
14:21:33.445 [Forwarding findElement on session 9ff46c75-f860-4b6c-96bf-d1f3a31859fe to remote] DEBUG org.apache.http.wire - http-outgoing-105 &lt;&lt; "date: Thu, 04 Jun 2015 06:21:33 GMT[\r][\n]"
14:21:33.445 [Forwarding findElement on session 9ff46c75-f860-4b6c-96bf-d1f3a31859fe to remote] DEBUG org.apache.http.wire - http-outgoing-105 &lt;&lt; "[\r][\n]"
14:21:33.445 [Forwarding findElement on session 9ff46c75-f860-4b6c-96bf-d1f3a31859fe to remote] DEBUG org.apache.http.headers - http-outgoing-105 &lt;&lt; HTTP/1.1 200 OK
14:21:33.445 [Forwarding findElement on session 9ff46c75-f860-4b6c-96bf-d1f3a31859fe to remote] DEBUG org.apache.http.headers - http-outgoing-105 &lt;&lt; content-type: application/json; charset=UTF-8
14:21:33.445 [Forwarding findElement on session 9ff46c75-f860-4b6c-96bf-d1f3a31859fe to remote] DEBUG org.apache.http.headers - http-outgoing-105 &lt;&lt; connection: close
14:21:33.445 [Forwarding findElement on session 9ff46c75-f860-4b6c-96bf-d1f3a31859fe to remote] DEBUG org.apache.http.headers - http-outgoing-105 &lt;&lt; content-length: 145
14:21:33.445 [Forwarding findElement on session 9ff46c75-f860-4b6c-96bf-d1f3a31859fe to remote] DEBUG org.apache.http.headers - http-outgoing-105 &lt;&lt; server: httpd.js
14:21:33.445 [Forwarding findElement on session 9ff46c75-f860-4b6c-96bf-d1f3a31859fe to remote] DEBUG org.apache.http.headers - http-outgoing-105 &lt;&lt; date: Thu, 04 Jun 2015 06:21:33 GMT
14:21:33.447 [Forwarding findElement on session 9ff46c75-f860-4b6c-96bf-d1f3a31859fe to remote] DEBUG org.apache.http.wire - http-outgoing-105 &lt;&lt; "{"name":"findElement","sessionId":"9ff46c75-f860-4b6c-96bf-d1f3a31859fe","status":0,"value":{"ELEMENT":"{30e251d2-b825-495e-a5d9-5143cef710a0}"}}"
14:21:33.447 [Forwarding findElement on session 9ff46c75-f860-4b6c-96bf-d1f3a31859fe to remote] DEBUG o.a.h.i.c.DefaultManagedHttpClientConnection - http-outgoing-105: Shutdown connection
14:21:33.447 [Forwarding findElement on session 9ff46c75-f860-4b6c-96bf-d1f3a31859fe to remote] DEBUG o.a.h.impl.execchain.MainClientExec - Connection discarded
14:21:33.447 [Forwarding findElement on session 9ff46c75-f860-4b6c-96bf-d1f3a31859fe to remote] DEBUG o.a.h.i.c.DefaultManagedHttpClientConnection - http-outgoing-105: Close connection
14:21:33.447 [Forwarding findElement on session 9ff46c75-f860-4b6c-96bf-d1f3a31859fe to remote] DEBUG o.a.h.i.c.PoolingHttpClientConnectionManager - Connection released: [id: 105][route: {}-&gt;http://127.0.0.1:7055][total kept alive: 0; route allocated: 0 of 2000; total allocated: 0 of 2000]
14:21:33.449 [Forwarding sendKeysToElement on session 9ff46c75-f860-4b6c-96bf-d1f3a31859fe to remote] DEBUG o.a.h.c.protocol.RequestAddCookies - CookieSpec selected: best-match
14:21:33.449 [Forwarding sendKeysToElement on session 9ff46c75-f860-4b6c-96bf-d1f3a31859fe to remote] DEBUG o.a.h.c.protocol.RequestAuthCache - Auth cache not set in the context
14:21:33.449 [Forwarding sendKeysToElement on session 9ff46c75-f860-4b6c-96bf-d1f3a31859fe to remote] DEBUG o.a.h.i.c.PoolingHttpClientConnectionManager - Connection request: [route: {}-&gt;http://127.0.0.1:7055][total kept alive: 0; route allocated: 0 of 2000; total allocated: 0 of 2000]
14:21:33.449 [Forwarding sendKeysToElement on session 9ff46c75-f860-4b6c-96bf-d1f3a31859fe to remote] DEBUG o.a.h.i.c.PoolingHttpClientConnectionManager - Connection leased: [id: 106][route: {}-&gt;http://127.0.0.1:7055][total kept alive: 0; route allocated: 1 of 2000; total allocated: 1 of 2000]
14:21:33.449 [Forwarding sendKeysToElement on session 9ff46c75-f860-4b6c-96bf-d1f3a31859fe to remote] DEBUG o.a.h.impl.execchain.MainClientExec - Opening connection {}-&gt;http://127.0.0.1:7055
14:21:33.449 [Forwarding sendKeysToElement on session 9ff46c75-f860-4b6c-96bf-d1f3a31859fe to remote] DEBUG o.a.h.i.c.HttpClientConnectionOperator - Connecting to /127.0.0.1:7055
14:21:33.449 [Forwarding sendKeysToElement on session 9ff46c75-f860-4b6c-96bf-d1f3a31859fe to remote] DEBUG o.a.h.i.c.HttpClientConnectionOperator - Connection established 127.0.0.1:59022&lt;-&gt;127.0.0.1:7055
14:21:33.449 [Forwarding sendKeysToElement on session 9ff46c75-f860-4b6c-96bf-d1f3a31859fe to remote] DEBUG o.a.h.impl.execchain.MainClientExec - Executing request POST /hub/session/9ff46c75-f860-4b6c-96bf-d1f3a31859fe/element/%7B30e251d2-b825-495e-a5d9-5143cef710a0%7D/value HTTP/1.1
14:21:33.449 [Forwarding sendKeysToElement on session 9ff46c75-f860-4b6c-96bf-d1f3a31859fe to remote] DEBUG o.a.h.impl.execchain.MainClientExec - Target auth state: UNCHALLENGED
14:21:33.449 [Forwarding sendKeysToElement on session 9ff46c75-f860-4b6c-96bf-d1f3a31859fe to remote] DEBUG o.a.h.impl.execchain.MainClientExec - Proxy auth state: UNCHALLENGED
14:21:33.449 [Forwarding sendKeysToElement on session 9ff46c75-f860-4b6c-96bf-d1f3a31859fe to remote] DEBUG org.apache.http.headers - http-outgoing-106 &gt;&gt; POST /hub/session/9ff46c75-f860-4b6c-96bf-d1f3a31859fe/element/%7B30e251d2-b825-495e-a5d9-5143cef710a0%7D/value HTTP/1.1
14:21:33.450 [Forwarding sendKeysToElement on session 9ff46c75-f860-4b6c-96bf-d1f3a31859fe to remote] DEBUG org.apache.http.headers - http-outgoing-106 &gt;&gt; Content-Type: application/json; charset=utf-8
14:21:33.450 [Forwarding sendKeysToElement on session 9ff46c75-f860-4b6c-96bf-d1f3a31859fe to remote] DEBUG org.apache.http.headers - http-outgoing-106 &gt;&gt; Content-Length: 90
14:21:33.450 [Forwarding sendKeysToElement on session 9ff46c75-f860-4b6c-96bf-d1f3a31859fe to remote] DEBUG org.apache.http.headers - http-outgoing-106 &gt;&gt; Host: 127.0.0.1:7055
14:21:33.450 [Forwarding sendKeysToElement on session 9ff46c75-f860-4b6c-96bf-d1f3a31859fe to remote] DEBUG org.apache.http.headers - http-outgoing-106 &gt;&gt; Connection: Keep-Alive
14:21:33.450 [Forwarding sendKeysToElement on session 9ff46c75-f860-4b6c-96bf-d1f3a31859fe to remote] DEBUG org.apache.http.headers - http-outgoing-106 &gt;&gt; User-Agent: Apache-HttpClient/4.3.4 (java 1.5)
14:21:33.450 [Forwarding sendKeysToElement on session 9ff46c75-f860-4b6c-96bf-d1f3a31859fe to remote] DEBUG org.apache.http.headers - http-outgoing-106 &gt;&gt; Accept-Encoding: gzip,deflate
14:21:33.450 [Forwarding sendKeysToElement on session 9ff46c75-f860-4b6c-96bf-d1f3a31859fe to remote] DEBUG org.apache.http.wire - http-outgoing-106 &gt;&gt; "POST /hub/session/9ff46c75-f860-4b6c-96bf-d1f3a31859fe/element/%7B30e251d2-b825-495e-a5d9-5143cef710a0%7D/value HTTP/1.1[\r][\n]"
14:21:33.450 [Forwarding sendKeysToElement on session 9ff46c75-f860-4b6c-96bf-d1f3a31859fe to remote] DEBUG org.apache.http.wire - http-outgoing-106 &gt;&gt; "Content-Type: application/json; charset=utf-8[\r][\n]"
14:21:33.450 [Forwarding sendKeysToElement on session 9ff46c75-f860-4b6c-96bf-d1f3a31859fe to remote] DEBUG org.apache.http.wire - http-outgoing-106 &gt;&gt; "Content-Length: 90[\r][\n]"
14:21:33.450 [Forwarding sendKeysToElement on session 9ff46c75-f860-4b6c-96bf-d1f3a31859fe to remote] DEBUG org.apache.http.wire - http-outgoing-106 &gt;&gt; "Host: 127.0.0.1:7055[\r][\n]"
14:21:33.450 [Forwarding sendKeysToElement on session 9ff46c75-f860-4b6c-96bf-d1f3a31859fe to remote] DEBUG org.apache.http.wire - http-outgoing-106 &gt;&gt; "Connection: Keep-Alive[\r][\n]"
14:21:33.450 [Forwarding sendKeysToElement on session 9ff46c75-f860-4b6c-96bf-d1f3a31859fe to remote] DEBUG org.apache.http.wire - http-outgoing-106 &gt;&gt; "User-Agent: Apache-HttpClient/4.3.4 (java 1.5)[\r][\n]"
14:21:33.450 [Forwarding sendKeysToElement on session 9ff46c75-f860-4b6c-96bf-d1f3a31859fe to remote] DEBUG org.apache.http.wire - http-outgoing-106 &gt;&gt; "Accept-Encoding: gzip,deflate[\r][\n]"
14:21:33.450 [Forwarding sendKeysToElement on session 9ff46c75-f860-4b6c-96bf-d1f3a31859fe to remote] DEBUG org.apache.http.wire - http-outgoing-106 &gt;&gt; "[\r][\n]"
14:21:33.450 [Forwarding sendKeysToElement on session 9ff46c75-f860-4b6c-96bf-d1f3a31859fe to remote] DEBUG org.apache.http.wire - http-outgoing-106 &gt;&gt; "{"id":"{30e251d2-b825-495e-a5d9-5143cef710a0}","value":["[0xe6][0x9c][0x80][0xe5][0x96][0x9c][0xe6][0xac][0xa2][0xe7][0x9a][0x84][0xe5][0xa5][0xb3][0xe8][0x80][0x81][0xe5][0xb8][0x88][0xe6][0x98][0xaf][0xe8][0xb0][0x81][0xef][0xbc][0x9f]"]}"
14:21:33.544 [Forwarding sendKeysToElement on session 9ff46c75-f860-4b6c-96bf-d1f3a31859fe to remote] DEBUG org.apache.http.wire - http-outgoing-106 &lt;&lt; "HTTP/1.1 200 OK[\r][\n]"
14:21:33.544 [Forwarding sendKeysToElement on session 9ff46c75-f860-4b6c-96bf-d1f3a31859fe to remote] DEBUG org.apache.http.wire - http-outgoing-106 &lt;&lt; "content-type: application/json; charset=UTF-8[\r][\n]"
14:21:33.544 [Forwarding sendKeysToElement on session 9ff46c75-f860-4b6c-96bf-d1f3a31859fe to remote] DEBUG org.apache.http.wire - http-outgoing-106 &lt;&lt; "connection: close[\r][\n]"
14:21:33.544 [Forwarding sendKeysToElement on session 9ff46c75-f860-4b6c-96bf-d1f3a31859fe to remote] DEBUG org.apache.http.wire - http-outgoing-106 &lt;&lt; "content-length: 101[\r][\n]"
14:21:33.544 [Forwarding sendKeysToElement on session 9ff46c75-f860-4b6c-96bf-d1f3a31859fe to remote] DEBUG org.apache.http.wire - http-outgoing-106 &lt;&lt; "server: httpd.js[\r][\n]"
14:21:33.544 [Forwarding sendKeysToElement on session 9ff46c75-f860-4b6c-96bf-d1f3a31859fe to remote] DEBUG org.apache.http.wire - http-outgoing-106 &lt;&lt; "date: Thu, 04 Jun 2015 06:21:33 GMT[\r][\n]"
14:21:33.544 [Forwarding sendKeysToElement on session 9ff46c75-f860-4b6c-96bf-d1f3a31859fe to remote] DEBUG org.apache.http.wire - http-outgoing-106 &lt;&lt; "[\r][\n]"
14:21:33.544 [Forwarding sendKeysToElement on session 9ff46c75-f860-4b6c-96bf-d1f3a31859fe to remote] DEBUG org.apache.http.headers - http-outgoing-106 &lt;&lt; HTTP/1.1 200 OK
14:21:33.544 [Forwarding sendKeysToElement on session 9ff46c75-f860-4b6c-96bf-d1f3a31859fe to remote] DEBUG org.apache.http.headers - http-outgoing-106 &lt;&lt; content-type: application/json; charset=UTF-8
14:21:33.544 [Forwarding sendKeysToElement on session 9ff46c75-f860-4b6c-96bf-d1f3a31859fe to remote] DEBUG org.apache.http.headers - http-outgoing-106 &lt;&lt; connection: close
14:21:33.544 [Forwarding sendKeysToElement on session 9ff46c75-f860-4b6c-96bf-d1f3a31859fe to remote] DEBUG org.apache.http.headers - http-outgoing-106 &lt;&lt; content-length: 101
14:21:33.544 [Forwarding sendKeysToElement on session 9ff46c75-f860-4b6c-96bf-d1f3a31859fe to remote] DEBUG org.apache.http.headers - http-outgoing-106 &lt;&lt; server: httpd.js
14:21:33.544 [Forwarding sendKeysToElement on session 9ff46c75-f860-4b6c-96bf-d1f3a31859fe to remote] DEBUG org.apache.http.headers - http-outgoing-106 &lt;&lt; date: Thu, 04 Jun 2015 06:21:33 GMT
14:21:33.545 [Forwarding sendKeysToElement on session 9ff46c75-f860-4b6c-96bf-d1f3a31859fe to remote] DEBUG org.apache.http.wire - http-outgoing-106 &lt;&lt; "{"name":"sendKeysToElement","sessionId":"9ff46c75-f860-4b6c-96bf-d1f3a31859fe","status":0,"value":""}"
14:21:33.546 [Forwarding sendKeysToElement on session 9ff46c75-f860-4b6c-96bf-d1f3a31859fe to remote] DEBUG o.a.h.i.c.DefaultManagedHttpClientConnection - http-outgoing-106: Shutdown connection
14:21:33.546 [Forwarding sendKeysToElement on session 9ff46c75-f860-4b6c-96bf-d1f3a31859fe to remote] DEBUG o.a.h.impl.execchain.MainClientExec - Connection discarded
14:21:33.546 [Forwarding sendKeysToElement on session 9ff46c75-f860-4b6c-96bf-d1f3a31859fe to remote] DEBUG o.a.h.i.c.DefaultManagedHttpClientConnection - http-outgoing-106: Close connection
14:21:33.546 [Forwarding sendKeysToElement on session 9ff46c75-f860-4b6c-96bf-d1f3a31859fe to remote] DEBUG o.a.h.i.c.PoolingHttpClientConnectionManager - Connection released: [id: 106][route: {}-&gt;http://127.0.0.1:7055][total kept alive: 0; route allocated: 0 of 2000; total allocated: 0 of 2000]
14:21:33.547 [Forwarding findElement on session 9ff46c75-f860-4b6c-96bf-d1f3a31859fe to remote] DEBUG o.a.h.c.protocol.RequestAddCookies - CookieSpec selected: best-match
14:21:33.547 [Forwarding findElement on session 9ff46c75-f860-4b6c-96bf-d1f3a31859fe to remote] DEBUG o.a.h.c.protocol.RequestAuthCache - Auth cache not set in the context
14:21:33.547 [Forwarding findElement on session 9ff46c75-f860-4b6c-96bf-d1f3a31859fe to remote] DEBUG o.a.h.i.c.PoolingHttpClientConnectionManager - Connection request: [route: {}-&gt;http://127.0.0.1:7055][total kept alive: 0; route allocated: 0 of 2000; total allocated: 0 of 2000]
14:21:33.547 [Forwarding findElement on session 9ff46c75-f860-4b6c-96bf-d1f3a31859fe to remote] DEBUG o.a.h.i.c.PoolingHttpClientConnectionManager - Connection leased: [id: 107][route: {}-&gt;http://127.0.0.1:7055][total kept alive: 0; route allocated: 1 of 2000; total allocated: 1 of 2000]
14:21:33.547 [Forwarding findElement on session 9ff46c75-f860-4b6c-96bf-d1f3a31859fe to remote] DEBUG o.a.h.impl.execchain.MainClientExec - Opening connection {}-&gt;http://127.0.0.1:7055
14:21:33.547 [Forwarding findElement on session 9ff46c75-f860-4b6c-96bf-d1f3a31859fe to remote] DEBUG o.a.h.i.c.HttpClientConnectionOperator - Connecting to /127.0.0.1:7055
14:21:33.548 [Forwarding findElement on session 9ff46c75-f860-4b6c-96bf-d1f3a31859fe to remote] DEBUG o.a.h.i.c.HttpClientConnectionOperator - Connection established 127.0.0.1:59023&lt;-&gt;127.0.0.1:7055
14:21:33.548 [Forwarding findElement on session 9ff46c75-f860-4b6c-96bf-d1f3a31859fe to remote] DEBUG o.a.h.impl.execchain.MainClientExec - Executing request POST /hub/session/9ff46c75-f860-4b6c-96bf-d1f3a31859fe/element HTTP/1.1
14:21:33.548 [Forwarding findElement on session 9ff46c75-f860-4b6c-96bf-d1f3a31859fe to remote] DEBUG o.a.h.impl.execchain.MainClientExec - Target auth state: UNCHALLENGED
14:21:33.548 [Forwarding findElement on session 9ff46c75-f860-4b6c-96bf-d1f3a31859fe to remote] DEBUG o.a.h.impl.execchain.MainClientExec - Proxy auth state: UNCHALLENGED
14:21:33.548 [Forwarding findElement on session 9ff46c75-f860-4b6c-96bf-d1f3a31859fe to remote] DEBUG org.apache.http.headers - http-outgoing-107 &gt;&gt; POST /hub/session/9ff46c75-f860-4b6c-96bf-d1f3a31859fe/element HTTP/1.1
14:21:33.548 [Forwarding findElement on session 9ff46c75-f860-4b6c-96bf-d1f3a31859fe to remote] DEBUG org.apache.http.headers - http-outgoing-107 &gt;&gt; Content-Type: application/json; charset=utf-8
14:21:33.548 [Forwarding findElement on session 9ff46c75-f860-4b6c-96bf-d1f3a31859fe to remote] DEBUG org.apache.http.headers - http-outgoing-107 &gt;&gt; Content-Length: 104
14:21:33.548 [Forwarding findElement on session 9ff46c75-f860-4b6c-96bf-d1f3a31859fe to remote] DEBUG org.apache.http.headers - http-outgoing-107 &gt;&gt; Host: 127.0.0.1:7055
14:21:33.548 [Forwarding findElement on session 9ff46c75-f860-4b6c-96bf-d1f3a31859fe to remote] DEBUG org.apache.http.headers - http-outgoing-107 &gt;&gt; Connection: Keep-Alive
14:21:33.548 [Forwarding findElement on session 9ff46c75-f860-4b6c-96bf-d1f3a31859fe to remote] DEBUG org.apache.http.headers - http-outgoing-107 &gt;&gt; User-Agent: Apache-HttpClient/4.3.4 (java 1.5)
14:21:33.548 [Forwarding findElement on session 9ff46c75-f860-4b6c-96bf-d1f3a31859fe to remote] DEBUG org.apache.http.headers - http-outgoing-107 &gt;&gt; Accept-Encoding: gzip,deflate
14:21:33.548 [Forwarding findElement on session 9ff46c75-f860-4b6c-96bf-d1f3a31859fe to remote] DEBUG org.apache.http.wire - http-outgoing-107 &gt;&gt; "POST /hub/session/9ff46c75-f860-4b6c-96bf-d1f3a31859fe/element HTTP/1.1[\r][\n]"
14:21:33.548 [Forwarding findElement on session 9ff46c75-f860-4b6c-96bf-d1f3a31859fe to remote] DEBUG org.apache.http.wire - http-outgoing-107 &gt;&gt; "Content-Type: application/json; charset=utf-8[\r][\n]"
14:21:33.549 [Forwarding findElement on session 9ff46c75-f860-4b6c-96bf-d1f3a31859fe to remote] DEBUG org.apache.http.wire - http-outgoing-107 &gt;&gt; "Content-Length: 104[\r][\n]"
14:21:33.549 [Forwarding findElement on session 9ff46c75-f860-4b6c-96bf-d1f3a31859fe to remote] DEBUG org.apache.http.wire - http-outgoing-107 &gt;&gt; "Host: 127.0.0.1:7055[\r][\n]"
14:21:33.549 [Forwarding findElement on session 9ff46c75-f860-4b6c-96bf-d1f3a31859fe to remote] DEBUG org.apache.http.wire - http-outgoing-107 &gt;&gt; "Connection: Keep-Alive[\r][\n]"
14:21:33.549 [Forwarding findElement on session 9ff46c75-f860-4b6c-96bf-d1f3a31859fe to remote] DEBUG org.apache.http.wire - http-outgoing-107 &gt;&gt; "User-Agent: Apache-HttpClient/4.3.4 (java 1.5)[\r][\n]"
14:21:33.549 [Forwarding findElement on session 9ff46c75-f860-4b6c-96bf-d1f3a31859fe to remote] DEBUG org.apache.http.wire - http-outgoing-107 &gt;&gt; "Accept-Encoding: gzip,deflate[\r][\n]"
14:21:33.549 [Forwarding findElement on session 9ff46c75-f860-4b6c-96bf-d1f3a31859fe to remote] DEBUG org.apache.http.wire - http-outgoing-107 &gt;&gt; "[\r][\n]"
14:21:33.549 [Forwarding findElement on session 9ff46c75-f860-4b6c-96bf-d1f3a31859fe to remote] DEBUG org.apache.http.wire - http-outgoing-107 &gt;&gt; "{"using":"xpath","value":".//*[@id\u003d\u0027popupDiv\u0027]/div/div[1]/table/tbody/tr[2]/td[2]/input"}"
14:21:33.554 [Forwarding findElement on session 9ff46c75-f860-4b6c-96bf-d1f3a31859fe to remote] DEBUG org.apache.http.wire - http-outgoing-107 &lt;&lt; "HTTP/1.1 200 OK[\r][\n]"
14:21:33.554 [Forwarding findElement on session 9ff46c75-f860-4b6c-96bf-d1f3a31859fe to remote] DEBUG org.apache.http.wire - http-outgoing-107 &lt;&lt; "content-type: application/json; charset=UTF-8[\r][\n]"
14:21:33.554 [Forwarding findElement on session 9ff46c75-f860-4b6c-96bf-d1f3a31859fe to remote] DEBUG org.apache.http.wire - http-outgoing-107 &lt;&lt; "connection: close[\r][\n]"
14:21:33.554 [Forwarding findElement on session 9ff46c75-f860-4b6c-96bf-d1f3a31859fe to remote] DEBUG org.apache.http.wire - http-outgoing-107 &lt;&lt; "content-length: 145[\r][\n]"
14:21:33.554 [Forwarding findElement on session 9ff46c75-f860-4b6c-96bf-d1f3a31859fe to remote] DEBUG org.apache.http.wire - http-outgoing-107 &lt;&lt; "server: httpd.js[\r][\n]"
14:21:33.554 [Forwarding findElement on session 9ff46c75-f860-4b6c-96bf-d1f3a31859fe to remote] DEBUG org.apache.http.wire - http-outgoing-107 &lt;&lt; "date: Thu, 04 Jun 2015 06:21:33 GMT[\r][\n]"
14:21:33.554 [Forwarding findElement on session 9ff46c75-f860-4b6c-96bf-d1f3a31859fe to remote] DEBUG org.apache.http.wire - http-outgoing-107 &lt;&lt; "[\r][\n]"
14:21:33.554 [Forwarding findElement on session 9ff46c75-f860-4b6c-96bf-d1f3a31859fe to remote] DEBUG org.apache.http.headers - http-outgoing-107 &lt;&lt; HTTP/1.1 200 OK
14:21:33.554 [Forwarding findElement on session 9ff46c75-f860-4b6c-96bf-d1f3a31859fe to remote] DEBUG org.apache.http.headers - http-outgoing-107 &lt;&lt; content-type: application/json; charset=UTF-8
14:21:33.554 [Forwarding findElement on session 9ff46c75-f860-4b6c-96bf-d1f3a31859fe to remote] DEBUG org.apache.http.headers - http-outgoing-107 &lt;&lt; connection: close
14:21:33.554 [Forwarding findElement on session 9ff46c75-f860-4b6c-96bf-d1f3a31859fe to remote] DEBUG org.apache.http.headers - http-outgoing-107 &lt;&lt; content-length: 145
14:21:33.554 [Forwarding findElement on session 9ff46c75-f860-4b6c-96bf-d1f3a31859fe to remote] DEBUG org.apache.http.headers - http-outgoing-107 &lt;&lt; server: httpd.js
14:21:33.554 [Forwarding findElement on session 9ff46c75-f860-4b6c-96bf-d1f3a31859fe to remote] DEBUG org.apache.http.headers - http-outgoing-107 &lt;&lt; date: Thu, 04 Jun 2015 06:21:33 GMT
14:21:33.555 [Forwarding findElement on session 9ff46c75-f860-4b6c-96bf-d1f3a31859fe to remote] DEBUG org.apache.http.wire - http-outgoing-107 &lt;&lt; "{"name":"findElement","sessionId":"9ff46c75-f860-4b6c-96bf-d1f3a31859fe","status":0,"value":{"ELEMENT":"{373d993b-a918-4ae2-9a3d-caff806d81db}"}}"
14:21:33.555 [Forwarding findElement on session 9ff46c75-f860-4b6c-96bf-d1f3a31859fe to remote] DEBUG o.a.h.i.c.DefaultManagedHttpClientConnection - http-outgoing-107: Shutdown connection
14:21:33.555 [Forwarding findElement on session 9ff46c75-f860-4b6c-96bf-d1f3a31859fe to remote] DEBUG o.a.h.impl.execchain.MainClientExec - Connection discarded
14:21:33.556 [Forwarding findElement on session 9ff46c75-f860-4b6c-96bf-d1f3a31859fe to remote] DEBUG o.a.h.i.c.DefaultManagedHttpClientConnection - http-outgoing-107: Close connection
14:21:33.556 [Forwarding findElement on session 9ff46c75-f860-4b6c-96bf-d1f3a31859fe to remote] DEBUG o.a.h.i.c.PoolingHttpClientConnectionManager - Connection released: [id: 107][route: {}-&gt;http://127.0.0.1:7055][total kept alive: 0; route allocated: 0 of 2000; total allocated: 0 of 2000]
14:21:33.557 [Forwarding findElement on session 9ff46c75-f860-4b6c-96bf-d1f3a31859fe to remote] DEBUG o.a.h.c.protocol.RequestAddCookies - CookieSpec selected: best-match
14:21:33.558 [Forwarding findElement on session 9ff46c75-f860-4b6c-96bf-d1f3a31859fe to remote] DEBUG o.a.h.c.protocol.RequestAuthCache - Auth cache not set in the context
14:21:33.558 [Forwarding findElement on session 9ff46c75-f860-4b6c-96bf-d1f3a31859fe to remote] DEBUG o.a.h.i.c.PoolingHttpClientConnectionManager - Connection request: [route: {}-&gt;http://127.0.0.1:7055][total kept alive: 0; route allocated: 0 of 2000; total allocated: 0 of 2000]
14:21:33.558 [Forwarding findElement on session 9ff46c75-f860-4b6c-96bf-d1f3a31859fe to remote] DEBUG o.a.h.i.c.PoolingHttpClientConnectionManager - Connection leased: [id: 108][route: {}-&gt;http://127.0.0.1:7055][total kept alive: 0; route allocated: 1 of 2000; total allocated: 1 of 2000]
14:21:33.558 [Forwarding findElement on session 9ff46c75-f860-4b6c-96bf-d1f3a31859fe to remote] DEBUG o.a.h.impl.execchain.MainClientExec - Opening connection {}-&gt;http://127.0.0.1:7055
14:21:33.558 [Forwarding findElement on session 9ff46c75-f860-4b6c-96bf-d1f3a31859fe to remote] DEBUG o.a.h.i.c.HttpClientConnectionOperator - Connecting to /127.0.0.1:7055
14:21:33.558 [Forwarding findElement on session 9ff46c75-f860-4b6c-96bf-d1f3a31859fe to remote] DEBUG o.a.h.i.c.HttpClientConnectionOperator - Connection established 127.0.0.1:59024&lt;-&gt;127.0.0.1:7055
14:21:33.558 [Forwarding findElement on session 9ff46c75-f860-4b6c-96bf-d1f3a31859fe to remote] DEBUG o.a.h.impl.execchain.MainClientExec - Executing request POST /hub/session/9ff46c75-f860-4b6c-96bf-d1f3a31859fe/element HTTP/1.1
14:21:33.558 [Forwarding findElement on session 9ff46c75-f860-4b6c-96bf-d1f3a31859fe to remote] DEBUG o.a.h.impl.execchain.MainClientExec - Target auth state: UNCHALLENGED
14:21:33.558 [Forwarding findElement on session 9ff46c75-f860-4b6c-96bf-d1f3a31859fe to remote] DEBUG o.a.h.impl.execchain.MainClientExec - Proxy auth state: UNCHALLENGED
14:21:33.558 [Forwarding findElement on session 9ff46c75-f860-4b6c-96bf-d1f3a31859fe to remote] DEBUG org.apache.http.headers - http-outgoing-108 &gt;&gt; POST /hub/session/9ff46c75-f860-4b6c-96bf-d1f3a31859fe/element HTTP/1.1
14:21:33.558 [Forwarding findElement on session 9ff46c75-f860-4b6c-96bf-d1f3a31859fe to remote] DEBUG org.apache.http.headers - http-outgoing-108 &gt;&gt; Content-Type: application/json; charset=utf-8
14:21:33.558 [Forwarding findElement on session 9ff46c75-f860-4b6c-96bf-d1f3a31859fe to remote] DEBUG org.apache.http.headers - http-outgoing-108 &gt;&gt; Content-Length: 104
14:21:33.558 [Forwarding findElement on session 9ff46c75-f860-4b6c-96bf-d1f3a31859fe to remote] DEBUG org.apache.http.headers - http-outgoing-108 &gt;&gt; Host: 127.0.0.1:7055
14:21:33.558 [Forwarding findElement on session 9ff46c75-f860-4b6c-96bf-d1f3a31859fe to remote] DEBUG org.apache.http.headers - http-outgoing-108 &gt;&gt; Connection: Keep-Alive
14:21:33.558 [Forwarding findElement on session 9ff46c75-f860-4b6c-96bf-d1f3a31859fe to remote] DEBUG org.apache.http.headers - http-outgoing-108 &gt;&gt; User-Agent: Apache-HttpClient/4.3.4 (java 1.5)
14:21:33.558 [Forwarding findElement on session 9ff46c75-f860-4b6c-96bf-d1f3a31859fe to remote] DEBUG org.apache.http.headers - http-outgoing-108 &gt;&gt; Accept-Encoding: gzip,deflate
14:21:33.558 [Forwarding findElement on session 9ff46c75-f860-4b6c-96bf-d1f3a31859fe to remote] DEBUG org.apache.http.wire - http-outgoing-108 &gt;&gt; "POST /hub/session/9ff46c75-f860-4b6c-96bf-d1f3a31859fe/element HTTP/1.1[\r][\n]"
14:21:33.558 [Forwarding findElement on session 9ff46c75-f860-4b6c-96bf-d1f3a31859fe to remote] DEBUG org.apache.http.wire - http-outgoing-108 &gt;&gt; "Content-Type: application/json; charset=utf-8[\r][\n]"
14:21:33.559 [Forwarding findElement on session 9ff46c75-f860-4b6c-96bf-d1f3a31859fe to remote] DEBUG org.apache.http.wire - http-outgoing-108 &gt;&gt; "Content-Length: 104[\r][\n]"
14:21:33.559 [Forwarding findElement on session 9ff46c75-f860-4b6c-96bf-d1f3a31859fe to remote] DEBUG org.apache.http.wire - http-outgoing-108 &gt;&gt; "Host: 127.0.0.1:7055[\r][\n]"
14:21:33.559 [Forwarding findElement on session 9ff46c75-f860-4b6c-96bf-d1f3a31859fe to remote] DEBUG org.apache.http.wire - http-outgoing-108 &gt;&gt; "Connection: Keep-Alive[\r][\n]"
14:21:33.559 [Forwarding findElement on session 9ff46c75-f860-4b6c-96bf-d1f3a31859fe to remote] DEBUG org.apache.http.wire - http-outgoing-108 &gt;&gt; "User-Agent: Apache-HttpClient/4.3.4 (java 1.5)[\r][\n]"
14:21:33.559 [Forwarding findElement on session 9ff46c75-f860-4b6c-96bf-d1f3a31859fe to remote] DEBUG org.apache.http.wire - http-outgoing-108 &gt;&gt; "Accept-Encoding: gzip,deflate[\r][\n]"
14:21:33.559 [Forwarding findElement on session 9ff46c75-f860-4b6c-96bf-d1f3a31859fe to remote] DEBUG org.apache.http.wire - http-outgoing-108 &gt;&gt; "[\r][\n]"
14:21:33.559 [Forwarding findElement on session 9ff46c75-f860-4b6c-96bf-d1f3a31859fe to remote] DEBUG org.apache.http.wire - http-outgoing-108 &gt;&gt; "{"using":"xpath","value":".//*[@id\u003d\u0027popupDiv\u0027]/div/div[1]/table/tbody/tr[2]/td[2]/input"}"
14:21:33.564 [Forwarding findElement on session 9ff46c75-f860-4b6c-96bf-d1f3a31859fe to remote] DEBUG org.apache.http.wire - http-outgoing-108 &lt;&lt; "HTTP/1.1 200 OK[\r][\n]"
14:21:33.564 [Forwarding findElement on session 9ff46c75-f860-4b6c-96bf-d1f3a31859fe to remote] DEBUG org.apache.http.wire - http-outgoing-108 &lt;&lt; "content-type: application/json; charset=UTF-8[\r][\n]"
14:21:33.564 [Forwarding findElement on session 9ff46c75-f860-4b6c-96bf-d1f3a31859fe to remote] DEBUG org.apache.http.wire - http-outgoing-108 &lt;&lt; "connection: close[\r][\n]"
14:21:33.564 [Forwarding findElement on session 9ff46c75-f860-4b6c-96bf-d1f3a31859fe to remote] DEBUG org.apache.http.wire - http-outgoing-108 &lt;&lt; "content-length: 145[\r][\n]"
14:21:33.564 [Forwarding findElement on session 9ff46c75-f860-4b6c-96bf-d1f3a31859fe to remote] DEBUG org.apache.http.wire - http-outgoing-108 &lt;&lt; "server: httpd.js[\r][\n]"
14:21:33.564 [Forwarding findElement on session 9ff46c75-f860-4b6c-96bf-d1f3a31859fe to remote] DEBUG org.apache.http.wire - http-outgoing-108 &lt;&lt; "date: Thu, 04 Jun 2015 06:21:33 GMT[\r][\n]"
14:21:33.564 [Forwarding findElement on session 9ff46c75-f860-4b6c-96bf-d1f3a31859fe to remote] DEBUG org.apache.http.wire - http-outgoing-108 &lt;&lt; "[\r][\n]"
14:21:33.564 [Forwarding findElement on session 9ff46c75-f860-4b6c-96bf-d1f3a31859fe to remote] DEBUG org.apache.http.headers - http-outgoing-108 &lt;&lt; HTTP/1.1 200 OK
14:21:33.564 [Forwarding findElement on session 9ff46c75-f860-4b6c-96bf-d1f3a31859fe to remote] DEBUG org.apache.http.headers - http-outgoing-108 &lt;&lt; content-type: application/json; charset=UTF-8
14:21:33.564 [Forwarding findElement on session 9ff46c75-f860-4b6c-96bf-d1f3a31859fe to remote] DEBUG org.apache.http.headers - http-outgoing-108 &lt;&lt; connection: close
14:21:33.564 [Forwarding findElement on session 9ff46c75-f860-4b6c-96bf-d1f3a31859fe to remote] DEBUG org.apache.http.headers - http-outgoing-108 &lt;&lt; content-length: 145
14:21:33.564 [Forwarding findElement on session 9ff46c75-f860-4b6c-96bf-d1f3a31859fe to remote] DEBUG org.apache.http.headers - http-outgoing-108 &lt;&lt; server: httpd.js
14:21:33.564 [Forwarding findElement on session 9ff46c75-f860-4b6c-96bf-d1f3a31859fe to remote] DEBUG org.apache.http.headers - http-outgoing-108 &lt;&lt; date: Thu, 04 Jun 2015 06:21:33 GMT
14:21:33.566 [Forwarding findElement on session 9ff46c75-f860-4b6c-96bf-d1f3a31859fe to remote] DEBUG org.apache.http.wire - http-outgoing-108 &lt;&lt; "{"name":"findElement","sessionId":"9ff46c75-f860-4b6c-96bf-d1f3a31859fe","status":0,"value":{"ELEMENT":"{373d993b-a918-4ae2-9a3d-caff806d81db}"}}"
14:21:33.566 [Forwarding findElement on session 9ff46c75-f860-4b6c-96bf-d1f3a31859fe to remote] DEBUG o.a.h.i.c.DefaultManagedHttpClientConnection - http-outgoing-108: Shutdown connection
14:21:33.566 [Forwarding findElement on session 9ff46c75-f860-4b6c-96bf-d1f3a31859fe to remote] DEBUG o.a.h.impl.execchain.MainClientExec - Connection discarded
14:21:33.566 [Forwarding findElement on session 9ff46c75-f860-4b6c-96bf-d1f3a31859fe to remote] DEBUG o.a.h.i.c.DefaultManagedHttpClientConnection - http-outgoing-108: Close connection
14:21:33.566 [Forwarding findElement on session 9ff46c75-f860-4b6c-96bf-d1f3a31859fe to remote] DEBUG o.a.h.i.c.PoolingHttpClientConnectionManager - Connection released: [id: 108][route: {}-&gt;http://127.0.0.1:7055][total kept alive: 0; route allocated: 0 of 2000; total allocated: 0 of 2000]
14:21:33.567 [Forwarding findElement on session 9ff46c75-f860-4b6c-96bf-d1f3a31859fe to remote] DEBUG o.a.h.c.protocol.RequestAddCookies - CookieSpec selected: best-match
14:21:33.567 [Forwarding findElement on session 9ff46c75-f860-4b6c-96bf-d1f3a31859fe to remote] DEBUG o.a.h.c.protocol.RequestAuthCache - Auth cache not set in the context
14:21:33.567 [Forwarding findElement on session 9ff46c75-f860-4b6c-96bf-d1f3a31859fe to remote] DEBUG o.a.h.i.c.PoolingHttpClientConnectionManager - Connection request: [route: {}-&gt;http://127.0.0.1:7055][total kept alive: 0; route allocated: 0 of 2000; total allocated: 0 of 2000]
14:21:33.567 [Forwarding findElement on session 9ff46c75-f860-4b6c-96bf-d1f3a31859fe to remote] DEBUG o.a.h.i.c.PoolingHttpClientConnectionManager - Connection leased: [id: 109][route: {}-&gt;http://127.0.0.1:7055][total kept alive: 0; route allocated: 1 of 2000; total allocated: 1 of 2000]
14:21:33.568 [Forwarding findElement on session 9ff46c75-f860-4b6c-96bf-d1f3a31859fe to remote] DEBUG o.a.h.impl.execchain.MainClientExec - Opening connection {}-&gt;http://127.0.0.1:7055
14:21:33.568 [Forwarding findElement on session 9ff46c75-f860-4b6c-96bf-d1f3a31859fe to remote] DEBUG o.a.h.i.c.HttpClientConnectionOperator - Connecting to /127.0.0.1:7055
14:21:33.568 [Forwarding findElement on session 9ff46c75-f860-4b6c-96bf-d1f3a31859fe to remote] DEBUG o.a.h.i.c.HttpClientConnectionOperator - Connection established 127.0.0.1:59025&lt;-&gt;127.0.0.1:7055
14:21:33.568 [Forwarding findElement on session 9ff46c75-f860-4b6c-96bf-d1f3a31859fe to remote] DEBUG o.a.h.impl.execchain.MainClientExec - Executing request POST /hub/session/9ff46c75-f860-4b6c-96bf-d1f3a31859fe/element HTTP/1.1
14:21:33.568 [Forwarding findElement on session 9ff46c75-f860-4b6c-96bf-d1f3a31859fe to remote] DEBUG o.a.h.impl.execchain.MainClientExec - Target auth state: UNCHALLENGED
14:21:33.568 [Forwarding findElement on session 9ff46c75-f860-4b6c-96bf-d1f3a31859fe to remote] DEBUG o.a.h.impl.execchain.MainClientExec - Proxy auth state: UNCHALLENGED
14:21:33.568 [Forwarding findElement on session 9ff46c75-f860-4b6c-96bf-d1f3a31859fe to remote] DEBUG org.apache.http.headers - http-outgoing-109 &gt;&gt; POST /hub/session/9ff46c75-f860-4b6c-96bf-d1f3a31859fe/element HTTP/1.1
14:21:33.568 [Forwarding findElement on session 9ff46c75-f860-4b6c-96bf-d1f3a31859fe to remote] DEBUG org.apache.http.headers - http-outgoing-109 &gt;&gt; Content-Type: application/json; charset=utf-8
14:21:33.568 [Forwarding findElement on session 9ff46c75-f860-4b6c-96bf-d1f3a31859fe to remote] DEBUG org.apache.http.headers - http-outgoing-109 &gt;&gt; Content-Length: 104
14:21:33.568 [Forwarding findElement on session 9ff46c75-f860-4b6c-96bf-d1f3a31859fe to remote] DEBUG org.apache.http.headers - http-outgoing-109 &gt;&gt; Host: 127.0.0.1:7055
14:21:33.569 [Forwarding findElement on session 9ff46c75-f860-4b6c-96bf-d1f3a31859fe to remote] DEBUG org.apache.http.headers - http-outgoing-109 &gt;&gt; Connection: Keep-Alive
14:21:33.569 [Forwarding findElement on session 9ff46c75-f860-4b6c-96bf-d1f3a31859fe to remote] DEBUG org.apache.http.headers - http-outgoing-109 &gt;&gt; User-Agent: Apache-HttpClient/4.3.4 (java 1.5)
14:21:33.569 [Forwarding findElement on session 9ff46c75-f860-4b6c-96bf-d1f3a31859fe to remote] DEBUG org.apache.http.headers - http-outgoing-109 &gt;&gt; Accept-Encoding: gzip,deflate
14:21:33.569 [Forwarding findElement on session 9ff46c75-f860-4b6c-96bf-d1f3a31859fe to remote] DEBUG org.apache.http.wire - http-outgoing-109 &gt;&gt; "POST /hub/session/9ff46c75-f860-4b6c-96bf-d1f3a31859fe/element HTTP/1.1[\r][\n]"
14:21:33.569 [Forwarding findElement on session 9ff46c75-f860-4b6c-96bf-d1f3a31859fe to remote] DEBUG org.apache.http.wire - http-outgoing-109 &gt;&gt; "Content-Type: application/json; charset=utf-8[\r][\n]"
14:21:33.569 [Forwarding findElement on session 9ff46c75-f860-4b6c-96bf-d1f3a31859fe to remote] DEBUG org.apache.http.wire - http-outgoing-109 &gt;&gt; "Content-Length: 104[\r][\n]"
14:21:33.569 [Forwarding findElement on session 9ff46c75-f860-4b6c-96bf-d1f3a31859fe to remote] DEBUG org.apache.http.wire - http-outgoing-109 &gt;&gt; "Host: 127.0.0.1:7055[\r][\n]"
14:21:33.569 [Forwarding findElement on session 9ff46c75-f860-4b6c-96bf-d1f3a31859fe to remote] DEBUG org.apache.http.wire - http-outgoing-109 &gt;&gt; "Connection: Keep-Alive[\r][\n]"
14:21:33.569 [Forwarding findElement on session 9ff46c75-f860-4b6c-96bf-d1f3a31859fe to remote] DEBUG org.apache.http.wire - http-outgoing-109 &gt;&gt; "User-Agent: Apache-HttpClient/4.3.4 (java 1.5)[\r][\n]"
14:21:33.569 [Forwarding findElement on session 9ff46c75-f860-4b6c-96bf-d1f3a31859fe to remote] DEBUG org.apache.http.wire - http-outgoing-109 &gt;&gt; "Accept-Encoding: gzip,deflate[\r][\n]"
14:21:33.569 [Forwarding findElement on session 9ff46c75-f860-4b6c-96bf-d1f3a31859fe to remote] DEBUG org.apache.http.wire - http-outgoing-109 &gt;&gt; "[\r][\n]"
14:21:33.569 [Forwarding findElement on session 9ff46c75-f860-4b6c-96bf-d1f3a31859fe to remote] DEBUG org.apache.http.wire - http-outgoing-109 &gt;&gt; "{"using":"xpath","value":".//*[@id\u003d\u0027popupDiv\u0027]/div/div[1]/table/tbody/tr[2]/td[2]/input"}"
14:21:33.574 [Forwarding findElement on session 9ff46c75-f860-4b6c-96bf-d1f3a31859fe to remote] DEBUG org.apache.http.wire - http-outgoing-109 &lt;&lt; "HTTP/1.1 200 OK[\r][\n]"
14:21:33.574 [Forwarding findElement on session 9ff46c75-f860-4b6c-96bf-d1f3a31859fe to remote] DEBUG org.apache.http.wire - http-outgoing-109 &lt;&lt; "content-type: application/json; charset=UTF-8[\r][\n]"
14:21:33.575 [Forwarding findElement on session 9ff46c75-f860-4b6c-96bf-d1f3a31859fe to remote] DEBUG org.apache.http.wire - http-outgoing-109 &lt;&lt; "connection: close[\r][\n]"
14:21:33.575 [Forwarding findElement on session 9ff46c75-f860-4b6c-96bf-d1f3a31859fe to remote] DEBUG org.apache.http.wire - http-outgoing-109 &lt;&lt; "content-length: 145[\r][\n]"
14:21:33.575 [Forwarding findElement on session 9ff46c75-f860-4b6c-96bf-d1f3a31859fe to remote] DEBUG org.apache.http.wire - http-outgoing-109 &lt;&lt; "server: httpd.js[\r][\n]"
14:21:33.575 [Forwarding findElement on session 9ff46c75-f860-4b6c-96bf-d1f3a31859fe to remote] DEBUG org.apache.http.wire - http-outgoing-109 &lt;&lt; "date: Thu, 04 Jun 2015 06:21:33 GMT[\r][\n]"
14:21:33.575 [Forwarding findElement on session 9ff46c75-f860-4b6c-96bf-d1f3a31859fe to remote] DEBUG org.apache.http.wire - http-outgoing-109 &lt;&lt; "[\r][\n]"
14:21:33.575 [Forwarding findElement on session 9ff46c75-f860-4b6c-96bf-d1f3a31859fe to remote] DEBUG org.apache.http.headers - http-outgoing-109 &lt;&lt; HTTP/1.1 200 OK
14:21:33.575 [Forwarding findElement on session 9ff46c75-f860-4b6c-96bf-d1f3a31859fe to remote] DEBUG org.apache.http.headers - http-outgoing-109 &lt;&lt; content-type: application/json; charset=UTF-8
14:21:33.575 [Forwarding findElement on session 9ff46c75-f860-4b6c-96bf-d1f3a31859fe to remote] DEBUG org.apache.http.headers - http-outgoing-109 &lt;&lt; connection: close
14:21:33.575 [Forwarding findElement on session 9ff46c75-f860-4b6c-96bf-d1f3a31859fe to remote] DEBUG org.apache.http.headers - http-outgoing-109 &lt;&lt; content-length: 145
14:21:33.575 [Forwarding findElement on session 9ff46c75-f860-4b6c-96bf-d1f3a31859fe to remote] DEBUG org.apache.http.headers - http-outgoing-109 &lt;&lt; server: httpd.js
14:21:33.575 [Forwarding findElement on session 9ff46c75-f860-4b6c-96bf-d1f3a31859fe to remote] DEBUG org.apache.http.headers - http-outgoing-109 &lt;&lt; date: Thu, 04 Jun 2015 06:21:33 GMT
14:21:33.576 [Forwarding findElement on session 9ff46c75-f860-4b6c-96bf-d1f3a31859fe to remote] DEBUG org.apache.http.wire - http-outgoing-109 &lt;&lt; "{"name":"findElement","sessionId":"9ff46c75-f860-4b6c-96bf-d1f3a31859fe","status":0,"value":{"ELEMENT":"{373d993b-a918-4ae2-9a3d-caff806d81db}"}}"
14:21:33.576 [Forwarding findElement on session 9ff46c75-f860-4b6c-96bf-d1f3a31859fe to remote] DEBUG o.a.h.i.c.DefaultManagedHttpClientConnection - http-outgoing-109: Shutdown connection
14:21:33.576 [Forwarding findElement on session 9ff46c75-f860-4b6c-96bf-d1f3a31859fe to remote] DEBUG o.a.h.impl.execchain.MainClientExec - Connection discarded
14:21:33.576 [Forwarding findElement on session 9ff46c75-f860-4b6c-96bf-d1f3a31859fe to remote] DEBUG o.a.h.i.c.DefaultManagedHttpClientConnection - http-outgoing-109: Close connection
14:21:33.576 [Forwarding findElement on session 9ff46c75-f860-4b6c-96bf-d1f3a31859fe to remote] DEBUG o.a.h.i.c.PoolingHttpClientConnectionManager - Connection released: [id: 109][route: {}-&gt;http://127.0.0.1:7055][total kept alive: 0; route allocated: 0 of 2000; total allocated: 0 of 2000]
14:21:33.578 [Forwarding sendKeysToElement on session 9ff46c75-f860-4b6c-96bf-d1f3a31859fe to remote] DEBUG o.a.h.c.protocol.RequestAddCookies - CookieSpec selected: best-match
14:21:33.578 [Forwarding sendKeysToElement on session 9ff46c75-f860-4b6c-96bf-d1f3a31859fe to remote] DEBUG o.a.h.c.protocol.RequestAuthCache - Auth cache not set in the context
14:21:33.578 [Forwarding sendKeysToElement on session 9ff46c75-f860-4b6c-96bf-d1f3a31859fe to remote] DEBUG o.a.h.i.c.PoolingHttpClientConnectionManager - Connection request: [route: {}-&gt;http://127.0.0.1:7055][total kept alive: 0; route allocated: 0 of 2000; total allocated: 0 of 2000]
14:21:33.578 [Forwarding sendKeysToElement on session 9ff46c75-f860-4b6c-96bf-d1f3a31859fe to remote] DEBUG o.a.h.i.c.PoolingHttpClientConnectionManager - Connection leased: [id: 110][route: {}-&gt;http://127.0.0.1:7055][total kept alive: 0; route allocated: 1 of 2000; total allocated: 1 of 2000]
14:21:33.578 [Forwarding sendKeysToElement on session 9ff46c75-f860-4b6c-96bf-d1f3a31859fe to remote] DEBUG o.a.h.impl.execchain.MainClientExec - Opening connection {}-&gt;http://127.0.0.1:7055
14:21:33.578 [Forwarding sendKeysToElement on session 9ff46c75-f860-4b6c-96bf-d1f3a31859fe to remote] DEBUG o.a.h.i.c.HttpClientConnectionOperator - Connecting to /127.0.0.1:7055
14:21:33.578 [Forwarding sendKeysToElement on session 9ff46c75-f860-4b6c-96bf-d1f3a31859fe to remote] DEBUG o.a.h.i.c.HttpClientConnectionOperator - Connection established 127.0.0.1:59026&lt;-&gt;127.0.0.1:7055
14:21:33.578 [Forwarding sendKeysToElement on session 9ff46c75-f860-4b6c-96bf-d1f3a31859fe to remote] DEBUG o.a.h.impl.execchain.MainClientExec - Executing request POST /hub/session/9ff46c75-f860-4b6c-96bf-d1f3a31859fe/element/%7B373d993b-a918-4ae2-9a3d-caff806d81db%7D/value HTTP/1.1
14:21:33.578 [Forwarding sendKeysToElement on session 9ff46c75-f860-4b6c-96bf-d1f3a31859fe to remote] DEBUG o.a.h.impl.execchain.MainClientExec - Target auth state: UNCHALLENGED
14:21:33.578 [Forwarding sendKeysToElement on session 9ff46c75-f860-4b6c-96bf-d1f3a31859fe to remote] DEBUG o.a.h.impl.execchain.MainClientExec - Proxy auth state: UNCHALLENGED
14:21:33.579 [Forwarding sendKeysToElement on session 9ff46c75-f860-4b6c-96bf-d1f3a31859fe to remote] DEBUG org.apache.http.headers - http-outgoing-110 &gt;&gt; POST /hub/session/9ff46c75-f860-4b6c-96bf-d1f3a31859fe/element/%7B373d993b-a918-4ae2-9a3d-caff806d81db%7D/value HTTP/1.1
14:21:33.579 [Forwarding sendKeysToElement on session 9ff46c75-f860-4b6c-96bf-d1f3a31859fe to remote] DEBUG org.apache.http.headers - http-outgoing-110 &gt;&gt; Content-Type: application/json; charset=utf-8
14:21:33.579 [Forwarding sendKeysToElement on session 9ff46c75-f860-4b6c-96bf-d1f3a31859fe to remote] DEBUG org.apache.http.headers - http-outgoing-110 &gt;&gt; Content-Length: 69
14:21:33.579 [Forwarding sendKeysToElement on session 9ff46c75-f860-4b6c-96bf-d1f3a31859fe to remote] DEBUG org.apache.http.headers - http-outgoing-110 &gt;&gt; Host: 127.0.0.1:7055
14:21:33.579 [Forwarding sendKeysToElement on session 9ff46c75-f860-4b6c-96bf-d1f3a31859fe to remote] DEBUG org.apache.http.headers - http-outgoing-110 &gt;&gt; Connection: Keep-Alive
14:21:33.579 [Forwarding sendKeysToElement on session 9ff46c75-f860-4b6c-96bf-d1f3a31859fe to remote] DEBUG org.apache.http.headers - http-outgoing-110 &gt;&gt; User-Agent: Apache-HttpClient/4.3.4 (java 1.5)
14:21:33.579 [Forwarding sendKeysToElement on session 9ff46c75-f860-4b6c-96bf-d1f3a31859fe to remote] DEBUG org.apache.http.headers - http-outgoing-110 &gt;&gt; Accept-Encoding: gzip,deflate
14:21:33.579 [Forwarding sendKeysToElement on session 9ff46c75-f860-4b6c-96bf-d1f3a31859fe to remote] DEBUG org.apache.http.wire - http-outgoing-110 &gt;&gt; "POST /hub/session/9ff46c75-f860-4b6c-96bf-d1f3a31859fe/element/%7B373d993b-a918-4ae2-9a3d-caff806d81db%7D/value HTTP/1.1[\r][\n]"
14:21:33.579 [Forwarding sendKeysToElement on session 9ff46c75-f860-4b6c-96bf-d1f3a31859fe to remote] DEBUG org.apache.http.wire - http-outgoing-110 &gt;&gt; "Content-Type: application/json; charset=utf-8[\r][\n]"
14:21:33.579 [Forwarding sendKeysToElement on session 9ff46c75-f860-4b6c-96bf-d1f3a31859fe to remote] DEBUG org.apache.http.wire - http-outgoing-110 &gt;&gt; "Content-Length: 69[\r][\n]"
14:21:33.579 [Forwarding sendKeysToElement on session 9ff46c75-f860-4b6c-96bf-d1f3a31859fe to remote] DEBUG org.apache.http.wire - http-outgoing-110 &gt;&gt; "Host: 127.0.0.1:7055[\r][\n]"
14:21:33.579 [Forwarding sendKeysToElement on session 9ff46c75-f860-4b6c-96bf-d1f3a31859fe to remote] DEBUG org.apache.http.wire - http-outgoing-110 &gt;&gt; "Connection: Keep-Alive[\r][\n]"
14:21:33.579 [Forwarding sendKeysToElement on session 9ff46c75-f860-4b6c-96bf-d1f3a31859fe to remote] DEBUG org.apache.http.wire - http-outgoing-110 &gt;&gt; "User-Agent: Apache-HttpClient/4.3.4 (java 1.5)[\r][\n]"
14:21:33.579 [Forwarding sendKeysToElement on session 9ff46c75-f860-4b6c-96bf-d1f3a31859fe to remote] DEBUG org.apache.http.wire - http-outgoing-110 &gt;&gt; "Accept-Encoding: gzip,deflate[\r][\n]"
14:21:33.579 [Forwarding sendKeysToElement on session 9ff46c75-f860-4b6c-96bf-d1f3a31859fe to remote] DEBUG org.apache.http.wire - http-outgoing-110 &gt;&gt; "[\r][\n]"
14:21:33.579 [Forwarding sendKeysToElement on session 9ff46c75-f860-4b6c-96bf-d1f3a31859fe to remote] DEBUG org.apache.http.wire - http-outgoing-110 &gt;&gt; "{"id":"{373d993b-a918-4ae2-9a3d-caff806d81db}","value":["[0xe7][0x8e][0x8b][0xe8][0x80][0x81][0xe5][0xb8][0x88]"]}"
14:21:33.610 [Forwarding sendKeysToElement on session 9ff46c75-f860-4b6c-96bf-d1f3a31859fe to remote] DEBUG org.apache.http.wire - http-outgoing-110 &lt;&lt; "HTTP/1.1 200 OK[\r][\n]"
14:21:33.610 [Forwarding sendKeysToElement on session 9ff46c75-f860-4b6c-96bf-d1f3a31859fe to remote] DEBUG org.apache.http.wire - http-outgoing-110 &lt;&lt; "content-type: application/json; charset=UTF-8[\r][\n]"
14:21:33.610 [Forwarding sendKeysToElement on session 9ff46c75-f860-4b6c-96bf-d1f3a31859fe to remote] DEBUG org.apache.http.wire - http-outgoing-110 &lt;&lt; "connection: close[\r][\n]"
14:21:33.610 [Forwarding sendKeysToElement on session 9ff46c75-f860-4b6c-96bf-d1f3a31859fe to remote] DEBUG org.apache.http.wire - http-outgoing-110 &lt;&lt; "content-length: 101[\r][\n]"
14:21:33.610 [Forwarding sendKeysToElement on session 9ff46c75-f860-4b6c-96bf-d1f3a31859fe to remote] DEBUG org.apache.http.wire - http-outgoing-110 &lt;&lt; "server: httpd.js[\r][\n]"
14:21:33.610 [Forwarding sendKeysToElement on session 9ff46c75-f860-4b6c-96bf-d1f3a31859fe to remote] DEBUG org.apache.http.wire - http-outgoing-110 &lt;&lt; "date: Thu, 04 Jun 2015 06:21:33 GMT[\r][\n]"
14:21:33.610 [Forwarding sendKeysToElement on session 9ff46c75-f860-4b6c-96bf-d1f3a31859fe to remote] DEBUG org.apache.http.wire - http-outgoing-110 &lt;&lt; "[\r][\n]"
14:21:33.610 [Forwarding sendKeysToElement on session 9ff46c75-f860-4b6c-96bf-d1f3a31859fe to remote] DEBUG org.apache.http.wire - http-outgoing-110 &lt;&lt; "{"name":"sendKeysToElement","sessionId":"9ff46c75-f860-4b6c-96bf-d1f3a31859fe","status":0,"value":""}"
14:21:33.610 [Forwarding sendKeysToElement on session 9ff46c75-f860-4b6c-96bf-d1f3a31859fe to remote] DEBUG org.apache.http.headers - http-outgoing-110 &lt;&lt; HTTP/1.1 200 OK
14:21:33.610 [Forwarding sendKeysToElement on session 9ff46c75-f860-4b6c-96bf-d1f3a31859fe to remote] DEBUG org.apache.http.headers - http-outgoing-110 &lt;&lt; content-type: application/json; charset=UTF-8
14:21:33.610 [Forwarding sendKeysToElement on session 9ff46c75-f860-4b6c-96bf-d1f3a31859fe to remote] DEBUG org.apache.http.headers - http-outgoing-110 &lt;&lt; connection: close
14:21:33.610 [Forwarding sendKeysToElement on session 9ff46c75-f860-4b6c-96bf-d1f3a31859fe to remote] DEBUG org.apache.http.headers - http-outgoing-110 &lt;&lt; content-length: 101
14:21:33.611 [Forwarding sendKeysToElement on session 9ff46c75-f860-4b6c-96bf-d1f3a31859fe to remote] DEBUG org.apache.http.headers - http-outgoing-110 &lt;&lt; server: httpd.js
14:21:33.611 [Forwarding sendKeysToElement on session 9ff46c75-f860-4b6c-96bf-d1f3a31859fe to remote] DEBUG org.apache.http.headers - http-outgoing-110 &lt;&lt; date: Thu, 04 Jun 2015 06:21:33 GMT
14:21:33.611 [Forwarding sendKeysToElement on session 9ff46c75-f860-4b6c-96bf-d1f3a31859fe to remote] DEBUG o.a.h.i.c.DefaultManagedHttpClientConnection - http-outgoing-110: Shutdown connection
14:21:33.611 [Forwarding sendKeysToElement on session 9ff46c75-f860-4b6c-96bf-d1f3a31859fe to remote] DEBUG o.a.h.impl.execchain.MainClientExec - Connection discarded
14:21:33.611 [Forwarding sendKeysToElement on session 9ff46c75-f860-4b6c-96bf-d1f3a31859fe to remote] DEBUG o.a.h.i.c.DefaultManagedHttpClientConnection - http-outgoing-110: Close connection
14:21:33.611 [Forwarding sendKeysToElement on session 9ff46c75-f860-4b6c-96bf-d1f3a31859fe to remote] DEBUG o.a.h.i.c.PoolingHttpClientConnectionManager - Connection released: [id: 110][route: {}-&gt;http://127.0.0.1:7055][total kept alive: 0; route allocated: 0 of 2000; total allocated: 0 of 2000]
14:21:33.612 [Forwarding findElement on session 9ff46c75-f860-4b6c-96bf-d1f3a31859fe to remote] DEBUG o.a.h.c.protocol.RequestAddCookies - CookieSpec selected: best-match
14:21:33.613 [Forwarding findElement on session 9ff46c75-f860-4b6c-96bf-d1f3a31859fe to remote] DEBUG o.a.h.c.protocol.RequestAuthCache - Auth cache not set in the context
14:21:33.613 [Forwarding findElement on session 9ff46c75-f860-4b6c-96bf-d1f3a31859fe to remote] DEBUG o.a.h.i.c.PoolingHttpClientConnectionManager - Connection request: [route: {}-&gt;http://127.0.0.1:7055][total kept alive: 0; route allocated: 0 of 2000; total allocated: 0 of 2000]
14:21:33.613 [Forwarding findElement on session 9ff46c75-f860-4b6c-96bf-d1f3a31859fe to remote] DEBUG o.a.h.i.c.PoolingHttpClientConnectionManager - Connection leased: [id: 111][route: {}-&gt;http://127.0.0.1:7055][total kept alive: 0; route allocated: 1 of 2000; total allocated: 1 of 2000]
14:21:33.613 [Forwarding findElement on session 9ff46c75-f860-4b6c-96bf-d1f3a31859fe to remote] DEBUG o.a.h.impl.execchain.MainClientExec - Opening connection {}-&gt;http://127.0.0.1:7055
14:21:33.613 [Forwarding findElement on session 9ff46c75-f860-4b6c-96bf-d1f3a31859fe to remote] DEBUG o.a.h.i.c.HttpClientConnectionOperator - Connecting to /127.0.0.1:7055
14:21:33.613 [Forwarding findElement on session 9ff46c75-f860-4b6c-96bf-d1f3a31859fe to remote] DEBUG o.a.h.i.c.HttpClientConnectionOperator - Connection established 127.0.0.1:59027&lt;-&gt;127.0.0.1:7055
14:21:33.613 [Forwarding findElement on session 9ff46c75-f860-4b6c-96bf-d1f3a31859fe to remote] DEBUG o.a.h.impl.execchain.MainClientExec - Executing request POST /hub/session/9ff46c75-f860-4b6c-96bf-d1f3a31859fe/element HTTP/1.1
14:21:33.613 [Forwarding findElement on session 9ff46c75-f860-4b6c-96bf-d1f3a31859fe to remote] DEBUG o.a.h.impl.execchain.MainClientExec - Target auth state: UNCHALLENGED
14:21:33.614 [Forwarding findElement on session 9ff46c75-f860-4b6c-96bf-d1f3a31859fe to remote] DEBUG o.a.h.impl.execchain.MainClientExec - Proxy auth state: UNCHALLENGED
14:21:33.614 [Forwarding findElement on session 9ff46c75-f860-4b6c-96bf-d1f3a31859fe to remote] DEBUG org.apache.http.headers - http-outgoing-111 &gt;&gt; POST /hub/session/9ff46c75-f860-4b6c-96bf-d1f3a31859fe/element HTTP/1.1
14:21:33.614 [Forwarding findElement on session 9ff46c75-f860-4b6c-96bf-d1f3a31859fe to remote] DEBUG org.apache.http.headers - http-outgoing-111 &gt;&gt; Content-Type: application/json; charset=utf-8
14:21:33.614 [Forwarding findElement on session 9ff46c75-f860-4b6c-96bf-d1f3a31859fe to remote] DEBUG org.apache.http.headers - http-outgoing-111 &gt;&gt; Content-Length: 104
14:21:33.614 [Forwarding findElement on session 9ff46c75-f860-4b6c-96bf-d1f3a31859fe to remote] DEBUG org.apache.http.headers - http-outgoing-111 &gt;&gt; Host: 127.0.0.1:7055
14:21:33.614 [Forwarding findElement on session 9ff46c75-f860-4b6c-96bf-d1f3a31859fe to remote] DEBUG org.apache.http.headers - http-outgoing-111 &gt;&gt; Connection: Keep-Alive
14:21:33.614 [Forwarding findElement on session 9ff46c75-f860-4b6c-96bf-d1f3a31859fe to remote] DEBUG org.apache.http.headers - http-outgoing-111 &gt;&gt; User-Agent: Apache-HttpClient/4.3.4 (java 1.5)
14:21:33.614 [Forwarding findElement on session 9ff46c75-f860-4b6c-96bf-d1f3a31859fe to remote] DEBUG org.apache.http.headers - http-outgoing-111 &gt;&gt; Accept-Encoding: gzip,deflate
14:21:33.614 [Forwarding findElement on session 9ff46c75-f860-4b6c-96bf-d1f3a31859fe to remote] DEBUG org.apache.http.wire - http-outgoing-111 &gt;&gt; "POST /hub/session/9ff46c75-f860-4b6c-96bf-d1f3a31859fe/element HTTP/1.1[\r][\n]"
14:21:33.614 [Forwarding findElement on session 9ff46c75-f860-4b6c-96bf-d1f3a31859fe to remote] DEBUG org.apache.http.wire - http-outgoing-111 &gt;&gt; "Content-Type: application/json; charset=utf-8[\r][\n]"
14:21:33.614 [Forwarding findElement on session 9ff46c75-f860-4b6c-96bf-d1f3a31859fe to remote] DEBUG org.apache.http.wire - http-outgoing-111 &gt;&gt; "Content-Length: 104[\r][\n]"
14:21:33.614 [Forwarding findElement on session 9ff46c75-f860-4b6c-96bf-d1f3a31859fe to remote] DEBUG org.apache.http.wire - http-outgoing-111 &gt;&gt; "Host: 127.0.0.1:7055[\r][\n]"
14:21:33.614 [Forwarding findElement on session 9ff46c75-f860-4b6c-96bf-d1f3a31859fe to remote] DEBUG org.apache.http.wire - http-outgoing-111 &gt;&gt; "Connection: Keep-Alive[\r][\n]"
14:21:33.614 [Forwarding findElement on session 9ff46c75-f860-4b6c-96bf-d1f3a31859fe to remote] DEBUG org.apache.http.wire - http-outgoing-111 &gt;&gt; "User-Agent: Apache-HttpClient/4.3.4 (java 1.5)[\r][\n]"
14:21:33.614 [Forwarding findElement on session 9ff46c75-f860-4b6c-96bf-d1f3a31859fe to remote] DEBUG org.apache.http.wire - http-outgoing-111 &gt;&gt; "Accept-Encoding: gzip,deflate[\r][\n]"
14:21:33.614 [Forwarding findElement on session 9ff46c75-f860-4b6c-96bf-d1f3a31859fe to remote] DEBUG org.apache.http.wire - http-outgoing-111 &gt;&gt; "[\r][\n]"
14:21:33.614 [Forwarding findElement on session 9ff46c75-f860-4b6c-96bf-d1f3a31859fe to remote] DEBUG org.apache.http.wire - http-outgoing-111 &gt;&gt; "{"using":"xpath","value":".//*[@id\u003d\u0027popupDiv\u0027]/div/div[1]/table/tbody/tr[3]/td[2]/input"}"
14:21:33.625 [Forwarding findElement on session 9ff46c75-f860-4b6c-96bf-d1f3a31859fe to remote] DEBUG org.apache.http.wire - http-outgoing-111 &lt;&lt; "HTTP/1.1 200 OK[\r][\n]"
14:21:33.625 [Forwarding findElement on session 9ff46c75-f860-4b6c-96bf-d1f3a31859fe to remote] DEBUG org.apache.http.wire - http-outgoing-111 &lt;&lt; "content-type: application/json; charset=UTF-8[\r][\n]"
14:21:33.625 [Forwarding findElement on session 9ff46c75-f860-4b6c-96bf-d1f3a31859fe to remote] DEBUG org.apache.http.wire - http-outgoing-111 &lt;&lt; "connection: close[\r][\n]"
14:21:33.625 [Forwarding findElement on session 9ff46c75-f860-4b6c-96bf-d1f3a31859fe to remote] DEBUG org.apache.http.wire - http-outgoing-111 &lt;&lt; "content-length: 145[\r][\n]"
14:21:33.625 [Forwarding findElement on session 9ff46c75-f860-4b6c-96bf-d1f3a31859fe to remote] DEBUG org.apache.http.wire - http-outgoing-111 &lt;&lt; "server: httpd.js[\r][\n]"
14:21:33.625 [Forwarding findElement on session 9ff46c75-f860-4b6c-96bf-d1f3a31859fe to remote] DEBUG org.apache.http.wire - http-outgoing-111 &lt;&lt; "date: Thu, 04 Jun 2015 06:21:33 GMT[\r][\n]"
14:21:33.625 [Forwarding findElement on session 9ff46c75-f860-4b6c-96bf-d1f3a31859fe to remote] DEBUG org.apache.http.wire - http-outgoing-111 &lt;&lt; "[\r][\n]"
14:21:33.625 [Forwarding findElement on session 9ff46c75-f860-4b6c-96bf-d1f3a31859fe to remote] DEBUG org.apache.http.wire - http-outgoing-111 &lt;&lt; "{"name":"findElement","sessionId":"9ff46c75-f860-4b6c-96bf-d1f3a31859fe","status":0,"value":{"ELEMENT":"{b341c435-4442-4906-ace5-703345d55ffe}"}}"
14:21:33.626 [Forwarding findElement on session 9ff46c75-f860-4b6c-96bf-d1f3a31859fe to remote] DEBUG org.apache.http.headers - http-outgoing-111 &lt;&lt; HTTP/1.1 200 OK
14:21:33.626 [Forwarding findElement on session 9ff46c75-f860-4b6c-96bf-d1f3a31859fe to remote] DEBUG org.apache.http.headers - http-outgoing-111 &lt;&lt; content-type: application/json; charset=UTF-8
14:21:33.626 [Forwarding findElement on session 9ff46c75-f860-4b6c-96bf-d1f3a31859fe to remote] DEBUG org.apache.http.headers - http-outgoing-111 &lt;&lt; connection: close
14:21:33.626 [Forwarding findElement on session 9ff46c75-f860-4b6c-96bf-d1f3a31859fe to remote] DEBUG org.apache.http.headers - http-outgoing-111 &lt;&lt; content-length: 145
14:21:33.626 [Forwarding findElement on session 9ff46c75-f860-4b6c-96bf-d1f3a31859fe to remote] DEBUG org.apache.http.headers - http-outgoing-111 &lt;&lt; server: httpd.js
14:21:33.626 [Forwarding findElement on session 9ff46c75-f860-4b6c-96bf-d1f3a31859fe to remote] DEBUG org.apache.http.headers - http-outgoing-111 &lt;&lt; date: Thu, 04 Jun 2015 06:21:33 GMT
14:21:33.626 [Forwarding findElement on session 9ff46c75-f860-4b6c-96bf-d1f3a31859fe to remote] DEBUG o.a.h.i.c.DefaultManagedHttpClientConnection - http-outgoing-111: Shutdown connection
14:21:33.626 [Forwarding findElement on session 9ff46c75-f860-4b6c-96bf-d1f3a31859fe to remote] DEBUG o.a.h.impl.execchain.MainClientExec - Connection discarded
14:21:33.626 [Forwarding findElement on session 9ff46c75-f860-4b6c-96bf-d1f3a31859fe to remote] DEBUG o.a.h.i.c.DefaultManagedHttpClientConnection - http-outgoing-111: Close connection
14:21:33.627 [Forwarding findElement on session 9ff46c75-f860-4b6c-96bf-d1f3a31859fe to remote] DEBUG o.a.h.i.c.PoolingHttpClientConnectionManager - Connection released: [id: 111][route: {}-&gt;http://127.0.0.1:7055][total kept alive: 0; route allocated: 0 of 2000; total allocated: 0 of 2000]
14:21:33.628 [Forwarding findElement on session 9ff46c75-f860-4b6c-96bf-d1f3a31859fe to remote] DEBUG o.a.h.c.protocol.RequestAddCookies - CookieSpec selected: best-match
14:21:33.628 [Forwarding findElement on session 9ff46c75-f860-4b6c-96bf-d1f3a31859fe to remote] DEBUG o.a.h.c.protocol.RequestAuthCache - Auth cache not set in the context
14:21:33.628 [Forwarding findElement on session 9ff46c75-f860-4b6c-96bf-d1f3a31859fe to remote] DEBUG o.a.h.i.c.PoolingHttpClientConnectionManager - Connection request: [route: {}-&gt;http://127.0.0.1:7055][total kept alive: 0; route allocated: 0 of 2000; total allocated: 0 of 2000]
14:21:33.628 [Forwarding findElement on session 9ff46c75-f860-4b6c-96bf-d1f3a31859fe to remote] DEBUG o.a.h.i.c.PoolingHttpClientConnectionManager - Connection leased: [id: 112][route: {}-&gt;http://127.0.0.1:7055][total kept alive: 0; route allocated: 1 of 2000; total allocated: 1 of 2000]
14:21:33.628 [Forwarding findElement on session 9ff46c75-f860-4b6c-96bf-d1f3a31859fe to remote] DEBUG o.a.h.impl.execchain.MainClientExec - Opening connection {}-&gt;http://127.0.0.1:7055
14:21:33.629 [Forwarding findElement on session 9ff46c75-f860-4b6c-96bf-d1f3a31859fe to remote] DEBUG o.a.h.i.c.HttpClientConnectionOperator - Connecting to /127.0.0.1:7055
14:21:33.629 [Forwarding findElement on session 9ff46c75-f860-4b6c-96bf-d1f3a31859fe to remote] DEBUG o.a.h.i.c.HttpClientConnectionOperator - Connection established 127.0.0.1:59028&lt;-&gt;127.0.0.1:7055
14:21:33.629 [Forwarding findElement on session 9ff46c75-f860-4b6c-96bf-d1f3a31859fe to remote] DEBUG o.a.h.impl.execchain.MainClientExec - Executing request POST /hub/session/9ff46c75-f860-4b6c-96bf-d1f3a31859fe/element HTTP/1.1
14:21:33.629 [Forwarding findElement on session 9ff46c75-f860-4b6c-96bf-d1f3a31859fe to remote] DEBUG o.a.h.impl.execchain.MainClientExec - Target auth state: UNCHALLENGED
14:21:33.629 [Forwarding findElement on session 9ff46c75-f860-4b6c-96bf-d1f3a31859fe to remote] DEBUG o.a.h.impl.execchain.MainClientExec - Proxy auth state: UNCHALLENGED
14:21:33.629 [Forwarding findElement on session 9ff46c75-f860-4b6c-96bf-d1f3a31859fe to remote] DEBUG org.apache.http.headers - http-outgoing-112 &gt;&gt; POST /hub/session/9ff46c75-f860-4b6c-96bf-d1f3a31859fe/element HTTP/1.1
14:21:33.629 [Forwarding findElement on session 9ff46c75-f860-4b6c-96bf-d1f3a31859fe to remote] DEBUG org.apache.http.headers - http-outgoing-112 &gt;&gt; Content-Type: application/json; charset=utf-8
14:21:33.629 [Forwarding findElement on session 9ff46c75-f860-4b6c-96bf-d1f3a31859fe to remote] DEBUG org.apache.http.headers - http-outgoing-112 &gt;&gt; Content-Length: 104
14:21:33.629 [Forwarding findElement on session 9ff46c75-f860-4b6c-96bf-d1f3a31859fe to remote] DEBUG org.apache.http.headers - http-outgoing-112 &gt;&gt; Host: 127.0.0.1:7055
14:21:33.629 [Forwarding findElement on session 9ff46c75-f860-4b6c-96bf-d1f3a31859fe to remote] DEBUG org.apache.http.headers - http-outgoing-112 &gt;&gt; Connection: Keep-Alive
14:21:33.629 [Forwarding findElement on session 9ff46c75-f860-4b6c-96bf-d1f3a31859fe to remote] DEBUG org.apache.http.headers - http-outgoing-112 &gt;&gt; User-Agent: Apache-HttpClient/4.3.4 (java 1.5)
14:21:33.629 [Forwarding findElement on session 9ff46c75-f860-4b6c-96bf-d1f3a31859fe to remote] DEBUG org.apache.http.headers - http-outgoing-112 &gt;&gt; Accept-Encoding: gzip,deflate
14:21:33.629 [Forwarding findElement on session 9ff46c75-f860-4b6c-96bf-d1f3a31859fe to remote] DEBUG org.apache.http.wire - http-outgoing-112 &gt;&gt; "POST /hub/session/9ff46c75-f860-4b6c-96bf-d1f3a31859fe/element HTTP/1.1[\r][\n]"
14:21:33.629 [Forwarding findElement on session 9ff46c75-f860-4b6c-96bf-d1f3a31859fe to remote] DEBUG org.apache.http.wire - http-outgoing-112 &gt;&gt; "Content-Type: application/json; charset=utf-8[\r][\n]"
14:21:33.629 [Forwarding findElement on session 9ff46c75-f860-4b6c-96bf-d1f3a31859fe to remote] DEBUG org.apache.http.wire - http-outgoing-112 &gt;&gt; "Content-Length: 104[\r][\n]"
14:21:33.629 [Forwarding findElement on session 9ff46c75-f860-4b6c-96bf-d1f3a31859fe to remote] DEBUG org.apache.http.wire - http-outgoing-112 &gt;&gt; "Host: 127.0.0.1:7055[\r][\n]"
14:21:33.629 [Forwarding findElement on session 9ff46c75-f860-4b6c-96bf-d1f3a31859fe to remote] DEBUG org.apache.http.wire - http-outgoing-112 &gt;&gt; "Connection: Keep-Alive[\r][\n]"
14:21:33.629 [Forwarding findElement on session 9ff46c75-f860-4b6c-96bf-d1f3a31859fe to remote] DEBUG org.apache.http.wire - http-outgoing-112 &gt;&gt; "User-Agent: Apache-HttpClient/4.3.4 (java 1.5)[\r][\n]"
14:21:33.630 [Forwarding findElement on session 9ff46c75-f860-4b6c-96bf-d1f3a31859fe to remote] DEBUG org.apache.http.wire - http-outgoing-112 &gt;&gt; "Accept-Encoding: gzip,deflate[\r][\n]"
14:21:33.630 [Forwarding findElement on session 9ff46c75-f860-4b6c-96bf-d1f3a31859fe to remote] DEBUG org.apache.http.wire - http-outgoing-112 &gt;&gt; "[\r][\n]"
14:21:33.630 [Forwarding findElement on session 9ff46c75-f860-4b6c-96bf-d1f3a31859fe to remote] DEBUG org.apache.http.wire - http-outgoing-112 &gt;&gt; "{"using":"xpath","value":".//*[@id\u003d\u0027popupDiv\u0027]/div/div[1]/table/tbody/tr[3]/td[2]/input"}"
14:21:33.639 [Forwarding findElement on session 9ff46c75-f860-4b6c-96bf-d1f3a31859fe to remote] DEBUG org.apache.http.wire - http-outgoing-112 &lt;&lt; "HTTP/1.1 200 OK[\r][\n]"
14:21:33.639 [Forwarding findElement on session 9ff46c75-f860-4b6c-96bf-d1f3a31859fe to remote] DEBUG org.apache.http.wire - http-outgoing-112 &lt;&lt; "content-type: application/json; charset=UTF-8[\r][\n]"
14:21:33.639 [Forwarding findElement on session 9ff46c75-f860-4b6c-96bf-d1f3a31859fe to remote] DEBUG org.apache.http.wire - http-outgoing-112 &lt;&lt; "connection: close[\r][\n]"
14:21:33.639 [Forwarding findElement on session 9ff46c75-f860-4b6c-96bf-d1f3a31859fe to remote] DEBUG org.apache.http.wire - http-outgoing-112 &lt;&lt; "content-length: 145[\r][\n]"
14:21:33.639 [Forwarding findElement on session 9ff46c75-f860-4b6c-96bf-d1f3a31859fe to remote] DEBUG org.apache.http.wire - http-outgoing-112 &lt;&lt; "server: httpd.js[\r][\n]"
14:21:33.639 [Forwarding findElement on session 9ff46c75-f860-4b6c-96bf-d1f3a31859fe to remote] DEBUG org.apache.http.wire - http-outgoing-112 &lt;&lt; "date: Thu, 04 Jun 2015 06:21:33 GMT[\r][\n]"
14:21:33.639 [Forwarding findElement on session 9ff46c75-f860-4b6c-96bf-d1f3a31859fe to remote] DEBUG org.apache.http.wire - http-outgoing-112 &lt;&lt; "[\r][\n]"
14:21:33.639 [Forwarding findElement on session 9ff46c75-f860-4b6c-96bf-d1f3a31859fe to remote] DEBUG org.apache.http.wire - http-outgoing-112 &lt;&lt; "{"name":"findElement","sessionId":"9ff46c75-f860-4b6c-96bf-d1f3a31859fe","status":0,"value":{"ELEMENT":"{b341c435-4442-4906-ace5-703345d55ffe}"}}"
14:21:33.640 [Forwarding findElement on session 9ff46c75-f860-4b6c-96bf-d1f3a31859fe to remote] DEBUG org.apache.http.headers - http-outgoing-112 &lt;&lt; HTTP/1.1 200 OK
14:21:33.640 [Forwarding findElement on session 9ff46c75-f860-4b6c-96bf-d1f3a31859fe to remote] DEBUG org.apache.http.headers - http-outgoing-112 &lt;&lt; content-type: application/json; charset=UTF-8
14:21:33.640 [Forwarding findElement on session 9ff46c75-f860-4b6c-96bf-d1f3a31859fe to remote] DEBUG org.apache.http.headers - http-outgoing-112 &lt;&lt; connection: close
14:21:33.640 [Forwarding findElement on session 9ff46c75-f860-4b6c-96bf-d1f3a31859fe to remote] DEBUG org.apache.http.headers - http-outgoing-112 &lt;&lt; content-length: 145
14:21:33.640 [Forwarding findElement on session 9ff46c75-f860-4b6c-96bf-d1f3a31859fe to remote] DEBUG org.apache.http.headers - http-outgoing-112 &lt;&lt; server: httpd.js
14:21:33.640 [Forwarding findElement on session 9ff46c75-f860-4b6c-96bf-d1f3a31859fe to remote] DEBUG org.apache.http.headers - http-outgoing-112 &lt;&lt; date: Thu, 04 Jun 2015 06:21:33 GMT
14:21:33.640 [Forwarding findElement on session 9ff46c75-f860-4b6c-96bf-d1f3a31859fe to remote] DEBUG o.a.h.i.c.DefaultManagedHttpClientConnection - http-outgoing-112: Shutdown connection
14:21:33.640 [Forwarding findElement on session 9ff46c75-f860-4b6c-96bf-d1f3a31859fe to remote] DEBUG o.a.h.impl.execchain.MainClientExec - Connection discarded
14:21:33.640 [Forwarding findElement on session 9ff46c75-f860-4b6c-96bf-d1f3a31859fe to remote] DEBUG o.a.h.i.c.DefaultManagedHttpClientConnection - http-outgoing-112: Close connection
14:21:33.640 [Forwarding findElement on session 9ff46c75-f860-4b6c-96bf-d1f3a31859fe to remote] DEBUG o.a.h.i.c.PoolingHttpClientConnectionManager - Connection released: [id: 112][route: {}-&gt;http://127.0.0.1:7055][total kept alive: 0; route allocated: 0 of 2000; total allocated: 0 of 2000]
14:21:33.642 [Forwarding findElement on session 9ff46c75-f860-4b6c-96bf-d1f3a31859fe to remote] DEBUG o.a.h.c.protocol.RequestAddCookies - CookieSpec selected: best-match
14:21:33.642 [Forwarding findElement on session 9ff46c75-f860-4b6c-96bf-d1f3a31859fe to remote] DEBUG o.a.h.c.protocol.RequestAuthCache - Auth cache not set in the context
14:21:33.642 [Forwarding findElement on session 9ff46c75-f860-4b6c-96bf-d1f3a31859fe to remote] DEBUG o.a.h.i.c.PoolingHttpClientConnectionManager - Connection request: [route: {}-&gt;http://127.0.0.1:7055][total kept alive: 0; route allocated: 0 of 2000; total allocated: 0 of 2000]
14:21:33.642 [Forwarding findElement on session 9ff46c75-f860-4b6c-96bf-d1f3a31859fe to remote] DEBUG o.a.h.i.c.PoolingHttpClientConnectionManager - Connection leased: [id: 113][route: {}-&gt;http://127.0.0.1:7055][total kept alive: 0; route allocated: 1 of 2000; total allocated: 1 of 2000]
14:21:33.642 [Forwarding findElement on session 9ff46c75-f860-4b6c-96bf-d1f3a31859fe to remote] DEBUG o.a.h.impl.execchain.MainClientExec - Opening connection {}-&gt;http://127.0.0.1:7055
14:21:33.642 [Forwarding findElement on session 9ff46c75-f860-4b6c-96bf-d1f3a31859fe to remote] DEBUG o.a.h.i.c.HttpClientConnectionOperator - Connecting to /127.0.0.1:7055
14:21:33.643 [Forwarding findElement on session 9ff46c75-f860-4b6c-96bf-d1f3a31859fe to remote] DEBUG o.a.h.i.c.HttpClientConnectionOperator - Connection established 127.0.0.1:59029&lt;-&gt;127.0.0.1:7055
14:21:33.643 [Forwarding findElement on session 9ff46c75-f860-4b6c-96bf-d1f3a31859fe to remote] DEBUG o.a.h.impl.execchain.MainClientExec - Executing request POST /hub/session/9ff46c75-f860-4b6c-96bf-d1f3a31859fe/element HTTP/1.1
14:21:33.643 [Forwarding findElement on session 9ff46c75-f860-4b6c-96bf-d1f3a31859fe to remote] DEBUG o.a.h.impl.execchain.MainClientExec - Target auth state: UNCHALLENGED
14:21:33.643 [Forwarding findElement on session 9ff46c75-f860-4b6c-96bf-d1f3a31859fe to remote] DEBUG o.a.h.impl.execchain.MainClientExec - Proxy auth state: UNCHALLENGED
14:21:33.643 [Forwarding findElement on session 9ff46c75-f860-4b6c-96bf-d1f3a31859fe to remote] DEBUG org.apache.http.headers - http-outgoing-113 &gt;&gt; POST /hub/session/9ff46c75-f860-4b6c-96bf-d1f3a31859fe/element HTTP/1.1
14:21:33.643 [Forwarding findElement on session 9ff46c75-f860-4b6c-96bf-d1f3a31859fe to remote] DEBUG org.apache.http.headers - http-outgoing-113 &gt;&gt; Content-Type: application/json; charset=utf-8
14:21:33.643 [Forwarding findElement on session 9ff46c75-f860-4b6c-96bf-d1f3a31859fe to remote] DEBUG org.apache.http.headers - http-outgoing-113 &gt;&gt; Content-Length: 104
14:21:33.643 [Forwarding findElement on session 9ff46c75-f860-4b6c-96bf-d1f3a31859fe to remote] DEBUG org.apache.http.headers - http-outgoing-113 &gt;&gt; Host: 127.0.0.1:7055
14:21:33.643 [Forwarding findElement on session 9ff46c75-f860-4b6c-96bf-d1f3a31859fe to remote] DEBUG org.apache.http.headers - http-outgoing-113 &gt;&gt; Connection: Keep-Alive
14:21:33.643 [Forwarding findElement on session 9ff46c75-f860-4b6c-96bf-d1f3a31859fe to remote] DEBUG org.apache.http.headers - http-outgoing-113 &gt;&gt; User-Agent: Apache-HttpClient/4.3.4 (java 1.5)
14:21:33.643 [Forwarding findElement on session 9ff46c75-f860-4b6c-96bf-d1f3a31859fe to remote] DEBUG org.apache.http.headers - http-outgoing-113 &gt;&gt; Accept-Encoding: gzip,deflate
14:21:33.643 [Forwarding findElement on session 9ff46c75-f860-4b6c-96bf-d1f3a31859fe to remote] DEBUG org.apache.http.wire - http-outgoing-113 &gt;&gt; "POST /hub/session/9ff46c75-f860-4b6c-96bf-d1f3a31859fe/element HTTP/1.1[\r][\n]"
14:21:33.643 [Forwarding findElement on session 9ff46c75-f860-4b6c-96bf-d1f3a31859fe to remote] DEBUG org.apache.http.wire - http-outgoing-113 &gt;&gt; "Content-Type: application/json; charset=utf-8[\r][\n]"
14:21:33.643 [Forwarding findElement on session 9ff46c75-f860-4b6c-96bf-d1f3a31859fe to remote] DEBUG org.apache.http.wire - http-outgoing-113 &gt;&gt; "Content-Length: 104[\r][\n]"
14:21:33.643 [Forwarding findElement on session 9ff46c75-f860-4b6c-96bf-d1f3a31859fe to remote] DEBUG org.apache.http.wire - http-outgoing-113 &gt;&gt; "Host: 127.0.0.1:7055[\r][\n]"
14:21:33.643 [Forwarding findElement on session 9ff46c75-f860-4b6c-96bf-d1f3a31859fe to remote] DEBUG org.apache.http.wire - http-outgoing-113 &gt;&gt; "Connection: Keep-Alive[\r][\n]"
14:21:33.643 [Forwarding findElement on session 9ff46c75-f860-4b6c-96bf-d1f3a31859fe to remote] DEBUG org.apache.http.wire - http-outgoing-113 &gt;&gt; "User-Agent: Apache-HttpClient/4.3.4 (java 1.5)[\r][\n]"
14:21:33.644 [Forwarding findElement on session 9ff46c75-f860-4b6c-96bf-d1f3a31859fe to remote] DEBUG org.apache.http.wire - http-outgoing-113 &gt;&gt; "Accept-Encoding: gzip,deflate[\r][\n]"
14:21:33.644 [Forwarding findElement on session 9ff46c75-f860-4b6c-96bf-d1f3a31859fe to remote] DEBUG org.apache.http.wire - http-outgoing-113 &gt;&gt; "[\r][\n]"
14:21:33.644 [Forwarding findElement on session 9ff46c75-f860-4b6c-96bf-d1f3a31859fe to remote] DEBUG org.apache.http.wire - http-outgoing-113 &gt;&gt; "{"using":"xpath","value":".//*[@id\u003d\u0027popupDiv\u0027]/div/div[1]/table/tbody/tr[3]/td[2]/input"}"
14:21:33.661 [Forwarding findElement on session 9ff46c75-f860-4b6c-96bf-d1f3a31859fe to remote] DEBUG org.apache.http.wire - http-outgoing-113 &lt;&lt; "HTTP/1.1 200 OK[\r][\n]"
14:21:33.662 [Forwarding findElement on session 9ff46c75-f860-4b6c-96bf-d1f3a31859fe to remote] DEBUG org.apache.http.wire - http-outgoing-113 &lt;&lt; "content-type: application/json; charset=UTF-8[\r][\n]"
14:21:33.662 [Forwarding findElement on session 9ff46c75-f860-4b6c-96bf-d1f3a31859fe to remote] DEBUG org.apache.http.wire - http-outgoing-113 &lt;&lt; "connection: close[\r][\n]"
14:21:33.662 [Forwarding findElement on session 9ff46c75-f860-4b6c-96bf-d1f3a31859fe to remote] DEBUG org.apache.http.wire - http-outgoing-113 &lt;&lt; "content-length: 145[\r][\n]"
14:21:33.662 [Forwarding findElement on session 9ff46c75-f860-4b6c-96bf-d1f3a31859fe to remote] DEBUG org.apache.http.wire - http-outgoing-113 &lt;&lt; "server: httpd.js[\r][\n]"
14:21:33.662 [Forwarding findElement on session 9ff46c75-f860-4b6c-96bf-d1f3a31859fe to remote] DEBUG org.apache.http.wire - http-outgoing-113 &lt;&lt; "date: Thu, 04 Jun 2015 06:21:33 GMT[\r][\n]"
14:21:33.662 [Forwarding findElement on session 9ff46c75-f860-4b6c-96bf-d1f3a31859fe to remote] DEBUG org.apache.http.wire - http-outgoing-113 &lt;&lt; "[\r][\n]"
14:21:33.662 [Forwarding findElement on session 9ff46c75-f860-4b6c-96bf-d1f3a31859fe to remote] DEBUG org.apache.http.wire - http-outgoing-113 &lt;&lt; "{"name":"findElement","sessionId":"9ff46c75-f860-4b6c-96bf-d1f3a31859fe","status":0,"value":{"ELEMENT":"{b341c435-4442-4906-ace5-703345d55ffe}"}}"
14:21:33.662 [Forwarding findElement on session 9ff46c75-f860-4b6c-96bf-d1f3a31859fe to remote] DEBUG org.apache.http.headers - http-outgoing-113 &lt;&lt; HTTP/1.1 200 OK
14:21:33.662 [Forwarding findElement on session 9ff46c75-f860-4b6c-96bf-d1f3a31859fe to remote] DEBUG org.apache.http.headers - http-outgoing-113 &lt;&lt; content-type: application/json; charset=UTF-8
14:21:33.662 [Forwarding findElement on session 9ff46c75-f860-4b6c-96bf-d1f3a31859fe to remote] DEBUG org.apache.http.headers - http-outgoing-113 &lt;&lt; connection: close
14:21:33.662 [Forwarding findElement on session 9ff46c75-f860-4b6c-96bf-d1f3a31859fe to remote] DEBUG org.apache.http.headers - http-outgoing-113 &lt;&lt; content-length: 145
14:21:33.662 [Forwarding findElement on session 9ff46c75-f860-4b6c-96bf-d1f3a31859fe to remote] DEBUG org.apache.http.headers - http-outgoing-113 &lt;&lt; server: httpd.js
14:21:33.662 [Forwarding findElement on session 9ff46c75-f860-4b6c-96bf-d1f3a31859fe to remote] DEBUG org.apache.http.headers - http-outgoing-113 &lt;&lt; date: Thu, 04 Jun 2015 06:21:33 GMT
14:21:33.663 [Forwarding findElement on session 9ff46c75-f860-4b6c-96bf-d1f3a31859fe to remote] DEBUG o.a.h.i.c.DefaultManagedHttpClientConnection - http-outgoing-113: Shutdown connection
14:21:33.663 [Forwarding findElement on session 9ff46c75-f860-4b6c-96bf-d1f3a31859fe to remote] DEBUG o.a.h.impl.execchain.MainClientExec - Connection discarded
14:21:33.663 [Forwarding findElement on session 9ff46c75-f860-4b6c-96bf-d1f3a31859fe to remote] DEBUG o.a.h.i.c.DefaultManagedHttpClientConnection - http-outgoing-113: Close connection
14:21:33.663 [Forwarding findElement on session 9ff46c75-f860-4b6c-96bf-d1f3a31859fe to remote] DEBUG o.a.h.i.c.PoolingHttpClientConnectionManager - Connection released: [id: 113][route: {}-&gt;http://127.0.0.1:7055][total kept alive: 0; route allocated: 0 of 2000; total allocated: 0 of 2000]
14:21:33.664 [Forwarding sendKeysToElement on session 9ff46c75-f860-4b6c-96bf-d1f3a31859fe to remote] DEBUG o.a.h.c.protocol.RequestAddCookies - CookieSpec selected: best-match
14:21:33.664 [Forwarding sendKeysToElement on session 9ff46c75-f860-4b6c-96bf-d1f3a31859fe to remote] DEBUG o.a.h.c.protocol.RequestAuthCache - Auth cache not set in the context
14:21:33.664 [Forwarding sendKeysToElement on session 9ff46c75-f860-4b6c-96bf-d1f3a31859fe to remote] DEBUG o.a.h.i.c.PoolingHttpClientConnectionManager - Connection request: [route: {}-&gt;http://127.0.0.1:7055][total kept alive: 0; route allocated: 0 of 2000; total allocated: 0 of 2000]
14:21:33.665 [Forwarding sendKeysToElement on session 9ff46c75-f860-4b6c-96bf-d1f3a31859fe to remote] DEBUG o.a.h.i.c.PoolingHttpClientConnectionManager - Connection leased: [id: 114][route: {}-&gt;http://127.0.0.1:7055][total kept alive: 0; route allocated: 1 of 2000; total allocated: 1 of 2000]
14:21:33.665 [Forwarding sendKeysToElement on session 9ff46c75-f860-4b6c-96bf-d1f3a31859fe to remote] DEBUG o.a.h.impl.execchain.MainClientExec - Opening connection {}-&gt;http://127.0.0.1:7055
14:21:33.665 [Forwarding sendKeysToElement on session 9ff46c75-f860-4b6c-96bf-d1f3a31859fe to remote] DEBUG o.a.h.i.c.HttpClientConnectionOperator - Connecting to /127.0.0.1:7055
14:21:33.665 [Forwarding sendKeysToElement on session 9ff46c75-f860-4b6c-96bf-d1f3a31859fe to remote] DEBUG o.a.h.i.c.HttpClientConnectionOperator - Connection established 127.0.0.1:59030&lt;-&gt;127.0.0.1:7055
14:21:33.665 [Forwarding sendKeysToElement on session 9ff46c75-f860-4b6c-96bf-d1f3a31859fe to remote] DEBUG o.a.h.impl.execchain.MainClientExec - Executing request POST /hub/session/9ff46c75-f860-4b6c-96bf-d1f3a31859fe/element/%7Bb341c435-4442-4906-ace5-703345d55ffe%7D/value HTTP/1.1
14:21:33.665 [Forwarding sendKeysToElement on session 9ff46c75-f860-4b6c-96bf-d1f3a31859fe to remote] DEBUG o.a.h.impl.execchain.MainClientExec - Target auth state: UNCHALLENGED
14:21:33.665 [Forwarding sendKeysToElement on session 9ff46c75-f860-4b6c-96bf-d1f3a31859fe to remote] DEBUG o.a.h.impl.execchain.MainClientExec - Proxy auth state: UNCHALLENGED
14:21:33.666 [Forwarding sendKeysToElement on session 9ff46c75-f860-4b6c-96bf-d1f3a31859fe to remote] DEBUG org.apache.http.headers - http-outgoing-114 &gt;&gt; POST /hub/session/9ff46c75-f860-4b6c-96bf-d1f3a31859fe/element/%7Bb341c435-4442-4906-ace5-703345d55ffe%7D/value HTTP/1.1
14:21:33.666 [Forwarding sendKeysToElement on session 9ff46c75-f860-4b6c-96bf-d1f3a31859fe to remote] DEBUG org.apache.http.headers - http-outgoing-114 &gt;&gt; Content-Type: application/json; charset=utf-8
14:21:33.666 [Forwarding sendKeysToElement on session 9ff46c75-f860-4b6c-96bf-d1f3a31859fe to remote] DEBUG org.apache.http.headers - http-outgoing-114 &gt;&gt; Content-Length: 69
14:21:33.666 [Forwarding sendKeysToElement on session 9ff46c75-f860-4b6c-96bf-d1f3a31859fe to remote] DEBUG org.apache.http.headers - http-outgoing-114 &gt;&gt; Host: 127.0.0.1:7055
14:21:33.666 [Forwarding sendKeysToElement on session 9ff46c75-f860-4b6c-96bf-d1f3a31859fe to remote] DEBUG org.apache.http.headers - http-outgoing-114 &gt;&gt; Connection: Keep-Alive
14:21:33.666 [Forwarding sendKeysToElement on session 9ff46c75-f860-4b6c-96bf-d1f3a31859fe to remote] DEBUG org.apache.http.headers - http-outgoing-114 &gt;&gt; User-Agent: Apache-HttpClient/4.3.4 (java 1.5)
14:21:33.666 [Forwarding sendKeysToElement on session 9ff46c75-f860-4b6c-96bf-d1f3a31859fe to remote] DEBUG org.apache.http.headers - http-outgoing-114 &gt;&gt; Accept-Encoding: gzip,deflate
14:21:33.666 [Forwarding sendKeysToElement on session 9ff46c75-f860-4b6c-96bf-d1f3a31859fe to remote] DEBUG org.apache.http.wire - http-outgoing-114 &gt;&gt; "POST /hub/session/9ff46c75-f860-4b6c-96bf-d1f3a31859fe/element/%7Bb341c435-4442-4906-ace5-703345d55ffe%7D/value HTTP/1.1[\r][\n]"
14:21:33.666 [Forwarding sendKeysToElement on session 9ff46c75-f860-4b6c-96bf-d1f3a31859fe to remote] DEBUG org.apache.http.wire - http-outgoing-114 &gt;&gt; "Content-Type: application/json; charset=utf-8[\r][\n]"
14:21:33.666 [Forwarding sendKeysToElement on session 9ff46c75-f860-4b6c-96bf-d1f3a31859fe to remote] DEBUG org.apache.http.wire - http-outgoing-114 &gt;&gt; "Content-Length: 69[\r][\n]"
14:21:33.666 [Forwarding sendKeysToElement on session 9ff46c75-f860-4b6c-96bf-d1f3a31859fe to remote] DEBUG org.apache.http.wire - http-outgoing-114 &gt;&gt; "Host: 127.0.0.1:7055[\r][\n]"
14:21:33.666 [Forwarding sendKeysToElement on session 9ff46c75-f860-4b6c-96bf-d1f3a31859fe to remote] DEBUG org.apache.http.wire - http-outgoing-114 &gt;&gt; "Connection: Keep-Alive[\r][\n]"
14:21:33.669 [Forwarding sendKeysToElement on session 9ff46c75-f860-4b6c-96bf-d1f3a31859fe to remote] DEBUG org.apache.http.wire - http-outgoing-114 &gt;&gt; "User-Agent: Apache-HttpClient/4.3.4 (java 1.5)[\r][\n]"
14:21:33.669 [Forwarding sendKeysToElement on session 9ff46c75-f860-4b6c-96bf-d1f3a31859fe to remote] DEBUG org.apache.http.wire - http-outgoing-114 &gt;&gt; "Accept-Encoding: gzip,deflate[\r][\n]"
14:21:33.670 [Forwarding sendKeysToElement on session 9ff46c75-f860-4b6c-96bf-d1f3a31859fe to remote] DEBUG org.apache.http.wire - http-outgoing-114 &gt;&gt; "[\r][\n]"
14:21:33.670 [Forwarding sendKeysToElement on session 9ff46c75-f860-4b6c-96bf-d1f3a31859fe to remote] DEBUG org.apache.http.wire - http-outgoing-114 &gt;&gt; "{"id":"{b341c435-4442-4906-ace5-703345d55ffe}","value":["[0xe6][0x9d][0x8e][0xe8][0x80][0x81][0xe5][0xb8][0x88]"]}"
14:21:33.747 [Forwarding sendKeysToElement on session 9ff46c75-f860-4b6c-96bf-d1f3a31859fe to remote] DEBUG org.apache.http.wire - http-outgoing-114 &lt;&lt; "HTTP/1.1 200 OK[\r][\n]"
14:21:33.747 [Forwarding sendKeysToElement on session 9ff46c75-f860-4b6c-96bf-d1f3a31859fe to remote] DEBUG org.apache.http.wire - http-outgoing-114 &lt;&lt; "content-type: application/json; charset=UTF-8[\r][\n]"
14:21:33.747 [Forwarding sendKeysToElement on session 9ff46c75-f860-4b6c-96bf-d1f3a31859fe to remote] DEBUG org.apache.http.wire - http-outgoing-114 &lt;&lt; "connection: close[\r][\n]"
14:21:33.747 [Forwarding sendKeysToElement on session 9ff46c75-f860-4b6c-96bf-d1f3a31859fe to remote] DEBUG org.apache.http.wire - http-outgoing-114 &lt;&lt; "content-length: 101[\r][\n]"
14:21:33.747 [Forwarding sendKeysToElement on session 9ff46c75-f860-4b6c-96bf-d1f3a31859fe to remote] DEBUG org.apache.http.wire - http-outgoing-114 &lt;&lt; "server: httpd.js[\r][\n]"
14:21:33.747 [Forwarding sendKeysToElement on session 9ff46c75-f860-4b6c-96bf-d1f3a31859fe to remote] DEBUG org.apache.http.wire - http-outgoing-114 &lt;&lt; "date: Thu, 04 Jun 2015 06:21:33 GMT[\r][\n]"
14:21:33.747 [Forwarding sendKeysToElement on session 9ff46c75-f860-4b6c-96bf-d1f3a31859fe to remote] DEBUG org.apache.http.wire - http-outgoing-114 &lt;&lt; "[\r][\n]"
14:21:33.747 [Forwarding sendKeysToElement on session 9ff46c75-f860-4b6c-96bf-d1f3a31859fe to remote] DEBUG org.apache.http.wire - http-outgoing-114 &lt;&lt; "{"name":"sendKeysToElement","sessionId":"9ff46c75-f860-4b6c-96bf-d1f3a31859fe","status":0,"value":""}"
14:21:33.748 [Forwarding sendKeysToElement on session 9ff46c75-f860-4b6c-96bf-d1f3a31859fe to remote] DEBUG org.apache.http.headers - http-outgoing-114 &lt;&lt; HTTP/1.1 200 OK
14:21:33.748 [Forwarding sendKeysToElement on session 9ff46c75-f860-4b6c-96bf-d1f3a31859fe to remote] DEBUG org.apache.http.headers - http-outgoing-114 &lt;&lt; content-type: application/json; charset=UTF-8
14:21:33.748 [Forwarding sendKeysToElement on session 9ff46c75-f860-4b6c-96bf-d1f3a31859fe to remote] DEBUG org.apache.http.headers - http-outgoing-114 &lt;&lt; connection: close
14:21:33.748 [Forwarding sendKeysToElement on session 9ff46c75-f860-4b6c-96bf-d1f3a31859fe to remote] DEBUG org.apache.http.headers - http-outgoing-114 &lt;&lt; content-length: 101
14:21:33.748 [Forwarding sendKeysToElement on session 9ff46c75-f860-4b6c-96bf-d1f3a31859fe to remote] DEBUG org.apache.http.headers - http-outgoing-114 &lt;&lt; server: httpd.js
14:21:33.748 [Forwarding sendKeysToElement on session 9ff46c75-f860-4b6c-96bf-d1f3a31859fe to remote] DEBUG org.apache.http.headers - http-outgoing-114 &lt;&lt; date: Thu, 04 Jun 2015 06:21:33 GMT
14:21:33.748 [Forwarding sendKeysToElement on session 9ff46c75-f860-4b6c-96bf-d1f3a31859fe to remote] DEBUG o.a.h.i.c.DefaultManagedHttpClientConnection - http-outgoing-114: Shutdown connection
14:21:33.748 [Forwarding sendKeysToElement on session 9ff46c75-f860-4b6c-96bf-d1f3a31859fe to remote] DEBUG o.a.h.impl.execchain.MainClientExec - Connection discarded
14:21:33.748 [Forwarding sendKeysToElement on session 9ff46c75-f860-4b6c-96bf-d1f3a31859fe to remote] DEBUG o.a.h.i.c.DefaultManagedHttpClientConnection - http-outgoing-114: Close connection
14:21:33.749 [Forwarding sendKeysToElement on session 9ff46c75-f860-4b6c-96bf-d1f3a31859fe to remote] DEBUG o.a.h.i.c.PoolingHttpClientConnectionManager - Connection released: [id: 114][route: {}-&gt;http://127.0.0.1:7055][total kept alive: 0; route allocated: 0 of 2000; total allocated: 0 of 2000]
14:21:33.750 [Forwarding findElement on session 9ff46c75-f860-4b6c-96bf-d1f3a31859fe to remote] DEBUG o.a.h.c.protocol.RequestAddCookies - CookieSpec selected: best-match
14:21:33.750 [Forwarding findElement on session 9ff46c75-f860-4b6c-96bf-d1f3a31859fe to remote] DEBUG o.a.h.c.protocol.RequestAuthCache - Auth cache not set in the context
14:21:33.750 [Forwarding findElement on session 9ff46c75-f860-4b6c-96bf-d1f3a31859fe to remote] DEBUG o.a.h.i.c.PoolingHttpClientConnectionManager - Connection request: [route: {}-&gt;http://127.0.0.1:7055][total kept alive: 0; route allocated: 0 of 2000; total allocated: 0 of 2000]
14:21:33.750 [Forwarding findElement on session 9ff46c75-f860-4b6c-96bf-d1f3a31859fe to remote] DEBUG o.a.h.i.c.PoolingHttpClientConnectionManager - Connection leased: [id: 115][route: {}-&gt;http://127.0.0.1:7055][total kept alive: 0; route allocated: 1 of 2000; total allocated: 1 of 2000]
14:21:33.750 [Forwarding findElement on session 9ff46c75-f860-4b6c-96bf-d1f3a31859fe to remote] DEBUG o.a.h.impl.execchain.MainClientExec - Opening connection {}-&gt;http://127.0.0.1:7055
14:21:33.750 [Forwarding findElement on session 9ff46c75-f860-4b6c-96bf-d1f3a31859fe to remote] DEBUG o.a.h.i.c.HttpClientConnectionOperator - Connecting to /127.0.0.1:7055
14:21:33.751 [Forwarding findElement on session 9ff46c75-f860-4b6c-96bf-d1f3a31859fe to remote] DEBUG o.a.h.i.c.HttpClientConnectionOperator - Connection established 127.0.0.1:59031&lt;-&gt;127.0.0.1:7055
14:21:33.751 [Forwarding findElement on session 9ff46c75-f860-4b6c-96bf-d1f3a31859fe to remote] DEBUG o.a.h.impl.execchain.MainClientExec - Executing request POST /hub/session/9ff46c75-f860-4b6c-96bf-d1f3a31859fe/element HTTP/1.1
14:21:33.751 [Forwarding findElement on session 9ff46c75-f860-4b6c-96bf-d1f3a31859fe to remote] DEBUG o.a.h.impl.execchain.MainClientExec - Target auth state: UNCHALLENGED
14:21:33.751 [Forwarding findElement on session 9ff46c75-f860-4b6c-96bf-d1f3a31859fe to remote] DEBUG o.a.h.impl.execchain.MainClientExec - Proxy auth state: UNCHALLENGED
14:21:33.751 [Forwarding findElement on session 9ff46c75-f860-4b6c-96bf-d1f3a31859fe to remote] DEBUG org.apache.http.headers - http-outgoing-115 &gt;&gt; POST /hub/session/9ff46c75-f860-4b6c-96bf-d1f3a31859fe/element HTTP/1.1
14:21:33.751 [Forwarding findElement on session 9ff46c75-f860-4b6c-96bf-d1f3a31859fe to remote] DEBUG org.apache.http.headers - http-outgoing-115 &gt;&gt; Content-Type: application/json; charset=utf-8
14:21:33.751 [Forwarding findElement on session 9ff46c75-f860-4b6c-96bf-d1f3a31859fe to remote] DEBUG org.apache.http.headers - http-outgoing-115 &gt;&gt; Content-Length: 104
14:21:33.751 [Forwarding findElement on session 9ff46c75-f860-4b6c-96bf-d1f3a31859fe to remote] DEBUG org.apache.http.headers - http-outgoing-115 &gt;&gt; Host: 127.0.0.1:7055
14:21:33.751 [Forwarding findElement on session 9ff46c75-f860-4b6c-96bf-d1f3a31859fe to remote] DEBUG org.apache.http.headers - http-outgoing-115 &gt;&gt; Connection: Keep-Alive
14:21:33.751 [Forwarding findElement on session 9ff46c75-f860-4b6c-96bf-d1f3a31859fe to remote] DEBUG org.apache.http.headers - http-outgoing-115 &gt;&gt; User-Agent: Apache-HttpClient/4.3.4 (java 1.5)
14:21:33.751 [Forwarding findElement on session 9ff46c75-f860-4b6c-96bf-d1f3a31859fe to remote] DEBUG org.apache.http.headers - http-outgoing-115 &gt;&gt; Accept-Encoding: gzip,deflate
14:21:33.751 [Forwarding findElement on session 9ff46c75-f860-4b6c-96bf-d1f3a31859fe to remote] DEBUG org.apache.http.wire - http-outgoing-115 &gt;&gt; "POST /hub/session/9ff46c75-f860-4b6c-96bf-d1f3a31859fe/element HTTP/1.1[\r][\n]"
14:21:33.751 [Forwarding findElement on session 9ff46c75-f860-4b6c-96bf-d1f3a31859fe to remote] DEBUG org.apache.http.wire - http-outgoing-115 &gt;&gt; "Content-Type: application/json; charset=utf-8[\r][\n]"
14:21:33.751 [Forwarding findElement on session 9ff46c75-f860-4b6c-96bf-d1f3a31859fe to remote] DEBUG org.apache.http.wire - http-outgoing-115 &gt;&gt; "Content-Length: 104[\r][\n]"
14:21:33.751 [Forwarding findElement on session 9ff46c75-f860-4b6c-96bf-d1f3a31859fe to remote] DEBUG org.apache.http.wire - http-outgoing-115 &gt;&gt; "Host: 127.0.0.1:7055[\r][\n]"
14:21:33.751 [Forwarding findElement on session 9ff46c75-f860-4b6c-96bf-d1f3a31859fe to remote] DEBUG org.apache.http.wire - http-outgoing-115 &gt;&gt; "Connection: Keep-Alive[\r][\n]"
14:21:33.751 [Forwarding findElement on session 9ff46c75-f860-4b6c-96bf-d1f3a31859fe to remote] DEBUG org.apache.http.wire - http-outgoing-115 &gt;&gt; "User-Agent: Apache-HttpClient/4.3.4 (java 1.5)[\r][\n]"
14:21:33.752 [Forwarding findElement on session 9ff46c75-f860-4b6c-96bf-d1f3a31859fe to remote] DEBUG org.apache.http.wire - http-outgoing-115 &gt;&gt; "Accept-Encoding: gzip,deflate[\r][\n]"
14:21:33.752 [Forwarding findElement on session 9ff46c75-f860-4b6c-96bf-d1f3a31859fe to remote] DEBUG org.apache.http.wire - http-outgoing-115 &gt;&gt; "[\r][\n]"
14:21:33.752 [Forwarding findElement on session 9ff46c75-f860-4b6c-96bf-d1f3a31859fe to remote] DEBUG org.apache.http.wire - http-outgoing-115 &gt;&gt; "{"using":"xpath","value":".//*[@id\u003d\u0027popupDiv\u0027]/div/div[1]/table/tbody/tr[4]/td[2]/input"}"
14:21:33.978 [Forwarding findElement on session 9ff46c75-f860-4b6c-96bf-d1f3a31859fe to remote] DEBUG org.apache.http.wire - http-outgoing-115 &lt;&lt; "HTTP/1.1 200 OK[\r][\n]"
14:21:33.978 [Forwarding findElement on session 9ff46c75-f860-4b6c-96bf-d1f3a31859fe to remote] DEBUG org.apache.http.wire - http-outgoing-115 &lt;&lt; "content-type: application/json; charset=UTF-8[\r][\n]"
14:21:33.978 [Forwarding findElement on session 9ff46c75-f860-4b6c-96bf-d1f3a31859fe to remote] DEBUG org.apache.http.wire - http-outgoing-115 &lt;&lt; "connection: close[\r][\n]"
14:21:33.978 [Forwarding findElement on session 9ff46c75-f860-4b6c-96bf-d1f3a31859fe to remote] DEBUG org.apache.http.wire - http-outgoing-115 &lt;&lt; "content-length: 145[\r][\n]"
14:21:33.978 [Forwarding findElement on session 9ff46c75-f860-4b6c-96bf-d1f3a31859fe to remote] DEBUG org.apache.http.wire - http-outgoing-115 &lt;&lt; "server: httpd.js[\r][\n]"
14:21:33.978 [Forwarding findElement on session 9ff46c75-f860-4b6c-96bf-d1f3a31859fe to remote] DEBUG org.apache.http.wire - http-outgoing-115 &lt;&lt; "date: Thu, 04 Jun 2015 06:21:33 GMT[\r][\n]"
14:21:33.978 [Forwarding findElement on session 9ff46c75-f860-4b6c-96bf-d1f3a31859fe to remote] DEBUG org.apache.http.wire - http-outgoing-115 &lt;&lt; "[\r][\n]"
14:21:33.978 [Forwarding findElement on session 9ff46c75-f860-4b6c-96bf-d1f3a31859fe to remote] DEBUG org.apache.http.headers - http-outgoing-115 &lt;&lt; HTTP/1.1 200 OK
14:21:33.978 [Forwarding findElement on session 9ff46c75-f860-4b6c-96bf-d1f3a31859fe to remote] DEBUG org.apache.http.headers - http-outgoing-115 &lt;&lt; content-type: application/json; charset=UTF-8
14:21:33.978 [Forwarding findElement on session 9ff46c75-f860-4b6c-96bf-d1f3a31859fe to remote] DEBUG org.apache.http.headers - http-outgoing-115 &lt;&lt; connection: close
14:21:33.978 [Forwarding findElement on session 9ff46c75-f860-4b6c-96bf-d1f3a31859fe to remote] DEBUG org.apache.http.headers - http-outgoing-115 &lt;&lt; content-length: 145
14:21:33.978 [Forwarding findElement on session 9ff46c75-f860-4b6c-96bf-d1f3a31859fe to remote] DEBUG org.apache.http.headers - http-outgoing-115 &lt;&lt; server: httpd.js
14:21:33.978 [Forwarding findElement on session 9ff46c75-f860-4b6c-96bf-d1f3a31859fe to remote] DEBUG org.apache.http.headers - http-outgoing-115 &lt;&lt; date: Thu, 04 Jun 2015 06:21:33 GMT
14:21:33.980 [Forwarding findElement on session 9ff46c75-f860-4b6c-96bf-d1f3a31859fe to remote] DEBUG org.apache.http.wire - http-outgoing-115 &lt;&lt; "{"name":"findElement","sessionId":"9ff46c75-f860-4b6c-96bf-d1f3a31859fe","status":0,"value":{"ELEMENT":"{32560149-78b8-4bcd-b4c8-ff66163cfbd5}"}}"
14:21:33.980 [Forwarding findElement on session 9ff46c75-f860-4b6c-96bf-d1f3a31859fe to remote] DEBUG o.a.h.i.c.DefaultManagedHttpClientConnection - http-outgoing-115: Shutdown connection
14:21:33.980 [Forwarding findElement on session 9ff46c75-f860-4b6c-96bf-d1f3a31859fe to remote] DEBUG o.a.h.impl.execchain.MainClientExec - Connection discarded
14:21:33.980 [Forwarding findElement on session 9ff46c75-f860-4b6c-96bf-d1f3a31859fe to remote] DEBUG o.a.h.i.c.DefaultManagedHttpClientConnection - http-outgoing-115: Close connection
14:21:33.980 [Forwarding findElement on session 9ff46c75-f860-4b6c-96bf-d1f3a31859fe to remote] DEBUG o.a.h.i.c.PoolingHttpClientConnectionManager - Connection released: [id: 115][route: {}-&gt;http://127.0.0.1:7055][total kept alive: 0; route allocated: 0 of 2000; total allocated: 0 of 2000]
14:21:34.007 [Forwarding findElement on session 9ff46c75-f860-4b6c-96bf-d1f3a31859fe to remote] DEBUG o.a.h.c.protocol.RequestAddCookies - CookieSpec selected: best-match
14:21:34.007 [Forwarding findElement on session 9ff46c75-f860-4b6c-96bf-d1f3a31859fe to remote] DEBUG o.a.h.c.protocol.RequestAuthCache - Auth cache not set in the context
14:21:34.007 [Forwarding findElement on session 9ff46c75-f860-4b6c-96bf-d1f3a31859fe to remote] DEBUG o.a.h.i.c.PoolingHttpClientConnectionManager - Connection request: [route: {}-&gt;http://127.0.0.1:7055][total kept alive: 0; route allocated: 0 of 2000; total allocated: 0 of 2000]
14:21:34.007 [Forwarding findElement on session 9ff46c75-f860-4b6c-96bf-d1f3a31859fe to remote] DEBUG o.a.h.i.c.PoolingHttpClientConnectionManager - Connection leased: [id: 116][route: {}-&gt;http://127.0.0.1:7055][total kept alive: 0; route allocated: 1 of 2000; total allocated: 1 of 2000]
14:21:34.008 [Forwarding findElement on session 9ff46c75-f860-4b6c-96bf-d1f3a31859fe to remote] DEBUG o.a.h.impl.execchain.MainClientExec - Opening connection {}-&gt;http://127.0.0.1:7055
14:21:34.008 [Forwarding findElement on session 9ff46c75-f860-4b6c-96bf-d1f3a31859fe to remote] DEBUG o.a.h.i.c.HttpClientConnectionOperator - Connecting to /127.0.0.1:7055
14:21:34.008 [Forwarding findElement on session 9ff46c75-f860-4b6c-96bf-d1f3a31859fe to remote] DEBUG o.a.h.i.c.HttpClientConnectionOperator - Connection established 127.0.0.1:59032&lt;-&gt;127.0.0.1:7055
14:21:34.008 [Forwarding findElement on session 9ff46c75-f860-4b6c-96bf-d1f3a31859fe to remote] DEBUG o.a.h.impl.execchain.MainClientExec - Executing request POST /hub/session/9ff46c75-f860-4b6c-96bf-d1f3a31859fe/element HTTP/1.1
14:21:34.008 [Forwarding findElement on session 9ff46c75-f860-4b6c-96bf-d1f3a31859fe to remote] DEBUG o.a.h.impl.execchain.MainClientExec - Target auth state: UNCHALLENGED
14:21:34.008 [Forwarding findElement on session 9ff46c75-f860-4b6c-96bf-d1f3a31859fe to remote] DEBUG o.a.h.impl.execchain.MainClientExec - Proxy auth state: UNCHALLENGED
14:21:34.008 [Forwarding findElement on session 9ff46c75-f860-4b6c-96bf-d1f3a31859fe to remote] DEBUG org.apache.http.headers - http-outgoing-116 &gt;&gt; POST /hub/session/9ff46c75-f860-4b6c-96bf-d1f3a31859fe/element HTTP/1.1
14:21:34.008 [Forwarding findElement on session 9ff46c75-f860-4b6c-96bf-d1f3a31859fe to remote] DEBUG org.apache.http.headers - http-outgoing-116 &gt;&gt; Content-Type: application/json; charset=utf-8
14:21:34.008 [Forwarding findElement on session 9ff46c75-f860-4b6c-96bf-d1f3a31859fe to remote] DEBUG org.apache.http.headers - http-outgoing-116 &gt;&gt; Content-Length: 104
14:21:34.008 [Forwarding findElement on session 9ff46c75-f860-4b6c-96bf-d1f3a31859fe to remote] DEBUG org.apache.http.headers - http-outgoing-116 &gt;&gt; Host: 127.0.0.1:7055
14:21:34.009 [Forwarding findElement on session 9ff46c75-f860-4b6c-96bf-d1f3a31859fe to remote] DEBUG org.apache.http.headers - http-outgoing-116 &gt;&gt; Connection: Keep-Alive
14:21:34.009 [Forwarding findElement on session 9ff46c75-f860-4b6c-96bf-d1f3a31859fe to remote] DEBUG org.apache.http.headers - http-outgoing-116 &gt;&gt; User-Agent: Apache-HttpClient/4.3.4 (java 1.5)
14:21:34.009 [Forwarding findElement on session 9ff46c75-f860-4b6c-96bf-d1f3a31859fe to remote] DEBUG org.apache.http.headers - http-outgoing-116 &gt;&gt; Accept-Encoding: gzip,deflate
14:21:34.009 [Forwarding findElement on session 9ff46c75-f860-4b6c-96bf-d1f3a31859fe to remote] DEBUG org.apache.http.wire - http-outgoing-116 &gt;&gt; "POST /hub/session/9ff46c75-f860-4b6c-96bf-d1f3a31859fe/element HTTP/1.1[\r][\n]"
14:21:34.009 [Forwarding findElement on session 9ff46c75-f860-4b6c-96bf-d1f3a31859fe to remote] DEBUG org.apache.http.wire - http-outgoing-116 &gt;&gt; "Content-Type: application/json; charset=utf-8[\r][\n]"
14:21:34.009 [Forwarding findElement on session 9ff46c75-f860-4b6c-96bf-d1f3a31859fe to remote] DEBUG org.apache.http.wire - http-outgoing-116 &gt;&gt; "Content-Length: 104[\r][\n]"
14:21:34.009 [Forwarding findElement on session 9ff46c75-f860-4b6c-96bf-d1f3a31859fe to remote] DEBUG org.apache.http.wire - http-outgoing-116 &gt;&gt; "Host: 127.0.0.1:7055[\r][\n]"
14:21:34.009 [Forwarding findElement on session 9ff46c75-f860-4b6c-96bf-d1f3a31859fe to remote] DEBUG org.apache.http.wire - http-outgoing-116 &gt;&gt; "Connection: Keep-Alive[\r][\n]"
14:21:34.009 [Forwarding findElement on session 9ff46c75-f860-4b6c-96bf-d1f3a31859fe to remote] DEBUG org.apache.http.wire - http-outgoing-116 &gt;&gt; "User-Agent: Apache-HttpClient/4.3.4 (java 1.5)[\r][\n]"
14:21:34.009 [Forwarding findElement on session 9ff46c75-f860-4b6c-96bf-d1f3a31859fe to remote] DEBUG org.apache.http.wire - http-outgoing-116 &gt;&gt; "Accept-Encoding: gzip,deflate[\r][\n]"
14:21:34.009 [Forwarding findElement on session 9ff46c75-f860-4b6c-96bf-d1f3a31859fe to remote] DEBUG org.apache.http.wire - http-outgoing-116 &gt;&gt; "[\r][\n]"
14:21:34.009 [Forwarding findElement on session 9ff46c75-f860-4b6c-96bf-d1f3a31859fe to remote] DEBUG org.apache.http.wire - http-outgoing-116 &gt;&gt; "{"using":"xpath","value":".//*[@id\u003d\u0027popupDiv\u0027]/div/div[1]/table/tbody/tr[4]/td[2]/input"}"
14:21:34.062 [Forwarding findElement on session 9ff46c75-f860-4b6c-96bf-d1f3a31859fe to remote] DEBUG org.apache.http.wire - http-outgoing-116 &lt;&lt; "HTTP/1.1 200 OK[\r][\n]"
14:21:34.062 [Forwarding findElement on session 9ff46c75-f860-4b6c-96bf-d1f3a31859fe to remote] DEBUG org.apache.http.wire - http-outgoing-116 &lt;&lt; "content-type: application/json; charset=UTF-8[\r][\n]"
14:21:34.062 [Forwarding findElement on session 9ff46c75-f860-4b6c-96bf-d1f3a31859fe to remote] DEBUG org.apache.http.wire - http-outgoing-116 &lt;&lt; "connection: close[\r][\n]"
14:21:34.062 [Forwarding findElement on session 9ff46c75-f860-4b6c-96bf-d1f3a31859fe to remote] DEBUG org.apache.http.wire - http-outgoing-116 &lt;&lt; "content-length: 145[\r][\n]"
14:21:34.062 [Forwarding findElement on session 9ff46c75-f860-4b6c-96bf-d1f3a31859fe to remote] DEBUG org.apache.http.wire - http-outgoing-116 &lt;&lt; "server: httpd.js[\r][\n]"
14:21:34.062 [Forwarding findElement on session 9ff46c75-f860-4b6c-96bf-d1f3a31859fe to remote] DEBUG org.apache.http.wire - http-outgoing-116 &lt;&lt; "date: Thu, 04 Jun 2015 06:21:34 GMT[\r][\n]"
14:21:34.062 [Forwarding findElement on session 9ff46c75-f860-4b6c-96bf-d1f3a31859fe to remote] DEBUG org.apache.http.wire - http-outgoing-116 &lt;&lt; "[\r][\n]"
14:21:34.062 [Forwarding findElement on session 9ff46c75-f860-4b6c-96bf-d1f3a31859fe to remote] DEBUG org.apache.http.headers - http-outgoing-116 &lt;&lt; HTTP/1.1 200 OK
14:21:34.062 [Forwarding findElement on session 9ff46c75-f860-4b6c-96bf-d1f3a31859fe to remote] DEBUG org.apache.http.headers - http-outgoing-116 &lt;&lt; content-type: application/json; charset=UTF-8
14:21:34.062 [Forwarding findElement on session 9ff46c75-f860-4b6c-96bf-d1f3a31859fe to remote] DEBUG org.apache.http.headers - http-outgoing-116 &lt;&lt; connection: close
14:21:34.062 [Forwarding findElement on session 9ff46c75-f860-4b6c-96bf-d1f3a31859fe to remote] DEBUG org.apache.http.headers - http-outgoing-116 &lt;&lt; content-length: 145
14:21:34.062 [Forwarding findElement on session 9ff46c75-f860-4b6c-96bf-d1f3a31859fe to remote] DEBUG org.apache.http.headers - http-outgoing-116 &lt;&lt; server: httpd.js
14:21:34.062 [Forwarding findElement on session 9ff46c75-f860-4b6c-96bf-d1f3a31859fe to remote] DEBUG org.apache.http.headers - http-outgoing-116 &lt;&lt; date: Thu, 04 Jun 2015 06:21:34 GMT
14:21:34.065 [Forwarding findElement on session 9ff46c75-f860-4b6c-96bf-d1f3a31859fe to remote] DEBUG org.apache.http.wire - http-outgoing-116 &lt;&lt; "{"name":"findElement","sessionId":"9ff46c75-f860-4b6c-96bf-d1f3a31859fe","status":0,"value":{"ELEMENT":"{32560149-78b8-4bcd-b4c8-ff66163cfbd5}"}}"
14:21:34.065 [Forwarding findElement on session 9ff46c75-f860-4b6c-96bf-d1f3a31859fe to remote] DEBUG o.a.h.i.c.DefaultManagedHttpClientConnection - http-outgoing-116: Shutdown connection
14:21:34.065 [Forwarding findElement on session 9ff46c75-f860-4b6c-96bf-d1f3a31859fe to remote] DEBUG o.a.h.impl.execchain.MainClientExec - Connection discarded
14:21:34.065 [Forwarding findElement on session 9ff46c75-f860-4b6c-96bf-d1f3a31859fe to remote] DEBUG o.a.h.i.c.DefaultManagedHttpClientConnection - http-outgoing-116: Close connection
14:21:34.065 [Forwarding findElement on session 9ff46c75-f860-4b6c-96bf-d1f3a31859fe to remote] DEBUG o.a.h.i.c.PoolingHttpClientConnectionManager - Connection released: [id: 116][route: {}-&gt;http://127.0.0.1:7055][total kept alive: 0; route allocated: 0 of 2000; total allocated: 0 of 2000]
14:21:34.067 [Forwarding findElement on session 9ff46c75-f860-4b6c-96bf-d1f3a31859fe to remote] DEBUG o.a.h.c.protocol.RequestAddCookies - CookieSpec selected: best-match
14:21:34.067 [Forwarding findElement on session 9ff46c75-f860-4b6c-96bf-d1f3a31859fe to remote] DEBUG o.a.h.c.protocol.RequestAuthCache - Auth cache not set in the context
14:21:34.067 [Forwarding findElement on session 9ff46c75-f860-4b6c-96bf-d1f3a31859fe to remote] DEBUG o.a.h.i.c.PoolingHttpClientConnectionManager - Connection request: [route: {}-&gt;http://127.0.0.1:7055][total kept alive: 0; route allocated: 0 of 2000; total allocated: 0 of 2000]
14:21:34.067 [Forwarding findElement on session 9ff46c75-f860-4b6c-96bf-d1f3a31859fe to remote] DEBUG o.a.h.i.c.PoolingHttpClientConnectionManager - Connection leased: [id: 117][route: {}-&gt;http://127.0.0.1:7055][total kept alive: 0; route allocated: 1 of 2000; total allocated: 1 of 2000]
14:21:34.067 [Forwarding findElement on session 9ff46c75-f860-4b6c-96bf-d1f3a31859fe to remote] DEBUG o.a.h.impl.execchain.MainClientExec - Opening connection {}-&gt;http://127.0.0.1:7055
14:21:34.067 [Forwarding findElement on session 9ff46c75-f860-4b6c-96bf-d1f3a31859fe to remote] DEBUG o.a.h.i.c.HttpClientConnectionOperator - Connecting to /127.0.0.1:7055
14:21:34.067 [Forwarding findElement on session 9ff46c75-f860-4b6c-96bf-d1f3a31859fe to remote] DEBUG o.a.h.i.c.HttpClientConnectionOperator - Connection established 127.0.0.1:59033&lt;-&gt;127.0.0.1:7055
14:21:34.067 [Forwarding findElement on session 9ff46c75-f860-4b6c-96bf-d1f3a31859fe to remote] DEBUG o.a.h.impl.execchain.MainClientExec - Executing request POST /hub/session/9ff46c75-f860-4b6c-96bf-d1f3a31859fe/element HTTP/1.1
14:21:34.068 [Forwarding findElement on session 9ff46c75-f860-4b6c-96bf-d1f3a31859fe to remote] DEBUG o.a.h.impl.execchain.MainClientExec - Target auth state: UNCHALLENGED
14:21:34.068 [Forwarding findElement on session 9ff46c75-f860-4b6c-96bf-d1f3a31859fe to remote] DEBUG o.a.h.impl.execchain.MainClientExec - Proxy auth state: UNCHALLENGED
14:21:34.068 [Forwarding findElement on session 9ff46c75-f860-4b6c-96bf-d1f3a31859fe to remote] DEBUG org.apache.http.headers - http-outgoing-117 &gt;&gt; POST /hub/session/9ff46c75-f860-4b6c-96bf-d1f3a31859fe/element HTTP/1.1
14:21:34.068 [Forwarding findElement on session 9ff46c75-f860-4b6c-96bf-d1f3a31859fe to remote] DEBUG org.apache.http.headers - http-outgoing-117 &gt;&gt; Content-Type: application/json; charset=utf-8
14:21:34.068 [Forwarding findElement on session 9ff46c75-f860-4b6c-96bf-d1f3a31859fe to remote] DEBUG org.apache.http.headers - http-outgoing-117 &gt;&gt; Content-Length: 104
14:21:34.068 [Forwarding findElement on session 9ff46c75-f860-4b6c-96bf-d1f3a31859fe to remote] DEBUG org.apache.http.headers - http-outgoing-117 &gt;&gt; Host: 127.0.0.1:7055
14:21:34.068 [Forwarding findElement on session 9ff46c75-f860-4b6c-96bf-d1f3a31859fe to remote] DEBUG org.apache.http.headers - http-outgoing-117 &gt;&gt; Connection: Keep-Alive
14:21:34.068 [Forwarding findElement on session 9ff46c75-f860-4b6c-96bf-d1f3a31859fe to remote] DEBUG org.apache.http.headers - http-outgoing-117 &gt;&gt; User-Agent: Apache-HttpClient/4.3.4 (java 1.5)
14:21:34.068 [Forwarding findElement on session 9ff46c75-f860-4b6c-96bf-d1f3a31859fe to remote] DEBUG org.apache.http.headers - http-outgoing-117 &gt;&gt; Accept-Encoding: gzip,deflate
14:21:34.068 [Forwarding findElement on session 9ff46c75-f860-4b6c-96bf-d1f3a31859fe to remote] DEBUG org.apache.http.wire - http-outgoing-117 &gt;&gt; "POST /hub/session/9ff46c75-f860-4b6c-96bf-d1f3a31859fe/element HTTP/1.1[\r][\n]"
14:21:34.068 [Forwarding findElement on session 9ff46c75-f860-4b6c-96bf-d1f3a31859fe to remote] DEBUG org.apache.http.wire - http-outgoing-117 &gt;&gt; "Content-Type: application/json; charset=utf-8[\r][\n]"
14:21:34.068 [Forwarding findElement on session 9ff46c75-f860-4b6c-96bf-d1f3a31859fe to remote] DEBUG org.apache.http.wire - http-outgoing-117 &gt;&gt; "Content-Length: 104[\r][\n]"
14:21:34.068 [Forwarding findElement on session 9ff46c75-f860-4b6c-96bf-d1f3a31859fe to remote] DEBUG org.apache.http.wire - http-outgoing-117 &gt;&gt; "Host: 127.0.0.1:7055[\r][\n]"
14:21:34.068 [Forwarding findElement on session 9ff46c75-f860-4b6c-96bf-d1f3a31859fe to remote] DEBUG org.apache.http.wire - http-outgoing-117 &gt;&gt; "Connection: Keep-Alive[\r][\n]"
14:21:34.069 [Forwarding findElement on session 9ff46c75-f860-4b6c-96bf-d1f3a31859fe to remote] DEBUG org.apache.http.wire - http-outgoing-117 &gt;&gt; "User-Agent: Apache-HttpClient/4.3.4 (java 1.5)[\r][\n]"
14:21:34.069 [Forwarding findElement on session 9ff46c75-f860-4b6c-96bf-d1f3a31859fe to remote] DEBUG org.apache.http.wire - http-outgoing-117 &gt;&gt; "Accept-Encoding: gzip,deflate[\r][\n]"
14:21:34.069 [Forwarding findElement on session 9ff46c75-f860-4b6c-96bf-d1f3a31859fe to remote] DEBUG org.apache.http.wire - http-outgoing-117 &gt;&gt; "[\r][\n]"
14:21:34.069 [Forwarding findElement on session 9ff46c75-f860-4b6c-96bf-d1f3a31859fe to remote] DEBUG org.apache.http.wire - http-outgoing-117 &gt;&gt; "{"using":"xpath","value":".//*[@id\u003d\u0027popupDiv\u0027]/div/div[1]/table/tbody/tr[4]/td[2]/input"}"
14:21:34.076 [Forwarding findElement on session 9ff46c75-f860-4b6c-96bf-d1f3a31859fe to remote] DEBUG org.apache.http.wire - http-outgoing-117 &lt;&lt; "HTTP/1.1 200 OK[\r][\n]"
14:21:34.076 [Forwarding findElement on session 9ff46c75-f860-4b6c-96bf-d1f3a31859fe to remote] DEBUG org.apache.http.wire - http-outgoing-117 &lt;&lt; "content-type: application/json; charset=UTF-8[\r][\n]"
14:21:34.076 [Forwarding findElement on session 9ff46c75-f860-4b6c-96bf-d1f3a31859fe to remote] DEBUG org.apache.http.wire - http-outgoing-117 &lt;&lt; "connection: close[\r][\n]"
14:21:34.076 [Forwarding findElement on session 9ff46c75-f860-4b6c-96bf-d1f3a31859fe to remote] DEBUG org.apache.http.wire - http-outgoing-117 &lt;&lt; "content-length: 145[\r][\n]"
14:21:34.076 [Forwarding findElement on session 9ff46c75-f860-4b6c-96bf-d1f3a31859fe to remote] DEBUG org.apache.http.wire - http-outgoing-117 &lt;&lt; "server: httpd.js[\r][\n]"
14:21:34.076 [Forwarding findElement on session 9ff46c75-f860-4b6c-96bf-d1f3a31859fe to remote] DEBUG org.apache.http.wire - http-outgoing-117 &lt;&lt; "date: Thu, 04 Jun 2015 06:21:34 GMT[\r][\n]"
14:21:34.076 [Forwarding findElement on session 9ff46c75-f860-4b6c-96bf-d1f3a31859fe to remote] DEBUG org.apache.http.wire - http-outgoing-117 &lt;&lt; "[\r][\n]"
14:21:34.076 [Forwarding findElement on session 9ff46c75-f860-4b6c-96bf-d1f3a31859fe to remote] DEBUG org.apache.http.wire - http-outgoing-117 &lt;&lt; "{"name":"findElement","sessionId":"9ff46c75-f860-4b6c-96bf-d1f3a31859fe","status":0,"value":{"ELEMENT":"{32560149-78b8-4bcd-b4c8-ff66163cfbd5}"}}"
14:21:34.076 [Forwarding findElement on session 9ff46c75-f860-4b6c-96bf-d1f3a31859fe to remote] DEBUG org.apache.http.headers - http-outgoing-117 &lt;&lt; HTTP/1.1 200 OK
14:21:34.076 [Forwarding findElement on session 9ff46c75-f860-4b6c-96bf-d1f3a31859fe to remote] DEBUG org.apache.http.headers - http-outgoing-117 &lt;&lt; content-type: application/json; charset=UTF-8
14:21:34.076 [Forwarding findElement on session 9ff46c75-f860-4b6c-96bf-d1f3a31859fe to remote] DEBUG org.apache.http.headers - http-outgoing-117 &lt;&lt; connection: close
14:21:34.076 [Forwarding findElement on session 9ff46c75-f860-4b6c-96bf-d1f3a31859fe to remote] DEBUG org.apache.http.headers - http-outgoing-117 &lt;&lt; content-length: 145
14:21:34.076 [Forwarding findElement on session 9ff46c75-f860-4b6c-96bf-d1f3a31859fe to remote] DEBUG org.apache.http.headers - http-outgoing-117 &lt;&lt; server: httpd.js
14:21:34.076 [Forwarding findElement on session 9ff46c75-f860-4b6c-96bf-d1f3a31859fe to remote] DEBUG org.apache.http.headers - http-outgoing-117 &lt;&lt; date: Thu, 04 Jun 2015 06:21:34 GMT
14:21:34.077 [Forwarding findElement on session 9ff46c75-f860-4b6c-96bf-d1f3a31859fe to remote] DEBUG o.a.h.i.c.DefaultManagedHttpClientConnection - http-outgoing-117: Shutdown connection
14:21:34.077 [Forwarding findElement on session 9ff46c75-f860-4b6c-96bf-d1f3a31859fe to remote] DEBUG o.a.h.impl.execchain.MainClientExec - Connection discarded
14:21:34.077 [Forwarding findElement on session 9ff46c75-f860-4b6c-96bf-d1f3a31859fe to remote] DEBUG o.a.h.i.c.DefaultManagedHttpClientConnection - http-outgoing-117: Close connection
14:21:34.077 [Forwarding findElement on session 9ff46c75-f860-4b6c-96bf-d1f3a31859fe to remote] DEBUG o.a.h.i.c.PoolingHttpClientConnectionManager - Connection released: [id: 117][route: {}-&gt;http://127.0.0.1:7055][total kept alive: 0; route allocated: 0 of 2000; total allocated: 0 of 2000]
14:21:34.078 [Forwarding sendKeysToElement on session 9ff46c75-f860-4b6c-96bf-d1f3a31859fe to remote] DEBUG o.a.h.c.protocol.RequestAddCookies - CookieSpec selected: best-match
14:21:34.083 [Forwarding sendKeysToElement on session 9ff46c75-f860-4b6c-96bf-d1f3a31859fe to remote] DEBUG o.a.h.c.protocol.RequestAuthCache - Auth cache not set in the context
14:21:34.083 [Forwarding sendKeysToElement on session 9ff46c75-f860-4b6c-96bf-d1f3a31859fe to remote] DEBUG o.a.h.i.c.PoolingHttpClientConnectionManager - Connection request: [route: {}-&gt;http://127.0.0.1:7055][total kept alive: 0; route allocated: 0 of 2000; total allocated: 0 of 2000]
14:21:34.083 [Forwarding sendKeysToElement on session 9ff46c75-f860-4b6c-96bf-d1f3a31859fe to remote] DEBUG o.a.h.i.c.PoolingHttpClientConnectionManager - Connection leased: [id: 118][route: {}-&gt;http://127.0.0.1:7055][total kept alive: 0; route allocated: 1 of 2000; total allocated: 1 of 2000]
14:21:34.083 [Forwarding sendKeysToElement on session 9ff46c75-f860-4b6c-96bf-d1f3a31859fe to remote] DEBUG o.a.h.impl.execchain.MainClientExec - Opening connection {}-&gt;http://127.0.0.1:7055
14:21:34.083 [Forwarding sendKeysToElement on session 9ff46c75-f860-4b6c-96bf-d1f3a31859fe to remote] DEBUG o.a.h.i.c.HttpClientConnectionOperator - Connecting to /127.0.0.1:7055
14:21:34.084 [Forwarding sendKeysToElement on session 9ff46c75-f860-4b6c-96bf-d1f3a31859fe to remote] DEBUG o.a.h.i.c.HttpClientConnectionOperator - Connection established 127.0.0.1:59034&lt;-&gt;127.0.0.1:7055
14:21:34.084 [Forwarding sendKeysToElement on session 9ff46c75-f860-4b6c-96bf-d1f3a31859fe to remote] DEBUG o.a.h.impl.execchain.MainClientExec - Executing request POST /hub/session/9ff46c75-f860-4b6c-96bf-d1f3a31859fe/element/%7B32560149-78b8-4bcd-b4c8-ff66163cfbd5%7D/value HTTP/1.1
14:21:34.084 [Forwarding sendKeysToElement on session 9ff46c75-f860-4b6c-96bf-d1f3a31859fe to remote] DEBUG o.a.h.impl.execchain.MainClientExec - Target auth state: UNCHALLENGED
14:21:34.084 [Forwarding sendKeysToElement on session 9ff46c75-f860-4b6c-96bf-d1f3a31859fe to remote] DEBUG o.a.h.impl.execchain.MainClientExec - Proxy auth state: UNCHALLENGED
14:21:34.084 [Forwarding sendKeysToElement on session 9ff46c75-f860-4b6c-96bf-d1f3a31859fe to remote] DEBUG org.apache.http.headers - http-outgoing-118 &gt;&gt; POST /hub/session/9ff46c75-f860-4b6c-96bf-d1f3a31859fe/element/%7B32560149-78b8-4bcd-b4c8-ff66163cfbd5%7D/value HTTP/1.1
14:21:34.084 [Forwarding sendKeysToElement on session 9ff46c75-f860-4b6c-96bf-d1f3a31859fe to remote] DEBUG org.apache.http.headers - http-outgoing-118 &gt;&gt; Content-Type: application/json; charset=utf-8
14:21:34.084 [Forwarding sendKeysToElement on session 9ff46c75-f860-4b6c-96bf-d1f3a31859fe to remote] DEBUG org.apache.http.headers - http-outgoing-118 &gt;&gt; Content-Length: 69
14:21:34.084 [Forwarding sendKeysToElement on session 9ff46c75-f860-4b6c-96bf-d1f3a31859fe to remote] DEBUG org.apache.http.headers - http-outgoing-118 &gt;&gt; Host: 127.0.0.1:7055
14:21:34.084 [Forwarding sendKeysToElement on session 9ff46c75-f860-4b6c-96bf-d1f3a31859fe to remote] DEBUG org.apache.http.headers - http-outgoing-118 &gt;&gt; Connection: Keep-Alive
14:21:34.084 [Forwarding sendKeysToElement on session 9ff46c75-f860-4b6c-96bf-d1f3a31859fe to remote] DEBUG org.apache.http.headers - http-outgoing-118 &gt;&gt; User-Agent: Apache-HttpClient/4.3.4 (java 1.5)
14:21:34.084 [Forwarding sendKeysToElement on session 9ff46c75-f860-4b6c-96bf-d1f3a31859fe to remote] DEBUG org.apache.http.headers - http-outgoing-118 &gt;&gt; Accept-Encoding: gzip,deflate
14:21:34.084 [Forwarding sendKeysToElement on session 9ff46c75-f860-4b6c-96bf-d1f3a31859fe to remote] DEBUG org.apache.http.wire - http-outgoing-118 &gt;&gt; "POST /hub/session/9ff46c75-f860-4b6c-96bf-d1f3a31859fe/element/%7B32560149-78b8-4bcd-b4c8-ff66163cfbd5%7D/value HTTP/1.1[\r][\n]"
14:21:34.084 [Forwarding sendKeysToElement on session 9ff46c75-f860-4b6c-96bf-d1f3a31859fe to remote] DEBUG org.apache.http.wire - http-outgoing-118 &gt;&gt; "Content-Type: application/json; charset=utf-8[\r][\n]"
14:21:34.084 [Forwarding sendKeysToElement on session 9ff46c75-f860-4b6c-96bf-d1f3a31859fe to remote] DEBUG org.apache.http.wire - http-outgoing-118 &gt;&gt; "Content-Length: 69[\r][\n]"
14:21:34.084 [Forwarding sendKeysToElement on session 9ff46c75-f860-4b6c-96bf-d1f3a31859fe to remote] DEBUG org.apache.http.wire - http-outgoing-118 &gt;&gt; "Host: 127.0.0.1:7055[\r][\n]"
14:21:34.084 [Forwarding sendKeysToElement on session 9ff46c75-f860-4b6c-96bf-d1f3a31859fe to remote] DEBUG org.apache.http.wire - http-outgoing-118 &gt;&gt; "Connection: Keep-Alive[\r][\n]"
14:21:34.085 [Forwarding sendKeysToElement on session 9ff46c75-f860-4b6c-96bf-d1f3a31859fe to remote] DEBUG org.apache.http.wire - http-outgoing-118 &gt;&gt; "User-Agent: Apache-HttpClient/4.3.4 (java 1.5)[\r][\n]"
14:21:34.085 [Forwarding sendKeysToElement on session 9ff46c75-f860-4b6c-96bf-d1f3a31859fe to remote] DEBUG org.apache.http.wire - http-outgoing-118 &gt;&gt; "Accept-Encoding: gzip,deflate[\r][\n]"
14:21:34.085 [Forwarding sendKeysToElement on session 9ff46c75-f860-4b6c-96bf-d1f3a31859fe to remote] DEBUG org.apache.http.wire - http-outgoing-118 &gt;&gt; "[\r][\n]"
14:21:34.085 [Forwarding sendKeysToElement on session 9ff46c75-f860-4b6c-96bf-d1f3a31859fe to remote] DEBUG org.apache.http.wire - http-outgoing-118 &gt;&gt; "{"id":"{32560149-78b8-4bcd-b4c8-ff66163cfbd5}","value":["[0xe5][0x88][0x98][0xe8][0x80][0x81][0xe5][0xb8][0x88]"]}"
14:21:34.251 [Forwarding sendKeysToElement on session 9ff46c75-f860-4b6c-96bf-d1f3a31859fe to remote] DEBUG org.apache.http.wire - http-outgoing-118 &lt;&lt; "HTTP/1.1 200 OK[\r][\n]"
14:21:34.251 [Forwarding sendKeysToElement on session 9ff46c75-f860-4b6c-96bf-d1f3a31859fe to remote] DEBUG org.apache.http.wire - http-outgoing-118 &lt;&lt; "content-type: application/json; charset=UTF-8[\r][\n]"
14:21:34.251 [Forwarding sendKeysToElement on session 9ff46c75-f860-4b6c-96bf-d1f3a31859fe to remote] DEBUG org.apache.http.wire - http-outgoing-118 &lt;&lt; "connection: close[\r][\n]"
14:21:34.251 [Forwarding sendKeysToElement on session 9ff46c75-f860-4b6c-96bf-d1f3a31859fe to remote] DEBUG org.apache.http.wire - http-outgoing-118 &lt;&lt; "content-length: 101[\r][\n]"
14:21:34.251 [Forwarding sendKeysToElement on session 9ff46c75-f860-4b6c-96bf-d1f3a31859fe to remote] DEBUG org.apache.http.wire - http-outgoing-118 &lt;&lt; "server: httpd.js[\r][\n]"
14:21:34.251 [Forwarding sendKeysToElement on session 9ff46c75-f860-4b6c-96bf-d1f3a31859fe to remote] DEBUG org.apache.http.wire - http-outgoing-118 &lt;&lt; "date: Thu, 04 Jun 2015 06:21:34 GMT[\r][\n]"
14:21:34.251 [Forwarding sendKeysToElement on session 9ff46c75-f860-4b6c-96bf-d1f3a31859fe to remote] DEBUG org.apache.http.wire - http-outgoing-118 &lt;&lt; "[\r][\n]"
14:21:34.251 [Forwarding sendKeysToElement on session 9ff46c75-f860-4b6c-96bf-d1f3a31859fe to remote] DEBUG org.apache.http.headers - http-outgoing-118 &lt;&lt; HTTP/1.1 200 OK
14:21:34.251 [Forwarding sendKeysToElement on session 9ff46c75-f860-4b6c-96bf-d1f3a31859fe to remote] DEBUG org.apache.http.headers - http-outgoing-118 &lt;&lt; content-type: application/json; charset=UTF-8
14:21:34.251 [Forwarding sendKeysToElement on session 9ff46c75-f860-4b6c-96bf-d1f3a31859fe to remote] DEBUG org.apache.http.headers - http-outgoing-118 &lt;&lt; connection: close
14:21:34.251 [Forwarding sendKeysToElement on session 9ff46c75-f860-4b6c-96bf-d1f3a31859fe to remote] DEBUG org.apache.http.headers - http-outgoing-118 &lt;&lt; content-length: 101
14:21:34.251 [Forwarding sendKeysToElement on session 9ff46c75-f860-4b6c-96bf-d1f3a31859fe to remote] DEBUG org.apache.http.headers - http-outgoing-118 &lt;&lt; server: httpd.js
14:21:34.251 [Forwarding sendKeysToElement on session 9ff46c75-f860-4b6c-96bf-d1f3a31859fe to remote] DEBUG org.apache.http.headers - http-outgoing-118 &lt;&lt; date: Thu, 04 Jun 2015 06:21:34 GMT
14:21:34.253 [Forwarding sendKeysToElement on session 9ff46c75-f860-4b6c-96bf-d1f3a31859fe to remote] DEBUG org.apache.http.wire - http-outgoing-118 &lt;&lt; "{"name":"sendKeysToElement","sessionId":"9ff46c75-f860-4b6c-96bf-d1f3a31859fe","status":0,"value":""}"
14:21:34.253 [Forwarding sendKeysToElement on session 9ff46c75-f860-4b6c-96bf-d1f3a31859fe to remote] DEBUG o.a.h.i.c.DefaultManagedHttpClientConnection - http-outgoing-118: Shutdown connection
14:21:34.254 [Forwarding sendKeysToElement on session 9ff46c75-f860-4b6c-96bf-d1f3a31859fe to remote] DEBUG o.a.h.impl.execchain.MainClientExec - Connection discarded
14:21:34.254 [Forwarding sendKeysToElement on session 9ff46c75-f860-4b6c-96bf-d1f3a31859fe to remote] DEBUG o.a.h.i.c.DefaultManagedHttpClientConnection - http-outgoing-118: Close connection
14:21:34.254 [Forwarding sendKeysToElement on session 9ff46c75-f860-4b6c-96bf-d1f3a31859fe to remote] DEBUG o.a.h.i.c.PoolingHttpClientConnectionManager - Connection released: [id: 118][route: {}-&gt;http://127.0.0.1:7055][total kept alive: 0; route allocated: 0 of 2000; total allocated: 0 of 2000]
14:21:34.255 [Forwarding findElement on session 9ff46c75-f860-4b6c-96bf-d1f3a31859fe to remote] DEBUG o.a.h.c.protocol.RequestAddCookies - CookieSpec selected: best-match
14:21:34.255 [Forwarding findElement on session 9ff46c75-f860-4b6c-96bf-d1f3a31859fe to remote] DEBUG o.a.h.c.protocol.RequestAuthCache - Auth cache not set in the context
14:21:34.255 [Forwarding findElement on session 9ff46c75-f860-4b6c-96bf-d1f3a31859fe to remote] DEBUG o.a.h.i.c.PoolingHttpClientConnectionManager - Connection request: [route: {}-&gt;http://127.0.0.1:7055][total kept alive: 0; route allocated: 0 of 2000; total allocated: 0 of 2000]
14:21:34.255 [Forwarding findElement on session 9ff46c75-f860-4b6c-96bf-d1f3a31859fe to remote] DEBUG o.a.h.i.c.PoolingHttpClientConnectionManager - Connection leased: [id: 119][route: {}-&gt;http://127.0.0.1:7055][total kept alive: 0; route allocated: 1 of 2000; total allocated: 1 of 2000]
14:21:34.255 [Forwarding findElement on session 9ff46c75-f860-4b6c-96bf-d1f3a31859fe to remote] DEBUG o.a.h.impl.execchain.MainClientExec - Opening connection {}-&gt;http://127.0.0.1:7055
14:21:34.255 [Forwarding findElement on session 9ff46c75-f860-4b6c-96bf-d1f3a31859fe to remote] DEBUG o.a.h.i.c.HttpClientConnectionOperator - Connecting to /127.0.0.1:7055
14:21:34.256 [Forwarding findElement on session 9ff46c75-f860-4b6c-96bf-d1f3a31859fe to remote] DEBUG o.a.h.i.c.HttpClientConnectionOperator - Connection established 127.0.0.1:59035&lt;-&gt;127.0.0.1:7055
14:21:34.256 [Forwarding findElement on session 9ff46c75-f860-4b6c-96bf-d1f3a31859fe to remote] DEBUG o.a.h.impl.execchain.MainClientExec - Executing request POST /hub/session/9ff46c75-f860-4b6c-96bf-d1f3a31859fe/element HTTP/1.1
14:21:34.256 [Forwarding findElement on session 9ff46c75-f860-4b6c-96bf-d1f3a31859fe to remote] DEBUG o.a.h.impl.execchain.MainClientExec - Target auth state: UNCHALLENGED
14:21:34.256 [Forwarding findElement on session 9ff46c75-f860-4b6c-96bf-d1f3a31859fe to remote] DEBUG o.a.h.impl.execchain.MainClientExec - Proxy auth state: UNCHALLENGED
14:21:34.256 [Forwarding findElement on session 9ff46c75-f860-4b6c-96bf-d1f3a31859fe to remote] DEBUG org.apache.http.headers - http-outgoing-119 &gt;&gt; POST /hub/session/9ff46c75-f860-4b6c-96bf-d1f3a31859fe/element HTTP/1.1
14:21:34.256 [Forwarding findElement on session 9ff46c75-f860-4b6c-96bf-d1f3a31859fe to remote] DEBUG org.apache.http.headers - http-outgoing-119 &gt;&gt; Content-Type: application/json; charset=utf-8
14:21:34.256 [Forwarding findElement on session 9ff46c75-f860-4b6c-96bf-d1f3a31859fe to remote] DEBUG org.apache.http.headers - http-outgoing-119 &gt;&gt; Content-Length: 35
14:21:34.256 [Forwarding findElement on session 9ff46c75-f860-4b6c-96bf-d1f3a31859fe to remote] DEBUG org.apache.http.headers - http-outgoing-119 &gt;&gt; Host: 127.0.0.1:7055
14:21:34.256 [Forwarding findElement on session 9ff46c75-f860-4b6c-96bf-d1f3a31859fe to remote] DEBUG org.apache.http.headers - http-outgoing-119 &gt;&gt; Connection: Keep-Alive
14:21:34.256 [Forwarding findElement on session 9ff46c75-f860-4b6c-96bf-d1f3a31859fe to remote] DEBUG org.apache.http.headers - http-outgoing-119 &gt;&gt; User-Agent: Apache-HttpClient/4.3.4 (java 1.5)
14:21:34.256 [Forwarding findElement on session 9ff46c75-f860-4b6c-96bf-d1f3a31859fe to remote] DEBUG org.apache.http.headers - http-outgoing-119 &gt;&gt; Accept-Encoding: gzip,deflate
14:21:34.257 [Forwarding findElement on session 9ff46c75-f860-4b6c-96bf-d1f3a31859fe to remote] DEBUG org.apache.http.wire - http-outgoing-119 &gt;&gt; "POST /hub/session/9ff46c75-f860-4b6c-96bf-d1f3a31859fe/element HTTP/1.1[\r][\n]"
14:21:34.257 [Forwarding findElement on session 9ff46c75-f860-4b6c-96bf-d1f3a31859fe to remote] DEBUG org.apache.http.wire - http-outgoing-119 &gt;&gt; "Content-Type: application/json; charset=utf-8[\r][\n]"
14:21:34.257 [Forwarding findElement on session 9ff46c75-f860-4b6c-96bf-d1f3a31859fe to remote] DEBUG org.apache.http.wire - http-outgoing-119 &gt;&gt; "Content-Length: 35[\r][\n]"
14:21:34.257 [Forwarding findElement on session 9ff46c75-f860-4b6c-96bf-d1f3a31859fe to remote] DEBUG org.apache.http.wire - http-outgoing-119 &gt;&gt; "Host: 127.0.0.1:7055[\r][\n]"
14:21:34.257 [Forwarding findElement on session 9ff46c75-f860-4b6c-96bf-d1f3a31859fe to remote] DEBUG org.apache.http.wire - http-outgoing-119 &gt;&gt; "Connection: Keep-Alive[\r][\n]"
14:21:34.257 [Forwarding findElement on session 9ff46c75-f860-4b6c-96bf-d1f3a31859fe to remote] DEBUG org.apache.http.wire - http-outgoing-119 &gt;&gt; "User-Agent: Apache-HttpClient/4.3.4 (java 1.5)[\r][\n]"
14:21:34.257 [Forwarding findElement on session 9ff46c75-f860-4b6c-96bf-d1f3a31859fe to remote] DEBUG org.apache.http.wire - http-outgoing-119 &gt;&gt; "Accept-Encoding: gzip,deflate[\r][\n]"
14:21:34.257 [Forwarding findElement on session 9ff46c75-f860-4b6c-96bf-d1f3a31859fe to remote] DEBUG org.apache.http.wire - http-outgoing-119 &gt;&gt; "[\r][\n]"
14:21:34.257 [Forwarding findElement on session 9ff46c75-f860-4b6c-96bf-d1f3a31859fe to remote] DEBUG org.apache.http.wire - http-outgoing-119 &gt;&gt; "{"using":"id","value":"createVote"}"
14:21:34.300 [Forwarding findElement on session 9ff46c75-f860-4b6c-96bf-d1f3a31859fe to remote] DEBUG org.apache.http.wire - http-outgoing-119 &lt;&lt; "HTTP/1.1 200 OK[\r][\n]"
14:21:34.300 [Forwarding findElement on session 9ff46c75-f860-4b6c-96bf-d1f3a31859fe to remote] DEBUG org.apache.http.wire - http-outgoing-119 &lt;&lt; "content-type: application/json; charset=UTF-8[\r][\n]"
14:21:34.300 [Forwarding findElement on session 9ff46c75-f860-4b6c-96bf-d1f3a31859fe to remote] DEBUG org.apache.http.wire - http-outgoing-119 &lt;&lt; "connection: close[\r][\n]"
14:21:34.300 [Forwarding findElement on session 9ff46c75-f860-4b6c-96bf-d1f3a31859fe to remote] DEBUG org.apache.http.wire - http-outgoing-119 &lt;&lt; "content-length: 145[\r][\n]"
14:21:34.300 [Forwarding findElement on session 9ff46c75-f860-4b6c-96bf-d1f3a31859fe to remote] DEBUG org.apache.http.wire - http-outgoing-119 &lt;&lt; "server: httpd.js[\r][\n]"
14:21:34.300 [Forwarding findElement on session 9ff46c75-f860-4b6c-96bf-d1f3a31859fe to remote] DEBUG org.apache.http.wire - http-outgoing-119 &lt;&lt; "date: Thu, 04 Jun 2015 06:21:34 GMT[\r][\n]"
14:21:34.300 [Forwarding findElement on session 9ff46c75-f860-4b6c-96bf-d1f3a31859fe to remote] DEBUG org.apache.http.wire - http-outgoing-119 &lt;&lt; "[\r][\n]"
14:21:34.300 [Forwarding findElement on session 9ff46c75-f860-4b6c-96bf-d1f3a31859fe to remote] DEBUG org.apache.http.headers - http-outgoing-119 &lt;&lt; HTTP/1.1 200 OK
14:21:34.300 [Forwarding findElement on session 9ff46c75-f860-4b6c-96bf-d1f3a31859fe to remote] DEBUG org.apache.http.headers - http-outgoing-119 &lt;&lt; content-type: application/json; charset=UTF-8
14:21:34.301 [Forwarding findElement on session 9ff46c75-f860-4b6c-96bf-d1f3a31859fe to remote] DEBUG org.apache.http.headers - http-outgoing-119 &lt;&lt; connection: close
14:21:34.301 [Forwarding findElement on session 9ff46c75-f860-4b6c-96bf-d1f3a31859fe to remote] DEBUG org.apache.http.headers - http-outgoing-119 &lt;&lt; content-length: 145
14:21:34.301 [Forwarding findElement on session 9ff46c75-f860-4b6c-96bf-d1f3a31859fe to remote] DEBUG org.apache.http.headers - http-outgoing-119 &lt;&lt; server: httpd.js
14:21:34.301 [Forwarding findElement on session 9ff46c75-f860-4b6c-96bf-d1f3a31859fe to remote] DEBUG org.apache.http.headers - http-outgoing-119 &lt;&lt; date: Thu, 04 Jun 2015 06:21:34 GMT
14:21:34.338 [Forwarding findElement on session 9ff46c75-f860-4b6c-96bf-d1f3a31859fe to remote] DEBUG org.apache.http.wire - http-outgoing-119 &lt;&lt; "{"name":"findElement","sessionId":"9ff46c75-f860-4b6c-96bf-d1f3a31859fe","status":0,"value":{"ELEMENT":"{165a846d-81af-4899-b7b4-094863e2e283}"}}"
14:21:34.338 [Forwarding findElement on session 9ff46c75-f860-4b6c-96bf-d1f3a31859fe to remote] DEBUG o.a.h.i.c.DefaultManagedHttpClientConnection - http-outgoing-119: Shutdown connection
14:21:34.338 [Forwarding findElement on session 9ff46c75-f860-4b6c-96bf-d1f3a31859fe to remote] DEBUG o.a.h.impl.execchain.MainClientExec - Connection discarded
14:21:34.339 [Forwarding findElement on session 9ff46c75-f860-4b6c-96bf-d1f3a31859fe to remote] DEBUG o.a.h.i.c.DefaultManagedHttpClientConnection - http-outgoing-119: Close connection
14:21:34.339 [Forwarding findElement on session 9ff46c75-f860-4b6c-96bf-d1f3a31859fe to remote] DEBUG o.a.h.i.c.PoolingHttpClientConnectionManager - Connection released: [id: 119][route: {}-&gt;http://127.0.0.1:7055][total kept alive: 0; route allocated: 0 of 2000; total allocated: 0 of 2000]
14:21:34.340 [Forwarding findElement on session 9ff46c75-f860-4b6c-96bf-d1f3a31859fe to remote] DEBUG o.a.h.c.protocol.RequestAddCookies - CookieSpec selected: best-match
14:21:34.340 [Forwarding findElement on session 9ff46c75-f860-4b6c-96bf-d1f3a31859fe to remote] DEBUG o.a.h.c.protocol.RequestAuthCache - Auth cache not set in the context
14:21:34.340 [Forwarding findElement on session 9ff46c75-f860-4b6c-96bf-d1f3a31859fe to remote] DEBUG o.a.h.i.c.PoolingHttpClientConnectionManager - Connection request: [route: {}-&gt;http://127.0.0.1:7055][total kept alive: 0; route allocated: 0 of 2000; total allocated: 0 of 2000]
14:21:34.340 [Forwarding findElement on session 9ff46c75-f860-4b6c-96bf-d1f3a31859fe to remote] DEBUG o.a.h.i.c.PoolingHttpClientConnectionManager - Connection leased: [id: 120][route: {}-&gt;http://127.0.0.1:7055][total kept alive: 0; route allocated: 1 of 2000; total allocated: 1 of 2000]
14:21:34.340 [Forwarding findElement on session 9ff46c75-f860-4b6c-96bf-d1f3a31859fe to remote] DEBUG o.a.h.impl.execchain.MainClientExec - Opening connection {}-&gt;http://127.0.0.1:7055
14:21:34.340 [Forwarding findElement on session 9ff46c75-f860-4b6c-96bf-d1f3a31859fe to remote] DEBUG o.a.h.i.c.HttpClientConnectionOperator - Connecting to /127.0.0.1:7055
14:21:34.341 [Forwarding findElement on session 9ff46c75-f860-4b6c-96bf-d1f3a31859fe to remote] DEBUG o.a.h.i.c.HttpClientConnectionOperator - Connection established 127.0.0.1:59036&lt;-&gt;127.0.0.1:7055
14:21:34.341 [Forwarding findElement on session 9ff46c75-f860-4b6c-96bf-d1f3a31859fe to remote] DEBUG o.a.h.impl.execchain.MainClientExec - Executing request POST /hub/session/9ff46c75-f860-4b6c-96bf-d1f3a31859fe/element HTTP/1.1
14:21:34.341 [Forwarding findElement on session 9ff46c75-f860-4b6c-96bf-d1f3a31859fe to remote] DEBUG o.a.h.impl.execchain.MainClientExec - Target auth state: UNCHALLENGED
14:21:34.341 [Forwarding findElement on session 9ff46c75-f860-4b6c-96bf-d1f3a31859fe to remote] DEBUG o.a.h.impl.execchain.MainClientExec - Proxy auth state: UNCHALLENGED
14:21:34.341 [Forwarding findElement on session 9ff46c75-f860-4b6c-96bf-d1f3a31859fe to remote] DEBUG org.apache.http.headers - http-outgoing-120 &gt;&gt; POST /hub/session/9ff46c75-f860-4b6c-96bf-d1f3a31859fe/element HTTP/1.1
14:21:34.341 [Forwarding findElement on session 9ff46c75-f860-4b6c-96bf-d1f3a31859fe to remote] DEBUG org.apache.http.headers - http-outgoing-120 &gt;&gt; Content-Type: application/json; charset=utf-8
14:21:34.341 [Forwarding findElement on session 9ff46c75-f860-4b6c-96bf-d1f3a31859fe to remote] DEBUG org.apache.http.headers - http-outgoing-120 &gt;&gt; Content-Length: 35
14:21:34.341 [Forwarding findElement on session 9ff46c75-f860-4b6c-96bf-d1f3a31859fe to remote] DEBUG org.apache.http.headers - http-outgoing-120 &gt;&gt; Host: 127.0.0.1:7055
14:21:34.342 [Forwarding findElement on session 9ff46c75-f860-4b6c-96bf-d1f3a31859fe to remote] DEBUG org.apache.http.headers - http-outgoing-120 &gt;&gt; Connection: Keep-Alive
14:21:34.342 [Forwarding findElement on session 9ff46c75-f860-4b6c-96bf-d1f3a31859fe to remote] DEBUG org.apache.http.headers - http-outgoing-120 &gt;&gt; User-Agent: Apache-HttpClient/4.3.4 (java 1.5)
14:21:34.342 [Forwarding findElement on session 9ff46c75-f860-4b6c-96bf-d1f3a31859fe to remote] DEBUG org.apache.http.headers - http-outgoing-120 &gt;&gt; Accept-Encoding: gzip,deflate
14:21:34.342 [Forwarding findElement on session 9ff46c75-f860-4b6c-96bf-d1f3a31859fe to remote] DEBUG org.apache.http.wire - http-outgoing-120 &gt;&gt; "POST /hub/session/9ff46c75-f860-4b6c-96bf-d1f3a31859fe/element HTTP/1.1[\r][\n]"
14:21:34.342 [Forwarding findElement on session 9ff46c75-f860-4b6c-96bf-d1f3a31859fe to remote] DEBUG org.apache.http.wire - http-outgoing-120 &gt;&gt; "Content-Type: application/json; charset=utf-8[\r][\n]"
14:21:34.342 [Forwarding findElement on session 9ff46c75-f860-4b6c-96bf-d1f3a31859fe to remote] DEBUG org.apache.http.wire - http-outgoing-120 &gt;&gt; "Content-Length: 35[\r][\n]"
14:21:34.342 [Forwarding findElement on session 9ff46c75-f860-4b6c-96bf-d1f3a31859fe to remote] DEBUG org.apache.http.wire - http-outgoing-120 &gt;&gt; "Host: 127.0.0.1:7055[\r][\n]"
14:21:34.342 [Forwarding findElement on session 9ff46c75-f860-4b6c-96bf-d1f3a31859fe to remote] DEBUG org.apache.http.wire - http-outgoing-120 &gt;&gt; "Connection: Keep-Alive[\r][\n]"
14:21:34.342 [Forwarding findElement on session 9ff46c75-f860-4b6c-96bf-d1f3a31859fe to remote] DEBUG org.apache.http.wire - http-outgoing-120 &gt;&gt; "User-Agent: Apache-HttpClient/4.3.4 (java 1.5)[\r][\n]"
14:21:34.342 [Forwarding findElement on session 9ff46c75-f860-4b6c-96bf-d1f3a31859fe to remote] DEBUG org.apache.http.wire - http-outgoing-120 &gt;&gt; "Accept-Encoding: gzip,deflate[\r][\n]"
14:21:34.342 [Forwarding findElement on session 9ff46c75-f860-4b6c-96bf-d1f3a31859fe to remote] DEBUG org.apache.http.wire - http-outgoing-120 &gt;&gt; "[\r][\n]"
14:21:34.342 [Forwarding findElement on session 9ff46c75-f860-4b6c-96bf-d1f3a31859fe to remote] DEBUG org.apache.http.wire - http-outgoing-120 &gt;&gt; "{"using":"id","value":"createVote"}"
14:21:34.347 [Forwarding findElement on session 9ff46c75-f860-4b6c-96bf-d1f3a31859fe to remote] DEBUG org.apache.http.wire - http-outgoing-120 &lt;&lt; "HTTP/1.1 200 OK[\r][\n]"
14:21:34.347 [Forwarding findElement on session 9ff46c75-f860-4b6c-96bf-d1f3a31859fe to remote] DEBUG org.apache.http.wire - http-outgoing-120 &lt;&lt; "content-type: application/json; charset=UTF-8[\r][\n]"
14:21:34.347 [Forwarding findElement on session 9ff46c75-f860-4b6c-96bf-d1f3a31859fe to remote] DEBUG org.apache.http.wire - http-outgoing-120 &lt;&lt; "connection: close[\r][\n]"
14:21:34.347 [Forwarding findElement on session 9ff46c75-f860-4b6c-96bf-d1f3a31859fe to remote] DEBUG org.apache.http.wire - http-outgoing-120 &lt;&lt; "content-length: 145[\r][\n]"
14:21:34.347 [Forwarding findElement on session 9ff46c75-f860-4b6c-96bf-d1f3a31859fe to remote] DEBUG org.apache.http.wire - http-outgoing-120 &lt;&lt; "server: httpd.js[\r][\n]"
14:21:34.347 [Forwarding findElement on session 9ff46c75-f860-4b6c-96bf-d1f3a31859fe to remote] DEBUG org.apache.http.wire - http-outgoing-120 &lt;&lt; "date: Thu, 04 Jun 2015 06:21:34 GMT[\r][\n]"
14:21:34.347 [Forwarding findElement on session 9ff46c75-f860-4b6c-96bf-d1f3a31859fe to remote] DEBUG org.apache.http.wire - http-outgoing-120 &lt;&lt; "[\r][\n]"
14:21:34.347 [Forwarding findElement on session 9ff46c75-f860-4b6c-96bf-d1f3a31859fe to remote] DEBUG org.apache.http.headers - http-outgoing-120 &lt;&lt; HTTP/1.1 200 OK
14:21:34.347 [Forwarding findElement on session 9ff46c75-f860-4b6c-96bf-d1f3a31859fe to remote] DEBUG org.apache.http.headers - http-outgoing-120 &lt;&lt; content-type: application/json; charset=UTF-8
14:21:34.347 [Forwarding findElement on session 9ff46c75-f860-4b6c-96bf-d1f3a31859fe to remote] DEBUG org.apache.http.headers - http-outgoing-120 &lt;&lt; connection: close
14:21:34.347 [Forwarding findElement on session 9ff46c75-f860-4b6c-96bf-d1f3a31859fe to remote] DEBUG org.apache.http.headers - http-outgoing-120 &lt;&lt; content-length: 145
14:21:34.347 [Forwarding findElement on session 9ff46c75-f860-4b6c-96bf-d1f3a31859fe to remote] DEBUG org.apache.http.headers - http-outgoing-120 &lt;&lt; server: httpd.js
14:21:34.347 [Forwarding findElement on session 9ff46c75-f860-4b6c-96bf-d1f3a31859fe to remote] DEBUG org.apache.http.headers - http-outgoing-120 &lt;&lt; date: Thu, 04 Jun 2015 06:21:34 GMT
14:21:34.348 [Forwarding findElement on session 9ff46c75-f860-4b6c-96bf-d1f3a31859fe to remote] DEBUG org.apache.http.wire - http-outgoing-120 &lt;&lt; "{"name":"findElement","sessionId":"9ff46c75-f860-4b6c-96bf-d1f3a31859fe","status":0,"value":{"ELEMENT":"{165a846d-81af-4899-b7b4-094863e2e283}"}}"
14:21:34.348 [Forwarding findElement on session 9ff46c75-f860-4b6c-96bf-d1f3a31859fe to remote] DEBUG o.a.h.i.c.DefaultManagedHttpClientConnection - http-outgoing-120: Shutdown connection
14:21:34.348 [Forwarding findElement on session 9ff46c75-f860-4b6c-96bf-d1f3a31859fe to remote] DEBUG o.a.h.impl.execchain.MainClientExec - Connection discarded
14:21:34.348 [Forwarding findElement on session 9ff46c75-f860-4b6c-96bf-d1f3a31859fe to remote] DEBUG o.a.h.i.c.DefaultManagedHttpClientConnection - http-outgoing-120: Close connection
14:21:34.349 [Forwarding findElement on session 9ff46c75-f860-4b6c-96bf-d1f3a31859fe to remote] DEBUG o.a.h.i.c.PoolingHttpClientConnectionManager - Connection released: [id: 120][route: {}-&gt;http://127.0.0.1:7055][total kept alive: 0; route allocated: 0 of 2000; total allocated: 0 of 2000]
14:21:34.350 [Forwarding findElement on session 9ff46c75-f860-4b6c-96bf-d1f3a31859fe to remote] DEBUG o.a.h.c.protocol.RequestAddCookies - CookieSpec selected: best-match
14:21:34.350 [Forwarding findElement on session 9ff46c75-f860-4b6c-96bf-d1f3a31859fe to remote] DEBUG o.a.h.c.protocol.RequestAuthCache - Auth cache not set in the context
14:21:34.350 [Forwarding findElement on session 9ff46c75-f860-4b6c-96bf-d1f3a31859fe to remote] DEBUG o.a.h.i.c.PoolingHttpClientConnectionManager - Connection request: [route: {}-&gt;http://127.0.0.1:7055][total kept alive: 0; route allocated: 0 of 2000; total allocated: 0 of 2000]
14:21:34.350 [Forwarding findElement on session 9ff46c75-f860-4b6c-96bf-d1f3a31859fe to remote] DEBUG o.a.h.i.c.PoolingHttpClientConnectionManager - Connection leased: [id: 121][route: {}-&gt;http://127.0.0.1:7055][total kept alive: 0; route allocated: 1 of 2000; total allocated: 1 of 2000]
14:21:34.350 [Forwarding findElement on session 9ff46c75-f860-4b6c-96bf-d1f3a31859fe to remote] DEBUG o.a.h.impl.execchain.MainClientExec - Opening connection {}-&gt;http://127.0.0.1:7055
14:21:34.350 [Forwarding findElement on session 9ff46c75-f860-4b6c-96bf-d1f3a31859fe to remote] DEBUG o.a.h.i.c.HttpClientConnectionOperator - Connecting to /127.0.0.1:7055
14:21:34.351 [Forwarding findElement on session 9ff46c75-f860-4b6c-96bf-d1f3a31859fe to remote] DEBUG o.a.h.i.c.HttpClientConnectionOperator - Connection established 127.0.0.1:59037&lt;-&gt;127.0.0.1:7055
14:21:34.351 [Forwarding findElement on session 9ff46c75-f860-4b6c-96bf-d1f3a31859fe to remote] DEBUG o.a.h.impl.execchain.MainClientExec - Executing request POST /hub/session/9ff46c75-f860-4b6c-96bf-d1f3a31859fe/element HTTP/1.1
14:21:34.351 [Forwarding findElement on session 9ff46c75-f860-4b6c-96bf-d1f3a31859fe to remote] DEBUG o.a.h.impl.execchain.MainClientExec - Target auth state: UNCHALLENGED
14:21:34.351 [Forwarding findElement on session 9ff46c75-f860-4b6c-96bf-d1f3a31859fe to remote] DEBUG o.a.h.impl.execchain.MainClientExec - Proxy auth state: UNCHALLENGED
14:21:34.351 [Forwarding findElement on session 9ff46c75-f860-4b6c-96bf-d1f3a31859fe to remote] DEBUG org.apache.http.headers - http-outgoing-121 &gt;&gt; POST /hub/session/9ff46c75-f860-4b6c-96bf-d1f3a31859fe/element HTTP/1.1
14:21:34.351 [Forwarding findElement on session 9ff46c75-f860-4b6c-96bf-d1f3a31859fe to remote] DEBUG org.apache.http.headers - http-outgoing-121 &gt;&gt; Content-Type: application/json; charset=utf-8
14:21:34.351 [Forwarding findElement on session 9ff46c75-f860-4b6c-96bf-d1f3a31859fe to remote] DEBUG org.apache.http.headers - http-outgoing-121 &gt;&gt; Content-Length: 35
14:21:34.351 [Forwarding findElement on session 9ff46c75-f860-4b6c-96bf-d1f3a31859fe to remote] DEBUG org.apache.http.headers - http-outgoing-121 &gt;&gt; Host: 127.0.0.1:7055
14:21:34.351 [Forwarding findElement on session 9ff46c75-f860-4b6c-96bf-d1f3a31859fe to remote] DEBUG org.apache.http.headers - http-outgoing-121 &gt;&gt; Connection: Keep-Alive
14:21:34.351 [Forwarding findElement on session 9ff46c75-f860-4b6c-96bf-d1f3a31859fe to remote] DEBUG org.apache.http.headers - http-outgoing-121 &gt;&gt; User-Agent: Apache-HttpClient/4.3.4 (java 1.5)
14:21:34.351 [Forwarding findElement on session 9ff46c75-f860-4b6c-96bf-d1f3a31859fe to remote] DEBUG org.apache.http.headers - http-outgoing-121 &gt;&gt; Accept-Encoding: gzip,deflate
14:21:34.352 [Forwarding findElement on session 9ff46c75-f860-4b6c-96bf-d1f3a31859fe to remote] DEBUG org.apache.http.wire - http-outgoing-121 &gt;&gt; "POST /hub/session/9ff46c75-f860-4b6c-96bf-d1f3a31859fe/element HTTP/1.1[\r][\n]"
14:21:34.352 [Forwarding findElement on session 9ff46c75-f860-4b6c-96bf-d1f3a31859fe to remote] DEBUG org.apache.http.wire - http-outgoing-121 &gt;&gt; "Content-Type: application/json; charset=utf-8[\r][\n]"
14:21:34.352 [Forwarding findElement on session 9ff46c75-f860-4b6c-96bf-d1f3a31859fe to remote] DEBUG org.apache.http.wire - http-outgoing-121 &gt;&gt; "Content-Length: 35[\r][\n]"
14:21:34.352 [Forwarding findElement on session 9ff46c75-f860-4b6c-96bf-d1f3a31859fe to remote] DEBUG org.apache.http.wire - http-outgoing-121 &gt;&gt; "Host: 127.0.0.1:7055[\r][\n]"
14:21:34.352 [Forwarding findElement on session 9ff46c75-f860-4b6c-96bf-d1f3a31859fe to remote] DEBUG org.apache.http.wire - http-outgoing-121 &gt;&gt; "Connection: Keep-Alive[\r][\n]"
14:21:34.352 [Forwarding findElement on session 9ff46c75-f860-4b6c-96bf-d1f3a31859fe to remote] DEBUG org.apache.http.wire - http-outgoing-121 &gt;&gt; "User-Agent: Apache-HttpClient/4.3.4 (java 1.5)[\r][\n]"
14:21:34.352 [Forwarding findElement on session 9ff46c75-f860-4b6c-96bf-d1f3a31859fe to remote] DEBUG org.apache.http.wire - http-outgoing-121 &gt;&gt; "Accept-Encoding: gzip,deflate[\r][\n]"
14:21:34.352 [Forwarding findElement on session 9ff46c75-f860-4b6c-96bf-d1f3a31859fe to remote] DEBUG org.apache.http.wire - http-outgoing-121 &gt;&gt; "[\r][\n]"
14:21:34.352 [Forwarding findElement on session 9ff46c75-f860-4b6c-96bf-d1f3a31859fe to remote] DEBUG org.apache.http.wire - http-outgoing-121 &gt;&gt; "{"using":"id","value":"createVote"}"
14:21:34.357 [Forwarding findElement on session 9ff46c75-f860-4b6c-96bf-d1f3a31859fe to remote] DEBUG org.apache.http.wire - http-outgoing-121 &lt;&lt; "HTTP/1.1 200 OK[\r][\n]"
14:21:34.357 [Forwarding findElement on session 9ff46c75-f860-4b6c-96bf-d1f3a31859fe to remote] DEBUG org.apache.http.wire - http-outgoing-121 &lt;&lt; "content-type: application/json; charset=UTF-8[\r][\n]"
14:21:34.357 [Forwarding findElement on session 9ff46c75-f860-4b6c-96bf-d1f3a31859fe to remote] DEBUG org.apache.http.wire - http-outgoing-121 &lt;&lt; "connection: close[\r][\n]"
14:21:34.357 [Forwarding findElement on session 9ff46c75-f860-4b6c-96bf-d1f3a31859fe to remote] DEBUG org.apache.http.wire - http-outgoing-121 &lt;&lt; "content-length: 145[\r][\n]"
14:21:34.357 [Forwarding findElement on session 9ff46c75-f860-4b6c-96bf-d1f3a31859fe to remote] DEBUG org.apache.http.wire - http-outgoing-121 &lt;&lt; "server: httpd.js[\r][\n]"
14:21:34.357 [Forwarding findElement on session 9ff46c75-f860-4b6c-96bf-d1f3a31859fe to remote] DEBUG org.apache.http.wire - http-outgoing-121 &lt;&lt; "date: Thu, 04 Jun 2015 06:21:34 GMT[\r][\n]"
14:21:34.357 [Forwarding findElement on session 9ff46c75-f860-4b6c-96bf-d1f3a31859fe to remote] DEBUG org.apache.http.wire - http-outgoing-121 &lt;&lt; "[\r][\n]"
14:21:34.357 [Forwarding findElement on session 9ff46c75-f860-4b6c-96bf-d1f3a31859fe to remote] DEBUG org.apache.http.headers - http-outgoing-121 &lt;&lt; HTTP/1.1 200 OK
14:21:34.357 [Forwarding findElement on session 9ff46c75-f860-4b6c-96bf-d1f3a31859fe to remote] DEBUG org.apache.http.headers - http-outgoing-121 &lt;&lt; content-type: application/json; charset=UTF-8
14:21:34.357 [Forwarding findElement on session 9ff46c75-f860-4b6c-96bf-d1f3a31859fe to remote] DEBUG org.apache.http.headers - http-outgoing-121 &lt;&lt; connection: close
14:21:34.357 [Forwarding findElement on session 9ff46c75-f860-4b6c-96bf-d1f3a31859fe to remote] DEBUG org.apache.http.headers - http-outgoing-121 &lt;&lt; content-length: 145
14:21:34.357 [Forwarding findElement on session 9ff46c75-f860-4b6c-96bf-d1f3a31859fe to remote] DEBUG org.apache.http.headers - http-outgoing-121 &lt;&lt; server: httpd.js
14:21:34.357 [Forwarding findElement on session 9ff46c75-f860-4b6c-96bf-d1f3a31859fe to remote] DEBUG org.apache.http.headers - http-outgoing-121 &lt;&lt; date: Thu, 04 Jun 2015 06:21:34 GMT
14:21:34.359 [Forwarding findElement on session 9ff46c75-f860-4b6c-96bf-d1f3a31859fe to remote] DEBUG org.apache.http.wire - http-outgoing-121 &lt;&lt; "{"name":"findElement","sessionId":"9ff46c75-f860-4b6c-96bf-d1f3a31859fe","status":0,"value":{"ELEMENT":"{165a846d-81af-4899-b7b4-094863e2e283}"}}"
14:21:34.359 [Forwarding findElement on session 9ff46c75-f860-4b6c-96bf-d1f3a31859fe to remote] DEBUG o.a.h.i.c.DefaultManagedHttpClientConnection - http-outgoing-121: Shutdown connection
14:21:34.359 [Forwarding findElement on session 9ff46c75-f860-4b6c-96bf-d1f3a31859fe to remote] DEBUG o.a.h.impl.execchain.MainClientExec - Connection discarded
14:21:34.359 [Forwarding findElement on session 9ff46c75-f860-4b6c-96bf-d1f3a31859fe to remote] DEBUG o.a.h.i.c.DefaultManagedHttpClientConnection - http-outgoing-121: Close connection
14:21:34.359 [Forwarding findElement on session 9ff46c75-f860-4b6c-96bf-d1f3a31859fe to remote] DEBUG o.a.h.i.c.PoolingHttpClientConnectionManager - Connection released: [id: 121][route: {}-&gt;http://127.0.0.1:7055][total kept alive: 0; route allocated: 0 of 2000; total allocated: 0 of 2000]
14:21:34.360 [Forwarding clickElement on session 9ff46c75-f860-4b6c-96bf-d1f3a31859fe to remote] DEBUG o.a.h.c.protocol.RequestAddCookies - CookieSpec selected: best-match
14:21:34.360 [Forwarding clickElement on session 9ff46c75-f860-4b6c-96bf-d1f3a31859fe to remote] DEBUG o.a.h.c.protocol.RequestAuthCache - Auth cache not set in the context
14:21:34.360 [Forwarding clickElement on session 9ff46c75-f860-4b6c-96bf-d1f3a31859fe to remote] DEBUG o.a.h.i.c.PoolingHttpClientConnectionManager - Connection request: [route: {}-&gt;http://127.0.0.1:7055][total kept alive: 0; route allocated: 0 of 2000; total allocated: 0 of 2000]
14:21:34.361 [Forwarding clickElement on session 9ff46c75-f860-4b6c-96bf-d1f3a31859fe to remote] DEBUG o.a.h.i.c.PoolingHttpClientConnectionManager - Connection leased: [id: 122][route: {}-&gt;http://127.0.0.1:7055][total kept alive: 0; route allocated: 1 of 2000; total allocated: 1 of 2000]
14:21:34.361 [Forwarding clickElement on session 9ff46c75-f860-4b6c-96bf-d1f3a31859fe to remote] DEBUG o.a.h.impl.execchain.MainClientExec - Opening connection {}-&gt;http://127.0.0.1:7055
14:21:34.361 [Forwarding clickElement on session 9ff46c75-f860-4b6c-96bf-d1f3a31859fe to remote] DEBUG o.a.h.i.c.HttpClientConnectionOperator - Connecting to /127.0.0.1:7055
14:21:34.361 [Forwarding clickElement on session 9ff46c75-f860-4b6c-96bf-d1f3a31859fe to remote] DEBUG o.a.h.i.c.HttpClientConnectionOperator - Connection established 127.0.0.1:59038&lt;-&gt;127.0.0.1:7055
14:21:34.361 [Forwarding clickElement on session 9ff46c75-f860-4b6c-96bf-d1f3a31859fe to remote] DEBUG o.a.h.impl.execchain.MainClientExec - Executing request POST /hub/session/9ff46c75-f860-4b6c-96bf-d1f3a31859fe/element/%7B165a846d-81af-4899-b7b4-094863e2e283%7D/click HTTP/1.1
14:21:34.361 [Forwarding clickElement on session 9ff46c75-f860-4b6c-96bf-d1f3a31859fe to remote] DEBUG o.a.h.impl.execchain.MainClientExec - Target auth state: UNCHALLENGED
14:21:34.361 [Forwarding clickElement on session 9ff46c75-f860-4b6c-96bf-d1f3a31859fe to remote] DEBUG o.a.h.impl.execchain.MainClientExec - Proxy auth state: UNCHALLENGED
14:21:34.361 [Forwarding clickElement on session 9ff46c75-f860-4b6c-96bf-d1f3a31859fe to remote] DEBUG org.apache.http.headers - http-outgoing-122 &gt;&gt; POST /hub/session/9ff46c75-f860-4b6c-96bf-d1f3a31859fe/element/%7B165a846d-81af-4899-b7b4-094863e2e283%7D/click HTTP/1.1
14:21:34.361 [Forwarding clickElement on session 9ff46c75-f860-4b6c-96bf-d1f3a31859fe to remote] DEBUG org.apache.http.headers - http-outgoing-122 &gt;&gt; Content-Type: application/json; charset=utf-8
14:21:34.361 [Forwarding clickElement on session 9ff46c75-f860-4b6c-96bf-d1f3a31859fe to remote] DEBUG org.apache.http.headers - http-outgoing-122 &gt;&gt; Content-Length: 47
14:21:34.361 [Forwarding clickElement on session 9ff46c75-f860-4b6c-96bf-d1f3a31859fe to remote] DEBUG org.apache.http.headers - http-outgoing-122 &gt;&gt; Host: 127.0.0.1:7055
14:21:34.362 [Forwarding clickElement on session 9ff46c75-f860-4b6c-96bf-d1f3a31859fe to remote] DEBUG org.apache.http.headers - http-outgoing-122 &gt;&gt; Connection: Keep-Alive
14:21:34.362 [Forwarding clickElement on session 9ff46c75-f860-4b6c-96bf-d1f3a31859fe to remote] DEBUG org.apache.http.headers - http-outgoing-122 &gt;&gt; User-Agent: Apache-HttpClient/4.3.4 (java 1.5)
14:21:34.362 [Forwarding clickElement on session 9ff46c75-f860-4b6c-96bf-d1f3a31859fe to remote] DEBUG org.apache.http.headers - http-outgoing-122 &gt;&gt; Accept-Encoding: gzip,deflate
14:21:34.362 [Forwarding clickElement on session 9ff46c75-f860-4b6c-96bf-d1f3a31859fe to remote] DEBUG org.apache.http.wire - http-outgoing-122 &gt;&gt; "POST /hub/session/9ff46c75-f860-4b6c-96bf-d1f3a31859fe/element/%7B165a846d-81af-4899-b7b4-094863e2e283%7D/click HTTP/1.1[\r][\n]"
14:21:34.362 [Forwarding clickElement on session 9ff46c75-f860-4b6c-96bf-d1f3a31859fe to remote] DEBUG org.apache.http.wire - http-outgoing-122 &gt;&gt; "Content-Type: application/json; charset=utf-8[\r][\n]"
14:21:34.362 [Forwarding clickElement on session 9ff46c75-f860-4b6c-96bf-d1f3a31859fe to remote] DEBUG org.apache.http.wire - http-outgoing-122 &gt;&gt; "Content-Length: 47[\r][\n]"
14:21:34.362 [Forwarding clickElement on session 9ff46c75-f860-4b6c-96bf-d1f3a31859fe to remote] DEBUG org.apache.http.wire - http-outgoing-122 &gt;&gt; "Host: 127.0.0.1:7055[\r][\n]"
14:21:34.362 [Forwarding clickElement on session 9ff46c75-f860-4b6c-96bf-d1f3a31859fe to remote] DEBUG org.apache.http.wire - http-outgoing-122 &gt;&gt; "Connection: Keep-Alive[\r][\n]"
14:21:34.362 [Forwarding clickElement on session 9ff46c75-f860-4b6c-96bf-d1f3a31859fe to remote] DEBUG org.apache.http.wire - http-outgoing-122 &gt;&gt; "User-Agent: Apache-HttpClient/4.3.4 (java 1.5)[\r][\n]"
14:21:34.362 [Forwarding clickElement on session 9ff46c75-f860-4b6c-96bf-d1f3a31859fe to remote] DEBUG org.apache.http.wire - http-outgoing-122 &gt;&gt; "Accept-Encoding: gzip,deflate[\r][\n]"
14:21:34.363 [Forwarding clickElement on session 9ff46c75-f860-4b6c-96bf-d1f3a31859fe to remote] DEBUG org.apache.http.wire - http-outgoing-122 &gt;&gt; "[\r][\n]"
14:21:34.363 [Forwarding clickElement on session 9ff46c75-f860-4b6c-96bf-d1f3a31859fe to remote] DEBUG org.apache.http.wire - http-outgoing-122 &gt;&gt; "{"id":"{165a846d-81af-4899-b7b4-094863e2e283}"}"
14:21:34.502 [Forwarding clickElement on session 9ff46c75-f860-4b6c-96bf-d1f3a31859fe to remote] DEBUG org.apache.http.wire - http-outgoing-122 &lt;&lt; "HTTP/1.1 200 OK[\r][\n]"
14:21:34.502 [Forwarding clickElement on session 9ff46c75-f860-4b6c-96bf-d1f3a31859fe to remote] DEBUG org.apache.http.wire - http-outgoing-122 &lt;&lt; "content-type: application/json; charset=UTF-8[\r][\n]"
14:21:34.502 [Forwarding clickElement on session 9ff46c75-f860-4b6c-96bf-d1f3a31859fe to remote] DEBUG org.apache.http.wire - http-outgoing-122 &lt;&lt; "connection: close[\r][\n]"
14:21:34.502 [Forwarding clickElement on session 9ff46c75-f860-4b6c-96bf-d1f3a31859fe to remote] DEBUG org.apache.http.wire - http-outgoing-122 &lt;&lt; "content-length: 98[\r][\n]"
14:21:34.502 [Forwarding clickElement on session 9ff46c75-f860-4b6c-96bf-d1f3a31859fe to remote] DEBUG org.apache.http.wire - http-outgoing-122 &lt;&lt; "server: httpd.js[\r][\n]"
14:21:34.502 [Forwarding clickElement on session 9ff46c75-f860-4b6c-96bf-d1f3a31859fe to remote] DEBUG org.apache.http.wire - http-outgoing-122 &lt;&lt; "date: Thu, 04 Jun 2015 06:21:34 GMT[\r][\n]"
14:21:34.502 [Forwarding clickElement on session 9ff46c75-f860-4b6c-96bf-d1f3a31859fe to remote] DEBUG org.apache.http.wire - http-outgoing-122 &lt;&lt; "[\r][\n]"
14:21:34.502 [Forwarding clickElement on session 9ff46c75-f860-4b6c-96bf-d1f3a31859fe to remote] DEBUG org.apache.http.headers - http-outgoing-122 &lt;&lt; HTTP/1.1 200 OK
14:21:34.502 [Forwarding clickElement on session 9ff46c75-f860-4b6c-96bf-d1f3a31859fe to remote] DEBUG org.apache.http.headers - http-outgoing-122 &lt;&lt; content-type: application/json; charset=UTF-8
14:21:34.502 [Forwarding clickElement on session 9ff46c75-f860-4b6c-96bf-d1f3a31859fe to remote] DEBUG org.apache.http.headers - http-outgoing-122 &lt;&lt; connection: close
14:21:34.502 [Forwarding clickElement on session 9ff46c75-f860-4b6c-96bf-d1f3a31859fe to remote] DEBUG org.apache.http.headers - http-outgoing-122 &lt;&lt; content-length: 98
14:21:34.502 [Forwarding clickElement on session 9ff46c75-f860-4b6c-96bf-d1f3a31859fe to remote] DEBUG org.apache.http.headers - http-outgoing-122 &lt;&lt; server: httpd.js
14:21:34.502 [Forwarding clickElement on session 9ff46c75-f860-4b6c-96bf-d1f3a31859fe to remote] DEBUG org.apache.http.headers - http-outgoing-122 &lt;&lt; date: Thu, 04 Jun 2015 06:21:34 GMT
14:21:34.505 [Forwarding clickElement on session 9ff46c75-f860-4b6c-96bf-d1f3a31859fe to remote] DEBUG org.apache.http.wire - http-outgoing-122 &lt;&lt; "{"name":"clickElement","sessionId":"9ff46c75-f860-4b6c-96bf-d1f3a31859fe","status":0,"value":"ok"}"
14:21:34.505 [Forwarding clickElement on session 9ff46c75-f860-4b6c-96bf-d1f3a31859fe to remote] DEBUG o.a.h.i.c.DefaultManagedHttpClientConnection - http-outgoing-122: Shutdown connection
14:21:34.505 [Forwarding clickElement on session 9ff46c75-f860-4b6c-96bf-d1f3a31859fe to remote] DEBUG o.a.h.impl.execchain.MainClientExec - Connection discarded
14:21:34.505 [Forwarding clickElement on session 9ff46c75-f860-4b6c-96bf-d1f3a31859fe to remote] DEBUG o.a.h.i.c.DefaultManagedHttpClientConnection - http-outgoing-122: Close connection
14:21:34.505 [Forwarding clickElement on session 9ff46c75-f860-4b6c-96bf-d1f3a31859fe to remote] DEBUG o.a.h.i.c.PoolingHttpClientConnectionManager - Connection released: [id: 122][route: {}-&gt;http://127.0.0.1:7055][total kept alive: 0; route allocated: 0 of 2000; total allocated: 0 of 2000]
14:21:34.506 [Forwarding screenshot on session 9ff46c75-f860-4b6c-96bf-d1f3a31859fe to remote] DEBUG o.a.h.c.protocol.RequestAddCookies - CookieSpec selected: best-match
14:21:34.506 [Forwarding screenshot on session 9ff46c75-f860-4b6c-96bf-d1f3a31859fe to remote] DEBUG o.a.h.c.protocol.RequestAuthCache - Auth cache not set in the context
14:21:34.506 [Forwarding screenshot on session 9ff46c75-f860-4b6c-96bf-d1f3a31859fe to remote] DEBUG o.a.h.i.c.PoolingHttpClientConnectionManager - Connection request: [route: {}-&gt;http://127.0.0.1:7055][total kept alive: 0; route allocated: 0 of 2000; total allocated: 0 of 2000]
14:21:34.506 [Forwarding screenshot on session 9ff46c75-f860-4b6c-96bf-d1f3a31859fe to remote] DEBUG o.a.h.i.c.PoolingHttpClientConnectionManager - Connection leased: [id: 123][route: {}-&gt;http://127.0.0.1:7055][total kept alive: 0; route allocated: 1 of 2000; total allocated: 1 of 2000]
14:21:34.506 [Forwarding screenshot on session 9ff46c75-f860-4b6c-96bf-d1f3a31859fe to remote] DEBUG o.a.h.impl.execchain.MainClientExec - Opening connection {}-&gt;http://127.0.0.1:7055
14:21:34.506 [Forwarding screenshot on session 9ff46c75-f860-4b6c-96bf-d1f3a31859fe to remote] DEBUG o.a.h.i.c.HttpClientConnectionOperator - Connecting to /127.0.0.1:7055
14:21:34.507 [Forwarding screenshot on session 9ff46c75-f860-4b6c-96bf-d1f3a31859fe to remote] DEBUG o.a.h.i.c.HttpClientConnectionOperator - Connection established 127.0.0.1:59039&lt;-&gt;127.0.0.1:7055
14:21:34.507 [Forwarding screenshot on session 9ff46c75-f860-4b6c-96bf-d1f3a31859fe to remote] DEBUG o.a.h.impl.execchain.MainClientExec - Executing request GET /hub/session/9ff46c75-f860-4b6c-96bf-d1f3a31859fe/screenshot HTTP/1.1
14:21:34.507 [Forwarding screenshot on session 9ff46c75-f860-4b6c-96bf-d1f3a31859fe to remote] DEBUG o.a.h.impl.execchain.MainClientExec - Target auth state: UNCHALLENGED
14:21:34.507 [Forwarding screenshot on session 9ff46c75-f860-4b6c-96bf-d1f3a31859fe to remote] DEBUG o.a.h.impl.execchain.MainClientExec - Proxy auth state: UNCHALLENGED
14:21:34.507 [Forwarding screenshot on session 9ff46c75-f860-4b6c-96bf-d1f3a31859fe to remote] DEBUG org.apache.http.headers - http-outgoing-123 &gt;&gt; GET /hub/session/9ff46c75-f860-4b6c-96bf-d1f3a31859fe/screenshot HTTP/1.1
14:21:34.507 [Forwarding screenshot on session 9ff46c75-f860-4b6c-96bf-d1f3a31859fe to remote] DEBUG org.apache.http.headers - http-outgoing-123 &gt;&gt; Cache-Control: no-cache
14:21:34.507 [Forwarding screenshot on session 9ff46c75-f860-4b6c-96bf-d1f3a31859fe to remote] DEBUG org.apache.http.headers - http-outgoing-123 &gt;&gt; Host: 127.0.0.1:7055
14:21:34.507 [Forwarding screenshot on session 9ff46c75-f860-4b6c-96bf-d1f3a31859fe to remote] DEBUG org.apache.http.headers - http-outgoing-123 &gt;&gt; Connection: Keep-Alive
14:21:34.507 [Forwarding screenshot on session 9ff46c75-f860-4b6c-96bf-d1f3a31859fe to remote] DEBUG org.apache.http.headers - http-outgoing-123 &gt;&gt; User-Agent: Apache-HttpClient/4.3.4 (java 1.5)
14:21:34.507 [Forwarding screenshot on session 9ff46c75-f860-4b6c-96bf-d1f3a31859fe to remote] DEBUG org.apache.http.headers - http-outgoing-123 &gt;&gt; Accept-Encoding: gzip,deflate
14:21:34.507 [Forwarding screenshot on session 9ff46c75-f860-4b6c-96bf-d1f3a31859fe to remote] DEBUG org.apache.http.wire - http-outgoing-123 &gt;&gt; "GET /hub/session/9ff46c75-f860-4b6c-96bf-d1f3a31859fe/screenshot HTTP/1.1[\r][\n]"
14:21:34.507 [Forwarding screenshot on session 9ff46c75-f860-4b6c-96bf-d1f3a31859fe to remote] DEBUG org.apache.http.wire - http-outgoing-123 &gt;&gt; "Cache-Control: no-cache[\r][\n]"
14:21:34.507 [Forwarding screenshot on session 9ff46c75-f860-4b6c-96bf-d1f3a31859fe to remote] DEBUG org.apache.http.wire - http-outgoing-123 &gt;&gt; "Host: 127.0.0.1:7055[\r][\n]"
14:21:34.508 [Forwarding screenshot on session 9ff46c75-f860-4b6c-96bf-d1f3a31859fe to remote] DEBUG org.apache.http.wire - http-outgoing-123 &gt;&gt; "Connection: Keep-Alive[\r][\n]"
14:21:34.508 [Forwarding screenshot on session 9ff46c75-f860-4b6c-96bf-d1f3a31859fe to remote] DEBUG org.apache.http.wire - http-outgoing-123 &gt;&gt; "User-Agent: Apache-HttpClient/4.3.4 (java 1.5)[\r][\n]"
14:21:34.508 [Forwarding screenshot on session 9ff46c75-f860-4b6c-96bf-d1f3a31859fe to remote] DEBUG org.apache.http.wire - http-outgoing-123 &gt;&gt; "Accept-Encoding: gzip,deflate[\r][\n]"
14:21:34.508 [Forwarding screenshot on session 9ff46c75-f860-4b6c-96bf-d1f3a31859fe to remote] DEBUG org.apache.http.wire - http-outgoing-123 &gt;&gt; "[\r][\n]"
14:21:34.709 [Forwarding screenshot on session 9ff46c75-f860-4b6c-96bf-d1f3a31859fe to remote] DEBUG org.apache.http.wire - http-outgoing-123 &lt;&lt; "HTTP/1.1 200 OK[\r][\n]"
14:21:34.709 [Forwarding screenshot on session 9ff46c75-f860-4b6c-96bf-d1f3a31859fe to remote] DEBUG org.apache.http.wire - http-outgoing-123 &lt;&lt; "content-type: application/json; charset=UTF-8[\r][\n]"
14:21:34.709 [Forwarding screenshot on session 9ff46c75-f860-4b6c-96bf-d1f3a31859fe to remote] DEBUG org.apache.http.wire - http-outgoing-123 &lt;&lt; "connection: close[\r][\n]"
14:21:34.709 [Forwarding screenshot on session 9ff46c75-f860-4b6c-96bf-d1f3a31859fe to remote] DEBUG org.apache.http.wire - http-outgoing-123 &lt;&lt; "content-length: 166314[\r][\n]"
14:21:34.709 [Forwarding screenshot on session 9ff46c75-f860-4b6c-96bf-d1f3a31859fe to remote] DEBUG org.apache.http.wire - http-outgoing-123 &lt;&lt; "server: httpd.js[\r][\n]"
14:21:34.709 [Forwarding screenshot on session 9ff46c75-f860-4b6c-96bf-d1f3a31859fe to remote] DEBUG org.apache.http.wire - http-outgoing-123 &lt;&lt; "date: Thu, 04 Jun 2015 06:21:34 GMT[\r][\n]"
14:21:34.709 [Forwarding screenshot on session 9ff46c75-f860-4b6c-96bf-d1f3a31859fe to remote] DEBUG org.apache.http.wire - http-outgoing-123 &lt;&lt; "[\r][\n]"
14:21:34.710 [Forwarding screenshot on session 9ff46c75-f860-4b6c-96bf-d1f3a31859fe to remote] DEBUG org.apache.http.headers - http-outgoing-123 &lt;&lt; HTTP/1.1 200 OK
14:21:34.710 [Forwarding screenshot on session 9ff46c75-f860-4b6c-96bf-d1f3a31859fe to remote] DEBUG org.apache.http.headers - http-outgoing-123 &lt;&lt; content-type: application/json; charset=UTF-8
14:21:34.710 [Forwarding screenshot on session 9ff46c75-f860-4b6c-96bf-d1f3a31859fe to remote] DEBUG org.apache.http.headers - http-outgoing-123 &lt;&lt; connection: close
14:21:34.710 [Forwarding screenshot on session 9ff46c75-f860-4b6c-96bf-d1f3a31859fe to remote] DEBUG org.apache.http.headers - http-outgoing-123 &lt;&lt; content-length: 166314
14:21:34.710 [Forwarding screenshot on session 9ff46c75-f860-4b6c-96bf-d1f3a31859fe to remote] DEBUG org.apache.http.headers - http-outgoing-123 &lt;&lt; server: httpd.js
14:21:34.710 [Forwarding screenshot on session 9ff46c75-f860-4b6c-96bf-d1f3a31859fe to remote] DEBUG org.apache.http.headers - http-outgoing-123 &lt;&lt; date: Thu, 04 Jun 2015 06:21:34 GMT
14:21:34.715 [Forwarding screenshot on session 9ff46c75-f860-4b6c-96bf-d1f3a31859fe to remote] DEBUG org.apache.http.wire - http-outgoing-123 &lt;&lt; "{"name":"screenshot","sessionId":"9ff46c75-f860-4b6c-96bf-d1f3a31859fe","status":0,"value":"iVBORw0KGgoAAAANSUhEUgAABO8AAAMiCAYAAAA2N+fMAAAgAElEQVR4nOydZ3viOhOGgXPeLSlgQ0gAd2roCfz/3zbvB2tGI2Faym52z/PhvlIwtpql0aMZqbbf7wkAAAAAAAAAAAAAAPD1qP3uBAAAAAAAAAAAAAAAAKqBeAcAAAAAAAAAAAAAwBcF4h0AAAAAAAAAAAAAAF8UiHcAAAAAAAAAAAAAAHxRIN4BAAAAAAAAAAAAAPBFgXgHAAAAAAAAAAAAAMAXBeIdAAAAAAAAAAAAAABfFIh3AAAAAAAAAAAAAAB8USDeAQAAAAAAAAAAAADwRYF4BwAAAAAAAAAAAADAFwXiHQAAAAAAAAAAAAAAXxSIdwAAAAAAAAAAAAAAfFEg3gEAAAAAAAAAAAAA8EWBeAcAAAAAAAAAAAAAwBcF4h0AAAAAAAAAAAAAAF8UiHcAAAAAAAAAAAAAAHxRIN4BAAAAAAAAAAAAAPBFgXgHAAAAAAAAAAAAAMAXBeIdAAAAAAAAAAAAAABfFIh3AAAAAAAAAAAAAAB8USDeAQAAAAAAAAAAAADwRYF4BwAAAAAAAAAAAADAFwXiHQAAAAAAAAAAAAAAXxSIdwAAAAAAAAAAAAAAfFEg3gEAAAAAAAAAAAAA8EWBeAfexGb7TPNlRONZSMPJHQ0nt385dzSehTRfRrTZPv/28gcAAAAAAAAAAMB/A4h34CpeXtc0nXe/gJj2e5nOu/Tyuv7t9QEAAAAAAAAAAIC/G4h34GK2L3MaTZu/XTj7KoymTdq+zH97vQAAAAAAAAAAAODvBeIduIiX1zWNpve/XTD7aoym9/DAAwAAAAAAAAAAwKcB8Q5cxPT54Zd6tE3nXZotevS86NNs0aPJrP3bhbpjTJ8ffnv9AAAAAAAAAAAA4O8E4h04y2b7/AsEuxYtVzm9vm6OpGH2Ic/h+310+nGIBfiqjMdjGo/Hvz0dAAAAAAAAAADeBsQ7cJb5MvpU4W42f6Ld7uVkGt4j3vE9qsS708+8XLScL6PfXk8AVAHxDgAAAAAAAAD+bCDegbOMZ+GnCXeT5wfa7Xdn07DeTH65eLdaDy9+xngW/vZ6AqAKiHcAAADAf4zXDe1HTdq/bn9/WgAAAHwIEO/AWYaTu08T77Yvy4Pn7XavtNu5gt41Qtol4h3/feAFuOjRfr+n19ftlSfr3v32egKgCoh3AAAAwH+I1y3ti5+0T2q0K25ov3v9/Wn6T7Cjl+IbvRY/Knkpbmh/gcMCAAAcA+IdOMvned21D55VimYtevVOcH1P6K7Ox6l8jaZNet2VK5Sz+dObnwPAVwLiHQAAAPAfYfdC++Et7ZOasBu1aL/flX//7vT9pWyfk6Oinc9fLeCtRk7bu5hl/vvTDsAfAMQ7cJbPEu8Wy+TgWc+LPi3XxcH/J+847Vbn41SeVptS4HhriK6f5u12S5PJWLikrOfPz3L9arX67XX/2VxbPn86q9Xql9cvxDsAAADgP8Dulfaj+0pxZDd5oH1So+322jDaBRXdLnW7XYqnW9ovCuoWC9pvpxTz/7zvbKdxeY33/0VRfX0Vh/fY0jSOabq9IM2cxl9U7uvi/mLhrvTA+0H73frMfRdUdAtaXFQ2Pluaxl0qFkfKJp7S9rPKI6mV0VNXCHfb7dZ+72R5HKv/42V1rG1d1g4rnrmdUnw0HW75X9IGF0X3c+sD/HVAvANn+SzxjsUy5uVlZfaOczvv3e6VhtP7TxXvpvNH2u/39Lq7Nlz2uHi3Wq2o9/goXFLWWZLI9f8FQeva8vnTmUzGv7x+Id4BAAAAfzs72o+Dy4SSc/daFNQ1gl3XFyo8YWw7jT3x4ZhwdL3AciB+GMGwUpRyKNNwqVD4Hnb73QkPuz29Fj/f5oG33dJiGh+W/yX5cwQ671rns1OC2BvhtqZ/v0C4u6RtHhctP0m8WxTUjQsq4q56H46g3oHz4qrLNaI2ABDvwFk+S7zbbGfOc54XA1pvJgfPf89hFZeId6PpPb2+bmi/39Ns3nv3cxiId+eBePf5z4R4BwAAAPzlTNoXiSWv094V963wdttOKT7mKWTENVfYKEWV7TSuED2OC0enhRr7ver7nuCDPfKOedZp8a78+1DEezHXnILLYVGcz1spahqvL6+MpTxZvNtOKb5C8LoY3d78v08IdxcJy0e93o6Ld5eUG+MKaG8VNo9876FG+5rhLqnI1yfUBfgrgXgHzvIrxLvd7oXGs4CqVqGm8+6niner9ZD2+48TCRmId+eBePf5z4R4BwAAAPzFTLtXhSnuZv0T9/PFnwthQcgR9oyoUilOaGHw8mf6XnfV4bWXeOd9BIdedy/FT+ON95P2+1K82+1fKz30Xk543532DntHWOwvCJutFPDSf04Kd6fEu/PCrw3t9j3hqrzaqv7nl3cp+nGbrbh/hUB9tHyTOyXYrWh/V6P9g7bLf52nKPjzgXgHzvJZ4t16M5VnrDdjmlfsgbd9mb/7OToffp6mzw+0378vXBbi3duBePf5z4R4BwAAAPylzHpvOiDgtIDHVO0zdyJEsVK8iymuFCZO72F3qSh3jWda94O9m9bD5mEo7G5Pu/znQdjsbr+j/W59cejsdlGUXoyVnoLHxbuDcoinJvz2WJl8UtjsCQGvSri7Zj/Gw7Zx2vPObXvH25EbWhy/yRvu8Hnj0tturK4bP9C+9nAmTwBUA/EOnOWzxLvVeiTPmC8j2m7nB89+z0EVZ8W76R29mFNtZ4u3h8tCvHs7EO8+/5kQ7wAAAIC/l9fX16sPCNhut+X3Tt77AvFOC3bHPO/2+4pDJE6HJV56YIV73Sfs4Xaq3L1Q2JdhKcYd2/Ou/NvzvpsfOi4IR8Mpz3kXumV1XBi64hCQSznmXbff08tydLjH3UXina7XqrxfId5xaLfnHafFu0UR03Sr7lkZDl4lClekbZUcCHWVgt5ne0SCvwaId+AsbxWzRtN7mjy3aTp/pMnzA41mLedz7Wk3m/cOThlarYcfIhLqfOjfl6vyWPLdfkejaevDniPph3h3Foh3n/9MiHcAAADAX861p3tedF8/XDCm6VYJPv4BEif2vNvv/cMtrDhyzb5kvreYFqZcoeYThCmPF0+82xT3tN+/OH9r8a7ycItFfNGzzu7td3BoyKX7An6OeHfMu+6oV96Zdmnr9pJ2Y9vcYZso/956h4EchilfdwiGvr8j3lV42UG8A+8B4h04y7Ui1mz+RJvtnKpcwXe7V9psn2mxSmm+tAPW9uVwRWg8Cz5MvHt5WXri3V1l+t6Td/+7v0q8W61WNJmMhcViccFqajXb7ZYWi4Xcazad0mZz7jj769I4f36W/x8rn9VqRbPp9EPy9Pr66uRpMhnTarV6c1622y3Nn5/fVEYQ78DfyGw2o/n80HMaAADAL+KIdx1zjXjniiKH4o7+3BEqTnneGaxIclocufRkUfd+vzpstnWw391+X32IBYfIHv7vhG37Bs+7Q0ErpqL4tZ53Fwt3noB3sl2y56by4FwU5081FvGOhWVdDuZU5WJxTrw707a8k30PxDv/gAre9w7iHXgDEO/AWS4XsO6cfezey3sPqjjnhbdc5bTbvRx9/uvr9kuLd5PJmPq9nvMMzbAoLha8Npu182yfaNB3RLdjjEcjypKEsqQcqObPzwdp5M/2+0Px7pI8Xbpi/Pr6SsOiOHqvfq93lYB2SRktFqf3q7hGvBsWhZTleDS6OJ0HdfJB4t14/D7R02e73b77nvP5/FOFyfF4TJPJ4QnYv4PxeEyz2exN3z1WTqvVisbjsUzuxuPxm0S42Wz2VwrE2+32y9Q/AACc5NRJnt7nl3veVYs77mb+e/cE0zPi3f6iz06Id56gVXX4wKm0fywVYtxuR9vi9uD/u92edsv84j3vTpbBW8Jmf+eedx/hEWrqvShsei8V707m09x3ela8O9JWPdHtoD1e6HmHPe/ApUC8A2e5VLzSe9jt92U46vZlQZvtM223"
14:21:34.715 [Forwarding screenshot on session 9ff46c75-f860-4b6c-96bf-d1f3a31859fe to remote] DEBUG org.apache.http.wire - http-outgoing-123 &lt;&lt; "c3p93Vz13Pky/nDx7jPx0//6+uqIO5eIFPr6Y0LQ6+srJXF0VETyBapzXmHz5+eL7sXC2ylBUItbx+57Sry7NE/nRLLNZn1SBNQkcXRW5LymjIZFcfQ+l4p3s+n06rZzjM8Q71joOcepdM9mszeLUTpNWmxiMeqtaXLraiLfuVTQqnqeFn/OfX4Mztdb28GxPGjxTuf7WsHqWuHvknq6pKzeco9L65TzNJlMrpjoAgDAb+KEeHet553FE8CMp1K5mX9F6Oo14t1RrzLvnv5ni8LbY4z3J7sw5PaDBZKX/OehUGc+2xT3tBp3ab/f0X73euiNN/x+puyPCXSXindbmsalMPXLPO9WozcJdy/z/Hy71GHZ8ZSm13jenUn3ec+7y8S7g7+Pind3tF/Z/12aTgAg3oGzXCJcTZ7bzneW64JG0/uD68azkJbrnHa78x5hq/Xotwty7xHv9vs9RYO+CDDnvKcWi4Uj2FQNYlXCXTTo03g0oslkTOPRyHnmOQGvSpTKkkRCQodFcXC/U2KXFu+0eBYN+jQsirNhs/oZnKfJZFwpVh4T8KqEO32/qjKKBv2jebqkjPzn5VlWea9LxLvX11fnfu/xutvvf4/n3blnvlW8qbrHZ+RBC0XXCFP+/efz+YF4d+rz/d56sb2Hc89gOG+XTOQuFWzfW3fH6uhUPqrftcmbxWHOa9X35/M5QoQBAF+PTxXvSrHoQKRQe485oYmXhKqeCRP097LT9xTB5uQ9foXn3Z6qvO8khHa3of12ZPbGqxD5die27zkpbp4T76yYySGhv0y82+9pt9sdhG1fwrHyOOY9d/2ed8f5mLBZvlan84LTZrdTRwwH4BQQ78BZLhGulmvrbbTeTM+LfbP2WU+87Xb+2wW594p3WqzpPT4eFdFeX18dQUl7p2l8cexYKKvvuZXEUUX5bg+uOWbQ+fc7Jij5YaX9Xo9m0+Oh1L54lyXJUXFls1k7Il6/1zsQ3Pxy7Pd6R+/n56mqzDeb9UVlVBWiWyXOXSLe5Vl2Mo/X8pHi3SXiF3usnbvXNd5MVULMZDKRtFR5kB177qn0nxLqjok5p+7/FvHO5z1ed35o8mw2c+6j81sluOny/IgwZz9P19TRsbI65hl3TLw750nHaTsm0PHn7/UaBQCAD+UjxTvPw+noPlzsiadP5TzqeWcEwCoRroLzYYTXhY5+JtvJY6U4d4rdqb3uvPyfPazCryuvHvyydEWvj90H8Fdy1Z53J9tvVVjtGz3vqtruQ03te2f2u0tWTj7gdQcuBeIdOMslwtX2ZSnXT58v26tuPGvR6+vxzup19/LhAtt4FtB+/znCYGUePC8q3meNDafX11eaPz8feIJVTV79PfROhcNuNuuDe/pikRab3hI6WmX8+eLdufBWX7w7h+956IeoanHsEuHLL1O/3HV+jgmq1zz/nHjne1+eK79LeK94x2IKe6OdEnDYa+zUxGAymVQKI8fCaFlY0vf0hZxLvayuSftsNjvIx7m93T5DvDsWxnqsHI+VqfYmOyfUVXFKvLvWK+4jxbtjba6qTfC1x9oAt7VLvSwh4AEAvhIHh1So//mf/+60/nW8zg9On63m5+9PK/hkjFAtAp4R7GqGB2v/LIozAjkAHhDvwFkuEa5sGOyOhpO7iwWv6bx78tmjaetDBbbFshRgPvMwDB9fkDnHMa827ZF1zGtru91WHtKQJYkj9vn78V16WqoWs6rSqT+v8vbzuVa82+9dwc0XyLRQevneZlZQ0+Gu2uvuGg84XQa+1+Ep8W61WjnpPxZ6ey3vEe90WCWLHscELBY+zu1zd0zkOSbeVYkpWqy5Jny2Kn3HBJtjaT0VUvnR4t0pr7tz4p1fLsdOhL3Um063AV8YO+b5eEx4/Oiw2ao26aexSgT2rz/2+THPRB1eDQAA4L/Nbren7QkBb1k0T4fKAgDAGSDegbNcJlyVg1H1Ca13tFwXtFoPaTRtHnx+6oTajxTZxrPg5OmymtfdlmaL3oeId/t9KeBdcoDCqUMM9HVV4aJVJ7VGg/5ZL75LRDadj1OeaNecluvn6Zo2qb3vdOikzvel9/LDh/n/Wmg7dQiFj/ZQ9MtI31Pvm6eF2Us9IS/lPeKdFln88EstcpwLNeTvnErHpQdYVO29ds1efPrac95TpwSyKrHyo8W7Ux6F58Q7X3A69py3iHd+uqu88k6FIH/UgRV+PnRZ6bI7Jyzrw0mqOFXObzngAwAAwH8FiHUAgI8D4h04yyXCFYe/7navB5/NFj251/ZlceCZN3nuHH32R504O56F9PJ6mXcZs7sybPfc/VhgqzpQYlgUZ/dhOia2zabTStHu2H54+70rIl1zIIL22Ov3egefa/HukpDPt4p349HoQCR8a572+2ox8Nq8VJWRny9/D8Rj5Fn2IXuL7ffvE++0SHNM/NCncp66l7/XmC8++eLdJWmuErfOCUDXlOt2u71ImPmIQyb8fFziKXbNKbjnPM7OpUkLdMdOqb3U0+0zDqzg9FWlR++P+NFwG0EYGgAAAAAA+Ewg3oGzXCJcbbbK4+G543z2vHC9oKo82o4Jax9x4uxs0ROPu+W6OHv95PnhqrxfKt5ptFBzyaRSi3fszVW1Vx7vqXfOa+uSgxMuSbv/mRa8LsnXW8W7qvS/J09V6b42L5fk61Lx7i0ef8d4j3inBbVjospb7l/lqefvz3bOo+mYmHNKoHuP99UlXlgf5XmnvQt1eV1CVViwTvMlh1NU4XvXVdWfzsupEOmvftosAAAAAAAAXw2Id+AslwhXWqBbbw9Pm508d2RfvNV6ePC5Pq1WU3rqvU+82+/3tNvvaLFKK8W2U0LcVxXv/IMw2NusSrQbFgVNJmOaTacyQYd4dz7dny3e6bBZZlgUB/V6yoPyEt4j3vn38cvhkgMqjt2r6jCBKi+6U2GXl6bzI7jkRNuPEu+0kHjsWZd43l3iOXipKOaLd8c87c7V3Vvrr+qQkvd6O/rPea+3JAAAAAAAAJ8FxDtwlsvEqzvHe261HtFwei+fzZd2769lhXjne+cx14auVnsFPtNk1r5KoLsu758v3lWFYs6mUwmxPCYo+N/j8M9ze9ddmnb/s2sFr7cKZFUhrTpP1+zj55cRC6A6NPeaMNxT6bhEYPRP1H3vwRWfJd5dcjJnlffVsb3vqsS7Ywc2VAk35zwE35Jf/+9zYtlHiHd6f7b3ineXeNhVPacqr7546dej/vyc0PlVPe+uaTuX7tEIAAAAAADARwDxDpzlUvFKe9ft9+WhD9vt/OCQiKqwWR2q6jOefcyJs+NZWKbrdX1UbHt93VQKfb9bvNvv3X3Z2Bvr3Hf9ME0WpvxDGq7xnPpI8U6fjHtpiOixtL/1BF0WQX2xTYtw0aB/8QES+vAJX/S71DvQP+n2Pe/vZ4h31+xzV3UqaVXbOCaG+B5d16TzrWy3W2fPtlMhoPo7vmClBadzn+v0awHsVNmeEu/80Ntz1+m97C45IdYX6PwTic+FPL/FUw7iHQAAAAAA+K8C8Q6c5RoBa/rcpdfdcSFovZmcFNaqmM0fP0S8my9j2u+t59+x521fll9SvNOnmPZ7vbNi0na7dUIwfXFMi0zXeN99pHinw4EvFdxOpVuLgZec2LrZrJ0y8kNU9Z6Cl4iLuo6qRNFrQnvfGlLs8xni3aXhslpAYXHnmOBxSgy55kTPcwLMfD4/Gu7pi2lVhy6sVquLxC3/fse87N6yLxyXyaUHVpxDezIeK7tjJ8xWpeEtHpnn6g+edwAAAAAA4L8MxDtwlmtFrNH0np6XEa03Y9psn2mzfabVenRShDt94mzyIeIdH6oxmz85Yht/rk/FHU2v9/a7pkzfIt7t966YlMTRUfFku906nnpVQpIvnOVZdlLsmk2nB2n3r3lLGKz+Tr/XOyngaXGu6hm+V94pAW+zWTvlGQ0OQ7d9Me6UgDd/fj4plu73f494d6kwokWcc+LLKTHEP0m06jnnTsU99hydl6o0zmYzyQNfWyUmVpWJvl+V2ParxDvtveZ/R5+Uq/sIX2Crel6VGHvJ3oCn2g/EOwAAAAAAAA6BeAfO8hHC2Tlm86ejz19v"
14:21:34.716 [Forwarding screenshot on session 9ff46c75-f860-4b6c-96bf-d1f3a31859fe to remote] DEBUG org.apache.http.wire - http-outgoing-123 &lt;&lt; "xu9/xvSedrtX2u1eZS++qvy9vm5ov7cC31cT73xPsX6vR8OioMViQavVihaLxYHA1Xt8FOHNxw+r7fd6NB6NnPuNRyMRufy0+/d7i3jnewiy8DV/fpZQvslkfHCy7jEhzRfc/DzNn58PyuiUaOhfGw36NJnYMMPZdOrk+5Ro+F8S76q81k5xrdhy7FCHc15fVeG//Pc5gUhfqwXDY4IVCzzHPv9M8U6Hpla9c1rQ0+XJ99S/V4X8HuNcyOyp0Gm/jC8tq49oT6eefSyfEO8AAAAAAMCvAuIdOMtIDp74PBar45vyv7ysPkAcLAWQzfb5QGzT16025UR2scq+pHi33x8KeOc4F+6pD2Y4h592/15vPYDio/PkC3in6Pd6Z9NaJYge45RH5N8i3un7nuJUufoC0qVpPOfZdW4/NS24+ELTqf31jh3swCKuFtL8MpjP5/I53+eYJ5z/PP/695S7vldV+fllp8uJy+2tp7zak65Ph0D/bvHuGiDeAQAAAACAXwXEO3CW8Sz8dPFu+7I4kYYdjabNd91/uR7Sfr+n+TI+Kd49Lwa03+9ps519WfFuvy+FD733WxXRoC8nsZ5jsVgceLZV3c9Pu3+ft4p3+3154MQ5kazf6x31IvRZrVZn85QlycWeYbPp9KzAOB6NToYe/03i3d9AlXh2Spz6lfk/53n3q7jG6+7SMj91L9/D863lD887AAAAAADwNwHxDpxlvow+Vbg7td8ds1zl73rG62sZEqmFSL63vm48C2i/L0/K/UzxbjIZC++ZFG+3W5pMxpRnGWVJQlmSSIjoW+7HYbJ8rzzLaDIZOyGlOu0HbeX5+d352m63NJtOD/I0f36++MRXzWq1cvKUJclBnq56H0zYrS6j2XR6UX45BJjDbi9tI+95fz9KvAMAAAAAAAAA8HuAeAfOokNNf73XXcluv6PJrP2hz+V7f/T9APhKQLwDAAAAAAAAgD8biHfgIqbPD58i3C3Xp/cu07y8rH7J/nsQ7wAAAAAAAAAAAPBVgHgHLuLldf2hwtloek/rzeWbjzOb7VxOi/1q/O46AgAAAAAAAAAAwN8HxDtwMdvt/AMEvDuaLyN63b1jn7eXJY1nwW8X6yDeAQAAAAAAAAAA4LOBeAeu4uV1TdN59zpha3pH0/kjLdfFu0Q7zW73SotV+qW88H533QAAAAAAAAAAAODvA+IdeBOb7TPNl5HxgLuj4eSORtMmjWchTeddel5GtFwPabud0253/Qmhl/K6e6HluqDp/JFG0ybEOwAAAAAAAAAAAPxVQLwDAAAAAAAAAAAAAOCLAvEOAAAAAAAAAAAAAIAvCsQ7AAAAAAAAAAAAAAC+KBDvAAAAAAAAAAAAAAD4okC8AwAAAAAAAAAAAADgiwLxDgAAAAAAAAAAAACALwrEOwAAAAAAAAAAAAAAvigQ7wAAAAAAAAAAAAAA+KJAvAMAAAAAAAAAAAAA4IsC8Q4AAAAAAAAAAAAAgC8KxDsAAAAAAAAAAACA/wi73Y5eX1/p5eWFttstbTYbWq/XtFqtDliv17TZbGi73dLLywu9vr7Sbrf77Xn4rwHxDgAAAAAAAAAAAOAvZ7fbiWC3Xq/peT6jfBJRf9SmbnFH7fw7hfk3CvJ/Kcy/UTv/Tt3ijvqjNuWTiJ7nM1qv1yLkQcT7dUC8AwAAAAAAAAAAAPhLYdFus9nQcrmkfBJRt7inIPuXgvwKsn/psbinfBLRcrmkzWYDEe8XAfEOAAAAAAAAAAAA4C+Dw2O32y2tVivKJhG18x+OINcd/aTe5I4G0yZFs4DiWUDJc0jxLKBoFtBg2qTe5I66o5/O99r5D8omEa1WK9putwin/WQg3gEAAAAAAAAAAAD8RbBwt9lsaDqfULe4E+HtYfiDepM7imchxbOQollA0TSgQQXRtBTxInNtb3JHD0MrAHaLO5rOJ7TZbCDgfSIQ7wAAAAAAAAAAAAD+EjhMdr1eUz6JZR+7TvFdRLvSqy6g/rR1MQMj5MWzkPqTO+oU32V/vHwa03q9RhjtJwHxDgAAAAAAAAAAAOAvQAt3ybjnhMceiHaTy4U7fb0W8XQ4bTLuQcD7JCDeAQAAAAAAAAAAAPzhcKisL9w9jm4onoUnPO2CC6nyxAvpcXRzIOAhhPZjgXgHAAAAAAAAAAAA8IfDe9zl01jEtP7k/ooQ2YD6s4AGFVSJd/ydaBZQf3Ivz8ynseyB97vL5G8B4h0AAAAAAAAAAADAH8xut6PtdkvT+UT2uHsc3ZTC2jWhsW8kmgXigRfm32j6PKbtdgvvuw8C4h0AAAAAAAAAAADAH8zLywutVis5VZb3uKvyuPvffU3gv/VP/9pL/lcKeHYPvG5xR6vVil5eXn572fwNQLwDAAAAAAAAAAAA+EPZ7Xa02Wwom0Ryqqwv3GnBzhff9N+nPjsn3vWnLYpngZxCm00i2mw28L77ACDeAQAAAAAAAAAAAPyhvLy80HK5pHb+g4L8X+pN7k6Gy14i0B0T/Pz/+d8dTAPqTUrvv07+g5bLJbzvPgCIdwAAAAAAAAAAAAB/ILzXXW687h6GPxyvu96kWog7xzGPvPPCX0DxLKSHYSkk5pMIe999ABDvAAAAAAAAAAAAAP5AXl9fab1e02Nxf5HX3bWed74X3iUhtNHMet89Fve0Xq9x8uw7gXgHAAAAAAAAAAAA8Afy8vJCz/MZBdm/FOT/Wq+7ifWEOxcOe2zPu3PeeMfEu4HxvgvyfynI/qXn+Qyhs+8E4h04yctiQKu0Qau8TotBnVZZnZZxnZaJ+T2tl59ndUPDUKd10aBVYa5PzfWJ+T0v76nvUV5T/n+ZWuTeqbkX3y81z8jUd5OG+V6DlkmDFlHNpL9Rfj+xaVf8TtcAACAASURBVF/l5vfEpEXy0aB1Xn5nmdRpXdRpmZnvp+VnfJ9lzGkuv7sY1Ez+uKxqtIjrNk2pyrP5uUzs9euhTf8qL39fF1xWDVrnZb7lnnHdzZvJg/ucBq2S8nurvKyTxUClydQJ31u+x/eVOjbpMeniNK3yhklPrfw7bdC64DIsv78w5bWIaqqdqOdmnGebJm53y6QsF52vRWzLTNeZlF+s25Qp18zWwSKy7afMf03qYpGU91vENWlnZXvm+q6btmHqnMvdb1dcXkNTRgl/r2baf5mmlS7TzKbFb7PLuCw/SWdcpn8R6bao6iuvmzzXaZWYvKr3aZGodzS391xlDfV+N5w88Xug37vyd1NPuf2/vGeqHjlfi7hG69ykWafdfGedN5y/uZ2X73+NVoVtD9zG5XmqTTjvgeSvTuvhP+bzmu1zkjqtCvvuO+9PVqd1/o/bj0n+1Lud6md7fVxu+xdOL/9f+pHCll35s+aWcWSfu0jq0r+u8gatC5u/8p61sqyyhrRz/nwRl+/AwrwnK+6DVHoFTqfqj3W/JeUv74Xbdy/1+KDKqSyzhrwr/PxFpJ6X2PejLNvDd4Pvxc9Y6rGE+zddX5kafzidXP95g7IopNu7WwqDNt03A7q5u6eft026vQvo7j6gIAyp2byn79++0c8fP6jVCigM29QKQmq1QgqCNoVhm4JWQEEQUBCE9mcYUhCE1OLfzd9hEFKrFVAg9wqo1eTvtMtrzE++PgjD8rpWIP+Xz8O2vT6099D3cb5n0u/fo93u0FOvR1EUU57nNBwOqSgKGg6HNByOKMsyiqKIHh661GwFdN9sURCE1Gl3KEkSGo3H9PTUc57X6/VoWAzp4aFL7c4D9fp9aprvBa3yulYQlt8fjajd7tBgEFHHPGM0GlEQhNTtPtJ4PKbxeEKDKCp/H41pPB5TmqaUpimNRiPDmLI0kzJvmTyHioeHB+p0HlSd2bQwfnmGYduWnS7zIKQwaEtdhSG3gYDCIKBWEEg6WoF5hqn7pjyzOh2B1w5CXW9ct+ae+lr5u9128x60TRrbzvP874Vhu/x/GMr3nHJRtIIyL+3OA93c3tHPmxtK+z9p2KvTc+z1I17fskobB32Q7s+ln5XPD99z6VNSa8Mskprpd2u05vFCfc6/r7OGurft06Q/SWumv7Vj1CIxY23i5kHbsmu2E40tJX0lj3H+uJnxeKK+"
14:21:34.717 [Forwarding screenshot on session 9ff46c75-f860-4b6c-96bf-d1f3a31859fe to remote] DEBUG org.apache.http.wire - http-outgoing-123 &lt;&lt; "w3aXP96kDfv8XJWHGi9Wue0Xl9xXsl3GNr0ub5PHZVS3tpDYLA2vPsq/N8pWZbuI5wtrNVawLcvfXQ/L6xaq/BYx11c5xpW2XcOmlfORlulbmLnBIq7ZOuH8xq4tI2NAVpc5w6qoi22v7VP5bq4/N3aEaQMrMy/g8YfTuB7yHEKNv6aOSxtZj6GlbaPH3bVqP8vE5oPb7jKx6eb61eO1to15vLX2kL2PM6eR8VvN5VTbkbJz7BRr55V1pt4Pk05JQ1Jz393MvkfcViSdsbUFF8YWkjJI1eepsY0j9d7o9KX2nbH9R8PalVxmqm6XSYN0X2Tfaf3eqjyqecK6MPaX6l/WZu7lvIt52UbENjfP2M4Hb56z65DZ7ugnRbPQCWFl8e6SAysuPcji1AEXVSfPcujs79Y3/mQg3oGjbJ8H0rnKpD61YosjjpjBSRsIbCzZTr1ujAY1MCZup82DhD95XA/ZcHGFKjGMhkpYUmKY01mzwFCUnfa60IaiKw6tVL7E2Bj+Q+uhMSrSOmnBRwQGcw+ZRHtCz7ooJ8p60LPXasPEGmlrNhRzO/iucmvMaWFQjAkloC6TRinOxDb/VrisW/FCBkZtKNVEnNOioRh2UtYNdZ+Gm381WC0jOxjbQdIIUUp4WxelGLHKjWHBImWuBTfPoC+sGCF1rAVQJahpccoKL9aQYMFDDLNCGTmx++y1M5grg5+fowwrNkYXcc0Iy257E8Msb5TGfma/o4XVRWxESGPgcloWkXqeEoS4fUo5KoNJ2r8SQMr02boVgTWuGZHF5FnVhwhZSlDRbdyKLrZPENFRjBlVt2ryJAK5nsjp6zzByNZjXdqknSTpMndFnHVu+jd+15SIt8x0epQxl5iJU1QrxU2vfBfcv6l6tgKx25bcNB/+vkhqtrwTN5/cN6zZQEytUajvJZMX3fZMf6bbQNlnqTJnw9tpr4dtR0+s3Xw1xJiVss/sfWw/Uhexe2nSpd+7haprLlM9oXLbRM1+L7KiOZdT+d7WpP3Mi3u6v7+lVtCiVtCm27sm3dze081dk27vWtRslcLEjx8/6Mf373R/3xShwxVeWIxhUSSwIl2zRc1WIPjCXNMIJEEYyjUs3gS+WKPFHxbtRFQKRWhxhDsWYdT3D8S7MKRer09ZllMUx6XQpgUcc93DQ5fiOKHRqBTMHh66jmD5+PhE4/GYer2+I0b1+30aRBGlWU6Pj082HZ4QORwOqdfr01OvR52HB+p0OpRlGQVBaMQ5I94NBkbIG1OeFwfC3Wg0pl6v5+QvMGXUCkKK4oR6vT71+33qdh8Pyripy1+VFZdnEIQUtjuOWOYIrY4oaoW5KnGQxbIWt4WgFIXLtqeu0fjtyBMYJZ1h20lnGLalXn3hNlDPD9sduUfoXS+iYOi2H77uf9++00PnnvKnf2kyqNM80X3H8bHUEQv0WKjGBOkDHOHMtSNFLNH9sidK8MKaiAiqL9Z/LxPVnyk7yAps6nruz1T/69xX2bd2wU9fy7aLui6z9gELAdwfss3k2JB6nFfpW/sL1Vy+bAs544Zr23N618Y2YzuBbSix/bhuEvv8ZVw/WHgr7T61KMmC47Ah8wUWshYszhwIn2bsVotfK543OLavybMSb9dFQ9LNNq/YpCzCRHb8XxhRdOW0u4b7t7JJHAHXLLI54rI/J1JilzOmyTV2vJJ3Rn3fsbv1OC/lVrPlZn6u1TMXSkBcj/7x2nXD2oBid/N3lM2sx3RlB0o7kt+tbcE2gX3Xala0Vfnl9i1zw0It2nMbkrLn7xohLWMhUDlAqPfTSb/qT8o8ajuzZtsa29VZ+S6stc3IAqwSRiUNEduaVtSV9yau0/Y5etO8fbPZUH/UPhIyWx0+e2n46yWn0B4X72zobH/Yps1m89s1jj8ZiHegkpdF5A5CZkBdD+2gs0yM90zVgMoT7dwM1mpltPSiUn/LaoTtHMsB1XbCi7hGy7ghws4yth4aPNiVXl32WXZQtKtp8kw2qpJS3PAFCN8z0BFiMneQsR11Qwaq9ZHrdJr473WuDBweNHL393LyXxo55YCq8mPKaa0G8HVuhQEp36xOC20gOwOq9Y7Tk2jHeOMBnOsgUeUf23txnbIAyF6QB4O3I7bYex8OqLacRJBKS+8pZ0DN6qUnEreXxA6SLFqwMb86mCTYwVc8gOKaW7+eB2lp+NeMEasNC9cA0HkRY0mJ2svITB5S61G4TEvvSM77IlaiDXtl+u3EGPwLVQ+l2FkXwZCNbiv6qe/G9llWlFGehZwfXZe84iyCl35X7Hss+Za6tO+knjTpuiknYeaawhqBIujy+5pYMUyeyZOfpO4ajzwxke+4greIOSn3W3aSIv0hl4N5thX4zOSE6ztRonPitoVyAmDrYMX3c/or7hc8sZXToyeEXn9jDUfXmJZnpN47qCe22oj0JwDeJHSt+lq9ALJUda4ny4fex43KyYcsELG4mpcGM0/SpC7ZAyR2n6n7Jkl3qsYzbi+JNsr/obgfULN5T2G7Q3fNQES7m7sW3TVbFIZturu7p2/fvtHNzY3xqLIedCK2sFgngob1wmuxGNfS12gvvQqvL76evfVCVxxqGW+ulvNM5YHliE3hoaiohLl2u0NJklIcJ9RudygIQmqHbXp46FKn80APD13rWWi8xYIwpMEgotFoTFEUUbPZomazRa1WUHrFTSblvcRTzfUq4zR0Og+OZ+BgMKD+YED9QUTtdofiOKZut0utVkBRFIt4l2WZJ9yNrcddntPTU48eHx+p3x9I3vr9AT10u9QKAur3BxRHMT099SiKIlUP7MnmlrlfT1rEu4SWEtzke63QlFlIzSCkVtAm9uLUXnRVnpZawOW0cvspBboOtdudUoQzdcr12g479r4VQp6kz6Sj3e4okbDtCIG6LbXbHbq9v6fvP28o7f2kYa9Bs0iL79zn8OKZ6mP8fkL132tZAFJ9jPK21d8T0UMvLniLh9LXiUCi7VPrracjPuQ+aYPmbCcoYUbbpU7flNu8Sj5y1UdxXljQyNjj2xtbHZuytLH0AocTHWEWArW9Z4WymmuPqZ86ksDx9NP2uRG6OJrAimh1R3gRL7xE1Y0etzOb93LhtG77dR1RoO14Lg/+PHbLn6NutF0qZaftCBlzbPrYNmDBShZ8DjzQjAd7pOwdtWCs60qEwdguEK60HaPtw7wcM518ZtYuFBuUF+Kl3pW4FddpqT3/swYt+sqGUJ6jpQd/zWmj8t557xO/t46gWOEY4LQzHq/VAuxaHENq1j7S9WMWnm1aGmpR2dyH5xqyuF6XhWu2edcV7xcLu2W7VXZTouaXesFZRTxZ+9uznxNbZjoyhR0gnPc1cutbO8fo9rB9vt4Db71eU7coRbLBtEnR9Hrx7ljo7CUedkfFu2lAg2mz9Ags7mi9Xv92neNPBuIdqITD7MqOhldqXPHMekXV7MAWW9HDuorXZNVtMeCQRdP58SCWlZNU7vy0KKMn9NLJKfdxFgO1QeMKbe7EWXtfHIoxnuHHnn5qNZGNGh781ibtIpyx4TJq2FVGdf/SsLADXilw8oBbemRJqCwPvpHyGDTCnCPCsYCqxDFZsWWjLC5Fo3VRXieT9NwdNJaJGjAzOxi7gqExUEZW5GQjcpnUaDX8R65bF3YyzgaleBOmXt1x2nT5KONaVtlVPS0893TOKxt0i8h6krEnIqeHV3JllTWrmRXshtxjLUaEHZC16LcQ49ITSlL3PVgb8bX0Sq07nlgikigjVgwgaScNKXeZ4HD7Z0NdDCzLeviP9Ubg9qY9FjNrsEpai4YSbhrKoFKGr3illu2g9ErlNHA51eR91QasFmaWSd148NWdsl0mNRtGYwxE+VstDqwLL2/aUFJGIU845HPpx7TxqfoLNtR0f8BGuZpESf3ryY7Tpu3kUYdu6xXZsh25Yp6ebIqnJl8b1eS72st1mamVamOUz/na2PYn1nuYvU54BV/VQWLzqgVaqTudZ2lDNXfSbQRuGT+UwS8r3/xucH70ZEsJr2752b7Gv4bHIh2iJsKrnhzoyUneoElyT/f3d0YMa9PNfcuEy7bo9r5lRLQW/fzxg37++EnN++aB"
14:21:34.718 [Forwarding screenshot on session 9ff46c75-f860-4b6c-96bf-d1f3a31859fe to remote] DEBUG org.apache.http.wire - http-outgoing-123 &lt;&lt; "iBMEoQhXvoeSvSYQb6xSlGsdCGitZssRRPywSSvC2TBJ+Tu04ZRaGGOPPE5DEATUDrU4Vd43SVJ6eupRGIbU7w8oy3IqiqEJlR2qkNmcer0etdsdCZPsdh9pOBpRFMXlM0yaRqMxpUkqeXnq9WkwiGgwiKjX61Gv16eiKGgQRUYYLMun2y0FtyiKqdt9pDhOqPvQpeFwSKPRiIqiqPg5ptF4REmSUBCG9PDwQGmWUZKk9Pj4RJ3OA7XbHep2uzQYDChJEiPm9anfH1Cv11dCWXggUmnvslbgimni8egLdlz+viCm6lYLe+LBqcKI/XBZx4vQE9n072HYprDNHnMdaocdEdd02DALe76nHqdJtyW/HHzPO77m32/fqdsNKO/9S+N+nebK07hqLLULB0qsOhASvD5Bfaav1eOQFumqvJ2cRQm5D0+6G2rRQ91H2U5r3e/ItXbsk0m8tgW5zxOxUC+g1Ny+i+1Q7kcr7AQRUbQdpMYIKxp6ZSd2FI+D7vjhCAy6fHlhzth4rg1p770emcWi1I5tdsGdhaq6XRhTNrl44WV6wVLb7g2xXaQuhsojkG0P9V0Zc0b/mN8bVhhSIorTZmTsc20ZsRnkettG5lHtsJyViMWLhCLYmS1MZC6VqkX51N5Xh3PKeM5jfGrvK2Hgyh5axMqmKuoq8qZRtmGec6j25HvVszCq38XFwNojUnZKwNLCpcyreNHU2LUs1InNbAQ0HW5ty7PMpwiQ2gYzNqGNPjFtojBCq2ez8FzICXvPbLn4dv1a2dnaBrK2VMPOjSP7mTtXsPaI2LtxTerf2u6N6+fuqxW18/Jk12gWyCmzl4h350S7U6G258S7wTSgaBZQkP9L7fw7rVar365z/MlAvAOVSEiXnnRpDxnudM3nWqCTiVliPYpWaV1ElJXu9EzHvkobtBzYwYyNAe0Rtzzo7A4/Zxdkfe1KDQjaC0eModyuXokwkNVl1WqV1UsXfj1B1L+bsDwnT2qyrIUQHiCt+3/dmTAv+nXT4TekDmSg1W7p2shM3HzwHhD+SieHFYhQM/xHBmdeQdVha2IcGM8h3idO3Ly1t6IqZydEmFdQtYEp3jBc7jV3EFWDoE2TNYoXql3xHiGcFjYUeI88FmxKg1WVBxssItK5gqWIfEa0E+GD06xEHT1xYDHKho5YcVPvdees0qoJzSKqKeHaC0Fhg1nanGuYO6Gt7NEmIoZNmx8GI2Ixv+P8UwQca9zoCYsVgO135B0yadQhBNbIakj7X6Z1Wkl4c0PKQBtLfpiEY+CZkFXnvc6tQHgoqCrjUeWT25ZjtIvRbCcO9j2zguZCQpFN3zewde+sOGemDB1vr4YY6/K+pWoPFOXFsIzVPkGe0cgr0NIXmzouRfJ/HG9LmdworwZHjNMTWTWp8j2Gq4x6dxJtV8K1hwH362UfpN4PbkO6X2NRlcVFmZDWlECny8AfD1yxm71kHeM9q9My+0ZP3Rbd3t5RqxXQXbNFP2/v6caId/cmBPb25oa+f/tOtze3njBmBKeWG8Jo976zwg6Hh4qAx3ugsXdTywsfbZX7pzmiSWhFkrBtwz8D9uILXU8oFsO0gMTp18JRr9+nXq9Pj49PsscdC2XMcDSi0XhMIxOmWgyH1Ov36b5ZCpydhy6NRiN6enqS+w6iiIbDcq86DrPl/eo0w+HQ8Ugsxbs+JUlKURRTGLQpzTLzbPudMq3lHnz8+9PTE7XbbcqLgp56fcl/p/NAT0896vXLMNnHx0d6fHyUfGvvSKmT0A1L9sNugzCkdqdjRSxV9sdCXJlmEFDLC22W77Q84fbgc1uHBwKbhMm6e/u1jXDXbncO9v3T+F6eB2K02jswUNezMHhzc0vffvykuHdLw16dZhJ6qGwY7k9USJvYg8pOc/archZqrUCg7UpHxMvcfso+U/VbnsfeSqXR6df4/lldvNkO0sO/c7/HNq140FnRzgp77s9SHNP5sYtTSzVeOP233tPWE1JkTOA+0cmbCuUU4cbaXtr7esljlBp3ShtEe22ZsZzL0fTzPJ7Z79qyuHTbm3KfV7XA6LQlblt2bNdRPYcLjNpGVgs8ad2xY9Y5bwFUd7e9YVQdWDuaxxXzbLGj9SKYXYy19cD2Rp3YA9ERZhPeTkbbD8omja39KyIbt5O04Yhn7rY3dbEZxX51bMeGtM+VN37K9aOGmpdZLzwdJcL7vknajUe9LIrGxrteOYiII0nF3Eu/m+KxygvK7AXI91Y2qlyf2vQdvMvKnvQFxEVcLx0MuI17C/sigpoFRBFo5fs1O69QtqeE3Spb+uq5+2pFYf7NHFZxXLy7VIi7dJ+7U/exh1aU4l2Yf4N4904g3oFKeNC2HY0d5LURpA0l3lBfd/YimPBKhExmrVEm4pQMztwhe52rEoDk/kbw4xCERVw/GJztRLShOuTymvXwH2dCz/s28ARvzcahE/pgO3Y9wV3p5yV1mfSviwbNBzxY2DKQ/di0UaUNVBn8XcPHDkAmvTzoq0GmHOhrViTM7ECmVy71hrjaE0pCm02+xPVbysUaAKVRULODYVYX8YzTyCt1britaV/GO0vvtSGGi6lLLeRpkU6ELCUyszegGJOq/eky9FfbZaBVLvcSmp1YwXIxcI22BbdjadN1aUdi8Gfs2WYF1KURcSSNUn6qrhxxxxq63P7sRsVKfE3V4G/ajXiYeQantF8OSzXtW3uTScguvz9OfXD7t+nThg+3P9sebIgRC4Mrr+1ye7WemdxOVL2ldoPodaaMMyXaiNCtxaPcli0biCwGOZ6eqn1ocY49J51JRVqnZV4v9yHU7ZNDidSEygm/TerE3hY63Efee+5vpC+sqfbRUIK5vecqLT0KXEFOTZCSMh0r1cc5AmJhy5/38jvYs0UZzLLfne73VBnYyXjdrR89MVMTdn9SzaKuDq9yJp6m7a+yug2n0fdWAvLCf8eU5+g0C+nm9oZaZo+5m7tmKd7dNemu2TKHVDTp+/dv9OPHDzlgwdnMvxmogxc88Y33EGu2qGk87bSXlfW0qj584uBgCxbiDkQXKwhyWKTvDRUGrhjD4ZLtdoeSNKWnpycR7bIso/5gQN3uo+XxkZ6eehTHMY1GIyOijSmOE0nn4+MjFUUhae0+PtJ4PJE98MbjMU0mE2E6ndJkUsIiUBRFIsRxKGsYtqnfH9BwWAqJaZbRYBBRkqbmf2Oz/15GYdguw277AwrCkB4fnyhNMxpEET099ajTKQ+o6PX6FMel9115YIURQLlu2x1qhW3X87FtRFMloDpiqRJMHe84z9tO37PpCYa6jfjtgkN1w4N7BVKvzVZLPDK1SMeedyLusfgsabX75mkhT4c6a488EfF0mwpC+t//vtPDQ5Py3v9o3G+I190yO+wLHCEtte+vCF/+ooH6TEQE7gvZJlD3cIU65c2Uuf2647WtJuTOOC/igB0fSoGn4faLLLxJVIY7PugFSrHLHHFBjQW5N+ZwGnO3H+cyscKIyo8qk/KACGt3lOKQWfAyizrrYVkusogvHvtGZOHQQiMqLXSfH6uy1mOKEjNXJtxRL6iK7arLQ9WxbMORKptI7F01xhVsd9ZlHsMe+s6YJHZ9Q+wp3e6WcV0OdhChj0UpLgvOd6rz6Y41evGxFKqU3aHtYW5bbIuqcdwRphNdBub52msr0bZ9w3mn9EKd2Dw8lsaqnrVAqeYBskVMVCu3/lACpKXh/mQPydi1n6y959sDdWtTa/sjcz9fqige7RFpxVuzdzTb5nmdVuqACIkM4f6By8MIiQvHO9LW+2JgxVyxI/kesjhb3mNTWPtGto0p6k59uCJqXdmubxPvgrw8aTZ5Di/yvPsVDKYBJXzibP4vxLt3AvEOVOJOshqOwbRSg6adnDbsBEomzHU5SVIG4KKuxBE12LKRYjpIDskrT7uquRvPmk7YTqoPjR4WHEQEUPcVISCzgx+7cfOk3llZUh4kLAxx57zgjp3FCBH2rJjCHTzvOea6f9uB09kY1ggvWqgRQcX8nKsNTzlcWTx6zKBzsBFzbD20tIei1F9c4S2VqnJhrzYd4pjwZrB12Zz/wPDK7TPYfX2t2gJ7S1nhzu5H"
14:21:34.719 [Forwarding screenshot on session 9ff46c75-f860-4b6c-96bf-d1f3a31859fe to remote] DEBUG org.apache.http.wire - http-outgoing-123 &lt;&lt; "ojfJXxpvRO0ptoysoSKhpMrDkEMHnIMlWJT2RVk2mqJyzzxe3V3ndVpyW3FEK2v8Oga0Fk+47CP7Pujvc145nVYAazj3k5DWvEF8CAn/7hv3YpilVhDlNiV7G7K4kdl3gvcpXGc8KbCTAJ0uSau0AW2wlSEjLNjpstEelKusUYau8Luo98ZU76GIfLlqC5l9rhWNVH/AkxUWblVorbMPnJ78mXBqpy1wHWvPtEx9pvOn+oHSc6Jhy5fvoQVk9Y7ZLQbqzsTHNXJdgbJ8X2rSBnW/wcIph9vqledVZtqi009a7wAtmDshvzwR5eelbv7dCcKhcW4XN5SozXUoe9t4EziZiDRI73/jC/gyAeNydtLXcD1R1DNWWZ0W+U/qtJt0d39HQRBar7u7Jt3eN2Ufu5ubG/r27Rvd3d253lleaKsjfAQ2PLHZdMNjHY+pwO6D53tqOV5X6n9+CKOcalohFFWF8PphnY9PTzQYRHKi7EO3qwRHmy5OZylYtujp6an0pJtMKI4TESfzvKBu95GCIKSHblcEQRbuptNpJa1WQHGSUJblIhCORiOK4pgeH0tvOt5rbzQeUZKm1O0+0iAq99wbmuuDoDyxNgzbcmIuC1EP3S49PFiCoPTIi5OUuo9PTuio611mvfCcugy1oOUeBmIFreCgTqtOqXVE4XZH1VFFiG3Lv6c9fIR/13Uchu3K5zrtozLs91i47OFBG0HYppvbO/rf9++UJk9U9P+lSb9OC/bIUv3/oVin3ls1tpafqcW9XN1D9aV2f1Zlw+gJshZHDjz4uI9VY6bYZqp/Mb9bQczkS+wLm89l1pBFhWVWLvBoD2ZZPPLKQRZsVB6c7RqMrV2OAzYPdhyu0SJuSDivUz6JvZc+FMz2m3pPXD7NXoWUqr5UwjTNc9lrXoQ040nFaVgo29QfSxf9mpSppFktMjoik2knsv1M1pAT5MtDO2qy4OOMF2r85/ZQjoG2DEtbXYU5Z/bwNE6r3pqCy0W2slHP08KTPljBPSREtXXP5tbP5GewDa8jhUpB9h/HlmDbTRZfeW4kwqm1+Xnfb/HK5HpQsNcfe4yxDeJ47uk6y1y7nOcOcrqqakdSV0ldvBPtQj+P3yYPhZ1TWUGzIQt1jl3o2SBysBiP/dJf1EUstN+3opososa23MR2V3aelJsIjw1b5vwOxHVaF3ZboVVhy1c8LnP7+9Vz9ws9736HeAfPu48D4h2ohCfuBysD3Jkpw0Y6c+4ARaizwpgMJolddVqPbMfHE3S+7yKynjDckfFAuYhq1g1di04FD6B12SNO9k9SRoWkR3uBqQ5fe4eJcaE6YL1SJpNe7tydz0txYm0MAGcgVycoiXs5l1/Gq0nK8PQn+VGtdJHnDVfZgFQTZ76f9pyUvHK47MlJvjLGYruC6u8JJwOtSqsMTJk1bqzRbQ1VFvOWiRWRRHQTLzI78DlCgBhP7ka7jmdQUqfV0JaLGEaJvaYUSD3hRg/8SryQfQdZ1HDua9MmAjR7Xw45ZKMmadQGrDY2XhIYVQAAIABJREFUuLy4HVgR2OZZ510MdxHJlRFmvKm0l6cVpVxRw9nnzngmsSC9SOo2NNMxkJQYowRnNqy5/h1BJld1rkRrMby8UM6DUA6VRn635Zkx71lYt8YcC9J5g9wVT2uU6XBL+526iHBW5LPtWNq7apPyfZ5waWMss0amDYvwypK935RwpX/neuLT0ta5FfjXpqzl9MGRNfpl4qfvmzWk/YsRHav0JjaP2vjVAqu807rviVXe2fuDJ3qpLSfb5hvqnbP3sXtFevWVqcmxXO8+wxcDHO+/1OZrEddpmJRed2HQplYrLE+XvW3KIRVBENL9/T19//6dbn7+pFazSYERZXwBTTyUPKHD8YLyBB7HSy90RR0t9EjIpvaO8kJf2ftO74XXqkijIzgZ77unpx4lSUrD4VAErXsj3Ek+Wbhrl99hQbIdtqkoCppMpmXoaRjSoF967LWCgHr9Po1GI5pMSi+9Y8JdHMeUJCnlRUHtdocGZg+6/mBAiTlBdjgcUZZmlOeF+XtIw9GYHh+fqCjKEN88zykIyjQ8Pj5SFEXUbrdpMIgoy3PKi5zyvKAiLyjPc8qynJ56vXLPvzSl7uMjtUJzcEQrlMMeRBgLKwRUx/NOiWnedSz4agFNe76F+pAM9d0q4a556n+h65npCmyh3YfPE+4OBWErPrpCcHAg9LXbHWq2Qvr32ze6bwU0mwxpOPhG08gsdKY1d+zT76c3Dsqih2/TZF5fpm0kde+D/kZ7Qql7OraetrXyiv/rxSUWtrT9mHvX59YGlQVENX7wfqMiwLDtGat7ZractI0o4kmi+s+kLrbbMq2brV8a9v/K3nT2CfPKvrTP/3HsXba9Dzz6TD7Fwzm2/2ebyXoRNmQ84wgGLbJaIca1zSWk1Nk2pOFsZ+KO6UpIyRpy4J5T31yeah5h99Vle8vYJlkZ4eIvSmt7Ts+LeIsZbsMSraEWurUdtkwbNI/U/Yz9uJZ2aG0Xsc3iuiMYVtZhYfOl24HTBtgGLuy8yxHjknrFO6jsBN8G1gvJeu7otHfzbrCzh7YdODLCvGtywI2ag/D918N/yjmQyS/vkagFNhHgOArEs18dm1S9y+Iwknj3zG056/Lld4RtVX5O2UfYeZEciqcXxDM3X/rdv3bu/pY976r2qjt2iMUlYM+7zwfiHajEuoXXaRkdDqTcccmKQqo7bB121/A6Jr3yZDt6J2TK68xkDyg9gVeGlYgqbCwNas5BEcuEJ51qgBBvMjMw5kqc0h5D7GqvV8p48pirPclyNTBkdVoM7OmgejKp0+QaTg0R2hzxUFYJG06ZsRcge49pUUPKwxtgtLHFq5PiCaYNAB4YVTlbwdGGz0rIZ8wDsQ2JXKW63FTbUWJM1SCp98DS+bGejeZzFebpTgLYSDQDd6w2fvaMjIXyDmNDSfJeqP1GCiXc8gCsBDYpC64zXxBT7VOML88D4SD0IFbfV2UneWXDI3HLVozHuGzX4gmphBIxZsSoqztlzkYmr0rLO6FFT5PHDa/eRjYNvJLNohmLYfx+2L3WlCCpvErLcAyVL+Wtpg9TccKslaGoPVTLezREwD0Qj7ThznnThr0yVEUAUkafI0DxdzhMKnZFbfEOVgab6/nAxqitQ+lLdegIG8jc9vlkZ5k8Nhwh25/A2kmLTYcNjVIGJU8ouW9xQpxMubKhzmWdKoFXt2GvnVqvgzIM3U4AbfvmffrKNNixQMaL1H1v9B42zoQ1V+Wh6zmp02J4Q2HYpGbLnCR736KfN6Vwd3tnPM7MIRXfvn2j5v19KdwFbUfICAPee87d4ywMynBa30vqwFOPhTi9353ylLJed4GIgOXeeMq7LtAn11qRJgzd00pLsa1jT0k1/+v3+pQkSXnQQxBSy5wWy6Gk2vOu2WxR2G5TFMWUpCmlaXmC63A4kr3tHh+fqD+IKAhKT7rJZEKj8agMkVWC3WRS/hyNxuZwjII6nQcqinIvuyiKZM87hoW80WhEY3Oy7MNDt8xvuyOedI+PTxRFEXW7XbnXQ7dL7XaHOp2H0mNvMKA8L5+bJCl1Og9SBk11oq6EK3shsnrPQf8gERa03ANKyj3umup0Vy346e+yYMZp0XvxaY9Mua5l/tdWe91Jutw98GwbseGz2gvPFyWd/PrXGS/BdrtDt7d39M///kdRHNNiPqVR9LP0vNNCjbJFrEDl9rulB5y2ufi91/dxF+Iczz5tD6R1d9/OKjHCuf5wwUbbvyK8qf7TLjiq7+sxPXWf53uVufaXXuQ77JMl797Yb8M+1XV6/NTPVyIWb7vhlkdZViIOqb7ffq6fqcYysdfstdqOdO0fPe5Yr6OFEtwWUU1scbEh9HioxETtDcXCqRxqptrZYlB3toSQ8tGeZGZxTHtI6ufpOmNbyW5Vo4QaJdrqcnRsjbx+UAciDjkLZqptsR3KdoQsXDaM7WttAlescoUj2WsxcxdU5Z1K7aLsiiNSuA0oW1+infKGPUFe2cLOdjB6zsJzGH4X4uq0LT1HhHVep9VQ2yq27Ttz2MSWr45EqioPG3LO6fT6hqRRWU6OvWja"
14:21:34.720 [Forwarding screenshot on session 9ff46c75-f860-4b6c-96bf-d1f3a31859fe to remote] DEBUG org.apache.http.wire - http-outgoing-123 &lt;&lt; "MG/7Uc4BrG3D6ZO9n1lcjcs8aoeIa+fubzlt9thBE6f2sDv12THxDqfNfhwQ70AlK+MOL67UbJhwhy6TKiu8iLeQ6tjtMd0NETjKk0iVC3bkHlRhVw4bIsA4xpMyFsqVGft9G+JZV3tA2MHO7lnSsJ2p6pS1QeCugvKJpspIcFadrFEo6eBnsjHA+VMGm3az1x5jYjTK861h6u9LwStaEkoQ12TwWUR1U74N5/52VbqhfucBpOaufKo8L1UZOkaTZwSJkaQ8yPTeEPxdDoezhqkJcRxqLyllcHP5JjYUWZ9OyQbXKq2X+wxm1qDRzy7bjTUUfJGF96dwDGVjAMh+iBxGzF6VXJ4souT2fZDPc8+bkVch2VBJGzLga8HKTmaUQcwCrDZGlBeobILdV0fVGyGcPbd0W9XCnjWYdNuw7Y49q9gIWTqisxKZeVKkDFEbAqRORfOEXj05kHdCTUC04VQaeDV7wEyu82Tramk8NP3DVsQIzWyZ88o2i/HiRZAr716TL3+vlTKv6l3T70VeNxt1WyPPEbX0BEG9V1qcFJFs9I8ygBv2gJFKr173mc5+gmnd7BtYl/LR75NvmDqTTDUBlEkaG8q6v+EQf/Wu6Dbm7KsX18sDgtRkWCZS8k6x4aveLS5f3X9mh3WgtwXI4jbd3t2We9oFoXjc3d4HdNcsBZHb21vrdWdEPj6gwvWmCg9EMtfrqsILy/HAYwHvMGxWe9mFbRuC6Qssej89uX9YkRZ+TmhFyIeHrghwYdimTqdD/cGACuMFp8ODHx+frHg2todP8B52LJz1+wMKwzYNh6PKUNlyn7sJ5Xkh4brtdkdOuU1FGIxpMIgoz4ty37pBRP3+gJ6enihJUtnrbjCIqNMuT7/tPnRpMCj3t0vSUpTTXo58cAiXSRRFlBcFDQZRGWLb7rgilpw8G1aKV/7eb45I27ICbvmZFQOdw0Y8Mc2/j/MzaCuxL/BOoK1Ij3/f0LYPux+ed2CFI0Tb+7SCUMQ6EZrN799//KBmENDz7JmWiwWN4juaDOr0LKHwakxRixG2//fEMq/Pcby9+W9/8U76I2uDOP/L3XS491J9bNFw+3FjF+uFLREoYv8aa6/KwpInHpT3rXl9l12YcNKu8s6e9dJnsl3siFrueOH04+p77MFlQzLtc2V88RbZl2qs1NtQOOWR1CVk2IkQMOOZI/qZsnZDWu24bw8scMd1sQW0nRW7gg/b/TIm5rYMeWFR6sHYFVxPCxZTjE2wVvYP760tnlzqnvxMiQDQdpTyeHMWCcXj0C5C8nxIFke5PjP7t2sjWDtF9sxT8zfZc1i9D2v2uEvKPNrta5R9l7hju7M9DXvKGZuO9xl0IjwKKwByfnznAPed4DZrxeMyQqiuBPyG2MHawWOt+weJ9vDalWfv6qgQbqfO9ippndajhhUPM7uoqkXLVVqWJXvk6jnMol9z5rJim/F3jd0qi7Umj9fO3TebDfVHbQryf6k3uaNodly8u9aD7q1ed/1pi6JZQL1JKSr2h23abDa/Xef4k4F4BypxOs+RNaqsqGO8eiLb4cnnahBxj3qvl4MHD55aEFQTYu3CLYO13/HGdZsuM7DIYRWcFjMxl4EkL4UWfVy3DEDeBHSVNQ7d+tWzXAHRnOKo9pHQHimOcZk1ZON0Mdi00SUTTSsMyobEppys15IWCO39yjDHmhU1fAOWjSo1QC8GahCVCbU1QmSyHduy1Sdk6oFqbdz6S4GoVuHW35Byc93669Y40KuHWUPEPN7jRIzYzE2zFpGt2KSMypTrxpz25BiKarXYpGERacO/YVcEPQGDRWYexEUQHTbU59qt/x+bLvNMFiP81WBe/VsX/zhChBwqwl5T7DmaN2jFnm4sUMf1MmzJCFiyT2BsDxNZpnUJo5YJkhhDqnw5z4lbrrIvmWd4O6K/8qo69IjUQjaL8Kou1XVaFHRW700erKHZkEmieImqutEGr4ThKC/JtRh27oRRTvxL3XdJT158zwh9OIxux9r7U5/67Ey+vEnfKrN77GhBbqknGzKhURMtOTXb7mskHrTKaJbV5qRsQ/Yd9iZqelLIk7vEm0w73iL6vg3bd5m2oT3rysOE7EKCbmu6f3TqWYW0yOQ3VXnKlWfCsEnN+ztqNpvUDEK6vW8q8a70umveN+nnjx/04/t3ur+7OzxJVkQXTwhRgosVVQIl4Gkh73APMy0KHpxWqj249Imogd1jzf9/4D3DOawisKG9/cGAoiguT3hNU0qShLrdrvL+alG705HDIaoOnRiPJzQYRNTtPtJjtzzFlQ+18MW78bjcJ288nlCSlAdGxHFCWZZRz3gCjsdjOf221+tRvz+gKI4pjhOKoojSLCvDdAcRpWlKw6I8aCOKIorjmOI4ViKYFcy0dyN/PjBiZa/fl9BhHcpaJcrqEGT/VFguY/bU5JOEZa/EkPfQU3vVqX0UpQ6VEBcoAc0R1fw2Fh7mzxeXyxBb5UHqCYZ+CC179um9Ha1H3wPdN1v0/cdPyrKMNqsVLeZzGmdtObCCBXVHTMtsv+jsP+WJcjJ+eN9zxmd1zYGQl6v+xfdySvV3vQUrr//1vfq0HWC95Gw+ZP+4XNmKIr7xlh82z1I+iZ9+Ww6Ox2LmlRGLhGwvSt9alzHCpqdiXM/ZI81u5s8nlPPYba8z92Fby9i4uu/Xnvq8PQuXEwtU86guf6+yujkcxB07tI0pdZYoTzs1N5DfM1vfpa3VELvPerWVHu92gc6tU36WFvpEgGPvvlSVpUm33EfVBdtrIsxlXhpVnToLdiq/XEbrIX+34dSn9r6zHn9sY9RF1JOyUuKctuntgrYtc7Y5xasssWXL9prsQ5jUzdY+9v3jfd14gc5Gc7A9qOugFMGlfFPb3uQ6tYC7UkKifgel/A62nam5grj2wlOin+RRLfqJfc7vW+Q5PCTedWKfun0U20A8T7ORbLYOrp27b7dbyidR6eE2+knRLPyQsNlLvO1Oi3chdUc/Kcj/pXwS0Xa7/e06x58MxDtQCXdubmfndlrOhM8MBCJC8YQwtx2XNUzsRMt6uzSsqCfGmxr0Iz3RVIOiL6SlvIKnr6nLoMHefnrCvpKBoe5MePkAiIVj4GnBTKWbV+nYUFJGi3gyaUGl4AGr7g4UylCzXnp2M1kRmXhgjz2DloU0HkiMwcRi2IK9CNlwZRE2OTRoxVDjSbkyLg688YyYyCt4IkSowd85aTOtq4FWiXi8gpbWxcjTApBstGyMSX3CpDZorfhs60ROJGbhxDPARSji8EA2FJw68gwy9U5Y7z5X3NTep6ukTquRbSti1JkVOHsqq13BW2mjNW3QfGBW8BJP4GKDUXk2+W1Kvy98OIUjcia67bAAbMtopUMGeJVbh8wOrBes8720QauhbXurnPeBqbnvtKxIqwNecpsPW9YNWW1dO/k2BqESsBZRXR2k4hpW7GHM3nC8L8oyrcvhOvI3T5pUu/G9ydxJkBW/taBrQ1yVIJhY8c3ue6PeeQ5BrRLC1busJyTOgT5qkUT/tKFeNTdN/A4nOv2qb1fvr2Mk63dQyqts9wdeACyomneT+2auK37f9Em8LL6uM+637ETQCogl5cbcDa/eeBxqUNQL6efPGwqCkO6bAd3c8SEVpdddEAR0d3tLP75/p5ubGwod8U2JbdrLKbTCGu8/FwRl6C2HvQYmFNfuTRe4HnhaLKk4fMJ66gUH/w9DVwC0++dVCIBq3z7exy1sd6gdtqndKb2oWs2W3W/N5LXz8EBZlh0cPMHhr9PpTMJbu+agivJa5XE3nVKWZZSkKY3HE+r1+uL5l6YZxXFMWZ6LV1+SpNTv92kwKD35+oMBjUYjI9hlFCcp5XluPO2eqN/vUxzHEnrb7T5Sq9UyZVOGAreMcNVud0pvvVb5e57nZbivDpUNjadloDzUglKkbbft6a3sVXfQPtTvzunCgdlXzxFg3fpuBoHsveccnqHEtVC8AT2PTScEN5TnunvZKQ9N5aHnCHieAHj4nQ41wzZ9+3FDQdih+fOclssFzefPNB0NaDz4l55VaKk7PttJ/NITf2TCrj2XRNjQ44saT/k7qeqz2F4ynkfs"
14:21:34.720 [Forwarding screenshot on session 9ff46c75-f860-4b6c-96bf-d1f3a31859fe to remote] DEBUG org.apache.http.wire - http-outgoing-123 &lt;&lt; "CeXbifyZCCjO3/YaazcYUUxN7GWRyIydss+sXqzK1dhr+uG17sv1s7Qo5Cx4qYUyWczwFlccPJst52dbW1H6dSUGiQAYq3SoRVERozKbR7Yzyn1+2f5o2CgHPlzNiC5WzKxbj3dla4qXvlpUkvTHdVmAtLaMtScdMSpmm0NF+yibyfFc1EKdGtP11g4sxPI4KVuGJPZe2l7UdpgvMuu2IMJbogQrb06hhUaej9n9nzkfxgNUHBFM/SU2HWy7a2F3yYKSek9XSV2JanXHMYLbJofKWo9aO+brvanF/uXy1dEvOk/mGexcwDbeOq/L/EzaiNicdk62yhsm4qkh9+C5gyPQqjmEzFdZlOZFBDMP5QXeVV4vD1yTkHNrWy88u/HA3lf2lAiQatHAznmvD5t9eXmh5/lMTnWN+cTZyemw1reId5d8Rw6reA4lTc/zGb28vPx2neNPBuIdqERPvLWrsAxo7Lqcm1UrtcIjE2zxqDCDiKxiKEOHJ7TKY8Jf7XFWHJXBwqEDjvdObg0H6YDThoSs+gNm6eJdcya1smk7rwxpo4nTXyiDIa2TeBSaQW/lpL2hBvKGCDLcyR8YCzzpdCbBdnCSMN5EGarG+OO9ziSPRUNW55z90/I6LVX4XunF6AkDIv5Z4896INkJ+8KczCp1knjGLBslHI6b1svj2ll8Myts/krwIjGu6iJSmvxrgUWLQ2ol2G6azOmx7UcLjuIJp/5nB+K6FXVMXbibJquBWnsPKSHDitJ1c4KtNRgq9x9T4sWK6y/xrlGGnft+uiKL613ZcLwrbdqUoWSETV7plHCVTHnFqpVvLTatxRBUhiobJxx65HhXNqzR7nhXNtSmyWqykfj3t4KUI/rL5M2+BzpNuv2v81IEWsb1cpEhrTt1bUOEbP/j5IENO+n7bHvTq9GOgVtYY3CV1o0HpBao7aRHDHVl1PGJcuwh4oi7cm3DimyZNRzlfWEjPW0cvHNa4HL6VdMW9Xuk+1wJx9F9txil6v+6LXP5KiOf29rBZEX33abcF6outLBr24Q1qGUinZdtbpa16O72J903m9RqhXR716Kft026uWvS3X2rFFnu70W4u78vD6lot13vJFcA0SGN1sNORDsl3rlCWuCILlXinOtdpfe2cwVF3veMDxjQIpEv/vmnh4btjj2cgkNzW+VhFBxiy+JNu912PO98jzr2eouiWIXTlp8lSUJPvR4NR6PyVNuHLvX7fXp6Kr3rkiSlohhSHMc0HI4oSVLKspwGUVTuYRfH9Pj4SHme09PTE4XtDj31+nZfPBNiG0Vx6ckXxdTv9SWf3cdHStNMQj7DdpuSJKUwbNPTU6981iDyDvnQh1G0xRsv5HDRsO0IcNqzTf/UAloraIuYd+CxpwS3UiTrUBh23D0QPS85aXeqLXE7cL0zPXEvtIdRsBep0w6VeKs9BtkbMQzLwzxumi3638+flGU5rZZLWizmNJ8/0/NsRKPBN5pFao9k3b+oflcm6HoMcdCTbE+gURNgGd+UjeCIQYn9nrPgYLzN7OKsiWLwPP7KfsrNz1p7S6k0yz0y7x7eNXoxwy5EchqVl1Dq5l/un9dplWlRim1x14YoT8CtuX1jwnaE2mJF24Nsw/OiGXtw68XAQtsoNWULl+UkY/IxgTK1P9n2WPRV3bO9eiCEqnLUbcHzOnPCIzmPZlFcvOLjsizZWUDbFHqxzRnr2QZI6qU3mRr/qk5j5W1hJDw3tXa17Lct9mmNZAsXZTPK+K7yJFsVFco7Ty+W8cKyZ6uzqM0hrSKemjxrbzcWT237bUj5221obNgoi3bikZdYYVvqLHdtLBHx+P2MXe9K3vJF24LanrWLmZ4DBNcN22e6PfI1WcOxp/mADZ4PLXz7T2wUm1apk9j17nSjgzTazlIipEnztXP319dXZ987P3S2N7nuAIqPEO90yCzvd/f6+vrbdY4/GYh3oBLt6eK4pCflwKNPyWLPGfvT28ND7WUhHhG6o+VJ19CsahnR5mBSrlexcivWSAesVokc4yBVXmD+Cktaihw2dM0O+jzZ3sihA/+4A09i88yTTrui56aJvVjWxT9mVaph98FwjARt+NkBVwQQHmj0pN6IX85GtgY2ntyVQDvg+HuM+N59ViAyg6kSFbQhJgMr753Bk+XCthV7vL0Vbaw3ol2dY6FH3O+VMep4YaUslqoBm400GWit8LdMS9GVB2pnMNUryTL4W6PPCn6uYawNR/cUK1sPKykfJQBnttyWcZ1Wo4Yz0OsDLnQYghwAkfCKM3uaNpR4rO6bq0NQYns/8ZrKGyT7Tx6IICqE15ssSfvjdsDGo1yv2hWXwUgLbvWje7Q5q8nGAC3Lo+FMyOwKt2lHSnSzxlJdhCURf/W7n9gQ82VSl4MyyhOtbRvRIpMVu2xbdyaOUV2Vi91vcJ1ZY1hE3yrxir1Chvb9dhY88rrTzvTmznoyUU4ua/JO8kE6TsgS14cW9027WKi9SMXIVG1XJgE8MXH6vZqEi9lxxHppHhjwzmS2Yb1fTT2yAM/ipxVS3QmmhDwn+nsNZyV+mf+PHh8Curu9o1ZQhsv+vCvDZW/ums4hFd+/faObm1u7V1no7l0XGI8o2cPs4FCKlghxTpjrCezBE/aQAkecETHQCnduCC17+x0ebFAdDmkFyKbxPntQobJaoNT34Ou6j48ihLXbHcqLgqI4pjwvaDyZ0HgyoeFwZDzxHinNchqNx9TvD8oTYodDyrKchsOhOfk1o6IYUpKklKQptTsdipPEeOWVHnhpltLDwwMlSUqPj0/0+Fjufdfr9WnAh1okCT08lGG4pWffA6VpRnmem8MrYlM3IXW7j9TvDyjNMoqTxBFn2+2Oc0Kv44mmRLsgtGGoOqRUhC/ttRaG1FKf6dNc9UEieq86XXd6r0MRaZ2TZpWo1wodAS8w3oEHQp6+txEl3cMzrJgn6VPf+f7zJ7XabVrMF7RcLGgxL8W7xWJJ46RJ436DFlldThyVDfuVp5uzcJKq/6t+whHnnPdfi2PKNlLjsPOcVPUvPKZ4wpvYmnqxKLOLzf5EXJ8oaxe0GnZMYluR7SUdAcB5Uum2UQoN6audhSzVP4pYk7njqF6MY8FlrcuN85i6EQEstml7d5k1nK0X9J6AbD/yeK09xx27ivfRVvYazwf0ifILNU7wOLdM9SK1si3yuj34LG3IoqdjtyQ2rzIuqDZo7SHbnsROkvrk/yu70V+I0ouiap5S1lPNXUQ3ZeAeXMACVWk7OPvnqryU42HDsbml3Unb0sK2tZXXmRrftQ1tRCcbkqzsHdVenCgr1b64fGXBUEdqZOqepiz0ouEqq9sTjvWzxF6p2XdAj/nmOlsO6ln+/MaUMXvm2ggekxZPnOO8rkfq/6mNynLasdisdp4inoDKhnHmFqr+nXan8n7t3H2329Fms6HMhM4+DH9QPAvl1NneEQ+8j/C0qxbvAopnIT0MyxNws0lEm82Gdrvdb9c5/mQg3oFKrFBgV2G00OYYRLwaJINFQzqgSoFMr3TxhJ09jArVgSrRSSaZecMRdHyBrBQD6tZtmztIbUSkLnwSVfXJnjxoqnwr4YwnkY6Yl7gGy1oZI1ogk4FLTcKXaV0JZOoZiRJR1T6CIpAprxIrkKnBmAWytE7LyIZDzh2BzJ4ku8psGWrRQwYeFVKh075MjHGnBiYpB0+IlfbDz9QGOpebGtDYMHEEBTamUi2Qqc+5TSWlYaCFaNkEOWWBrGafW9i2tzQCmRijKXvx1O1KW2TDJRZp3REnxNBTBqWudznoQQwP1a70e8ATATaSPC+/ZVqXfSDZKJa2o04xtYfCqDrKbfsv/2/CiwrTDiJ7MIgzgeJ3QxtR7DVo6kYb4aWR5QqP2uBc6sM82Ouv4ANHanb/Skmr+45YA7ghhr5tP7adiPCq33WeNMrEyb6negHAGvOl8Cn9H5evMtAkXJ4F+MwetOJswH0gNtXlcw7FYcPQ7m1Xt+lTe9yUHnr2vhyepDdCdgRW3b9IyLg2SJXhntl0uuKoHiPUvn1qAsCeggd9t55Is8CmjGC/jqStq0m1Ns79iTWvvq/M5HOahXTz84aCVkh3"
14:21:34.722 [Forwarding screenshot on session 9ff46c75-f860-4b6c-96bf-d1f3a31859fe to remote] DEBUG org.apache.http.wire - http-outgoing-123 &lt;&lt; "rYBu7pr087ZFN3et0usuCOnu7o5+fP9GNzc31Gy2HDGm6hABLbxJuKMRcvThEu5edtZLj0+7bbc76vPQOUzAD4fVaXD31gtViGhFyK0nyj099eQACD7tlU+NHQyiQ/HGey7v99dqBbLvXHl661DEtTAMy/3rJlNK0pT6/QENBhGNJxM5XbZS03RhAAAgAElEQVTcp67cy240GlMUxdTr9emp1yu98cyBFpHxwOt2yzDbcu+78ntZnjsHXTx0uxTHpWiYJIkId0VRUFGUh190u49S9p3OgwhxvljmlK8HX++Hv7aOXC8eeI7gag8Tcf6vhDr/+Xa/RdczsipMWouBB+k/dY1JS7vdEQEzUD/b7Q7dN1v0v+/fKU4TWq1WtFwsaD6fl0LecknPo5jGg//Rc3xciBORKVP9gbzbnpil/tZ2nTs2NZy+yRnvzOKLeGBpce6gL2oc9IXOImui+qPc2HneZ1qkksVtJz/uGLZ2RIEG+f3wKqvbLQFYPNJebSrtsqjG+VYLztaGa9g9lVlQqIyysfd1T/Z0x5LS5qkdRGBUC2QNO4/IldCp+3XxtrPjlhb99NgnY5nUU+n9xgIZlz+H7rKNIenjtsNzoEqBzC7USX1wHcW2HsvFQGszypin7GlnKwxl09koG9e24JBXLfzy1hNsix3MZdS7sh41nLYk85mEBUO/XXKa1MEZ2s5WbUnaAdtXvkCW18k9zKUui7grjv7h9yfmunLfQRYKpW35AlnRcN5rzsf8yB7mItJ68zt9eKI4DMizDstP2mmuFil1H6CvMe+bhCareYDrPXp92Ox+X4bOLpdL6uQ/jhxc8evEO+1118l/0HK5RMjsBwDxDlSySm2nKsedp7rjdkWScoBpuB15YVdZdId5IKLxhNVZjWg419jw2iOGjDZyTPoOjoH3Bh0RupTwoTcLtmlzB202ataFTqfq4LmcxIixaagyNLWrtPVCsoOFneSWq3YSUudMgu1qoDaOV3lDhUToAb1hJ7VavMh4nxK1jwPnlQ0KY/SW3klmMErYgNBpUmng0yZz9+SxlS4rZQAs07oRJOrW8FFGtp/PRVJXdWcMGe1xpISLxcBb+R5aI1HvteJ7GmlhYp3zYGsNQBaWD+pYwhdd8cca2q6BptPiGPLKMPaNMxveaic7jiGV2fZhxWzX268MVam7QptOi96n0Zug6NAOWTEeWiNkGduNh+X/uTIyvfyVgqN9F6yRbd8NKzQf1pN+19hoZvFmbUKHVhkb9HbfR9mzhfsAx/DVZVxz6sy2B/19VyC1ewLVrQGf1ZUng55YmLRHLKg3JKTfOQ1W9596MsZhIfzeJLbO2SPThuvUSU4yNh6Ozh6buo9XfY7jDegY80oA9d4F30NB32cR18zChBWOnYmzCJ0NW6fcdnLrfWonR6pM2CguflAnbNHt7R0FYbm33Q8+pOKuRUGrXXrd/fxBP358p7v7eyOGBBS22yZ8se2IGo6o02xRq+l6Wjl7iYn4Eqg9wzxhz/GSOvSU055WB6eaNtn7Twt3fFoqi0LBgUDFnm/D4fD/7H3ZduNKjq3IzPSgiZNGDkFSkp1pDc4a/v/bcB8iAGyEdKr7dlf3qV7lB65M2xKHiGBgY2MDoMPxSKejrzV3PJ5ou935eyyr++dlxdcyo/VmS7udrzWXZTkdDkfK8zw0nfCNKapqRbtA3DnX0+n0RtvtlpqmocPhQMfjkcbxQON4oM1mS871dDwepeOsb6ZR+0YVzqfTdl1HXefIuZ4OhwO5zvlU2X1NVVVR23Y+zTYQdv44yDEMI63Xa+jACqRdWcoclaVVoiHBtYwILj+/96nJMfm2jNJcsZmIIcqA0BXVXnzuOK06TrENc8e1+h4q+WISkOe7KHQscptKXVQVPb+80mKZ0fvPd7pcLnT+ONNHIO6ulytdLlf6dWrovZvSh3uiX11K5y7VLIzoHTdYSZxf2DeYmImxHTjUaDfNPgSEB9shJOSufWKDjy7VtFQOoEWYU9TifA9MqvWpwXDGMQcbizjY7JUGI4N9N1gz2CPE1GxbzH0qPjeqNrG7iQZsO8ikCYQI28iHARgO2AGZJmMMmOqM8wWEkwanrN2WmsZcYoNtVGfH59xy+Q64PmAdDZwj9lIC99J5XKiKs0DCBMwmuB/GBfH7eY+BX1iDY8ChjFcQ24MNtIR2asbAn0efQ9YqZJxIve7w3VuMe8J48TVusH44yCjPBWMgwVVuBiEKPXgfeN75fTxqcBSDeizMOLcBB4FqMe7cazBdF3Vo7XnOJ3INGS9ocujfPU2D13HV58MSR4IbWpg7B3PNhOsjHAN+3BXWPOJUkz2Ffhi+d4Cl2O/5r/jvsfquGp+N+u6/St49+ts/6jJbB9VdNT5/qe7+yccXefd1PDykaUMDIAmJEtjwTIQUIme2PhJsnGxATIMDTZm0KX1wnSG1xpUJtUAQ8satigxQ9hy+eQNcs7OY3oE/A0gcE4qqFLKEYRoRJlpc/+K0/gMTfCoRV2OGRCCmzWH9MyY7zgCOBHSxQQhjem4UWGE6w3k/Maml0r4+XFMMeQtzJpEtJSWZNLwjIR+l8bFR7eCZAjGE8nZcX0iCSV2VAD6uQ6rNEKJUCqP8HBAU4DwwCZmaqJ2Ac3D2fc01JuUYMKUP14ikO3QwTzCH2Pk0JtXOe0gvZ5URqtaEOEt0LrkenANybAQyo7fvK4N+JGG0Rp++I2dIYUZilwsU+7lQYkQUBOxsAFBhgoWJZkO6MzhlsAMprQp0IvDaKnDl9aE1TEC1C2uCSSh+F/Vd4XWeau3CHtYoEHueQOb3aGKcD1U62G6BCMquvR0XVH1gapApnhy9Txd8J3htulTWBDst4rQhmIwdsz41KU+8Vxklpoy7vw7fnzhissbsGpX9H5St135inxmdS/4+qBKReDXEnOzPqSFUxUl1nGYU7oP3TnBY+P5PrqTZdEZ5UMZN50sh7xZBdTebz+jp6Ymmr68+7TUiLrCBg2nmwIRe6C6qqYVRbTlTJy83SilWgN11/JTuqJpSi+q9PPedYFmBh/dkrx8UekAw5XlBq/WaDoejNIjgOnWn0xv1/WAIRD6/EI2B8NrXNa3XG6lN1/cDVWVFLjSlGA8HId/2+33oWOvr3g3DQMfDkYZh9OTh6UTjeKDj0ROIh8NRUl3boLLbbLZ0OByoaRqqKp8S2zSNNMJwzlFelNS2LW23OxqGkcYBCbyRDgdP4LVdB4SrTx3eBDJyt9vRerOharW2KrhwrNcb6pwLqsDW1MW7T0Xl71ckqauh7p2mudq0WVRr8nxm4eBmKEZpB9fDbrMPO8oaorC0984KvAyI5lilV/o6iU/Pz9S2rSfuQsrs+Xyhy+VCl8uVbtcb3W5Xaro9bfcV7Xc5tfWMfrbf6Sy2NbW2D8gf2ctcIrZD7Tf8Hkl+OJcNOihpYfcItEXBboGyOyZWzJ4dvhMXwmdVj8dvim/PXAOaSYxAUvA+aerVQmAEnwvJq+uQSMMLE9Ryip+U5AEszrghCjKjwgp/z7bIZMswmYJqIyZbIuwh9hvIN8HVcO8eD07M+GEwiLu1ii0ULOoxgTY4UCJJMA6sBawNh1j3GjU40PGEwKHBDmmEccL5A15jf+p2TGFtKN62DQ4Q7yvesvMAGAWuJfgP1oUqxVLB5nw/OH+4Fq93mESxk9Sc7uAeeiXC0H+S7BHAOSjwkBrdrZ0vmWtcP3Av8j6GmoCCyXq47gOi/NpzsFTXsBK1iS27AcFl9Yv0XeTMEcWkYWwYqwMZKuRnGIdbhPuxYZ+ICcJz/Fd9+L/85S90vV6l9t36+PoPCbyYjPsjUu4//3tP3HGH2fU4p+v1+qW6+ycdX+Td1/HwYDLi0gXFyAAGpgXiiSNtjg1YIhupkilqePi8PsrHkmo0SEpO8QZ2YzIBAZgAMti4wZnzoCdRNVZwfE1tOzBOt1EjeqyoMka41Y3b1nRIlNQIm7Tvcqig5L62nTrDl9C63qj5gACwUTlLICHoRJLIdDZyOo5KdgGQwjHtVaZ+PaR+boEEElKw9+m2V/jO49TdJBBSWNsu1PyDFAbfVVUjoAiELkyS8NwymQeG"
14:21:34.722 [Forwarding screenshot on session 9ff46c75-f860-4b6c-96bf-d1f3a31859fe to remote] DEBUG org.apache.http.wire - http-outgoing-123 &lt;&lt; "nu/5DPfKhYNN1F3GAcAwAHNbH0NBHwJ3ASUwRwi6OOoq6TN9KvPqa2d8E/JUo3ts+JVkZXL10gViQlJ39ZoCYJncwk5nLgWQlUjU9zomZg1p9A9Bk449KlPN3xGAC7gKz4qpuxB5xdp2oqoUtQTUykGCZ9D3UpSU/DwOxr2HeRLgb69vFIVBCchp55Kyg8/S4T3CMw/+nRM1QiC1/D2muveAYhBrten7H40brgVet84CSlGXOQWW/r2Izhme5aOemGdiReTFTbRoObwnvL6xaLQAe3QmxXm071P8bqHzhvenjm2YR1wvsLeyWlLStqDrMitquTuf7OVGVZzq/jW8UJ4vaDafU54XNF/4GnfTeUazRSZquteXF3p+fqLFYkFFUFzloK66U1FFXV+zPL+rF4aqOSTkjIIvJuzgX1uTLOpIGnWrZXUdd7hllVVd10JaDeMoNeKYgNzv93SMyLu3t3d6e3uzRBSfM8u1u21RUl03tF77+nedc7Td7aSrbln69Nyuc3Q6naQG3mazpaaug3LOGVKNicS+H0LzioNPye17+WzbdlTXNa3X65D221PfD5KWu15vqGka2u33oLizyrtx9ARgXhS+8QUo+tq2o31dU9t2NAw+zXaz2YKqsqS2c7RaramsKlqvN7Tb7VVRGdZBWVZUlKhws40qYiIYiVnb5dXWriuLgqqigN8VD0m4hymy0doyDS0eKEGR7GVVYVGU9PI6pSzL6devX0reheMSVHfX643+8nkj51p6nb3Sy3xOz/MFrdZLOtXfgMCL8MmDvQOVNUjcmcCA7GmWhNCSBmynYb919rO4X6PqWokCGzTD7BBT906CMansVWJTYL9n24fniok1uZaQTYl0s2WCAwkk2dMjRSMGgxXjADklJIfFfUiQMImHATctL5Pqs4exxTIH5zbxTaIY00LgkOvXinqM74nHVlJ3E8AtfP37cTNEVB/OHRNXoCK7GVuCeCw1dlLJpYDLwDZfpR5gataTx7mARYAMQ/svZJuQSBr0NoSaSyWALOVsECv3oJR0ceouYO6QWWMIQaeEJ2YaIHmm5XSY9FSscN8gD9YnNMiLSxJdWpwzGNMggjCpu0Ni5xgw2yUoMS8u+JxjqgQnPytgdN8g7xvgsjCO7cR81hDFYY1LEJ9xmrzLFpty6q7W3WYfEPYJp/d3Hf//a97x8be//Y1+//5N779OVAxPlA/faXOc/mH67H+ksvtHCrtH52nec9ocp5QP36kYnuj914l+//79pbr7Jx1f5N3X8fDQYq0aHUTgokSCbvY3NkbgeF/B8cLCo1yjiSXl4lxGhscYZnHa/XGDzR8jsVznxG/Wupne1eQb2GCl4hgzGea7tCbGCJ3rSCnl1JnkpgEi8+/1eWPSzRpfiHICcGJjziooefYwjpzWGkc2hbjplNix85cG0KQG+na0hYrZeHIqID+LKvvQuU98RzCYd7lvBng8ri2AOQSgPJaHbwCqEzNPWm8tkISgbBKlXSANsfjrB6wvVorxs3PjFR7bj9rXIdO0QgBZLg2pAqm5t1hi7+uG3UdhBSwHQ88pkDJnPG+G3NAIvCe/vgn4MERHTDbxugJlH0f65H3i6/Q6J3w97HTF61BrtNl1LOMfVKVCAMPzM7GLHaxRtXrtE08WOw8Spc5Jo0BRrgeqNEkh7xJwDBQUieMC4N8EGHqY/4jcZXKO0xrUIQzXA8cGSX15PnZsZC3DNRy+V8nddzkdRNctgEB4T88tOJfBUUTHBqPYWOiZn9Oo/nD/GWDfMuA5sfccOzEO9raY8ARnnFObxLloJ/CvJSq1XpGm2otzAtcTEnpMhMQ3itchpaHOfK27IqPlMhfibjrPaLH0ZIuvdec7zGIX2Dj91ajh/oMjJkPiFMk/+p6mTbLKSZsn5Ki+M00t/D1zN1r+vyefBiHGOEX1eDwGIq2hsvTk0zh64ow7yb69vdFqtdLaZ1L/DersZTnt9155h2Qmd4vdbndK9OUF7UJ32NPpTdRz+31N2802UgCeRK03jiMdjyfq2o66rqPD4UjO9VLjrg1NMjzB57vWrlYr2u12tNvtoNYdpsz62nx8P67vabvbU1VW0bj6eVpvttQ7r+yrqhVVqzWt1hup18eNL8qyMso5P2+l1IhjFSUTbnyd5VJTouPGE4bwDb8r85yqohA1pZw3JukiJV6sytOuswUt4fxc0zCuucgNLRbLjJ5fXsk5R9fLRWrd+ZTZqxy3241u1zO1bUPT5ZKm0zn9+P5Ez7MXGnY/6GedCPFinF62LxAkEGJO3n8bTLvgu8/7ETjEGKiKVUpC4skeB5iwt/sY79mCbx4Qf0Y52AN5GAWtVPWUandyJODEztt9jwPrPrU3nJfxkvPpvhL8YiVbsGH6HNG98xj0em0hpiQ1NRUyi3Eo10y+C8SEOURby80SjKIMVV9G2ackVUzk3jckALsa2SnER2JX2RZGSi1p8oUkDaxBn2Kra0aIRgl2ThRz9kziAiYZk6DsSz3uHe7tM+K8mCgUbAD+Ddt/xmXow50Bx3rFPqSLtqmdh96O2xWuxRgI8ZgZ45C9I43/5J2cCEYxaz4E4bwaTfG7mVOX+g7JjA86HXtR2wMOxTURK/tskBrmBNYVpq4z2Rq/94jDMEDosazOMddrZrGLX1NYeifae4CQ9HW0/+vk3d//7jvPfn5+0vDeUj58p3z4Tvu3xX9IwP1TjreFXHN4b+nz8/Orw+w/8fgi776Oh4ev1ZBo7TOpT5JAtMNv/FKDDcCFEmK82U90w2NHc0hhM1ayjIkmIQf6yEAHZRxGIxVcaUTnxps7bshCvgSyAogSMVAQzZN6C2DYBLQ4AJwjG0VrgPmanjycqPoo+hyq5hBUPXJ4pXA/XgfGXpx/VmZ1QD7Ks0TGWgg+NUpaXyWcCxRDtwhIIMBgko/rf8S1ShAoaq2SRIm+ToEyPx+nCWJNFl47nlRlwjKQqIFsEgm9kHIInAPxyCnPPIedjXQyyaugGYAWOwAxqQGknidKbM3BmFTBe8K1EZO6Gp0NdQcDKXYLAJyJIemmxekRLYMZJdb4+vKesdJ2SOgCAJHJNyG/MdIO5LAhwXoFkPJ+AKDC5iWeqLMRUU1PtWBW7kfSiuB9YkeBwdPAZGIM5nU8Zf4gZcmQR6xq4P0BgR87Ns7uCWZPg/nTuQufDeSYRqhTWety/50+FzqlfK8ftY6R7DUBwHPEXd5vl/g09tEqKZA4xhqEEh3mPbUL//b4O7g2gmDej0BRIXsaEGqyv5ngSyrjb55P9l+7NyCZe6fI4PU0TKlYzmm5WFKWFzSfZzSdLWk6W9J84YmSxWJOLy/P9PL8QovFQkmyQFYsoVYcph5iyqEqkx6kGnL6LajtsDNpxt1jo2YJsbIuJgClaUSWhe62TLIUVFWVNKFg4s6Tdqe743D0ariqWlHbtnQ6vQUFnlffcYfY1WpNXeeo73vT0GK73dF+X5vnXS4z2my31LaebGuD2o6JprKqDJHHDSl2u53Utqubhpqm8Sm1QX23DX/ndFo+R9t6oo+70q5Wa6nD17atSZllIm8YPNHXdY7KMibtLJHFv99ud9T3/rp13dAqKO64m24RyK2yrO7IMf55GRSLougsHnSA/UOirZAU6SK3nWy9OjLqEhul8qIqrygrX8/QKO9sbUP8Histi7Kip5cXyvKcfv78SdfLJXSY/TCqu8vlSp+3TzqfPyivSnqeTun5ZUrff/yg9WpKh903egtExhWb33CgFUkE2OsweBLvyxhY0D0MfnbW/gghaHCHtctIthm8G6UPyvelxpXiLrQ55w6IAcEUE4oJBbFz+Hz8+TYxanpNIdR7ERWQU7JAMZ4Nyt/V8+JrC+mU0hnGwwTk0BbzWHEAOWAPKYUC8+EDXYpvzk2iwX0kXVrF7ozxxJYGrCvPy8SMdKRP9HfBh5BMmwOvB/Ud5DpHT6xdQL2m8wiBabRPY2pLqPR27kWFGOEXKRXjUnPPUr6l0Zp+jHeMkk4CuGybJyFAlwjRpTgjXFtSO2MbDmWBQkAQ7TAKKgTPAQa8wTriOcUg8A3uh4UWGERGAl2zIxLxL7DhIa9LVO2b"
14:21:34.723 [Forwarding screenshot on session 9ff46c75-f860-4b6c-96bf-d1f3a31859fe to remote] DEBUG org.apache.http.wire - http-outgoing-123 &lt;&lt; "+rfga3hVJ4wTE99CgiY6/0z0yrsUvYPwLpvAAvuWTDZD8NXic/bPtPwM+he8Pv87fvzf/vY3+utf/0q32426007ItM1xGtJnw/EWd6HNzbE7PSLo8DP6u+anKu7y4Tt1py3dbjf661//+qW6+yceX+Td1/HwQIJHnC5QUaFTjYU40Xia4v+8uXZqvPT/augFXDGBB5EVvBdUhBkw1+kGKWTYkPoOtBw1gwgZFtWPi+dzrayLS9SoOo6mTcAZB6CHhpqN3JAasIWkDJJgTEKdu4SubQQIxZj5cbw5TTPEqCE68fZ7AG4jo6aAkAGBJYsUAFuDKXXhAMyJI92D8WQgLKA51TRCTFsEMI7ErBpG7VbJ4EoK+AO4F/AKak+JykFzAP77bYA1yMQAROyQXMXz41q5wlxzVBWdDVnzzpIzSP7pfSsBIe9Ra4GDpqtoHUBPPisJxYBL1ap8bnyvPSnD74EAuEg9x5+V8QtgU0A6ft+pUuoGjsU9KJ2YOdMCwqlJ8zFq3l7Hja93OypwvCGAhHdA5rW350JCWNSBERjnPUUIRd6PeC0DgGcFhBTbZsAWBQ1MWgoC1kEB8bWf6Drskrs5sk4m7jnRuw77iJCSuCdETgiubwHW8pzhCMTm2SV0Hb7pPtcDkJYx1WYY8tx1NK/SLTeRQ9bZkHjSkQE5BA1Mqpk4LalND++/Ubdb0Hw2oyz3TSpYcTebZ7RceqJiNpvS85PvMCvKJyBVNC1RCRhTYyzHFEdVLD0i3OT3nC4JhFsepcBmUYMJTLV9mG4Lqrw8L0I9OBcRd/5fVLjx4bvM1rTdbul4PAXyzh/9MARl3Juk1zZtR0VZ0mq1pnpfi9KsLKu7lGLf9dX5VNW2pc126xtshHHwtekGqYVXh5RX5/rQEdeTZbv9nvrQOXYYfLONYRipaztyrqe2bSXFtVqtyTmfIhyTdkwIMnHn79OnSm93O08chkYZbdvRbr+n9Wbjiceyoq5zVDcN7euGNtstNW1Ldd3InGmNu5LyEkm8XOZxmWndQ6O4k3pzQPYK6atqQCQG/Vq0KdtI6sWptUVZ6X2J0i5SiUY1HbMstx1mu44ulzOdL2c6n32HWUPeXW/0l8/fNIwjvS4W9Dqb04+XV3p6faFu+0zHbUK/mkRKf8SBYNyzdO/jYIL+fH2IOR7Yaqe2C3FNHBAQ+xD2+VtkT+X7TCCwoqvT3xslWK/fExuPQTuxSYDlukTLXSD2aOHZeDzkPIxXJnK/EiwMCiepoxvuNQ7M32NDKBUjQSm4VqM1n+/n4QFR2tt7+qg1hVPmDgN2TNa1qmhCe2/KtDAJxgE9M0Y8TlHHU/ZxEDv3eE6YI7BNnqBhu4d2F56RbWCHmCkR/H5pAMMOSSgTYfG2kMgHTT/m8TvDmBnsL0rShG6Hb2Y8TFZJ+L0twwHvmdPPcKMTE7Qb4Lw890CUGoIN6xPDOBqfD+bkNiZKKAue0/Hi7BltlqbrWjAy4lK+TyDwhNwD4lmJ+Ylm0kBAG8uICM4CPMzjw1kAcSM/SwKCX43qU/ffJ+/+/ndP4P3lL3+5I/C4Bl7zM9c6eA8JvP9YZVcH0g5r3Hnibke3243+8pe/fBF3/+Tji7z7Oh4eAnLAqAmR4mBjbtUJRYXP/SaIBgE3QXXwrkyqDXZTZCJGQBIbNyE3cCO0m6fUK4DImyEuANhh4XaMlN0C2SSyet58wwYuJAsUPjWyamef15AqY2KdWLy+nGsC50/vxg+Vd5g2KQYTjL0hEREYBAN5AwPFNdRuQJopAEn9fCHoRSDMzwhgB0lA/L8QkMEIm2K9j1RdAIweNy5JzBpFYpZrLEoHZRhLBUS2AQCr2M71RIwxPoeQ1Sa9OfXnAWBi1hUYcmkYIe8bk2/wvnQ+CmxqOnJEjwl0IUwmko6OhLSkNzNoxtTVIREHgQlLXRsWDN4OKdSTjBwSfi6O6saqWR4bAb7+92dUWDWJWSOiVg1A6lzr2Mnn2kTr3bR6HZ7fc/g+E8X4XqiDkhgi/BwcJ/88CXkFqzZb4b1L3j8kZRm0GaUDEH1O51u+g6pbmZdUrxdF4vlZb2MiagjunmueB0F+mCdZqz3sgawgaXXsRWUnBDM4rvx/tgGhg+SF1XkuEH/sHA6smEzlGWTOw/WkyDOoXoyK1YFSg9Wm/KwAisXR6BL61c9pOZ/Scunr2k0Xnrh7nS9ptsgpywpaLhb0+vJC09dXWi6XSniUqsTimmVlVVllHJBxplEEkiBAUCmpommnSBZmWegKimmQkdrvjijMH3wGyMOiKA1594i08w0qTqK46/ue1us1HY9Hent7p/f3d+r7HtJp3+nt/d2nyuYFVasV7WtfO24cRzqeTkKKYdqlTwH26jUmFdu2lZTbLMupqira7XehC+6R+r6n7XYX0mv3QUXn03+HcZT02b73hFyeF16B1/dUVhUNw+CJQSDvuG7eMAxUlKWQUk3ju9fu65q2uz2t1r5ZxXa3p7ppyPV9qJPXetIy1Nvb1zVttjujmDSKtTsFnFW6xWQbzjEr6SR1NsvJdz6uhCT06jlI7cZGJbHyDsi8LKqhGK9jrMG3DO9BVa3oKXSY/fnzJ12vFzqffbqsEncXulyvdLt90vV8pnK7ppfZjGazBX17fqaqmtO4+0anOqEP2L8NcRVhNFPbM7aXPX4uifZ23sPUTordijCKkhaWoFPMAj+DbdNgkaqmBZ80vF9ZEvLSKVZTkincGwZ2hNRTPMTPadOAH2AMwHhC3Di2LRNjR+8O3GN7DSpe2OaiHQbiwZe/CDakg7GDucKsASYhJQB6+GbKRUjHW/YR+lRSReVZ0RYz7u5g3Phnvl4LWBEINw10WqLwHLDJBc4jYw9j8Uc1p7nLvSGv2Pa1cJ24Ayr6QuJPROQwY8RBVW18fzEJyv/K94ew1jodP5qqs20AACAASURBVH5/pPFHnyj24WBwEFHcZdREtfn4vgwODOtY6leb9zeVQB77cH7dJREZC+MGfpiSYNB0ZODzgk/F7zevHcbS8q74n+8alzhY17zmce9AXBk+57HuRMtNHZWcExLaaZq1jF373yfv/v53S+AN763UwKvGZ9q9ze9JvP/kgaTd7m0uXWWL4YmG9/aLuPsfPL7Iu6/j4aGESEpIlqjhnSiBxYaIHXjYECXfnyXEvFkHZ0+cXgAZYmQAnBlHEw1Yr4QPkz8mlU9IBdtC3ERnGJTckT+6MYvjyGmZtf5dABaABY7OKPkTNnCo66TRpWBIIZrIRoKVSGK4EZhx7QSjvlOiyNRd67xC6Y78CY7wLdT488aXU+6gUYhL6GOvqc9K/qRKGAYDabqQwv1ItFnSFCwotMDBpmSw1J/BiG90oSDjIxTfl+gbytSR/GFj3EXkkpAJSCAAUcrRyKAY5GicbazBoCAJRMVEAJ9RO8K/ovp62LXWAi88WAXLpKKfbxhnJHg4DRkIcF2LrOgCFaeA7fBdcBIQHHODEgZSnBou5A+vbVyLB51jQ0bhvsHOVPjc56iKv7iWoDph/H4A8A5zK7U4WySCuWYmpIeM+uyyfoEIv7jJHRhmgs6AN1h7eI9KxsL9IsjrgSAbYM32OufXPpU6gxdQLt6OWi+Sm+Dwejf7m6jgYO3zc3a6h8kcOHyPda37332T1OJLawlRIffkCOlHLqXr6JV60sW5hf0NgkI8LlhTiterOA1mDfBYhdqVfULX4Qft1wtazBeU5wXNlzm9zpdyLDJPVkxfX+n56dmny0YkRly7rCwr8xkkRZCgEpIE/mUyhlMlTWpixmoqVOIhQZdrt9ASCLFMf69ptNqMgK/Vde4PyTusb4fH6Xii3W4fPvNOTdPQ29sbvb97Mu90epOU37bzyrQ8L0LdPN+ptq4bOh5PVFWruzHi+97udkGRN0ojC1Qp7rZM5B2kGYavL8cKvDHUvPP/3263tN/XNIwjZXlOnXO0Xm88uRfIO04n3m79tdabDbVtR+vNVu/xD+Z2JQrC8H0k52RdaIMPU3cuItA47TmPUqmxVqLOu56jKCpZB9oU43GjFEm/RgUfrJF4Pgx5J2m5QXVXeUL7+9MTNU0rte7OH0zeXaJGFb/peDzQ"
14:21:34.723 [Forwarding screenshot on session 9ff46c75-f860-4b6c-96bf-d1f3a31859fe to remote] DEBUG org.apache.http.wire - http-outgoing-123 &lt;&lt; "y3JOr7MZvby80vfpC3XbVzrsEvopqrsYRwEhxoQBEmiPAkNAfqlTjVgSruEUJwkxCAEAVe3hPoPKujS6Zyix4tC2+UPTZMFxB1smOAdxUZvc2STB0IOeg3GgJ80sCcrnkhI2aJfEBqWkuCJgdw7qiQooVWU7EhQD1MQFu33tbYCO8Y5RF93VtoNyJU7vNw5+ajAR8ADYXEl57CAwGp7rCrZX0o4dEEwukWYaH7WeT8kfyDgRLMP1kIF4CnbWkj8Wzz1UJULw9uK8XcautbchMV1rr9A5/gLkD/tp1/A82NHWjCN/Pvxemy8g0Zyaz7LIgv0hWbeGyIUUc8Zo8PznZhKRrakEAw3xOiimxzq9Qox3kMHA8zukdo2jEpIxE/go2rwrFRwlJXfQVwEyWrrWcjBRattNjNKOg+t39YMHHQfxpXhvgDTtf5ZPzym0n5+f9P7xRqtxJgq51eEFSDxP5DXvnsyLjyYQds3PQki71eFFzzXO6P3XSWrcfRF3/zPHF3n3dTw8eHNmI4qAxqqnFCDFUZv479wAwRgRp/Jx051q9FJvUxhewJiqKpAwQKPEG/u51p9vRuWmUS6WS0v6JhtQh8qliVxXDW4Km65Ko02ETwzNN9m4RfnF4GFIjBGXWhpwLU5r0MiUNTAGMABRxCDjvNe0BiblrJxfQSeSMxhBRNAkxgyMEUYPLTDUdSAGt0fnOyVW/Zk1YEB4akjMO0PYp6Fuml2bSEZx05JLINSE1IProKrH1+qYyNrU1AbtrMvrXlNKoEYHrEMx4EBaCREldQFT7ZIbrYVrn0h66FmacNhoqaRtdPjM3/SdQ/IHFFQ3WM8SRXYJpBhzsWAFgGdIk+HaK7b+SvgX0qOl2HWfmPf1xs4Dvwuyx2gEV+rZHFJVs8G1GNjJcyIoBHAsczpos4obzB+qV/m9j9MhBFQf9PeyxrvU7Fmakq33KcWr8d0adP/gKLgJNMA+eoF/Za4wiowEf8PgVvcyfn8F2Le6BrgGEu7h6qgB0chj7vDvTOamGsSQe4XOvA+UL0L2DZp2Lk4mOPLyvndJ9P7rWOEYvTufLsvkxCzUuZvOlzRfhppjywW9PD/Ty8urV+dB588lE2NA1JVSe0xJGqOSisgTqU1WlEDQKDH1j7rSYhOCIk7XfaCWMgRM7mvOMXm3Xm/ocDxCR9n4sMTd+7umyzrX09vbO3XO0dvbG42jTzWtqhXlRUlt29HpdKLVek1ltRJCcB1SVr26Teuq5Tl0VQ2KN05F9TXqOlG3rdcbecay9OmszvU0jiN1UNuuaRpq2y5czyvs9nVNddOElFvfgXYYRup7//2+7ykvCtpstlQ3rTSEKMqKVusNbXd72u52vp7dZkNVtTI1Dn2Dj5GatoU0a1VSlmVl5hiJOP8zkHZRrT1U2WV5QXnpybuMiTtW3T04vyF+DaHsyeEc1gqr9Iq8FJJP1IKQxsvpvWVV0cvrlOaLJb2/v9P14ok77TB7Maq7z9uNtvWOnuczmk3n9OP5mbJ8Rv32G532Kf1iB9nBvhMFadhpR+cbsYnFKffklflM9+A7EUlxT37p3wxBxEqt3l5H7FKMg8Bem70Kgk2oyImfFwkVJW/snicBHSZOgCgQ7AQBJo8TFAtqMFj3bk8+JhbbsvoLyt3YAHiqY9Sr/bkdvklAP84kMQRLp8/MQUIut4C2xdt1xVSGhAQbiWoufx3GURq4VOKG8W1i5tYGwFODN+LsBx6DP8p+QDzM98Y2TgLXLqHLABiNMf6jEhrh/9jc7RLqX1tiLZUArxClvQ8C87gL6RzW4w2CrhoAT0SM4EntieB0qa0s2Cc1Pps8uwRDFQvgPJjmbkNi34fOrpE4AC7+AKvwOvs9JRdTaO6m86G+AX6e38FUCFUh8np4d+CdxPV8M2vQ47MrpwZDAF2FC/+9hhXxwQTe79+/6Xq9Uv/WUDUo8cbptLu3OdXvy6Cqy6n7VVD7Mw/qvCXt3uYmPTYfvlM1vFD/1tD1eqXfv39/EXf/w8cXefd1PDzYELAiS9U8ajx8bTYFKWykhBAKmxPKmbkgL6tK0EnUVMZIeRQ5pei4iRqoV0dVjJk4kACcJGIXziFRPlVcXZwHCUI0tRHRAwBAN/bIoHQTIYK8E81kBxSyZbAaAIYhzJz+nsGdAXRwL2yELuDAy7Xh/hhkIbFhm4YgsFSjh3XvhFxjo43zMuhnsUYcOuBXJtBY9SdkVapEagBJAppHNewG5CGocDCuo4JcBGFKagAxyiABU0AcgKU+qCx7uG8hHZBo0/9zbQ9JGwGHIQaD6ERIBNMlhAS5RESh46vWh4RnY3DfqXIyXpcm1YPnGwAgFkS+jUAKxWtQ3s8wfjWPm65bJDQNUYVgnUkjIbz4/WQlVyL7D5J+TKIbRwmIJSGDZC0HxSwTn7ImFeQL+TPA33sdRzMWMC8xWY3KWZv2ncLa1fsyexKvJQHXMN+852HdGAauQkTCesdxR+DuEl/zReYmpaubaFCl8+8cd39jUs0rpZEU1cCBIRtFqRG+2+uzChnNc4fKEnSo4L75HLzfi33pOKjB5wJyuEvoenimdbmkxXxJRVH6DrOzBU3nS5rNs0CWZDSbTunl+ZlmsznleU5lUWmtsiyqJQeEXYFkjZAkOeXFg+YSqHwKKYhxE4oibhJQFJLSaLrdxufOCjnnI3UXknt1Xd+r7zhdFtNhIS3Wk3g+jbbve0/EFQUNwyDpqkz+VdVKlHqnk1ftHY9HyvOcVqs1VaFrraZiPlbi5bnvarvdbEVRV9cNbdYbT/wFgm2324c01pG6zte12253tNvvQyOLHe33e9psNtQ5n8KrqbOj73C73VETGm9Uq1XozDvKMY6jqPXG8UCu72m/3wsxV1UrGseRdru9rJEszyljUjfnRiX3nYDj9cHdaPncmgKtteqk3h2r7f5AaYcNKIy6LgeCD1JrrXKzuvt+ludUlBUts5yenl6oaTu6Xi90FdXdR1DdXaTW3eftk97f32meZ/Qym9N0uqDvr69Ub17psE3oZwOkPu4jQwo2ONGAkzj70Z7dJ5EtY9wX/kVbyPsi7ju494a//SFRIHtvFNQAex0HkGIVk7EhcqR392KJO92v8TkkwAV736P7FsKNCZle91L9nF7/rga0kChAEIIC+r45VhLNld7v7ZgqmQF4QEqICIGj9fm4QYXgF7EP8IwuMXgVG3QZP4OxBJzj6lKvYoN6eBzs47mWdOBW/65jDwQgYCqLsxBrR3MDa/5urQ0Jccq4ELI9PEeEaWRdNfb5RWAARJLFsfaePK7T9/IG693PeSK42NS0k0BkAhheaxGiaEDfD71PWRv8jjMm4vcLSXb2o8Lnud4wEnTyzoOCUzCqYOdE8DE32UDVprzbuI8g5sdzOyULNYsD9gV+fw6AZ5xdQywq+Z/w7zmN9vPzky6XC/VvDa3HOeX9d0PI/YdH/53W45z6t4Yulwt9fn5+pcn+Lx1f5N3X8fAw8uFQZwo7R6kEPWyk7GiDAZFIkKjagkFggwKARCJJbFgYCACo8HJ1cO4YyDndrFVdAiAPCD1j+CJn/AYbtCdAJtLtEQ0x1p67BaMqzw4AjYk7rIV2GxJDPiLhhmQHO7ZSU4oVNg/AjpAAHOWMyAepV4VkB5NEwcCcm0TSJ9GAGlDa+6ipEH9MkjF4ZEIJgIGQFQgK8NwI0AOxx8ZTFGX8GSBDBATK2OIc6zmF5EHSJFz3HECbqMj6yMCGdcwFcZlsFBUTR934XsMa5bp6OL8MchEAXHG99rhuAfh28KyHRB0OdkaQUGeCnQE0gHeJcktkd2KBLpBLcZ0aTJ1GEM6kKpNGkkIbFT5mIg3n/GNvr4cEHkesY4Uvq2fR6VEyEwCaOFCwBmQNB4AU9hlJpY4cGH9+VabFhJg8V5uEtBZdyxKBxY7Y/J4jgddF42nuMVFyHghgE32O1zyvn7B3S22isA65WLlxpmB88XfWydR5Nmo82GNuwzfrWIKz7d/fb9JdV1SfDN6hI+BtSOl6+CbjjQ1pTHOhcD1bQwocKZfSm8tpNn0VkmQ2WwTyLqPZIqM8L2gx96q76esrZcvsD5Vw2OkT0xTv"
14:21:34.725 [Forwarding screenshot on session 9ff46c75-f860-4b6c-96bf-d1f3a31859fe to remote] DEBUG org.apache.http.wire - http-outgoing-123 &lt;&lt; "lU2aXijkVF7ckVRGoQUptHcptoUSJ0bJB9c3hE2s4JLUTa05V5aVV5rVNTVN6zu61o38W9e+w+t6sxEV3DAMod5cHUiyHdW17/bKRJ9zjoqiDJ1jTzQMI51OJ9put0LwcfosEnh5UOIh8RWPU1GUIa21DfeiqbWq2NtJHbvOOdrt97Tf17Tb7QPZOFJVraiuGyHvVqs11XVDVbWipvHn7vuBmral9WZDq/XGp+fWjaTtHo5HOhyPNIyH0Dm3oGq1psPx6MlJIVtLUV1qp9nwfFD/ELvR3inzyuq+S+yDn/GaMXG3zLUhhhJ4hV0rYY3kma51aaQRzlOWFVWrFb28TmmZQa07Ju4+PlR1d7nQ9fpJt9sn7euanqZTep0t6el1SrNlUN3VCX0wOR/ZFuP0mkCWJWJihxoJCJPSGp1bfo4wTkyUiSo82IuHJCDYgxhjXhj/AjYzz8H7YyBG5L7DNaSJxyM8i9gpwi4cWJWmakAooBpO7WMq58B99XZIVe0eE5hA1LEPIOMABKJgH8AaPL+Mn/k5haAKe7jH9pqmamoDAxnFz4BBPcVuSvTwvSAxbEhiwM62rhqvKcXa4m8ABkRsbvALYF/OWOC1cq7D2hr5PQjzx1iHsXsX/dxiIFaVYDw+vH6wVE9cNsff60RxV1CAnhub3XQ96LWx5IbBABC4F7+DcWSXkpTACOPI2Q8xSSwk2lHXk8dPEyHiuHSGUbT2uq6wTiWmOfvAp44zv5dSAqa1WFII9fDeMAa5wXvMY2ieGTH+8ZuOOde9g72LlZ9Iat5GJZn/J/18JvF+//5Nt9uNfn38pOGtof2xpPU4p3J4lvp4xfBE5fBM63FO+2NJw1tDvz5+0u12o9+/f3+Rdv/Lxxd593U8PO46eELEJgZMkkoK6hGJbGBB2D5yBBm4hA2UI2G3sOkJmWXIM64pkIoBU4MYJMdA5minRTC+TN40E+0IyVHdPpUaZUoeJeJgWuOMB6QaADF5HSbqmAJBEzu6bAykGQcYAiUT9Foa8WVjAg4+jzMAO9NNEkEepCTw+F66JKRvRo4+qNeERGwmArh8O/jEpEeLhF+i336ufJ09BRHY6QkjzucaAAqCTFhPtz4VJaiNHiuRgeCF71sjsVqv5I5cjCLmcU0XBTMKZGSeeL0E8MQA73ZIZK3FNQ3RAcD6MpceOu3yfaDDwfMCXZGFMJc1H945rFUIAF6+M/Caiz4DUWwTVe0xxRpTUFMhoLjei5CMfD1YYwr04P0VJwwIVXyn2YEa9LmNMlYiyx78KfDiMeD7gqLInQJanSN7f+ZdhH3Sj4s+E9cW5D1L9gcGz+FfrqWIykd5tzGdP1pb59bvl3fd3eI1xJ8xaxvHUp3i2NkzcybvV3gveK30OiZMnsn5OuswXZytYYMqGT1PKvcv93pIJSKNqTZy/wzWu4Qu45SqYulr2BUFzRecLpvRfJHTMi8oyzN6fX2l5+dnWsznD1Jdoej/o/pgpVU9xc0ifNptpoo4UD1pLTQg2PBcTLA8+LsSiQXUQXvcZABJPUk73e6o7To6Ho+imDscDqHZgyev+mGg4+lN1HjH4zGkmh6oLCufgns4CHF3OPjf51lO4zhK6m3X+e6vx9OJOudJvaZpaLvdknN9UNTVqkgrCmkMsl5vpLOrdN3NuSut7+zqnFfBVauVfK8Iz9iF9NnOOf9z11FdN159F1Jnm7al9XpNwzBAJ9rQjXYcabPdmYYkXDfvcDwFEu/km1QUpW+Q4XpRySHpiupJT95FzU6YvCsrQ8wV8e/+gMC7I+8iYg9Tu8siOt8fHLrW/f2WZUVZntPT8ws1bevr3J0/QodZ32VWybsrfX7+pp+/ftKyyOhlOqPpLKOn6ZTW5SuN24R+tqkJrKjtV4LEYEbBVCnsESFIAnbOBh4S7eiKuCrCNIiPzLVc9HMf//z4mnKfQBTEpJuxef2j68FzDbrnGRvUqV2U7wNhdIfj+0cppv4aHJjEMbiOqQSwmdA632XT6DgaHyFg7LuMEwi+IjYXBTwG5ZEcjGwvk0Ji+8I8cqolk32s2PqovZ29BSzDWRv3YwHzAqozIXACSXluJvpdxpW4BiSbBpojOExrTcy5hTAc4J7E3qdybSZ8rn0ihCjaeZtNY9eH+BkBU4i9HvR+Db4dUiHrMFCPh+n0CgSXBN/42kfwV4Qgs37JhcuOMJmLyj0mxQY9zDy5FFLPYc0itg1jxeWUkPhFwg/x0c2l4q8Y8pPXL+9VPCbGZ4Ix6/T5Zf3D+Xgu5f0J3/vf8Pc5nZaJvM/PT7rdbnS9Xu+O2+1Gn5+fQth9pcf+OccXefd1PDxE/cMbGBcmdRMxHMZIjWooJP2VjZVLfM23RyRBp5uU1q5LidNORSl0p6xLNIXT6X3q5pvCpo6/UxCgRU4nnjAMn5fW4D0U00VDCmMiURIxnABm+L54HKI0Qqw5hYVWcXOX+hAR2YLAT9MLIqDhdGxVWafgAEGRFPc/piF1IJBSRlkXQAGnvA6hzgWARQGKEZCwACkNSk34mQ1mB2PQJWb8EfghkabPkqgBBqNp6r3dKesSiayqsm4SlFPx2k8khRqBFauHhBRzuu5YnSj3hqQd3INR4QHxIWvEcSFp6OrsdK7PkB5xcYknoJ1GSQXkdvC9AFgw8onPJMpKjPw7BZUI9K/hnRUyrwbCywVCXpR1XBsljH+vY3WXdi1r0RI1l7t1DCCIAwEMzMCxkCYJQgrCe9Trcxigiu9Tb8cC9zR0RgzpO6Qmpf/GJB04BjgeBjziOyfrSItSawMN2JP5cwDAFWje32esQJZx6mE9Ol3HRjXMwFeeWd9lkwbDe++Y0rmxexVH4JlkFRWD07HBe5OxH1jVAuu3T+g6fKOxLWg2m1MZFESvrLibZ7RYesJksZjT89Mzvb6+UpZloSYdExyWTItTD5HkyzNQ1UH9MCY+tPA/fAeJkZgUhP+XZSX160zjAiBofB203JBMyywz6rs8L2i1WlPXOTocvHJMybvHDSuYuONur56k8+oy7kjLtfGaphU1IJ/veDzRfr8PirujKPKapqHTKZBfB38fq9WKuq6j3X4nKctc926/r23nVCAki6KkzXZDbdeSc472+9oTeYWOnyfVPJHXDwMVRUl13VDXdb6phRB3B+lgyweTlaxeZKJtX9d0PHol4eF4ovV6Q2VZ0fF4smo5IH2z3BKpBT5LSFP9T6nvorUQk3lmncA9S1OLvJT1him0fE+xcpMJ07L0te6kw+yF02V/BeLuqimzlyt9fn5S07X0Op/SbLag59c5Tecz6jbf6bRP6Fco7SDKL9z7AMNxyh3+Hvd87ECLuC/+fNyN2ihr3ESxhclcYFs3oas5J2AeuH+rWgcM5FJRGCLZIp8f2E6m5ns385307tp3dQA7CHgM8Kx8fgywM7bhetBAdMiztzCWY2wTFT9oMBZtjTYzMOUNQPEkQckQyDJ1lhnjOcXX2jQDAjmjzpmo81FdCCSwzQ7SZ7yOuiY4AC3+Rs++RmrGWVO5FVdZtbk/H9eHk0Ci48/AWgIsK2sYS1IETHfXybZNYC1rXcJrr/6bBOIkO8BnUqGyTgK9bN/5PgArab1qfPcAq4FPJM8UKdn43bwNiTYvA3UbvyusrLMBR/X9rkHJJ8FixkdjotkqAT/5hlqKm6U2dIR5LPFo3zXBJ/DMgsGO3/TnFjAs+5/dhKSmZON9Js5m8/MUgvsDfk/X85/NBXwd/5rHF3n3dTw8rripCXiCLqsDKJ3A4Ij83WmnIUyDvEKNMzGy4oDiBg2RunBwxPBc3wMJvF8LntgpVlLGREzQIICRvh2/EbcURwKKUyjFQAFhI8otiNCgc2k2ZSCQLl2i0abwe1GmhIKzrMSROhBIIDglKdApPncJ3Q7f5DqczinEAEcMQeElyiyXat0XAZkAjJ0t8BtHnTEN9wbgikGAGHlIP0WSU5VRQHqa+/GEsJXdp0LCCjEBYy73Dx03DVAFIgrJSFnjfB64n3OrIE6VX0AO9tHaBrAvUv6DHVcBhgEEYP0OAR+trqGzrA0AcxAhvjRKEp+bSSD21Gm4I8EdEs0T824x0NAxACUfrgVe"
14:21:34.725 [Forwarding screenshot on session 9ff46c75-f860-4b6c-96bf-d1f3a31859fe to remote] DEBUG org.apache.http.wire - http-outgoing-123 &lt;&lt; "T/jcEtnUMUHw9EfvCY+5rJGO949U5gobujDxejt+U8JZ1okn5vjd5utiAwsBkUMgHR18v9P7MARZ2O+UTNPf+2eHTrU8zqAAjBUoJlVX9liMEuu82HOm6ki4aMzAcdP1pu8+E/GW2LP3xQ6UUXgwEJZ9IDXnMLWcxCFNbRotjhlGsmXegOjudXyQvJffHeZU5Atp1DBbZPQaGlXMFhlloWD/68szPT890Xy+kHpzd+QYKJvywpNBTOwJwZH5xhCPUhOZRLKqOG2KwQ0LsFEGKv/K0iqxtNOoNqWIVX+xAhCvn+U57ff1PyDtfIMK7i7Lqjque/f29k5t21FVrcg5R++BvKuqFWV5Tru9r3H39vZGm41X551Ob9Lp9nQ6Udu2dDwdqWlaOhwOdDweaR++5xWAvaS2Hg4HWoUutdit95E6rCwrUdhx/TvucJsXBa1WK686bDtpYNH3vTSyGA8HT2zicTzSvq4jxaNX1m22W0/gnU40jAfKspz6fqDVenNP9gKBhuRjWVaGgMvu5i8i6GKCr7TjIfdZPiB5I8Lv0dphxeCS6zJyqnVR0nKZ0Y+nZ6qhw6yvc/cRGlVc6RI6zd5uN/r4+KC8KuhlNqP5fEk/XqdU5i80bhN63yf0gaS87BUTtaG8N/D+K/tFAj+DLcO9KN637ggC3B+VnJLvOj231rZTnGOCF6j4w0AIED0m0Ndb3IlBJ3H4zWcBwyDRg2qfgNfuuogbG8L7bCq4hUkdyQoYUzq3GFRKjA3A8h+CxVo7Bhf3KGMCDyXVuAaaKhQRvyUavGcVG5Q4OTeTENQG3AUEmLGBjMc6+yxIQsmc8VpqYV0w3hh5/GCdsi3Fe0Z73qitFMzJZG/43O3wTbEopPki0XcLqsF7XAX+BGIC9lmYvI3sJNtRvodH2VaYMWECf4OOsWCLDohj8QPteFxgTrUOLs+7J7qug76L+h19b8T3gQBfHIBm3IxYARtBMDGImFew4JhKySQcC8bFKB5gEYZgqAbeSVH+pYZgvY4P9qtOszTQ57oNX+Td1/H4+CLvvo6Hh0Q0XLS5g3z+6kIEp1UlTQxUONWPyZLr3eYFBp43OSHHdAM3USQBTFCPC0gRATYDkw3BuAgAC8cBDSgQJ/x5cNA5qsVdz7D+Et/HuVYZPYKCj3oSJPapGgCRwKeSModFja0Dz0V7A7iFsRNDx8D0oIYC5fkY2ZEoYqcqqFsPtdw6/TumYAiBGoE3BA0x8YrrAY28gDgmoGBexUBi1LGDqBiqPDsdD1EujtodFYGwf7aJGG5u6Y5qMgREct1wz0ySGdDGa43niVV6ErHmWiTaORXr1DHZhEX5NWVcwbY0CInSZ+7Uh0NKXP/EdDJzAKYdqOpg3C7mPUqEkIqLPhuA1sNYN/rOKhnHAHIi3xcw3vH7nwqZZQgyAIc3vI4B+AD+Bn1eJGGRaEIHwXR2C4QRElJajzCRDrU4b/qup5Y87FNNgQiOqZQEGOP1NdH3ApS5fP37ek+pbTYxPHguUDXz+ua1csU9kNe7mzwcT0yf9dcMXXpb/butcReAKv8N3n/7XikRJ2kuvFacE+NpHgAAIABJREFUP4coidHBGXWd8FrHun7+b9/I7TOazWZUFBUtlrmky87mGS0yT1DMZzN6evpBs+lUlEVxuqKo5B6QIVrwH8gx+D1/D+vf8fkXi+UdUYfnFAIHyJWyqKR5RllWd+fM4mcANaCkbkLNu2EYIvLON6YYDweqqhWtVisahpHq2ivT3t7ehKgbhpHyvKC6runt7Z2GYZBzj6Ovc9d1He12O9PB9nR6o945qqqK9vs9NU3rlWuHI+333EjDH8MwivrNOUer1dqmhMZEKTZ/yHLf7GK7o65z5LqgyKs8ebdarWm93vh6f20r6sfNdqsE3lGP/T4i71hJl+W+IUcgQlerNTVtR9VqbYlFJstgzstSf/Zpz6ELLJyb54q/i6mvqsorqYjTriOiD9Np8XpZYX+vqb5WJeo7zK7o+eWVZvMFvb290fVyoTOTdx9A3oHqrh8GeplP6XU2p9fpgl4XU2pW3+m48x1m71LyIxLl2qMSze4NMSGAe/Id4SUOsqahxtgO9xkO9CL5Z4reRzgSr2tJuuSeJBzsOe050j98DlRQCa7otJbZo/1bbWn0vNG935csCJ8DUsKQOkymHnQ/lr/h/h9KeJiU1D69v2YgHSUwDmMs+ARIHC37kUpNPq2FzYEebTohtfNQDDBAtkyw82f2QcKz8xyYhgKMEQbOyID5ArVdXPNPn0lVjtc+qivH99vp+S5OA6VcEuXcAO5ySroxwccptoj7BeuDz8LlUZTcU4zHGFTqEAfhA2JKDXyG++90LPDZWdDBdd2MqhE+f+70fb/AWmPfzGP/VD7DmUGCUeFcmm0BmJGxAviHiE2k0QViR8RWIjQJ7wCSoDAPFxhPHjvuGCz7ypj4kiOt/Tz6Wrye/2wu4Ov41zy+yLuv4+FxYaLqCASXC1G5EPEyRpYNK29avEmBI3+FTfHSJ14yX0cAAR0+UAP5tD+OfiWykWskSR1JIfDQaR0SaYsuzmOnmzMCKZFho7NtjB6CRzWuBlR2YAiYJKgjgCrEigIaSSEI35P7YoeV0zCZ6GgTurQpgJ5o80dg0MLYDGEcBzCuh290HRPTAl0MeuSEozLOyP+dOvkKROE7YNxY3cR1uyQ6LvVDALQygQqydB4zUyODx70DkAfPLDUOJSoM4GBQQMFzKKq4NhGVn/k+EDis6OP1c24nQkRrRO4eSEn9kt7On3Ty5QijAxVrTOBCNF/uHyOxDj9jCRosjIzvNAI9JFmww7DcH5DmSO74lAJ4rzmFZtDxkJQCBmRynxPZAwyxONj/x04UkvhISMtzQ7qv7E3jN1hrE/msITVhLNFRuEZ/FwDXJ8GZsefA4EPssEktGn4+Hl8h3uH9ReISyVK+Bu5ZuHf1MH7g8OG+KeC7BwcM5yFyKq9hP+d3RbrSdfqe8Nid4RpC2kk0PaiFexgP2StSEySS0g4Y5DnklC1ntMyWlOclzUJnWa5151V3Gb28vNDLyzMtl0shgsqy8kReGZF0oFIy6iYkkQr79/jzd00YQA0XN79gImUJhGCW5dJQQ4i4oNhbLJaqsFtmkg6pRI9PmV2t1qJEK8sypMJ64u549OmsSPLx+ZzrhdzzKbJNIO+akPK6pqIoaBuUaKe3N6pWKxqD6s65XlR2bdvSOI4h5dR3va2bRtJnubvrIZBoPo3VK/PyvPDdbLc7KsvVHYmnBF5+l3q8C4q79XpDddP6VNyipLbrjJput9+bphSH45F2+z2VkeIP59Q35nij/d43AFmvN4aE43m0BFwgZWNSuASyLlbFIRmIxG4g8HQtQn3GiKArgFAuyuouJTdWDMr6ywv6/uOJdvu9T409n+nj40zn8zkQd5oue73e6Hq5ULVe0ctsRrP5kn68TKkqpzRsU3qrEzqLog33EH2Pda+9D5gYm2D2LQ3aGLtn7I+1EVc8B38H7QnaFNhrNdCruNach7Gusb9wDMG+OQ0y2n8VA8cpfIbQc/i7ieB2k60QAuIeF92TnrGCzzRnCCSFlLQwgcwHOMCo3zh4lAr5hHs3P6/ej39O06WTM1eCOs8orgfAXsYeJEKKYJMwQ+qATTS1ohmfMf4/RGsDiCdRK0bqSUNKhfFH+6mYHkqW8FoP6aSKrcOzjbo+bgfrJxhbzqRawKN+zFOTEYXPIKqvdiLEK+INWfe8hqWEDNp1fReYrON70nIYdu1KlojTe8ZUYsH83H2eMTOo/xgf8We5HMkl3gc4g6WdEAZLRdXIxDGn8TKOFwyNfmaEpwRT2XVjcFGXwDjr+sRUdRG5wPPw9f5sLuDr+Nc8vsi7r+PhYQ3yY6dSoyOJOo1tvFmr8bxLpQTwhKmUqL65sNoMpN/eqLO8OBVAJVEuqLOAYEgJJgB//Bytfh/JSgExQAigA85pHpIm202MFN0SHIkQaKKeipUrEGXTcdVxZzDCRCSTjZ4AAfk8g48Q7YnJSCaPuKkIKhuNERWSQuXhWlcODBLPCZ/joMSEiSiF6JcY6BikMtBjQPBAYi6Eikm3TdXZ"
14:21:34.727 [Forwarding screenshot on session 9ff46c75-f860-4b6c-96bf-d1f3a31859fe to remote] DEBUG org.apache.http.wire - http-outgoing-123 &lt;&lt; "D+sOI9OSanr8BkAokts3+owCnFqOyE2I6+JpOsJEPiNqQ1RWAdiQgsJjYtaQBx3695gQj4m8GEQaxySMz+2o5IcHRuG9OnwT8CJp7EDYcQTVOB+9vpemAQk6PkHBh++aJ+MUcDIo4ns9h7HmJieqMrTpDlLzMZDNWvTagmQEcfqe8T2F+wAnCqPfd6QfOo4MZuN9To6JJcxcdD4ktoF0vA0JXXqrRrQOaWLUusbhCc9h0pJATWvIzd4CVSGXYZ3dOYFdIoo2A7ojII4OJM//xSl5LjUQB7ue0dGRQIh5Ri2cHu/dsQPvbQ47wN+p2ZY0n/smFV5152vdTYPqLstLms1m9Pz8RPPZjLTLaagHVhR3SqWY0PJphJUl+HJtMoFqPCHkckuuYTda/Syo8XLoVMvqPyBZykDKZVnm04ND+m1M+HB6az8M1HUdNU2jNdzCM1fVSr+TqXKP659VZSUEnlfd+fsc+oE22y1xswnuKNsPQ6iLFxRp67XvyFqtJM20bbVhxna3F+LOd31tAnE3Utt60m+/39N2s6VhGGkYBnKd07RhUJ4V4Zn3dS0k2l06dBi7rnPSLVbOU5ahu2xN292OqtXKjw+kp67XG1C2FbSvGzqe3mhf1/7ZQzddnUddO2VZybmEtAXCLS9Kyku8zzBPEZlsSORCicsCvus7zer48DmsYhOIXj5nzl1x9b14fnmll9cpnU4nul6vorbzBB50mL1c6fZ5o8PxQK+LOU1nc3qdL+l5OqVu/UyHbUq/GtjHmTBxuKdYXIS/i0k2wRRO9zTFFEAQDro/iUM/JCYoiedUUiu9I0lkj3XRHsVYNiLwHu21+ruAW8xemwrJg0o7Mz4YUEM8CWSBkAps8wx2sc+H8yGqfyY85FkSk3XCNjve0824dBHBhkExwPjergGuROwueCy5XwNAhIkS23nbo2VRUplPDqKyAuouUO90LvH+ufunIU0Fr2jzM1GOsf0atNHYJdgqJWcm8vubGQ+9hsl2knnl72CglDEckHzoywheDPd5tGSxZkEwSaaYJ1ZuSnDcvIMRduo1Y+PiJlInms8txB++v12q9xXu9dzqXBncEMbf+zsTE8Tz+FbfP8S4IhaJngnnwOBuqOUo6zKIDbAxxRkanEk2USQWkXM6W99OsA77I4Lb/Fr/s7mAr+Nf8/gi776OhweTOhj14CKbGBW4wAZ/J9nHzb+DaBUbAa6fxWQAOJtoQMUIscqqT1S9Y8BCKtEr7RapQAUjGhhtw8YM3vFXYkuaGSAgA0Nrjg6c2E4BkQE7vX6fi/zeAHTwM2HKnIx3AKBX+ByCDiEXJLVADZyAqACAfF0HCwwunaZmisFv4f6RbIM5xeidAc5R9I7HSbpb4bxF84FA2Xyfx98xMRnNCaSVejIVgEAAHgo4U8LIHhpNJFF0PUM3tsgQe3JwIkV4lQyNnAKJNupzyxrsU+m6K88qwAsIHl4LqCrrkn8YvRPAwGsI1uEV3iczf30aUpRh7nq/brgpDROa3iFKFJT1eq+cKmEUq2GdSrFyJHjwXeyCYpWB9KjkNJOyMiec/toraENl7xXfcya1YT1Zxyqx71QE2Hnd3mCt4RqWtQzPhs1CHl3LkH8ABC9uQucmvXfS4J44+i8ktZCrqZlbJH31fUZnMV7/ukZRtamgHoMnuC9aJw3HjqPZN1xvHe9d+Hl9D9Ax57EUJaxL6OIm9LPPaT6bCik2m3OH2SXNFxnleUnLRUbPz75JxXK5NCmDTHBgbbVHNfDuGgpEn43Vdfj/ZSDvOK3VHwVlGZ+HVVER0VKU/nPRdYQADIoqvo8s8zXg+n4QJdt+v6d9UJZ5tRx0vY0UbJKWm90/x2q1pr7vA3Hn78Onjx7pdHqj9WYrjSr6YaCirGgXmkYcj0fqnfM18E4naruOhmGk4/FI2+2O8tyTgIfDgeq6ltTZ/b6mcTyQ6/ug3jsIIdjUDTVNG7qhFrTb7qgfenLOWeIuNGeoqoratqPNdmvGjMmvvFBlXFxnsFqtqR9HyktPsmV54ZtXnE602++pDynF2KTkbq0A0VbGNev470AOxgReluPfw2fy3CvwSv1+lheUFff3wOeMlYRyQLOKsqwoywpKv/+g1WpNl/PZN6o4n+ksyrsLXc5XqXV3uV5ovdvQ83RGs9mSnqZTKvIZDZtv9FYn9BEHN9HOMqEF+6GSfA/2TNyrWa3tUrNvx3v5pZsEnDYx57b7W7Djnf4N9+Y49VTuB38f/c2QktEzmN8BIXMbgDxDO8PjMqjdRaXfDdXKgpcSunIjAKNOBHzXJVqzGYgmDu5de18GxhMbXCNvIs8uGKfTVEvEzUJQRDgyxrNidwQvBPtvPgdjASpsrhNtns0loXY34xCw1WD/BE8LllDszPfB5OZ5D+VEwnOdOxg3p/MihFGrfomUC4n9iAHuGxVaTOIO9vO3MaUbBK9xLSnBlUC2RnK/DmUcdf1f+8QHoHEunBKGmv0zEcyLHXxl/AcQaxxSn7kV4zjG8oxv5G9KhrJPo2nT8Lz83UHXBopBhPSD9XLtA1k4+HuK/QBZl4Z84wYtqU2bRUIQsQsLPlpeI1rbUOo4cvC/YZycSObOpf1S3n0dj48v8u7reHhI8dtBDY8QIiB3Ng44EGFXMIbynU43d3a6RAEmjjkY1N6m4IkTDhu6iYo6PI8FJOKIglETGTk4zxoB4Z/jyCKDIzS8wQAIwaXfwTEQsNExEAFCJnKKDdkDzq+pp8DP3CZ0dgwsQm0uxyQLpC8HJ9cA2QjkiqwbP2scaAW5GtW2xg3BsieAUjXyGBkX8jJRUmmETlMPnHYZuzG9j0oCaek7OWmRYU1tjsYVVJoMSKU+BysuB1h7SK7eAUwkEBVYCSAaNG1XgQq8Wx0Djoj47HkuEJykOte8vhDohuf9qCdyz1eXhPow0boyxIttRGIckkhFhgBTFYfp/Wd7nRdOfZe5DSSOKlHDfAdAKYoLIOq1ll6Y6wbvi8GSOhSSosEAE2oBoZJMQO6Y+vp9rGa7c54QzIKD43QtW/Itfm/0/bjgnhpIKSHzYV37/XMSuutZAk8i4Ugkytzcq/vuHGHYG41TDXuY7G0d1JaB9YGOmN1zw73wXip2wxKFcj+dvTauNR4nJpX5fvx5nmm3yWk2m1GWFzRfZF51N1vSbL4UZdtsOg1NKuZG6RYTLNpQAkidiKhDEgTJECW+8jvFnv1MJgo7q8az9esk/XKZKfmX6/2xuktSLYPiq3Mu1JU7Ur2vqQhEVV37Rg343CUQQf7cBWV5RtINdxnqwm221Pc9rVaqLmNFHdfQq6oV1bXvKLvdbiW9lpV2u91ePl/XtTSqKEuf3uq7vo6SaoudYHe7ffjZq/T6vifneuqco7ppKcsL6rqOhmGg3W4HhJh/zvV6Q13X0Wq1th1gC60NZ2oQFraxQ1lWNIwj7fa1fJfJxr4faL3Z3M1zTPyatNvC3kOc+hor65BkNYo9OAemAeP5TdOUiIgWlWBYt37Ne1Xm63RGTy+vNB7GUOvuQ+vdSaMKT979/vykt7cTzZYLep3OaDpb0I/XV6o3L3TYJfSzYbyYPNyXMEB4udujFBsa8g6JqOj3YjMeKfaAXPjjgMok+l5qzn2F/Vy6ysL3JdNA1OkWR6H6zpJ5qT4rqvcG+wz+HpWMYsJRiaN4L03N/nxBLIDkCWBXJWISwc1Cog32/hGjYYqg4HoOag2JmV/Bgb0nV5E8iWujoQ1lTC3158AnMGPKJCymSw5aK43XiF431XMxhoW5RB9IcYwG85jMU38G1hV/F/AcBqARl6pyL5V0bbHTOO+8PjoeW51DDqga7BKIayFfGXsCMYcptkb9z2TnCO9XCPKeG34ufWelVq2o72A9MH4yvhMqEvW8jJGQcBRibgzrZojUjzzGSNYaXxE/p/d1i96z2+FbeK/CM4c1LfX+eI6biQTRcT/42Ou8m3XL1wRi1AbYv8i7r+Px8UXefR0PD6wtwVE0JKrOEF3ClD6JSBzuAZQhKpg4isiGOxUcgKqr2eATOA8bU40AXVnxFEXVhGAwkZFJaESRSNqvGCYgZdBgnZtEIlk+XVLBj0SRwuaL"
14:21:34.729 [Forwarding screenshot on session 9ff46c75-f860-4b6c-96bf-d1f3a31859fe to remote] DEBUG org.apache.http.wire - http-outgoing-123 &lt;&lt; "aQm30acusuqQUzJt2qqCKHRsVX6fGmOvEUf9LNeNugOsqNzpdHywtoqMbQdGUUB2XEjegm8ktXAOmQy9HaH7LAMGdsxBCShpkSH6dG4SqdHHzyORXU5fbSD66QA8AgHH5BiCJI4MxiStFD4GAHynWovW5dWlNm0V3iGpqQHA7oZzNGiqAzopfG8ciVPiCd4xIFMv8D6Z9KPQWObS6VhLYwuXaDpxoyklkrYaFKKa9v0AVAuBa0lgdAhwncha53USzi3KPXauhKjSeeOGF7aQOICyA6zr4GThHEqxbXTkgNSSfYvXjoO13j/4vACxkM4E5CaPxwXeT1xnPPfoCBqVJ1+7jb6DjmI03kr8ASHK48TrKibaBeACOYrfxYAFkMbG6ezgnvC94DFwj/YL2CvFKQFnt5sYB/YSnGh83ve+pPlsFmqMFTSdL2k6C+myi8wriJYLen56opeXF8qyzKueikfKqKC+KyurnkKVFNS5w46cj4gaS7ohcZfRMhB4qqKzZB93/lyKSi98N8vu6+xBmm5ZVtQ5R13X0el0oio8S1GUQTk36H3yUVZBqZVTUaJCy193t92Rc738DpVa1WpFddOI2s0TdidpRMGNLHwqrL8n5xz1fR+6zfqmEM71NI5edceKQf637wdqGl8zr21acs7RMIy033tCr+06Wq03NAwD9cNAdc016Hza7mazpa7tfMfgsqJqtaYy1AA0zSWA1EKSi8d3s9mS6weqm4b6YaQx3NtutzeEnUmLNmq5ItQ0zMy83ddZ1PqHSthZgi7ucIzXeUhOMhksR67nMJ2SPVG5zHP6/uOJqtWKzqK6+6CLqXV3ocv5QtfrlT5vN9rt9/Q8ndJsvqCX6YwWixdym290qhP6xY4y7609BkIZqyWGNDP/NzhS93tDtnX6d/lsvE+BI22xZWLSXhnvxBg2DlSa/RxsjbE7Yh9Tva8o8HlXH9Vg3QRq7MK93uGWCPMMiSlrgArneA/HzAbZb/meMWDnoIEWE5CMo/j6XA4DbJgJXrISTbBxKvcpz8LEXwioxfu+J9ImMu78N1SHnRslgzBzAgP/Wp4FiNIIcwmOk2Bu4hXxsI4wMGnGwqyToPhyaldxjcTNUvRfwG6MWfheIKNJiLFW8dHt4AlIFEtYe+/H1qetqt9zbiekaau6bmWMAuaRACrjL8CxODcfdXK/7sAnw3HwQXJQ3PG6bG0tZH3HFJt7HGvPJ9gNSdMwTrIXYdqqBGkT+76IetK+/0JchnHQGudaWiXGwpIWLHhIx5X91j+bC/g6/jWPL/Lu3+wYT/Ov4+v4Ov6Lhxh7pyCJa6moOskC9Tjih1L6CwL/LqGPOgIgADhR6cmROyafLwE4IhnCAPYMIEZUdg7uG8grIeSY2ERHA9S32GzEkJQAYm9DQpeYNDdOWwJkjToqRkHIz8ykIxKyoPSy6ewKroWoZ0Vmh/MHCjenKVK33hZd5nu4CPnFIP6bjo3T+xXVYHA8Tapwb897YWcVAOU5viY6nQCehZzr4N4grUjnO4H0azgPE4a9r9mizg8rDGCshVxMxbExANclXkWI61zUxKn9m0mb8w7r7ZFTDOTjbbRBkYsUek/oMr7QpspoPptTngfibh46zC48OVYWJU1fX+n56YkWi4VXM4U0w7KsIrVVEZRo9wX8Uc1k1Eq5rTeG6qcMyLflMjMk2zKQcHfdY0GFh8q6LMsMcRbXVGO1327va7a5vqdjUMBhemxVVUGh54/1ekP1vvbdWZ2jzXbrCcnSk37b0PAhy3PT+CLuaMuqwNVqTYfDgY7HI+12e3LO0el0EvXdSYg93222LCtardY0jqN0udXGFQdJo+WGFj4d+EB931PTNDSOI9V1Q23r03B3+z21nSf3Vqu1J+46F+rXVdQ0DQ3DEMi/WtSNnnjzNQGXWU5ltaL9vqbdbi/P7InciuqmJed66oeR1putGQ8hXmPiLlLZxYq4Rw0meF1lua5ZJBdVORd1ikXy7k7dV5qutuZ6gYguqxW9TGf04/mFhmGg2/VKl7PvLutVdxc5LmefMvv+651m2ZJepjOazhf09DKlXfVM49aq7tgOCgkFQRYMUIjNYCILCBAuK2GCL3FAAogDCeI4/TvXVFZyQO1pTBYyYSV78d1ncK+e2Os/+kyP577/O++BXAIBCYS7uqZgI5Hc4rFlApIbGDDRhqm1ZszRtgfyj0u5SAkdtNGsEIR7unQJNDZKTZkPTC1kmy/PMfggrwS8ooAz1qtV1VOqzzuyok7rrmnNVwhEgS2WdM8QfLtLaWRCDZR7itG0NEVcN83Xekuk+Zlp7tbbseLyF1haiHGT2HvEIJIhgeuLA+GTUHfaZn8gThTSkueZcRCQh0aowc1OmOTmEh0HeKei5xNsIEcqSjdTk6/X58O1z899wfO0utaxNi7vB5iZJHMG+8UV06tdasebPxPI52sPtQ57FQxIavbAtbU1uC3jydkoHLQNwfJLw0H0iWBQwV1hr8DA7Z/NGXwd/5rHF3n3b3b82eTH1/F1/F8+GESaLmZIVnQI+hQASCr3kJqoMAL3iwB0jfafOW2jh7QNIHOuvVdZSt0WuC8BwgOrHVMAVwqiTd26HlI/egC/fWKByaAgjFVhJnI9hGjvkMJzBacGiEmrEADSBghGA+5QQcaEHwMriEabWjeYlgvOyiUANQWR6nCJMpYBJRCvmBoTR7ltGgs6NkjWeZB2biZA1KmDYlKjEJyjogMJPaeEmBSJFrIXIr74vc6qBGSt4b2g+g2cS41AA9hGpzuML5OSHvjbgs4XGFchm7tIzc3jjr8HpQenpRw7X+uuKApaZDm9zpb0Ol/SdOGbVBRlSfPZnJ5+PHmCD2qaobruvmupTUs0aY9AdNylxCLJZxRzkLaYKam3jIi7ZWYJPtvUIlJagVqvyAupUVfXNa1Wa2qD8q7rujulXgH361xPx+MpdJ99o9PpjXa7vZBLbdtRWVXS9KJpWirKksbDgZq2temiWW4aKGR5QZ1znqg7Huh0OtEQGmgcj0dq21au4dNlPbGGxJ0n55i8O8jhfzfI3zml1tef880jysrX/mvbzhORu718h7vZVquVSWHOi5LqpqVBPuM/1zStWRtIgCERxvPG5B0SwI9qKCJRLA1TykpSdcuwTg2xF34v6xDOgyq9u5p3SCYW+j1RYQbirihK+v7jiYqipI9fHz5l9uPD17oD8u7jfKHb9UafnzfadzU9vb7SdOZVd9PZC3Wbb3Tap77WnYv2tmgvu8Z/f7T/GKJLCSO0BWbfNaRHas5jswh0/7P7Ltzb3R7M9hbUehCYwfPoZ8GGPnh+3E8vfUK38LsznNeUXIFzXrpgBzv7d5MR0eq93w4p1AVmPBAIIAga+npcSDJo8I336GvvgzBnKDkhqiJOt8Q10KUGHwjBZII7MamTgp3XsTg3quCTBmrOq5+kXE2beEKLA1VjdJ3IPgoROSjZJQqzkFEjxGqngTdDrDn9WfHMREkwDuoxthuUwGEciM0Cr30qgUhsciFzw9cNOJLHRwK+sn4SIO4s6crNwTBrw5S14DXCxFTAehfBjPq8t+M3uZ+4IQgHWK8u9ZlavNbahK7DxH4+SmM1+JHxCqxZGVdZ9yl91InMkTw3r0UTNFCMj6nEJpNg0Pfe7BE9p/pqwMGQmN0EcJZNPZa1Eb7HGUd/NmfwdfxrHl/k3b/Z8WeTH1/H1/F/+cCUVklJEGIoUULLMWCCgsEukSim1mlj442AgNVYAC6ZxDLNTzxQug2aAskNEjjCbqLjfSLdni/sEDQTAWPnCKRJugSAF6kH2Eb3hZFSl9CFyRsAWlIcOER8OUpqilAbhwZATZ+EyO9EutTqffr7/wgAHoHZxSXQvCERgtMoFiBqzgoL7WAKIE+UGdb5k65/+PcOfsfjgmk64tBYR+QO1PZwn8OD+zfOpnWA5XfgbAoJ3MHvOQoc1uE5+tvD9GhxYifm+lqP0M69AcbsrMG82FpRqXUcOv2eqFUYqB9mVOZzWix8h9nZIqPpIqPpYkmzRUbLzNdue3l5puenZ8qW2X2dOpNSGFIV/6BW3b1KKaTY5lGNOiDWYlXdMsv8"
14:21:34.730 [Forwarding screenshot on session 9ff46c75-f860-4b6c-96bf-d1f3a31859fe to remote] DEBUG org.apache.http.wire - http-outgoing-123 &lt;&lt; "+YO6y6TUGhLwD2rmFX/wM5BHTdPQZrOlPdSX22y28hmsbZYXnlzjmnXv7+/09uaP3W5HWZbTfl9TXTdUFCXt93vqOhdUagVtt1tyrqfDePBpqqtVuB8lm5aBzNpsNlLjjuvgsZKPiTduqsE/e9VdI4Sb//dgFHrDMIRGFiM519MwjEIoejWe/3teFLTd7UTBdzgcA4HY0TCO1AXVYT8MNB4ONB4OdDge6Rh2CdF/AAAgAElEQVQ65/rGFPXdXMVrKgsdgLOIxGWizZLFpawFVOhx+mq83mLST7vlWmUdErxC3t2ReFZJimThbDan56C6u14v0GH2AxpVXOh8udDn7Td9fPyiRZnRy+uUZqHW3ap8pnGX0Fud0NkQZxDAebBPS41LcMR5vzX7A+x/VoUGRAgoxvWaaBPUAUdSDfdY3csi24GkHeyx/AxIPiFxd4Fr4xgIwSiEBYzDg2vI/aMCGsszdPYesd6YsU8YPEObw/t9sEmaCsi/04CgzA+XieGGFnxuE/wLnz+kdGF7Ds29zjgevaqUjIoSnhlTDcXmsJI9nF9qc0dBK5MJAYonGetAZl247ppLwF7bdSwlKUYYz3C+M46Zg7GDFFCuSXxm8snpmDEmk3rh7QTWIhOuE0315cwLxqTDxJKnjDfhHuKau2atyXkSg/u4BmLc+ENstEtCuSDFLmfEQlAOh1V22vyOA7uwplu9F6NyBKwt7ym+172OvVknQF5jAzjz3go+1flH0tCoBPHd5Wfuo2cRTKYkn2RV8FoM1/+zOYOv41/z+CLv/s2OP5v8+Dq+jv/LhzgeQS5vJPeQBiuEnSjc1DiLVB4j+EB2xADCF022BMglgL9zSCEQMMVRUwaUrQUWDN7PEdjAyKsWYQZQLoARQFev176Fc94OqabcOr0neb6WI8z4PB7o2/qQoJpgQBMaqEi9nM6O1TnqGCYqBAGYAPDZuQvnF2CP84fpm6CKM1HqMYE5BifO4bhOjCJPot4OzospY5CChCCPScxr7x0JuU4AvOL8wrheImdH68ipw4YReQGpsMbQUeI1hQq6C86Tw/EAArnTe9F0bCWs+b1R4m9inegR7kdUKd+orwuaTaeUFwUtljm9zj1pN50vabEMTSpmvknFbDb3qjBUsnH6IXRtvVPZyc9RfTwmUjL9v0lbjBRZnNKKijdU04kK7wEpFNfCE5UUnxfq5hV5IWRbWZR0OBxDyuqJ1uvNw7p8zjkh7t7ff4Z/3+nt7Y3GcQxE24mGcaSmbmi1WlNdN6FxRSbjstluyYUOsnXd+FRTSA3l61XVStJd16u1IeYOgTTb77Hb7F5SaqUbbdNQ3/c0jiN1XSeNLlhR51V/OfXDQMM4BKVeQ9vNlnrX0+FwpMPhSM45//9AKsaknSfu3uQ4BMIxL5DA1W628pxYpy5eU0DIYWdY8/tHZHG0JpF0Niq+sI7i5htMzuH9GWVg+HueF/TjxxOVRSm17pS0O4ead568u1yu9Hn7pK539Dyb0uvrjF6nc3qdTaldfaPT3te646ZaluiC/yNhb0h/VOykkUN9T5DJ9yAQZJtapEqMdLrvXGAPtPdgFUNGiRee4dbb78ueBiSfEGNIJqA9763dvSuB8Oi8QpqBzUHb1tn9Va4X7BLapEs3kbROgz3Cd32DrGAva2g25zRoheN0wftxqpgzhCLaqUB6yDxH5KIhYcMzsjJNCcs0BD+1tAh2UedmaErqwPkCXhC1VTtRYicQVlfHzdACZuFa1/xMnZJqPk04EZtsutlyimSf0KWFwG2v943PL3gAcAk2StA0Z+7ayvcLY8ZN2DDDQdaGpvTaZmhwXcZgYU187DGLwt83dtvlMZWshj4xqjOcf8VBiSjqOaPD4GEgHTGYzGThDRSD0jhjgDGAd/EarzNng8emniIQllLzDtbepUujbru6T+laDGR2o5k40s2a52+A+wnY/s/mDL6Of83ji7z7Nzv+bPLj6/g6/i8fp8NLMMBYUDtRxReDPwcgQ2qTJBpdM0AVyCAgRLgejRKE1rnxgDsC/AI6ADwzgGIHpeEOtNE1O72mOjnwjAHgnWsFkwpsLZBkEu42JloMetCxEgWYC4RfG9Xmix0OAK9GpQhklzpCOl5cDN1H3yd2nAW46TNKTbxO58ZHyCcwTjj34Og9cEC1q16qYHoAkC7AOVLP9RB9Z2AroBAJOR4DBaK8dnD8UDmi86mg9ZHTe/9dvSbPszqzdo2iU+DXg6Y1yd+6iCTkNKsBn0mdH7uWE7oclpQt5zRfLCnLS6l19zr3yjuvalvSy/Mzvby8BoVbpqmNDwiVLLdEGSrfsCaYJdFK89lYaVfkpda6C0RfludBaeVJQSRvsvi8McGCqiy8Lqj11usNDcNIeV7QbrcLqjqvpqvrRhsfhCYcm83GkHdvgbzjw3WOus4TfLvdnqrVKpBZJ+kMW1WrkKJZUFmWtN3uqO8HGgbf3KFarWC8tZ5bWVa039dSx+5wOJLre1qv1z4tF0i6um78Z0Yl9HwTjFbTaQ+ezCuKkqrVCojBMdS9q2gX1H1t2wlR51V4JzocT/fE3Rscpzfqh4E2250QdWVR2TUCDSDulJ74u1JTXTlNllNiY9JO6yjed5g1jTVym15tm1uUd+s4Ttctq4pm8zn9eHoi53q6XbnDrG9Uwc0qztyo4najy/lMeVXS95cXep3O6fl1RmXxQv0mqO7YaY/3kkhFZw5UwETOt+5Pqd0HYf+/PtjD7uxkUBzLvtTaezDq4B7/dq9MEiILbJjs30BiXeAe7HPYvZT3YrEFQJQhqWIwhEuD4i3RZg/m+VNjg/h7HASU+mX8ux7+5dRZsO/YzAGDdTKWITMAU2jlM4P+3ZBZjH+YlDnY9GYd31RTIDloyTYSleujps9qQzRbywxLh8S2UnBMGLdzMwGyFDBMdO+xwv3SYtB0AhkZqWCTGxJsA84vEE6GuIUg4KBzzIFaJttQ+ckN465M6EUkno6JDZBiTT8kq/m99qSWKsmw7mBcJ5rHQ7GyrhtRIuI8hDGxa4BJ0Al91DoHtuZdmBcmJo/6vJKWK3Om7wrjYHMOxKb8PgHBrutZy9T48UugBjK8H2ZsIzwL7/2fzRl8Hf+axxd59292/Nnkx9fxdfxfPz6G78QFd0Xez6QDgngHnXWZrDhocWMfWZxI1O3GALdPpW6GUfAJoFFgwakYXAwZ/8+OxY3B/6DA5IbpI11iQSZGDp06NAIMIQJ+biZS7wSflVMQDABsFdAgicfAx6gBuSOw0+/e1UAxJJ6CRi28DN9HMCgKgTT6GeYOSFd0ZKTxQuwgOiA+WdXBYFhqDIHzhk4rKBFs3T4GudF9thCl5esCCEXAee0nAmQxFQYBu6bz2DGJycE74o/H3IxDRPyhcxoIU6ntY66RwhzaMRGCj6/dJXTtf1C7K2g2nVGeFzRfZvQ6WwiBtwyKtOn0lZ6enmg+W4Q0UX+wAinLck+UMBEmJFmkdIuVSoGIi5tM5LmqzIREkcYTgdjjNFk5Zy4/m/pnmDIbNc+QlNxlZokhrmGWFzQMI223OyoKT+BxPbu3tzc6HA603e0CeeSP3W5Px8OR3t/f6XQ6CXHXNi3td3tqmibUwztRWZbSRGK325HrfE27YfA166pqrQRTWdFut6e+76nve6rr2hN5TB4W2vV3u935zrNhfnwarJNaeNvNVv7f9z49tm4aSaXlNNv9vvYdd4MKkLvV1nVD681GOvFy+m7XOWqaluq6CarFmvbhqJvWH3VD+7qhVbUW8hcJsTidFRtLmPTmQOyhCk6UcWVlUmDvibuC8tJey5BxvO6i7+dFGToJ2/v1SkHoqBzu4en5hfI8p1+/ftLlctZad9Bl9v+x965BsmVXfWfmyVtVWZlV+a58nPfJzHrlyby3S4ABISHA9gyBYRgYGJgxfJiPYwfYhrDDEZ6vRBCMHQwxjxhkYYEaCb2tFgjwh8EzQDgmAj2Rh5csMRIRGCS1LNGtpvu2pP982Hs99s6s27f7tlS3554bseJWVWaes88+J/de+7f/ay0D79a4c+cO5vMCzXYLB60WDltttNqHiEa3sJiaQhU6TJbHE7Wg"
14:21:34.731 [Forwarding screenshot on session 9ff46c75-f860-4b6c-96bf-d1f3a31859fe to remote] DEBUG org.apache.http.wire - http-outgoing-123 &lt;&lt; "dcLvve+8HlMduMVQw4V5PIZ4IIznFg+c8ZiSbH+OwSGDOnUelSNVwIo7L3C7tsZDaavzs1IEbinN1MK+1AWGFNx0VT/ytw2DIPnMKnYBlt9PDlDx+87CmjX7PnJ/V7Q5SJEBmYIhCp45Iaf6+jOCZjWbXiTg+WOd1VFqiJjaNpLiSc2ppXcPJEpB5l7yiVYEQnkedI39KUeZpedC149yNjPZn3PnXWcjjsNWPXBHx9L+RCLpTzS01qGspPIjKGjuiyi+NMgsE/lu0fEoOkBHGhCcE1+mjlVIUQXbEEq+v3Unt+Lu70Ag9ygTVSdBY4a9WknojB9yLvERrCmFot6UNc+z8rkpfNdW5jV+uc7Z6Po1DOCsT7jSkDQPnO88h1PPA7mHhdvvFK68KeT+r7MK3lW22yp494jZTYOP+7XF6gJXV1e4urrA2aKNbNHH+e0r87dNhLxoI1/cfDsrezlN3ePVGGnRRr4YY3Vl/rY+7yGdt5HfeDvbZueU5fzBVi4Ydgj1ZJ6Lo+I4irHnhFB4hVZF2d9XUY3z5fEkb3fbOUTBLgBWFPqRi0Mo8M9z9Lbgj72GsCZOyjxgwFimlN/G5vCLlYLBLsxWszq/T+d/2RQByoiO4YKaUjlypV5EaWeNdvTJwdIOYayUDwxTA1kQWnUk3yd1bJ23hfqBC0CQA5a7IdG6bboSKt833bbEczrpXtOiyFlsBlvHF8daAOhGK00IKlqIKrAu4AXoRi8qlIOpF0cSnuuCUa0elecywDozVXcZPNIiUy+AFPDj50Ar/Pxzeo6yudY61lZJcFH00D06QqfTQb8/MKGybakw2+v30e10cHCwj8PDQxti2uPQVz+UUOcW88NTtxR4vT4Xhuja4hKU44z+LiBQFTGwsI2Am7zec/PYKQDXUyDQAXe6em2vtwWOur0exuMJ5vMFX9N4PMZ8Plc57ayKLMsxnc0wC0Ou1np6dobFYonR6MRCMAO3DPw7s5DLFH4YjUbIsgyzWcj58BaLBSvlTDEICcmcTmdIs9SCPBOCS6BrMBgqlVgfs9nMHntmVIRWbTedzhjsUd671MK8+XyOk5MxZlOpTktgr9czlXVnsxCTyQRJkiCOE6RpZi1Fkpq2pWnG6rvF8hTzxZILX5DK0FfX+UVFdj1TOledKCCHCt66cM18bmBNPuNDPrdirfucO7DRV3Cq9w0GQxwdd3Bw0ESappLrzoF3tspsucKm3GCz3mA0OcHBYROto2McHB5i0D0Q1Z2aU9bOd1z+51xSDpCicUSNbxqUaaClgII/fjhj3I6QOa1eKtWYxapr9dlSjW061YD+XOmMXQSKXLimIQIfOxVlWpmo4zNwUpVAGe7UHMX3ihLe680uen8mwMCBk2o+o/A+B1Qp1TvPewqIbHIzn9PczO9T/bsuVH/majOR+5nOH8jGlFYX8saVTZ0xcxXatMFH+eK4r1OZA81mXs17VjQUUm2yG6vs4/lq91T1J8HSwn92lKlnnavROwDKVd+vM+lTfS84RDdT4b2J2kSl54ueUwJ1FqCVtlKwn8aDNo9pY419V/UsrXN1vXmdC37QvK/DgimyweRe1j5PIM/iIlD3pc4AXfwD60spGLcpAmzm4petc/mMfh75XjFkdlWltDHrqkrr7I+vSFnKwFHDyYCPwZDUV5Vm9Lryn9jXFZWfAYXynPp9UMYVvKtst1Xw7hGzmwc092MK4pyPMA4PEZ/OGeYV0SFmcQvZvP0QtLWyl9PSM7nPi7RlAN4FgdwCWdxC+hDc9+XiUCb1tM6FJHTIrHY6yIE2DleNHWiGK4UADQp7JfgkSbrrnjqAHIKa5IFjKCNwkECOcarcHcKVSsJcknPIiwmVT0RBFK5CZ50wBne5ODdr7ax4zukqqmFTNGQRoiGWdfRLBj0S+kqOnL5OCcUU51sv/hioqf4hp6tMVftz93W9eNKQUyCSq+ajPqVjMmDzQJ0s2lxIyPeNHEhvEegseP1FlYJ8Tv9YZ3mV1N3ng/ojrdtiG7SodReVUjAkUEAy4LZvhWQRDNThR+oc0h8BykgtztSinj63UddE3wnOG1TsYzruod1qY9AfotPpWcWd5Lrr9/tot1tWdXdkw2W1kk3UXqZARR+D/gCDHbnFtMLK+UzPhIf6VUclT51RnQ36Q4FwW0o9t1iABnhUOMMvWkFVars+9NPHtZ+J4xh5nmM4pLBOo8LLsgzL5SlDPLEzpGmGqYVlo9EJsiznyrKLxQKnp6dYLBYYDAZYLJcYnZxgOpshzTLJKzedYjqdIo5NRdm8KDALQ65i2uuZvHez6QxpKoq80ehkS+mo+4XCgYuiQGZDa1MbUjubSfGKXs9U0M0t6BuNRhwymyQph9lmWWZCZpUtFktrJlcghcsu7M+L5VJVqBXVmn5eej1V/ITuib2ewUAAJd1DJ1x2oEJm1TEJ8O0GeNuqP34ed8FFD+RJhdsB9vcP0O32cHFxgXVZSq47B96tsCrXuLO5g9PTU7SO22getnDYPkKzdYjZcA/FNMC5n+NKQTNn40MrkrwNBj0O8niojiHH3t4ccZRRPKfI/Kc324wCKXDe745Pak6g8dJ5TX/eBTHOXLJjo0quyf+8N7Ynul/kfBsaK0nB5M8z2hdJ6rikeZ/UWKmABtocpKITDE28QlWbgmCYp3bj+dadv6g97CdRPj6aQ7f62p3TdR9ysQZScxPkpflj7s1Run0MctQmZh4418HgUeVc45BW8ueygGEg+WlUGXadGzhlCnIErCzU8yIpvwiQOaCO2rQjOoJzAhP4ItDG86+5lzrXnwBVe09o868I7AacPXchkSHsBxUS1eH7GxzdQGDMKiUZspKvaZ+XNUE5DYgT7/ptO0zorcA+fo4IVi7oPQIMnU1L64+a+6eeF/puFCqnnc3Xx9ErTjix8lPU9995thnk1hnOUToU7W+Lz+75atpnytXvWQXvKtttFbx7xOymocf9WH4uACebNjGedXG6sTDvbITBuIkwaSFb3APinMXYWMWWY6zoejFtEvXXgx9L7HRtFWUX968oE0XifdoDtvFrbdm8j8Va7nWYtpAUY5zb61nNO4iyh0F9d4TLYk924WliT2rYzBu8c6gnfwqzFYdGdtQpNFWrpSicQQOfddHgCX/lg6vMOk+5WgzZXUc3FEc5KJGE/rBT7OTukyTWOtmw42CrHXQfdJEDY5JLi/PlgEu9s+4dn0JdSu6HgJ0nDqfwnF4+Z7bd1lL1g6m0qyCrchJLWggpJ5cXfR6Y5Z1kglwqZ55Wl/l9RJ8tabEWy896gclt4oWb+/tKtUWHOOvFmnMub0Eli4nAyU1Xqvfxc+y0VRalFEZWxp6Sga8ncBzYMrUOvKfKdNR6Hkwkh/o86+Go3TZVW/sDtC24ax91cWRVd71uFwcHB2g2m+h0Ouh2u5zIX+cU88EYARNdfMBRSHnhkbrYRdcq+/TrA3seASe9LWWUhn58fAeybBer0Coro8qTQhg9FdLb7fYYoI1t9VVzjea14XCIk5MxTk7GGA1HAitthdmimGMwGGI8nmC5XGI+nzPom06nKApTYTaMIuRW4ZZmGebzOfIsR5KmOBmPMZ2FiOPYhK/mSnHXF8XddDpDmqZIU6O0G41GTm5CglUn4zGm0xkGgyGiKGaYR/AujmP0e33khQkb7nS7GAyHNvzW5MSLogjz+RxpmiFOEgXslttFKk53WzGfKwCr74ervOuSOtK2X0JktTJu6IW6KhDHIbPyHl9tt/Vc0rEHw63nhkO4+XcBkEdHxzg4aCJJUpSU6+7SgrvLS1Ogwtp6fRu3NxtMZlPsN5tot49x0Gqh1z1EOjaFKlZ67FMAbEvl5v9dgaC1VRfvAnHy2UDG1x3ziFtdVs2nuftevUhfK1UVKZxLvdD22rB9LWqOpA0SNQ/4yma33f6cGDjjPQMJPqYeSwUacL5czjlGeUUVPPE270hdxeqgXMbelZqz6Ty0YclzpAJmHEWwaGCdqyrxFiBpUEX3fWWh1qZQm53O/ZHNTKlsKhBIFF+Bgl3Xq6zKSEAVgTsntQkdw35GK8V4YyrW/p7nixAAnRNAE/+BU3QkoibbFOo5"
14:21:34.733 [Forwarding screenshot on session 9ff46c75-f860-4b6c-96bf-d1f3a31859fe to remote] DEBUG org.apache.http.wire - http-outgoing-123 &lt;&lt; "UKq9TdHAZVSXwhAastn3M8RSwEnn7iMF5CaX8GYHatq2EvzVudv4+YvVOe29Y2js5O6TPnPCjZUv4D//jj+b1o0/Rc+Meg7WdpOXNnZ17jidOoXAnGlTnd9jNovl+8/fI/KB9VhBG7Mqd5+uqFtyv3ob2OSj6fvAPqH3DNjxaBXWJHef7YubZgaVPZxWwbtHzG4aeLywKdXd2QiD8SHCRcEwahk3cTI7RFJcA+6ug3ae3V8IpmrLPexi2Ub2gse6BgBeXaFcdF8YRlqbX75IeHc+wvQhUavdj+XLI0dlOU8OkeRtpOeivkujh+V62uJc6V1cZ9ddOVa52iktXBi2Ug4fO6kK0pBDXaayq0c75Bo63S7EmVnnHuBK3eOXzmJG8uSRGk/vFFJICzn1WzuEanHggyOGlzk5RrJwkPbLImSzaNi+UU5nXrOJuJUSIZKcPTof3uWsxk48vWb6nxw323/WIdcQUTuTvIvOoR7ikPr9p50tvh+++jKpqx3guoSl2EWqX/GQoW4i93yTBaxK0212ikFQ2/R59T1J5f164cTPn7eo5Qpv3vXy/4l7/c4iRp9fP1MJ7earRXfiHTO1DjZdS17Het7CZNSzaro+jo67OGx3cNjuonXUNRCi10PrsGlUd0fHXDxgd9VOUidRov8eRKHXM9DPVywRACRwR6GyffqMzXc2GHJ1213n3AJy3u8a7u0CeBq08Wd8wGdfG5+MsZgvkGUZptOprW7bdUIpqXrteDxBlmVWqTZCr99HUcy34F2WZoijGHGc4ORkbKvZniBWeebyPMdiYc4bRzHG4zHGE3P8uVW+hWGIwXAoobPDISaTKZIkQZKmDOp03w8GBoqenIwRhhGiKEaSpBbizUw74oTBWmLz5hVzWxCDqs0uTLXZ8WSCYq6KVJyeOvCOin2wnZ1heXrKIb/O/epJVWHJd+cWjOj1+vYapHiKX1BCQ2MdStwjwKzCvf1nht7nPx8EeqkvOwyBzTlMrrs+Li4uUKoKs5dKdWfg3Rp3bt/B2fkpWp1jNA9baLePsddsYjK4hWJSx1lEIEYW5NvzooAGZ7wh4KU3XhLvs6la+GY7xiValKtj0GKfUjsQdHCqxdI4l+gxyZ3Tt0GgujbvGul1M67Vdo6j+j1apcZzE28SBgwP9HxCVSz9zRqtlNaf0wUW1qkOfVT3xVOjCbyh0N1A4F+mjkP3Ts1NnGpB30e9AZZR++qsziL/xZzfqtAYNEqFeK1KczapdoA0fg75mXR9EZ1TbaPaL/na1Mag9QM4VDnxroOuK66xut+pPkyhrKxmDETpF8t8Sb4cz6UUrql8TXl+At70ovOVcV0KrJECT6nhSaWnAW2pAKVWs3GYbkL+q4Qh641bApq6n6gt5D9qH4+eQ/m8fc3xiYwxWM0DTgvDvh35y7n8z/2dSfv93HhULG3jALdARcw0lPJUfF5RuNKztssnkmd/63fyRxU01M/5Oq3gXWW7rYJ3j5jdPPC4t22r7g4xX1kQVYYYnzQxS1rIdijJ5LP3Z+VpF0lxHXS7P3BHbV1k1wCl+4CJl0UHk+g+w4BfLLw7HWI8O0R6Hex8CO2VpL5bLFpYhTWzK+csTlTIqarWxWEe3g4eOxEKvFD+Fz6mA7vq2KTiiEsyYRVym7uwa2VhF6sKrMOxmolTUyrYxcegcNeY2q+cLAY9ardbL3CSmgexAhc06WNZ55UcqXVqc+7pHXQFhijHCztjoTi3PsjifEG06+otStZUEYxDVwMpTOGDJb1LnxkHVldDdRUiqr90mChBQV58yKJS56Ur1cLKT77u5EakRZ5dFOlQLZ3bRx9XqxZcR1OUDW5REO1ku7vDzkJI9Zf0gzjnDhj2kknz67YNtPg3fdTAMh2g3Wqj2+mi0+ub6rJtY+0jA9o6x0c42De57gzsURCk13fgxTbQU/nrPBC2K3zVAJOh+qwtIDFwQxn9MMidpsDOrvNpQLPzOPyZHkajE5OnLowQx4ktXDFAGIaYz+dYLk+R5zmSJMUsDBFFsQFq8wXyLMd4PGE4GIaRrVZ7yv/Tz7OZySs3HI6wWCwxm80wmUyRpqktBrFEkqTI84IVcnEUI01N22azGRekSNMUk8nUgjpzHYMBgbzUXMd4guFwuFXsod8f4GR0wlVvR6MTTKczBmKkCpzPFw68WyyMJWmGk5Mxsjy38I7MVdsRtDs9MwAvTTPn3u4CaYPBcAve9b0QbQ6BttCu2+9x+KsbKuvec+qDaxV4W7DaV+GRUm+I9lEH+1Z1t1mvucKsgXeXEjJbrrFeb7DZrDGNZthrNtFqH6HZauP4uIlkFGAxC3CpQ/r0d3wLxKnxxRuz9dwon7eKJ6VY0fOue86azKtUJdxRadFYLHPWOpU5ylHYKHWfjK3u2OnCOFEq63GyVOej16X9Mj+YVAWBlx/O22DKvf6LJUcYKf39FA9bsEvNw2WqwIYHTZwxP/fbSuGQ3vxI8IwBUE2BIQI/WikfcM4xnS6Bw1IXUgRDw66VUoyz+syDXc5zRGCIQkmTuvgFVJk+1dcqPgP5EJxnj58lgWE6HJT7W0Vc6PvhwC4FWAmGbmw+Ywd2paJC07DLvWcaZol/RapDnet47cAuBSdj6Rvtw+lCJ3ItgU1tUXcrHrP/WePrYh+XYVfNebboOuj7plWvPkgU9aj9Xtl2U5izv5m4zoxfyc86fQdjt72Oz8nQ057HVjA2asWG61tRm/zvNCny1DO3iqStJtS6IX6kbd9NM4PKHk6r4N0jZjcNO+5tO1R3eYT1lajuRtNDxPkucOMp206H6A6b6J80MRgb6yfFNnSzedW2oIwfnrp0jzcuvNfLEEm6rZ7Lz2Ju/7XwLn9p8O4yO966Rt+Gk8NXlPKuWL7S1HdHuMj3nIWJ5GizDgvnBWmwc8kKPFqcJK6D4ixaojrDNoKCXHGUQaF2EDTYkp1x2qWktopTVsPKFuCg3CV6d6D2QnEAACAASURBVJkhjr8oSckJFIePQiqcvC05XX8g7SfA5DhadQlD0OAxqovqLpdrZgeUHNOkzrlSKKSIqwBnfr8GfK9KtXCj3D6bQq6TTO/yi5KkJuBNQzUFJfXn17rvlVpTVAPewla1axXLjrLZJXYTS+u+3hV+SrkQJS+PC844uXSq+ytw2ratwKNrkEWj7k+9QHXCwxJ5Dz+nalG5pXRI61jPjzHoH6PdbqPXM0UqDtvHBtwdm9DETqeDw+YBDg4O0DnuCKyzgEKr2CREVcMWUd7pfHg6nLXf26F04t9dOOJDnX6/r0CNp6Dr7YaD1+XU02GyuohFv28qzY7HE4RRhDCMkCQJsizj3HeDgVGtRfb1MIwwmUwwtKGqBJTGkynm84VVoS23cuTNZiEWiyX6/T7iOMF8vuAQ1jTNUOQFFgsDzPK8QJIkGJ0YyBbHRrVn4OKEw2YNVDR/GwyGXJF3MBjyceMkYdC3C5idnJxgFoboWsCVZblR3S0WnJdvviB4Z9R2eVGwkm9JYbMqF6BW3YmdI05SVgaSis4vFtHz/6agGYXQUniso8IbqDx3fDzTHzvB3zXgzod4+tmiduwfNHF83MH52RnWZSlFKkh1Vwq8u337Ds7Pz3DUPcbegYF3+80mxn2rugvdRPMaNjiAS28KkNKFxwh3ziFVkTOuqHFZK6e3Q1Fps0R9juZoLrbkjdVqg8cZl1N3zvCvxb9GtwiSLdS0pUTcBi8856S7+02Po7zJp8LxNGDjIgKJHFNvkvFxr1EO8bzAIcB18RNYOSTzn27P1hyv5h36mQp+kX+yyVSKEQJTia/6U/1TSNEwE54qm2/OtfDcpp8XC2S2YErAMIVzxHGkgYDHdSZFvDSE8wGpfvYMuKF8gYHMmz4UjcnHUr4Cn1f7aQSza24fxzVOpSJ+Dz0zCnDac3Nu3FiOTXDRQMqaXH8aOKBxrZ8f7S8qH6t0oJ8cnyDzOqtLTmGCm8on3RQBh8uSX8j+Sy4hx5LvT67d5FquiwKSvgM8Dkj7N3QOBXXd75PcTy4Ukm8rT8mPXFkfn/1bNe5xn6RGxcmA1z4/N80MKns4rYJ3j5jdNOi4J7S5H9XdtYUqxri07xsN"
14:21:34.734 [Forwarding screenshot on session 9ff46c75-f860-4b6c-96bf-d1f3a31859fe to remote] DEBUG org.apache.http.wire - http-outgoing-123 &lt;&lt; "LWALDxGmLcRZG3HWRpS1MM0iB/Kt5h1EacvLCWePpSBZb2TaQ8eL0hYmhQsDzzIDmTRYzE8J3hWYDproj7bh30uGd3kHJ1P3Grcsb7+ict6R7VTfLWKU+r49JOq7YtlWoT7KWdbyd3aSxOnc2vHOxNEpU3FuNOQQJ7GuVEv+YiUQ51A5TwaQSLU6CXVVDocCgbR77ywsFDwiR5KADp3PyZGn8+mkdVEn0u5qIp+nJNL6dcq5Qm3eKNUi7yiTo+wsqEThQInIyZniysB0fronqn2c787+Te+elmmNw6x0SA69b6MWfs690230Fkhu/rg6q+fIYaVqZvpanUqzfp+SGkI/Z/o+6FAfpeagBTS1g1V/iTq+Cj8S+Bm416ocVBdqBk5/luqaddVEvUA0z+EtFPEArVYb3U4PnU4PbaW6O+720B8M0G63sb+/h1arxbnfej2Vr67vJvJ3QAarvSQPm65CSyGOBO/8/HYamuzKY0dhqVshjVQ5tts1hSg6CuKpnGQa7tHPAwUVKf/daHSC2WyGKIowHo9xMh4jSVJMplMsFkuEYSgKw553DQSfBkOEUWSUc2mqIJZrYRRhsVxiOBphFoaYhSGyLEMURVZNl2E8nrDSLctyhFGEJEk551wYhojs32azEOPxxFatTZDluQV1ExPCa9s6HA4xnRpFXpJoxR7lK+xz2CyB0tHoBKORCQMeDIYcakvwbmktDCMMB6bAxenpmYTNKmB3enZmqvaenaGYzzGdzlRxiW3FJIfBes+KC9B2hMtqmMtQ2cLM4dApdiLPE1VENtWI9b3l592Dd8edDvb29hGGITZl6ajuXCtRlms8dvsO4jTBfrOJg2YLzVYbrfYBolGAxbSOizhQY4X+X0GdHa/r+UzPhw5k0BDOOab3mhq79Rykc8Dq8YfHOR6X9VgUOOfbVXTCGcsS97Vd4Y00njvhn3TsrfFR+pPnJNV/UsDBPRaNn67voc6v/ABn84XeW8g59ZyuNwHJ16FNJlZCsXLJm9voc3OlVOONrUBSiiilGueKUxEL3C8EtFTbqWpuSbBEqecItlE7DeSitmlYavwlZ/7N5LrMBmyNC2wx5GJw6c1/+tlJ5NoEnpGPoqBaUlc+WwCdZkJ/X7YUlvRspIHJa6xAJYO8RACdzN8u0NvkolLTG74MtBL7jNj7tSka2MzrfF994FqSnxfXvX5yxwv2P/O6LW4RGKjHUNbrW8eXtOCX4LT1lUWZp2BkUneiTniDnP0uF0q7Y5frH+qiGewTKpDOvrYFe/R5UpM6mwMqrclNM4PKHk6r4N0jZjcPOq4zpbqzoO7+VXdHKJZjXK7GOJkeMtDyoVW+PEI6byM+Vaq5U5MTToMzR3W3CnEyamISWjC3UMcq2sgulIrubLQV0psvjxBnbZzMDjGaHmKWGNCWnL088O6+P/cKs13quzhvo7iU+xI9RNe+WLQcqOXsLhcC3fzqraLMkole8tnsACCZOAzkeLDKjpy3uOYomUhRp2HI1rl06JA6tiwCLKxRVWLF4TWqQg7ZUQ50mYpjt84oWbRasGkH1uu7VSTODjuA9nO84PDAklaHGYfIdQadHEk6J0sqlXj5mhPV396ChR1gvoeuQsIJrdLwz1PvaZWmE4LlKAbca1hv3Tt9n+S8XDmYnHJ1/1e2LyQnonVuC+XUJt7xErlXosb0F+F6kSaONuUyktfoXtQEAtLiSj8f5HgXHQy6xzg6Oka3S0UqOjg86qB91OGQ1eZBEwcHBzg+Pma4RrnCtqCahnf9gQNCdJ66wUBUVZTfjGCfH3rrAxtXpWcB3kCrpAwwNPnnegxgOlxRdhveOGG/CkL2utKek5MxxuMJimKOOE6QphmHWWaZyUMXhiFGw5EDM0cjo1grigLz+QLjiQFvpjLtdnVao5QzirWZLUqRZblV4RmolecF8ixn9VuaZiYnXmFy4hkIlyDPc5OXzobQzmYzTG0YbmxBnlbkUd8MhyPMZqGBbsMR920cJ8591QpHKdLQR5ZlXKCCct4VxRyj0QmGwxHC0EDM5Zbq7gzz+Zxhr8C5bUUm2w6VoJvnTlWQ9drtPlui4uwPBh7Y3Q6l5gq4Xn5EOudB8xBHx8c4OzvFZk0VZi9VhdkVVmWJ1arEZnMbq9UluoM+9g4O0God4eCwhXF/D9m4jtNIFTZQmwLOgpfNh2J19d2XccBV1tUduOVvhK31+JPW1NjqQjg3tYAay+yGBm/QqLHbBXruWLcF8RRU2NXO0jm3Hjt3tJE2ZHgzpSbgS58v8+YNBZwY+CV1UU7NA/67ACICcjSfuu0ntZP2E9Z6DsxlHGe1ndrsIuU3h3L6/tI8YAWc9kMMwJHrW8W1rdx9Ws3O4ah0DOqnXPwKASZ1rmbuquXVvJtJvjbHX9F9Q9eQC/BzVWBynSs1x64SKiCh53QPmtn744A58ilTAbjUV7SRuimkrygSQ6Cxdx/1c5cpH4WVd3Ivy8Tb5ExVSgxSWtr26NyFjv9Jm6zqOSv5OayxitOFnHXxGfT3MzdFyNhvLOj7oaI91GanBtGUN6/0+sScp+7mJFZ+4SqU9xpVoMBbneNa+6+sfJzRd1jgtAmTrqNUOQpvmhlU9nBaBe8eMbtpyHEtrFH56gjU3b/qzlhatFmFdi+lWXo2d+Bc6OSEc3PdLaKDa6FhvjxCcqrz7OVIduSXyxZtJLkxBnsvFcI9IvCuWO5W38XziNV3p9m9YO7X3s7zW2pyDxx4UvJkroop2B3h0joBJOkXR8t1qHWlso1WD9DubC7OJYUCbWh3OfcWDgTTYuWU+AsN5Vya3d9AHN/c/Qyd2wl3oFBfFa4j4RzKAXOcMuXwK+eTQ1GojWpxoBdJDmiyThslV9Zt1CqCMpWQXr1DTP2gHXwJiZWE2a4iTZSH661jBLKI9BaeTiiYaoPzN3ZSXXVfqfq4TOumyIPqY0eZkKgdaLVopdfoOBTuTbmHdNgbL9ZiWSDppNa8mFE71VoZUWbe4l5BUe4TdQ/X2R6KeIijVgvdbg/HKly2ddSxVV57aLda2N/fR9sWs3DDVQdcbVZDOv2/DnckGwyGO6HcYDCQMNWBC/l2Wd8DNA5UshVKOwq8cM47bluP28gASufFUz93ez1Wo52cnCCKIsRxzK91e32rhkuN2mxhYNViYZRnFFZK7ZWQWVd1t1yeIssyZFmO0YnJMUeqO6PwixDFsQGGNtQ1zTLEsSlEEccJiqJAkqTIskyBuwx5niOKTW68OE4wC0MMhyMH9CVJgrFS3E2nM8xsCHC311cFK/ziH9KPvV7ftHerUMUS88WCw4y73R7Gk4nJDZjnSLMM0zDcUtkRVJNqsfLsdNW9dp6pfh/dfh+9wcB5D8FZDd04TFY9U1y92PaDFLZwwW/XhtrqZ6o/GKLT7WL/oInZLMSaKsxaYHfphcyW5Qa3b99GmqXYP2xiv3mIw1YbzcMDRKOGVd3VnXD+0jMeO9VcyZBOARAeOxWUo7FuK6zVV54ruEThaJRDzpm36Nz8sxqbHTW0OyfIBo0ClFqNpxTEW59P3XFObyzpa9fH8uHQJldK7jyQPKcqbFHgUM3CIZV2IfX+Z1+j7rXTbsLZcV/mCXNcClVcJWoTMVaqbt6IqklhC8+cfLdqQ9DfLCo1HErE1yH/yVG4J9I/JZ/DFgvJAuWT1AVI0XzjwaGS5ynKG0y+Fm0UBpLXmKEuqbZsH6lzSpEGOa4u2iKAdhsOkT9H/pLAIdfXXGeBgUPW71wrNd+moAIWAT87+rksvWdwC5Kzys62ga6JvmekDszVc5uqz6Z161tKVVcNeqktq1gBTfo7VSBOpf9XcZ1zAoqKU40pqa/ylO+HzpfI7aDzaZWn8qFkE1W1g2BerPw/6i97DRzFQCHCqn/XmbmGTWGVkmpcuGlmUNnDaRW8e8TspgHHdbYsfVB3wqGrL6y6M5YvjpAtjl4wRDTThS1Oh171Wh0ye4F02txS5jnHWkghhaurc+RhE3H2VYRwjxC8u059l1/KsxK/AND9Whsls2UlXSY7erxLTI6S2vUTub7k+FgpYLXO/M8HNkw1UE6sLGbIUaBdwJKOzyBMdqhl8aCc"
14:21:34.735 [Forwarding screenshot on session 9ff46c75-f860-4b6c-96bf-d1f3a31859fe to remote] DEBUG org.apache.http.wire - http-outgoing-123 &lt;&lt; "Cf1aapR1ekebdkV1VTW/yluZyt/YoY7rnOODft9Qvhrr+JvPK+cylV39jQ5/yKQ92jkt/ap7dB0UHkz9qXLmELxbxYH6O4UiuYBQX+NWOBVdu16YKIfYCS9N5di8aN3hwJdJHSt6v75PZP6Cz3sW3EWSakOyfU3c1wpAu0BOH1sWlNrKVM7Fz5q/IMiln/XntINMi+PVfIBBr4vO8TG6vT6OOFy2i/ZxF4PBAL1uBwf7+2g2m07BCR+q6cqeuoCAhnpbFT91rjmlqiI4SHn0+O+DIX/OD6ftD4aOSksDuQ7n49suPuCqsER5p41ft+cNZyaEdTabuaBIHaPXM2q78ckYJyfjrbb1ej2b827pQDsqWEHwbjqdIQxDZFmONM2QphlXtjXVYCMU8znGkymSNMMsNEq5+Xxuq9IWyPMcWZYhzYwyL8sMxEvTDFmeI88LxHGCMIxwcjLmQhZ5XiCMIqu06yOMLLxLEqdCq3/fKZfeeDw2ue80vLMFKor5fAvC9tTnHVDWl1BqDWm3FXRuKLWp/Nvj4hTXFUehYx5ToYmBhnUDdPsCJOkzg756j38NvT4GwyEOWy2020dYLpdYr0tcXl54FWYvGd5t1hus1yUGoyFuHRyg2WqjeXiIfueWUd2FKpeWM07ZcVYBMid8zPvOO+O7VVxtAzEZmxjUpDX4oExDjTKtOWO2v5miiwXJ2CoVYt3xVqUySJVKis5JwClRqS6yunt+uhYed2vu8fW8oGCjA4Nojsrc63VCcXMq/lTf/gzNBaQUigmSNBRAC3gzSBeoIkClVU1b953nUHeDTLeXCkfwPbVKbAI4ekOQ+kuKHZg+5tBD1b8c/mg3o9xcr157MzmHk++VIChDS9XHCnaa/tA5cAMHNuq8fxSloDfhKMcfwTHemKV+USlYeO5U6kXyj5wCabaPyZfkjVft2zE0c/uG2sDgy76P/E4Cgb6KkaJMyF/R8E1Xsl1RXmIberwpRMknKUZ2baqq+0a+bqrCdHW/6WgGesZI5U+qVQ9m69BXVm+myvel8UrDev190z4T5XukVDKJ6odU/HwuCkdF5dRzedPMoLKH0yp494jZTcONnaaKOhCoy6g4wX2q7l6M3RPe6QITK3Pu7Zx4Yvmyj9ONKPWWSRPhPd7PVsG7+7tXL6C+O3vI1HfzRUtAiXU4ZKdwG3JQuMBm0WDZPysHCI4kdc6rQo5qmUmuGSekNFFOsYJD2oEsUwGEsmtb5x1oCjswu7w1cSY1GGLnX+2Y57QAqKn3kBNbcxdGaqebdi43cws6LRjSigBSz20ycawcpUFWNyELNikxO55WycjJkAvPAaMFnHWo6PwMnnRYklp0lOwwqvbwfas5zuXGCxlzdmUTdXwKWZo3sFY5e3QYj1kc0I56XXZ0E7uTnDccp52dbscZVtdOCka9S04LzKTuPKOk0uM8euo4W0BP51RUz1a5qy9T1c9JIIuStI4y20caDXF0dIR+b4DjTo8rzLaOTY64fr+PdquFg/198z6vyqsDLZTKjsGLUjZdl6vOQDlXMbeV/N8DhHwcC8H6Cu5QGzg0tt9X0Gb7eFv51NT7u53uzs/1rjvvdYUvtq7BwMTpdGaB1tKBdxQ2m6UZwjCyAC9CnCS2SMWcw3bDKDJALs8xnkwwC0NMp1NkWW6VdKaYhSmsYVR3WZYhTVObwy90inBQNdksyxEnKRfBmM1mCKOIw4Y1dO0Q1GUbMMjMshwLhnYqz93pGabT2c5nQj9DfYZ3Awz6Q/T7QwPXBgLxdj1TXftc9QcCmbsqT50oME17OwrcsTpvMNh6nv2QbwbDfXk+jequh1t7+xiPJyhVrrtLXahC5bu7c/sO5vMCzVYLeweHaB620Wo1MRsEmE/qOOfNIq2Eo98DHrPd1zWUU6CLQlGT7eNdp1jm1+iYamx1QmR9iKg3IFIZq7ZUwHr8ZvWMCxOcvJ2ZHEMr7ZxNE9VWAoGOglwrmgkUKdhFcE1vnuk2sI+QUAilPTYBLA1zEjl2STDIgzxG5RZwSKKGaqbyZuClx6jLBlriPxOywWUAm1X4k++QUtJ/msdqPF+Vad1RR+l5TaAb5azT807d9dEymnfd9+nqtWveOA1Yfaf7ZJ0GuAxrLrghCJgrvyUVX8lvD/ezH8pMvpKCtWVGefvU9WqYF9dM6CX5T6HdAEzcar06pLS0fiZtpHJYbUqFFOx9ovMqwCmfl+eBN1VJWUiftddFijcnLFaBN/3zKhKfZDM36rSS+y4QGKbyOtP9vZzVpG/sd5LhYBq48C+Ve0wbyWsutKZAtfN9l++p9k1L8nn1d0SlkKHvpm6rFJoTv/ymmUFlD6dV8O4Rs5uGG7vs9B6qu1XRuS/V3YsxVvldXWERm3x2VLlUh+9erUJMJzbX2j2Ot1jJ8S6LjgGNXwN4t9M2EfJXYIGK6yxfHgnIvSqQ2tyDxUOsvjvP9szkbHclJX9MncM//WpzJQGjRAGpqK4UXOIol2oRwhBOhbfwbmMe8I6ms9udyWJgk9dZkVam+j0q2bQCf+xkspPrVZaz10FKNn1d9LP5u8A9BwQmdVGpeTvEEobpAi0nLFU5S5wzjfrOhvw68K6ou2q2LODCG1x5jR1Z6Rt9D0peYAjwKp1r31500u/OdeXu+7hPabGnF2uphY1qUbDVT1ndSVZNfceKF+X0c9tsgZK17le7UHPyBimwqnPllHRvEnl2fXWgs1DW16bUk3TPLooBup2OSbzfH1jVnVSY7fcH6HSOcbB/gFbzEN1OZ7dyre/CF1IydXsmtxxDLQ3idEGKASmt3LBbbRridbaAHoGdAReZ6KiCAr1+nyFfr7cbJGrIRuBGoJ0L73RYaF9dj6M88yCk/n0ynWE0OuF+OzkZIy+KLQXexObEM+q6GGmaIUlSFPM5ZrMZsjy3+ehCJGmK8XiC8cSo8YqiMKq5MEJ/MMB0OkVkIR8VuQjDEJPJFHlu8uBNZzPMZiHn1RuNTnBigZ5R7xXIshyT6ZRVkAObB4/CVXXeO79AR5rlyPIcURRjPDZFMibT2c6Qav2sUBEJ8/sAvd4A3f6AVZh0D4eDIXzVpTmWFB/p9vqsout2uzYkVtShg8FQAHF/sHVPu7sqIlN+PKUY7A+GaB62cdA8xHw+x2a9dlV3ly64W683WK/XGI5HuLV/gIPDFvYODtDvHiAd1XE6U+GymYyPLvCiMU3DN2+s88Y7AX/u2MhjPo3D3niznZ6A5gylpMvUeKdBmtqQWKvzM1zj8ay21X49zvuhcaW6fj6PBlqJXIse051NHv6Mgn40T1G+WwVB9aYhq/1TBavU+UUZJveSQJyEUxq/wlGG2TlmFdZ5ni31pmKq3stjvMx7lPN0Fded+yJtk99Z0URzTVSTtsY1rLMGQ0YquLVSuYEFeNp+y+q86UTtXBH4s7nTqG/l2vQ9DaRvyW9i/0Bft7oee3y9Aal9GlJ5UVoQrTzkfIG2/VrVxcoy+3xI9VSB15tcQBLdi5UqiqGB7a5nk2FfXONIEf18EUjbLOTvOiTWqQBsYRz5YLQR7YTQqjBUF5wRGJRzy4av9Msmq+MytL6d9lu0P5TJe+leaNCtv6d+7kJf6ek+s2o8S2Rjm+8JjVfaR7a+nYlQqXLeVbbbKnj3iNlNg40tu5fq7qpAOGpi+nKqy7Sy7ipHOGo6sG2u4djpEKOpDqndbYvShXf3CrNl+2rBu/8fQrxsLqHJVB1Y5xp82NR3xfLIk+5LuKd2llcRqdEC6F1o2YEUCCeFBZTjmIsjVO6AN5xLJq07u7DkNFFo6iarq9cE4kk4jNodJadYtYWcL26TOo+/S0lmnGK74KAcMnbHWLejVNfLoR+0i5vUsU5Vkuek7jiGWv0olWfFKaY28Q5oqtsfQIPLrQUp7agzUHTDeMRhU4vJXN8r1/lzQsVSswCjcGg6joSjCPhcaydXP3NqgUvPxjpTjmaq2yewk/MwJp5yJhEHVUKe5D1O1V99Tv5M3QuhcfufKgI7z2hxiGg6sDnsTIXZVruDVvsYbVbd9XB42MTB/gGOj47R63UFfnkQzwl57ElhCPq5u+PnjqeC0u/3i1kQhGFFnAfE"
14:21:34.736 [Forwarding screenshot on session 9ff46c75-f860-4b6c-96bf-d1f3a31859fe to remote] DEBUG org.apache.http.wire - http-outgoing-123 &lt;&lt; "fHPBWY8LWpCqzlfD+aGxWl0nCjsBg1y1tNdHtyuhntcWU+j1MRgMUMznmM8XiKLI5LMbnXBbi2KO5XKJxWKJ2cxUrU3TFCcnoo4Lw4iBXhhFmM5mNl+dAW/TqakkSxVlp9MZJtMp4jhGHMeIopiPYXLkxZjOQoxGJ0iSFGmaYTKZYjqdmvx4RWFz5yWYzUJ+z4kNBZ7NQrbhcLQVNkzPig/AfKBJfzcFKlROxa5SRSpAyr93CdDuAG70HFo43b3Xub12SOjvdi48flYt+ONj9SSUvNvtYW9vH8PhCOVqhXJ1idXlpYV3Vn23Ktnu3L6N+XKOZruFW/sHaB620Dw8wHTYQDGp4zwy6h5n3FdzoIx1dRmPU3dM2lKa+QBMgR0BaPZnPX95//ubFLpQkAZjevHvKP70BgwvyoOtsdXdpNAgcPta11573RDemjoejfta0R7wPM79XbhjOvsCiQA8VvQwGFGbhQpmMcjJVb/4qm2l2JJ+c62kOdXLH8ZpE+j47BeJTyD5+XzopeZn9RyVqVIKxjSP0pxT43l/FdexnhuFlo4o0BtaK5XuQSxw/B7OM6fgmjtf2/6kcFnbdo6ucPpOgLBTNCNzCyms4pr7PFn/URdvoPtkQo6Vf0N+oafEL61/5+SM4++gUpPlriqz9K57Fda5/5yqw2mdKwivY7kG/Z3RxRv0s+rn53N8Eh5rxH/m70Ra5z6g/pfnMPCeubqCgHrz2i38poG/VlzSe/3KyptCoKlfhVkqIMv4xZ/j/Hzm7zfNDCp7OK2Cd4+Y3TTU8O1eqrvLooPhuIkoe/nAzKlW3UUHGE4OTYELeo8H79x8eLvNgXf3C+K+2vDOws8iuw8V4ENuW+q7qIUk72G5lmfnYVPfLZYt66jVRc3EMEmcBt8JcHIAqd3gDYVH6nBccn4TcUxcBy9gp75MA5T5tuO0ihSoIScll91Vdk55MaCcUrVwKfXCxtlJViouZ6EjizoCm5wbxAv15Tx3eSA7+1kdZezCHjeMkz5nw2ysQ8i7xPZvfD4FpKjfdTU27SCvIn/xFiiQFbATXKZybF+hQD+XaZ130GURsN237FgWdcdhdgFpTd0rW5mP+3qH45vK+flv+nh6kUyFLnJ1vfy/nHOdyYJBH5Pvj1rAOZWAVX9QH5zPT9A5PsZxp4Nur28qzNo8d0cdA+mOj4+M6q7VQq8r4E5glFUpdboc0uir2hxYo373IR7BGF0coq8+O1DquD5BGoYoOyrReucWSOOCP630ItDjwicN7+RvFPaqr+u6MGKyMDKKOFOwoo/xeMzFK3o9UxQijmMHOhKoo6qvBOhIiTcLQ4Z7RWGqs04mU8xCU502SVKbyy7k0Fnztxjj8Rj9wQCT6ZRz20VRbFR7BVWnNTnzptMpTsYntlLuHIUN26W8eia3Xu4UIZEiH6pIRF+qCu8GrgJb3b50AWlfVaGlMNtOt6dUdVKpmGGvgsD0TPEz0VeKvJ7kvGNToI7Pb0EjtZue4eHoBK1WGwcHByiKwqjuLs65WIUUqjDgbl2usbm9wXg6wa2DAxw0WzhoHqLfaSIe1bEM67hMAknun7pjJ3/HMxmLHCWVHksZuGyr12Qs1IveQBTIdD41zq30E8cdBgAAIABJREFUmOqDvR3gSc/HMn6puSZ1r0u3i8+RuuOfft0dg3ePlU7baFFvN+vWug8S5UPoDRX9OVtp3q2mGWy3gY4V13G7CJz+1SG/NFazcigPsF5IDjw9F5K6TCrTe+q63N6fvL6zkquTEoRCUgkuEXRRqTB4o4juDfcDtVfmNKqszlCHAGhed54JqjrspxxZRebaeFONXtfztAqJ5c1PVVxC/CQd6aDnXat8nIuPxNEUHKYpocSbglRs8vnSwjNKXUG+HYNUXT1YAznnmXZBpoaB/PnchZ46JNv3a8x59AaoAt+U59D5Pqi25YHkzqSwV/ara1yEbaU2giksW8KKpe8Z8ilgZvpO/GgHtkc1LiTCz39GYcyBRELYyBft3+lcdxoi6jB06kvqt5tmBpU9nFbBu0fMbhpqOKZUcJcUHrucM6SZjZqYRC0OaX1goLJS4GsV4mS0oxiFB+/GO6rHbtnFSwBxLxHeZYs2wqSF0fQQg3HTsX5SbAO889ELVt99JVjqq++yllPMoohtOO1D0Fay83xPQBg51LFyWig3GzludsJfRbrQhHKAVNiiVDqzx1HOFYdDOAmOZSeVVHybgs5dcxcstHOaqXx4yvnfzMnpcvOEUNtoR7xMxWnZLLTjqkANLRwogTNdC+92Bo4jZ2CjujaljttSmeWu4613zdfaQXUWZ2qnO1WOOakZdi32vHtD5lTGs5BQAKl1zMl504vATAp4sAOo1HZ6kVCygy0QuEzrEnalFBjOApSdzMBVvGlgqWFaWufqaqySU9e/FapMi3RnQaKc8FQ77tI3vFgsjjAbD3HUPka/b3LdtY87aB91cHRM8KqLVrOJ5kHTqu56rFrTCf512KmGdG5YrVvQwKnu2e0xUGN1U88orig80S9MYUCeQJl+byDwT8G2XrdnjrMjjHVLaaeVgQraUOisG7rZ34JLuhiFKLd01dsB4jhBlpnQV30crepzwGOvxyGw8/kCWSaKuzQ1VWQjq6hLkgRxnGA6nWIwHGI8mSBJUgv1ClucIkUUxwhDE2o7Go0QJwnixBSqyLIcRTHnyrR5bkBdOAutwm+IJElQzOc2756xxWKBxcJUlM2yHL2eKijhKTJHwxOMTsbo9QX+9lUf9TxAyn9jcLcNXiknntPfupqsfb6cYhJ9Nzy2o96zC/Rx7jsFIDVw7FO47HCIXn+Avb19DAYDrFaXrurOArxSqe42m9s4PTtFu3OEvYMmDg5b2D9sYjLYRz62qjs9Bm/BtkByVKXKtIJOgRa96OZQW70BocYcV+FsgVGq/k4L8R3wTM8ZMh/RzzVn3Fr71+XBRAcQUpjn1rE9CJbp96mfU5mPGFjx+CoKMH2Nft4wM08Hzs9O0n5nfgpEaafn00T1twJ+OneZAD7zWYJNoviqM0QjNZIGhc78rVJ16LmO75Wq8EngyQmBTv25xtu0smBno1SKpYLIus9L3bfO57UvJ9fPsI771kY1ZHIOOj75e1yEjPyLVHITrjPJgWx8Mcnf50Aou0FJOeQIrhnwZ597q8IrVbEJ2QBW109+C3+PA/FV4hq3vbT+gFNETftRDFDdY2u/giE9+TneM0b54gT8Kn+2UPdY3TN+thYBp+GgvIn8DER1Du/VzyOpKRmMEnCzyj0Km6b8zfSMcA7DpM4FN7aqOhMIVsXlHH9IpWhx/Ni8CputbLdV8O4Rs5sGGtpEBUfhsV2cbSTX3cupunNy2V0VmA2bRlXnh1u+BHj3tVTe5csjpPM24ryNOHMtylqYRl3kpQZ4pkrrCwLIh9yuU985xSyS+ygU8jW2MgmwskmTaaeZJ3LK/8Y7hXbijsSxNYl6rZOQSCUqB8SQg6icfv0aOUmipnMXHDpsl3afRUGhVWaeI1a4Doizq+1bbhZVrpOsflb5AEsL+zRMJAfUqRCrcpJs/Lbo8EwPmPk74qW3EJN+UP2inDD6nSu7qcWBDtlYW4jmtCmpc15CBpms6qM+CtjRW3OYRU2qyDl9LA64U7xEKxF81WMWONdD4cJ6Ybm18OZrdBekOpRZJ2wmh3ylFju+moarCGq1ZVrHOmtgmZ3guH1kwj17Axwdd3F0rFR3/T7a7Tb29/fRbrWdyq4EmAaUh45yhlmwNRgMJdyx64cZEhjxw0mH9j2muu2gP3SVUz2t1Os57eh5x6Pj7M7Nt1uNp9WAAt3oPB68I9C3BSilqIFfhZXAUxhFSJIEy9MlpjZvnIah1Fd03OFwaICbVcRREYl5MTfhrdMpTsZjRHGM8WSCODaquulsZtR5tnpsnucIwwiz2cyEvI5PMBwOkWUZ4iQx4bF5wUq7opgjt8AwLwr0+wOrCOwjSRLMLbwzVWStLZZYLE8RxbFbbXgwQJJmmC8WnO8uimNMpjMH7nGeQfosgze3gq1WZXIlWQ2JVci1C5RdhaQPS/ne9/roUiGMbp/vtdtWnS9RVzseYDAcWdVd"
14:21:34.738 [Forwarding screenshot on session 9ff46c75-f860-4b6c-96bf-d1f3a31859fe to remote] DEBUG org.apache.http.wire - http-outgoing-123 &lt;&lt; "E3mWYUMVZlXILOW5M7nu1tjcXmMaTnHrYA8HzRb2D1voHDcRnzSwmNZxyQvOwE2274XHMqjxxhYXALiwSMMvZwzSn98Cb3J++oyrlK4ztJKCQrWt+dHJW5Vt/+y02ZtTZf5Um1m6jcmOa0ukfbwpQ4v9rXMJyOI+c/wLgnWk6nH7y4SJyvx4XSX4MqwJWFObL34IJQESvsZY5khqn97QomM5eVtTmvukfzXg4tQUjg9BcEttBFGaDw0FM69v9D0gAGPDLClaQj9LBPq0X+PcL3V9a53zN7O+hE2FwRVabTgvz71aAUf9n6v+JZ9FbwhT+3IK0XTnYVH6B9jMLcCL6zAKNXczT/eFUWsKCKfNNvIPyc90KsvqXHDUV6n9n2Cjvm+q/3RYsfglCuJrH0pt3PI16udChWCvkhpvVjswzYdqufpe0HfV9qfvw9B3h3x0CnN13qfHHrVhra+H09ro50aBVWrnTTODyh5Oq+DdI2Y3DTO0ZacxVw1dJk2Eic5lViC5j3xz9wV+HHB3gXTSxHByuLuK7EMO714QcM3biNITnF5Jm1bzzlYFXEeFeJ09VHnz+gx2r05HRqWp8t4t45c5N+LLZPNlSyWmDUzuuVQUZHoxU1qngKFGJo5sSQ61A28CdsgpkfAmt8dO/WNL0QwdbsthlXRc2gEleJXUzQ5r7rVTAUTakdVgTpzCOsMoATjW0aM8gOz4BKII5F3NGu/+ruLdKkGdx4QViZksJqg4CO8ca+dQ55PRufdSk8TZv1a/qp0spmrKiQyce1Rax57uIZ+XwlDV4pNCnHSVW8k/JwVKZIdbKVf0wsmDZf7rfL5MOd3KwV5zn9W31A96YapzR1Fid4LQ3Dex31fWOJwq4MVJmdRRzjuYDPs4PhLVXeuog9aRKVJhYFIXzWYTzWYTx8cdyePVUxBvR2jqYDBEj+GZhS8dCzrs5w2gGzrgqksKOUfF5hWr6G8r6Dhs0oN8PVbh9bfADUM7DyC6lUf7fCwpvKGuSf2885h930z7DDgbY7FYYLlcIo5j7gvfxuMJsizjvHJhGHH/DIcjhFHMoatpmmI8HmM6nZliFFaRNzoxeeyiKEacxPz6eDxGnue2gEXOSjsdEpvnuVHdhRF6vT6rBSfTqc2DNzfAzirulsslkjTl0FIKY51YiEjXOR5PsFgukRdzDIcjub89XYV3OzfdYDB0C0MQRCOFpepnCmk1irrtMGZdQbY/sMo/nZeRnr+eArlKKejCY1LiDTEYmiq1e3v76A8GFthdMrzzwd1qVeL27Q0uLs5x3O2gsWfhXfMQ48E+8nGAs8iOqax8ckGMVkY5uak8la4o8dTmAo9nCqT4Y9oWsHPHOFOd29/A0G1S5028tmbb53SOzfOvBxm8n8t0+3zO3GJ/3ui53YGIdo7yYIVRykk1d5qzNOwTv0H5HNT+2G76kFpRwR7KAcf5XecNgVu5antSdzYGtb/D4IgqbSaBfF69XqZ1Ew6qYCIXmFChjfT/JveqpmYUOqquzwNT+rg6ikBUjO7cLmAocPMJJtRm8dOkP2uSM1BbavP4aUVipub1QvweVo+p7wFDT3qudD42BXj1MRi6ZXVVzMXdrGW/hJSATi5g8lfUfK3Op0Eu+whx3Z3/NfQiOMr9onw424/k71HFXRe0mU3wMqsbyGz7iNRyWpHIykaCfZ4isYzofFqRaM9B95y/+3Jtrq+u7o2CivRcOWpDDz5v+f2ZC6b183fTzKCyh9MqePeI2U3DDAc2LY6kaujK5C1LCj888sGUdy64u8IiamIwPsQsaSFb7AA9DwjvlvGOUNxd9lWAdzv71cIuv03z+8mdV4aIotZDodqT+3iBbNrEODzEfCXtHJ807T29+efat7N8DxT+SU6Lyd2mYYlxHJwwIpr4OReMLHY4qa+zO0rHqNvCDxK2sikaJsyVQzbc3UpnZ1NBKl1tS3LRKecvlRww7DTqBVSucrGwU0QLJbtgoDwztEhSYZY6jGblwUtKSk1grlQLqU0eSNgQLUoS1S7HwffAXFp3K946/VNXCjG1+LCOtaO0y2TxJ85uwG3ke6xVchq65XY3nhZgsSTg1iHX4hCrRQo7zXQeN1xGV2YsdVvoOtTur+wI19zQON237NjX1GJWFpFOv/gLHurXPMA6v4VFQqo7A+rax120jrtotTs4tgUk2u02DvYP0G63ObcbQROnMIVSOonCrstQQ+er6/ExVLisAnfy3uHOnHRy7u2wRa2i81V19D6/wMbOz/T8Y+gwWJXXrNd3qtNuw0Q3FJbUiZPJFEmSYjQaMcBbLEyoaRhGNpddhDzLkaYZhsMRV32lghCzmakQ2+8PTOVZpZYrigJxnHBePJPDLjJhtVbBNx6PTbitzb+noR3nrlOqu9HoxCrvEvR6PQyGQwP3igKzMMLUgsXxeMx90/XMgXDDERanp8hs1VsNYCXsdWBBZZ+fI78QiA7XFjjcZ5DG+e/65jUnt54PoLsSHtuz0JHbo/Mqem3YastggFb7CIeHLeR5js1mjYuLcwvtFLyzue7Kco3bd24jSkLsN5vYax7i4PAQR0dNhIMGFpM6Lkgx7Y0pLqiqud/5RL9eV/OKLPh5PPfUdb6t1AaVBiIaIrrjm4IHDhxTmy48xl9n7iaHW8FWjW+qEIEeA/V189jst4XymaV1BzBtJe+3YMPNLyZzlfgXChooxZDTj/T5xMzLm3nDO4/1Q7SSiUChhhmJuv5c+QVaEWZ9h1Ws7yEBpIBhyTozcMUBcwRmdJutv2GUVnWGReK7CEB04FwqwKZMBT7ptBDljn7UvtIqqnHuMg6jTE2VU6l4WxMgqXwtmV+VTxer68oJOgW8AbnOVa439bxz1V3t6zBck/u23tFvfH9oziafyAN6Oteh86xlAon1Zi9taFJFYf5bIQBWH5/yGK5VO1gRl9AzQs8x5TSWjQO94UgVbzeZqBX1seiesw+rIiJ0qK3e4OQNWN1/duNipe9b6uaFvAzd7x/50bvCvam/NkUF7yrbbRW8e8TspkGGb8lC1HdUNdQPj3ypOe92gztTXfa6Y2Zn6jOrELMXKFiRL/o4XT+m4N0hwrhtIdLx9ebAuy6mURvZ/AU+8yIsv9AQ8gSTsIW0kONniyOESRsnsxaGk8OdNpocYhq1nc/djA1wfpvCY08wnLQQ5pGqUnyIk1kLcX6E/Ebbeb2VeYOhTJkEKiQzYGd4FQZYZw2UsV2ExORINLApGjLZ24l+ldAE37Bqu4Z1jgSAreJAFBF0/lichtJ+bp02bBgFOYl1btsmb6jFltq5jeq2aIS1lN5Lu59yfeQ80WeNI2XfmzX48+sswGZ+S86R2f5JqV0B1jn1hfd/EmAVBXzMtWoLvc4/x3XT1rSB9bxhd/KtA5Wo92cN7rPN3PSTvm9lHPDCYJ02+P3rvCG73IncO+6jVPVl0rDtpXsrn6VqxAw07WfXSSCLnKTB95yuYZVI/7KDmKtz2D5cxaY9xiltyPNljZ/PtMGhvfyc2L4w7W2Y46jnQ1+zfi9fu3oWuSLfvI/RoM9quuNuH+1OD+3jHo6PqXhEB4fNJg4PW+jaMFYOQ7Q/DwcjyVemzaqdBoOhCX8dDFmNR+qp4VDUS4PBgNVX/b56v4Jz+jXOd6dVVOq1XTBFt5OugVVUqgDBwJoovQYYbBVW6NvQyKG0ZyB52/Q10Oe1EQQzirsBZmGILMtYxZamqc1bN0O/PzDhpZMpK+biOGbYZtR0CZI0RZ4XiCMTOkuVZPOiQBTHmE6nrLabTqfIshzj8UQp7mzxCQvuivkcWZ6z8o6uJwxDA9tsuykM1vSF21cUOtz37+NggDhJTW68vMB4MtnuR/9ZcPpfhanS89Uf8r3s9pQ6rm8UdN2+uV/0NzqufjYIzOlnbEjtUc99l58N+dxwOOJjdnt9HDQPcXIyRrlaGWB3cWGA3eUlVlSognLdrTe4vLxAt981FWZbbTRbLZz095FZ1d1lQmMfLUQb7vc8k++9jAl6fJRxjccrel2PQzyu2PFSzYfuuaQdMtY0BHx5cwvPF978yvNH5o7Jchz1mcy9ZmeMS3f3iTNeJvoaGnLOTLev"
14:21:34.738 [Forwarding screenshot on session 9ff46c75-f860-4b6c-96bf-d1f3a31859fe to remote] DEBUG org.apache.http.wire - http-outgoing-123 &lt;&lt; "gVUi12dgkvlbaf0GmsvX3rywToyVicxvGzsHrGkeVL7IprBzHb23aNjKp4H8jebhWH6nudrMLw015zcsCLL+jZ5bbBs4tUjq9gf7FkWDfZN1TvOx+Dkret+C/m78Jj3/MHhMzedpbqN5U94fOJuN1E5uSybzmfabBNjY16xPt0rsPK+ei3XWwEZ/b+z5N0VD/K80UH2q/ICUnu+6+Dr8N+87kJAvZufpQj1XudfXsfWhUu87Sb5TrnyKXH1PM3tv7fNgztGQeT+X45Sx6T/aRLwMawLIUhe+EcCjzUEdekswV8CbhBlzITK16ewo4/IApJx0NhrSwMmHXFrIuinqWM1kI5SAIgFJyuso4bfUbgvx7Pk2hYHCm5w2xkWpyfkh6RotCLxpZlDZw2kVvHvE7KZh3Tb8OhKVmK0amuQPrr67DtxNY6Mku+54OpT36ipHPHULIfzvP/Pf4Qvv/yl85UP/DPjAT1ZWWWWVVVZZZZVVVllllVX2IuwrH/pn+MLv/RT+5U/9qIBQUr+q0GVf5efkJ84ktHgzb7DCjRV2iVJAcsoaq4akkNsi4HDsTbYr5FYpSzMKua25Rc0odNtJM0OKvIDP6+e6c1K/ePkSb5oZVPZwWgXvHjG7aVh3v+q79AHUd24+N5PjbjA+NIq7e4A7AxPHuFDQ7zQ9tPDwGB9+6z8Afv2HKqusssoqq6yyyiqrrLLKKnsZ7CO/8mM2rx+pdRUIo3QxFKZs8++tIgPgNhaccRi2Dre10G9jVXQMzJKAQ7Z1mP0qlNDfNYfGqjBkSgkzD5xceH7eTgmfN5+7jGsmz3BqqzJnAasFTdSHnIdg3k0zg8oeTqvg3SNmNw3qdgOzPpbrl0d954I7U1V2ODE57tL5/R2Dc6ldXeGx0xFmcRv/0//wg8D7/uvKKqusssoqq6yyyiqrrLLKXkb7X/7p95owcBWiTYBMKiu7SjwpmiFFvUpbgKy0RTA4hyLlDE5ExUehrGVa53zRJeU3tn+nXIacd5pyEUdSoIKKZxBk5LyLVPRFVwnO65wbcm0Lupgc14EK7a3gXWW7rYJ3j5jdNKi7Vn2nKoe+VPXd6fpqJ7gL02uKU1xjqc1799hjJpfdad7CF/7NPwDe9wOVVVZZZZVVVllllVVWWWWVvYz2hX/z41hlt3CZNLAuGqZQGRVZIyjGRbykcImTp85XvXEO6JpR7XFRGMoNKPntCLKReo/ez3n2bPEzXZyCC4Loc2aq8JtXyINy8BmIGKiCa7oIhoGFN80MKns4rYJ3j5jdNKS7zrJ5HwuCb2cjzJIXp75zwN0qxMiCuyh98RVIM6UEfOyxx/DYY4/hK7/+3wC/9l9VVllllVVWWWWVVVZZZZVV9jLaV37j7+Iy38NlcsuEzua2OJtWrZGazSrxuIgJFX3IBJZtcioEIeo9OoarqLNKORtSu1EAjcDa2ir7NoUBiaZ4h855p4ptUIVbyn3nVFSu8zFYWZhKaG+pwn5vmhlU9nBaBe8eMbtpSHed5csjxKy+u0CRmEIR96O+84tTvChbjU0evIXbliQf48yCuzt37gC/9n2VVVZZZZVVVllllVVWWWWVfRXsMmviIt3DKr+Fcn4Lm/ktrCj8NXXzyHG4qS0MwTnjSJFnIZ8D0BIpREGKPDoeVSOm8NoN/65Uf1SV1oa9bgpbXZaVe6L4IwUfV15O6jYcWCrLrryQ31VU46IYN80MKns4rYJ3j5jdNKR7Meq7MG0hKV5YffdA8O58ZCrQelAwXxwjKiJc3rmD27dvA7/6X1ZWWWWVVVZZZZVVVllllVX2VbDz9BCX6QFW2R7K7BZWFtppcEZqNVa3JQLnqBotha6WlGMuCxjYOYq51IbEZgEr4zgMN6kxwHPDc2tO5VitlhM1oG2LDbFdUcgshc3mUrxiFdFrLmi8aWZQ2cNpFbx7xOymAd2LUd/N71N9lz0IvDsdYjw7RFr4ir5jZIsjhMkRZvMz4L3/RWWVVVZZZZVVVllllVVWWWVfBTtL27jImrhI97HKbmGV3nJAmSkMISGyZRqgpNx0Oqw2k/dREYg1WRZIqK0Fcpu5AnSUZy+jKrUB56pz1H8EA5M6ykhCY81rXh683Faqzdz3EYgsqR2FwL+bZgaVPZxWwbtHzG4a0H011Hf54ghR2sZoeojBuPmibDg53Km8K5bHKBbHSItjxGkXeOK7K6usssoqq6yyyiqrrLLKKvsq2Gl8hPP4EJfZAS7TWyjzW7awQ92BZhzOSkAsrnERC120YpObkFQOq80DWzDC5puzf98UDQ59paIUUhCDcu4FnJ+O2sKFKeK6KohRx8Yq/UoqRJELCCRoR8U4OMTXK4hx08ygsofTKnj3iNlNw7mXqr4rVlfXqu/y5RGyeRtJ3kacvUjL21s57wje5Ytj5IsOsqILvOe7Kqusssoqq6yyyiqrrLLKKvsq2CI+xlnawkXaxGW6h8u0gTJtYKWrxHJl2YDhHUEwKRohIbAmn12NQ14JvK0iqhSrlHAW1m1yCnW1QE9Vst3YYhOrRJ9DCk+UibSFFHjrjMJjzbFLAn5xzR474GIX1KabZgaVPZxWwbtHzG4azr1k9d0iQnmflWcfGCAujlAsTN67fN5BVvSAf/2dlVVWWWWVVVZZZZVVVlllr1y7Bzz78q/9IO6+/+fw3Kd+F889+QncfeYLuPvMF/Dck5/Ac5/6Xdx9/8/hy7/2g/eGcA/QtkV8jNOkjYu0iVW2jzJvGCNIZ8NU16mEwjKsyxUoi2sW9PkgTcJf+X02bJXy323mDcmdl1MOupqo/HSFWaW+40IaaW1LtUefo3OQko+vJ9eqwSrnXWXXWwXvHjG7aTB3v+q7jPPcGfVdnLeRX16vvnu54Z0BeB3kiy7yoge8+z+rrLLKKqusssoqq6yyyip75doOaPbl93wPnvvo4wbW3b3L9uzTn8OzT3/O+dvdZ76A5z76OL78nu/ZDeEeoG1np6e4uLhAuVphs9ngzp07eOy8i7MowCpp4vZmdw7z26eHuOR8dF3cfqm50J1jtnChwlpXcY3VeAIH61iFHdy5usLVVYbLMEBZNKSAhYJ4DPgoVx8XuwikMm5iK85WOe8qu8YqePeI2U2DuftX37UxS1oYTQ8xDk3obFK0MYlaGE4OMYlaO4pMvFx2LPBu3kU27wPv/luVVVZZZZVVVllllVVWWWWvYHOB2fPv+xE895k/wd27d/Hcs8/gyY8+gU+95x/hYz//N/Gx//U1xn7+b+JT7/lHePKjT+C5Z58x7/3Mn+D59/3I1vEepG2n8xni6TGi6RHiWQfL1R08dtZHNtvDRdxEub7C1Xkf4WQP0eQWkmkfF1dXWC/aKKIGLmIT1noR11GEDSSzPcTTW4int8zPE/NzPLklP0/t3yctLEuCd+dYzPZQTBso8wCrsK4UfCpsNw+wTrtYX13hqpwim97CWRRwuCyF1priGFJ0gxV3mYTbskrPqu9umhlU9nBaBe8eMbtpKPdi1Hfp3OSkS/I2soXJS5cW+m9frfN78K7oAe/6jpfHPgHgE//05Tveu74DeNePAp8F8JEfvff7PvLvvwrnrqyyyiqrrLLKKqussspeEaZg2d1f/xE89/k/x927d/FXn/oAPvH4D+BTr38NPvOLr8Pnf/nb8NRbvh1PveXb8flf/jZ85hdfh0+9/jX4xOM/gC/86f9tAN7n/xzP//rfdSHcA7TttJghmnSQhm3MoyOcre7gsbMBknAPZ5GFd2d9TE9uIZ82sIx6uLy6QlkcIZ3dwqXNN7fK6jiLG1jGDSzDBpaRZ2GAZdzAadzAImxgMetxeqarqxyzwQEmJ3tYRg0pXsGQTQDbOqtjFRK8myE62cNZIsUwCMaVSQ1lXJPw2JwKX9SwLiwctFVvqSLuTTODyh5Oq+DdI2Y3DeVeGbYD3r3zdS+P/eb/DOCjwG++wPs+AXnfhz8K999Hgd/8J7j3v/duH/PDHwU+8U+2/7br3++q9/zue1/gXPf49+H/9uXru8oqq6yyyiqrrLLKKqvspZsFZc+/6zvx7Kf/GHfv3sXn/p/34ZOvfx2e/KXX4plf+TY8//Zvx1feKVDt"
14:21:34.740 [Forwarding screenshot on session 9ff46c75-f860-4b6c-96bf-d1f3a31859fe to remote] DEBUG org.apache.http.wire - http-outgoing-123 &lt;&lt; "K+/8Djz/9m/HM7/ybXjyl16L//fnX4Mn//17TWjtp/8Yz7/rOwXCPUDbTosZ0ukxFkkLl/kRLq3yLpnt4TI7xMoq7+LJLZzHdZRpB+urK5RFG+n0Fi7igHPjrZWKjUJSNxy6asNWszrWxdiGvRr13GS0j+l4D0XYwGUsajnKb0dVZwXMdVh5F4/3cBY3JCQ2JSjXsPBPctxJFVs3nx9VpL1pZlDZw2kVvHvE7ObB2CvBdsC7d7z2pdvvPIHr/z0BvOMfb//5d14LvOOHgd8xz4hYAAAgAElEQVTwjvVxAJ/9Oe8cP2yUdx/+YfP7b/ycPa732Q9/FPj4P36Bv9lj/c4LXJP/uV3HrqyyyiqrrLLKKqusssoeHnvn6/Dld7wOz3zgfzOKu0++H3/2+tfirx5/Db709m99QcD2pbd/K/7q8deYz3zy93D37l0886FfwJffYd/zAG07nYdIZ8cowkNcJG2Gd/F0D+fxIYfNGngXoLQhq+W8jWR6CxdJYEBbbENVc6t6s6CNIFxJKrqzM85xV86PMBzuYzbewzxsYBUHThXZTeFBu9iGwOYSNhtP9nCWGsBnzm9UeGsKl6WiFLZYxdoWv9gs6grqVQUrKrveKnj3iNn9AqxNoZJx5hLjTz+vYirDHZgBKarJQBbVUEZStpslwrzDYP+P65LQk46dyLFXtGOR1LGeyw4KVRyiBKJr9XuZUqWeQF7jHZaaShyqq/7YXZVESoqvkgCrdA+r/ADn6SHw9m95MPvtJ4CP/6T62w8ZSPbb3wK8/ScB/D7w6/dxDDwhn72ffx//SeBDv7/772//FgMDr22Xsl3HeKF/H/qhB++3yiqrrLLKKqusssoqq+zlsXe8Fs++4z/Hc08/ieeeeQp/9qbvwV+96dX40ttegy/96vfj7if/L3zpPd+9Bda+9J7vNq/96vfjS297Df7qTa/Gn73pe/DcM0/huS9+Ac++8zvNex+gbafzEMn0GPPoEKvcwrtTo7w7jyTnXTK9hbOwjnVmwNl63kYyvoXzSMJZec2nq71mlI/uUBW/OMd8tofxyR6S2S2cRmYdyGtLqjAbW7hGVW4je460aRSBVnl3GjVE2ZfIZzeFt/6cU/ukUAUp76qw2cquswrePWJ2v/COwNcqqnFsvpEbByzn1TsGtBNRprK7UNpy2GsL6zZUbjumOH8BZwz0CMjR4JgGjpSYBt4yqamdE9q9CLhUOFXx4TZmUhbctKnugkVqTxagzAKUSYDL9BYukn1c5C3gbd/84PbB3wc+87PA234Q+AyAD/6gfe0nDLx73z0++76fNUDst3e97h3vfT8L4D27z//xn1B/+4kdx7TH8s/Dbb/mWP7vH9fXV1lllVVWWWWVVVZZZZXdtH35bd+CL/67nzbhsh95B578V9+IL7311fjSW1+Nv/7T/9OEwn7mj/H8u7+Lodrz7/4uPPsZE2L713/6b/n9T/6rb8STH3477t69iy/+u5/Gl9/2LQ/UttPTU1ycn2Olq80+9tj9V4k97+E8FsEIgTwCZyuCY6S4K6eYnexjcrKHfNrAeRQw+DPrYKoaW0eZiapPi1HWmcC7ZLyH00jy1m3mEmZr1pqBWYdS7rycFIE1XgdTfr2bZgaVPZxWwbtHzOannfuCd2VSRxlJSWuGdxaolQntXHgwbm6q/JB6jlVuCe1OkDxYlcxm6XGNy2czsLNAbUMyYlIApqa09qaw7clkgDbJQ2tOOW7a6TDluBVwTGRQp2tb5w2skgCX8S1cZgc4Tw6Bt/6Nl2jfb2DYvf598F8A+Ajway9wjA9+v/rbP3yBg/7r7eN88CPAf/iH7jE/8y92v4/+0fs/+BH3vc6xdvz+H/z2VlZZZZVVVllllVVWWWU3aXff8k14+uP/B+7evYu/fOLv4ZnHvxF42zfj7lu+CZ9+09/GF//ijwTgves7TW48C+6++Bd/hM88/rdw9y3fBLztm/HM49+Iv3zi75nXPv5b5u8P0LbTIkQ47iCcHCGedrC4vIPHlgOMTw4QjtumGuzpACcn+wgne0imfZxfXWFVHOFkZKrGLmOTq26TC0Qr00BFfNVweWrg3VliwN1c5bczApGajeIiEYqsJWntSUKVMrGKwHKKlMJmYxM1RqIVEZVYQUlSRxnXULISMGCF4MaCw5tmBpU9nFbBu0fMXvWqV92n8k7lBLChpyTzXS8aDigzA53dXUgscCtUSCsPRvbvKeUQCCSHAKn1aGD1k3h6AycNmALyVPnuxMK7uI7LuMY5CngAjwwkXLGE2ULAgo4RoEwbKAujvDtLD4G3fP3LY7/6zwG82/v7j1/P4D7zz+1n9L+PAL+qP/99BsR94PvucY6vBz7wEeBjP25+/rfvlp/vxz7wkR2Ne4F/1J7KKqusssoqq6yyyiqr7MbtmTd9Pf76c5/E3bt38dk3vhrPv/kbgLf+DXzpLd+AL7zx6/DJN3w7nv6LP7TFKP4Iz37awLyn/+IP8cl/+W34whu/Dl96i/nM82/+Bnz2ja82irzPfRLPvOnB2nY6DxFNO0jDlqk2e3kHj50OEE72UYQtnJdXuDobYDbeQz5rYBlKtdnZZA+LqGHy3qWuqMNZt+YBVucW3sV7UugiV8ISShlFBScWSj1n18Scbkkr705M2O26UOejQhWpRIaxqCWRda+836yPb5oZVPZwWgXvHkF77LH1/SnvdH661A2F5dxylKcukYFpk9fNoKmr8RDIo1LbXsitQECdk4DAX8AJPp3XtEovV0o62mnJ1bkp3JaUf0XgDuap2aFZJTWsswbKrIFVtofzaB9n8SHw5le9PPbe/xHAu7y//xiADwPvtb+//8PAx37smmN4733zq4A3f6+Bd+//3nuf+2MKrL3/x15AEeifo7LKKqusssoqq6yyyip7JdvTb3wVnvvrp/HsU0/i82+4wlfeLPDs+ce/Dp9/wxU++frX4en/aADe3bt38fR//EN88vXfis+/4QrPP/51/P6vvPnr8fk3XOHZpz6L5/76aTz9xgdrm855d5mpnHfTPZynkt8unt7CRdrAOuuipJx3tmCFk6opEcUbhaquojpWZ6S820M2beAi0sUo9JpTp1qy6ZeKBq+RzetNlBsL7yZ7OEsaLBIhxd9GRZ/5whQ+TiK52DdFlfOust1WwbtH1Na3l/eGd7q8NsmGvfBXgmiruGaUeXZwWhGEi+tqoFI57RR4o4GVVHerpIaSC2Uo4Kf/17spuSsxpsFQw8BVZKTPq5jarAfyQKoGpXXcLhp2gG3gMmngMrXw7pfvvHT7rXfeA5K9E/jlv29g2RP2/e//MPCxvy+ff/+HgU//jDrWO4EnfuaFlW+/ZT+voZ0+7hM/Y8+/o710Pt2GF/tPn6uyyiqrrLLKKqusssoqu1F76hcew7NP/yc8+9STeOoXHtsCaM+/6Qqf+yUf3v0BPvdLr8Pzb7raev9Tv/AYnn3qs3j26f9kjvcAbTvNx4hnx1jELafabBLu4ywUeJfOTHGKTaGqzc4MvKO16yokEYesP2m9eanh3aSBVaryrecE0ep8jM28wbnYSw/mrTMppBFN93AWNyTclgpRcPXbAJtFQ9bHpPJLVcopu8a+aVZQ2cNpFbx7hO1iFV8fNkvqNJtEk3YMNgzu6hwiK+q6ulMt1sh+BaRxgk67o7DJKV+AhWuRW8Kbq/qQZLmgnHQKCsa080H592pOolEaPPXArQHkKlIqPAUCV0kDl+ktrPJ9nCWHwOObl8fe89MA3nHvv/3eh4A/+e+91z8EvGfHa49vgMf/DvBpAL/3d+597l2f/RNcf66X65orq6yyyiqrrLLKKqusshu3p96wwRc//THcvXsXT/3iN2wBtOff+jo8+5cG3D3153+Ap/78D0wI7V/+IZ5/6+u2YeAvfoPJeffpj+GpNzxY2+bpCMnsGMu0hfNY4F083cP5PMXV1TmW4R7S2S1cxgFWccfAu8LAu8vErCd1VJZeA1LaJlbepUZ5d5lIzrk1rQv9ooy0jozd9/1/7L3vb1xZet9ZVRTVYkut+kWx6pb4myxSVSRLLNZuYizW8RpGNjAWyLv8AYEXQfS62ARaQADN"
14:21:34.740 [Forwarding screenshot on session 9ff46c75-f860-4b6c-96bf-d1f3a31859fe to remote] DEBUG org.apache.http.wire - http-outgoing-123 &lt;&lt; "xplBBEyyyNhuedwtjUSsxzZ2vNlVYCBkAq2zr6ahVqTYwGwnsbxjZKShFGNm2jPqHvaMn31x77n3nFunbt0iWXVZ0ucLfECy6t5bpW7gkudTz3mejYWMXJnNyJxzRub8Lbj6DrGMvxU2KGIJeuZt6O91Lni9pD0BnE6Qd284y6uTdnmntsxOBxLOLyWeDyrd/P52qtnmjFb5Nh3cgMx9/Frp8GW3/Hh93hVp/s1xVlX1hW68/rRZrQRZScIZ80a5Phscv7HgXd+TkvXplLGV1pR7GVmbGwumzc5NiNxbOwa/6sq1F18R+T++IiJ/IPJv/8D9+d6a+f29NZGP/r3If/yH5jX+o4i8+PduRdu/9X7umT8wr2G77r1/6B760a+670NdP3zeUaP/uwAAAAAAIDF+/MGa/OiTf+3KuX/1a/LX9wJ59sXv/S35/MV3/Gq7//ybvyD/+Tf+pvz4uSfwXnxHvvjmL/rH//W9Dfmrf/Vrcnh4KD/6ZE9+/MHx3tvc5bzMlN+RpcqE1GY1eeeMy2p1RZrNOZmfGpcFZ0zqs2nZmHe3za4tnpeZ0hmp+e2Ugp1Wa9MpV9hpa9pgYMW4zFfOuJV3M9p2Wa1Ype6dr7dz2pgP1rnrcxlZm8vIlZmMXLns9tvbWPSeW/CGInpVd/XpoNe7WstuLIRe0yt2SdoRwOkEeQfWCbR6fzglwdSnDxsL3tZYb3vrxmJQ+aaP0F5fCira/BuVdi19Qq0Sdu413ZudIebmQp9YaKXG/oRZVbWnegYsBL3u6pXg05I1vSx5NmNuw53LuD3v5jOytjAuq9Ne5d3d2tH5RERefNn9/g+/LCK/737/0SORT77sir2P/k5w/EePRD75B6Hr/ANPhn3Z8hp/p/MaNqzX1a4tj0T+sM9/27/5/S7vCQAAAAAAThOffViXl/v/yBV0/+F35Ys7dZF7a/Kzb9Tlsz/7N764++77vyB/+f4V+cv3r8h33/8FX+B99mf78rNvuOd8cacuP/4PvyuHh4fycv8fyWcf1o/13qadvMxV3pGVmQmpzV0Its06BVlrultTnalxWb485q4VZzR5V9a3zXa2edK3vdarK9JsrsqiMy4Ll89IfS7oledXv81kvEKRVFDgEeq/vjaTlrW5KbnabEqzuSJr82NyZTrYAeb3c9cr+PydZRmpXXYLWYKqwODYpP0AnE6Qd2CdQLvu3Vx8yaZuKtPuJxD1Ge+TiJmUd5PR+srN6n3ozNJht/LNq5rTSoeNCbLe1tpg+k4m2Nqqnveup/rtqUm3arJsXeu3506+TQdDMjzRp98kN7TtuWvTGalPZ6Q2Oy5XZs7K6syEyDdWToZv/bqI/F7w8/7vmT9/Y0Xk249EPvmfOx/T8+2/rT3/t0UOwo9Z6Liud56I+7j/Gr/X/Rr7v+dKvm9pPx/8uvYetecAAAAAAODUcHj7ihz89pZ8/ul/lZ+++lRe/e4vi9ytyeHtK/Lyzt+SH32yJ9/9rb8hP7y1Kl/cviJf3L4iP7y1Kt/9rb8hP/p//7X812/8khzeviJytyavfveX5aevPpXPf/JDOfj6f+s+foz3drmSl4XKO3JlbkKuzFyQWs2Vd3NLq/6W2RnnjKxOj8nGYsavvFN98K7MBOtHX5hp4swVeF6PuuaczF4al0VnTNb89aZX2OEVnfhtmNS6eDZYU7o7tdJSn5+SRrPpvr/L47LkaGtYvyWTVigy4xa41PXKPU/4qWEV63PIO7CDvANptTon0OoCzR8WoQ158D+5mE27Zcbepwt+hduMXiKcCsqBp1NeX7xUUOmmypKdlN9Xb2M+IxvadYxraH32XGkYVNvp/QL8607rEi9jfvqhT7hV/fHm3IEV9fkzckVV3t1ZPh573wzE28E/9h7/FVee7YWO/fbHIp/8WvDzJ/o5yyLf+sfxt61+8mvma3/7V7SfPxb5lu39/pp5vvH+Pxb51q8E53374+7v7du/cvz/bgAAAAAAcCL8/M6K/Oj9ZXn5xzfdSro//2P52Z0r8rPb7uMvvrYkP3p/Wb74sOpLtS8+rBrP/ez2ivzszhX57M//2K26+3/+V/nR++61j/PeZip5WV5YkHq9LhsbG3L16oosVs7K3NKqrC++LZXSGVl0crLRbErTZ1WWnHGZq3jbZtXQCbVjy+tvF2Z1dlycqXGpTrtVfH47pum0JwaDXVprs16/9oWMX0Cib7FdvpyRSkm73pxXYKLWz6p/+2LQ5inYOZYK1q7zGb8yL2k3AKcT5B346BNo/V5wSnJpFXLrYUE2n5a1+UCE+f3tZoJj1ZCKNb/iLSXrsxmvD0Dav9GqG9fGYlBFF/QZ0HrpeTLOrQQ0G4mqT0lckeh9irKgVfapKbfTaW/7r77FNi3r82NuleCC2/POlXeLby6fiIh8M/j5W/+LKQj3bOf9fU/g/XLy7x8AAAAAAETuLMvnv7Mkz792RX787E9cgfen35Sf31mVn324LIcfLMnPPuwUa/pzP7+zKp/96TfdLbbP/kSef+2KfP47S96xR39v89M5WapckIXKhMyU35LL5bfkcsntS7fgjMmCMyarlzOyOp2ReWdMLk+dkculcbk8dUaWZ8aCYRVq3TqTltpMWpYrYzJbPiPT5TMy44zL5dK4OJfOyEJlTGpzwVbbuipaMdaVwXpYTY5dm0v7baM2FjJy5XJaqpczsjKdkdpMSNgZO8rc9ejGvLfu1NbH/iCM2bSsLzBtFuwg78BATaBVgsst4TVlnbstNaVVrWX8m5I7aTZoCupX4Pmjr7XKvPmM8fParNmoMzxMYkMNpZgPjlWfigRThILBGsEgDXMYheq/t7GUMd6bKwtdapczUpv2BlbMTojcngcAAAAAABhd7izKz28vyl/dmpf/8jv/vbz6y79wh1H8f/+3/Oz3f6mnYPvZ7/+SfP7nD+Tw8FBe/eVfyH/54Bfl0/fn5ee3vWOO8d4WZ3JSnb4g1ZkJWbr8lixdPivV6TNyZXpMarMZd7DEXFrW5lxRtjw9JsuXx6R6OeP1rXPXimv+2s9d861eTsvKzJhUp12WnIysTHtTZlU7JX+tmjF2ZvlFHn7Pu4zZr33GHIqot4pSAxn13u1rM2nZ8PvwpYNiFfXcoruuTtoJwOkEeQcdLK9Oup88zKSlseBtddWHQcxlfPFWq3jbX71SYrW9Vd2E1JZVf7rOrN40NO1P2PFLhVV/AdUjYEHrm+fJO18KavLPkHDzGalfTvlbdgMZGAhBVRqtTyMyhljMjUl97ozU596S6vSEyIezAAAAAAAAo4snyr74YE5+8Buz8he3fkF+/OxP5fDwUA4//4l8/ie78sX9vyd//Y0r/rF//Y0r8sX9vyef/8muHH7+E6/i7k/lL279gvzgN2bliw/mAgl3jPe2OJ2V5coFqU5PSG3mrKwtjPtbVt01ZcZfy9W1nnZ+oclMKqhuW0gb60TVt10Vdvj91L12UBuLGW39GlxnXSsUWVMDMZRoWwgGLwbVdGYxiV78ou9IW59Ly4a3bbY+rVfnIe+gO8g7sFLOpaWcT7lfcymXvPc1lzYo5VJSzqfFKaTdr7m0lLPq55SUC2lx8u5zxjXzCu/5nP563vXzaSlfTIljXEOdn/bPL+dT4hQy/uP+a3vvXb039b3/euo95Lz3rd5LPiNOcUzKxbNSmZwQ+WAaAAAAAABgdNFk2eHXZ+QHX5uW7/6zBXnx774qP/3JD12Jp/irly7aYz/9yQ/lxb/7qnz3ny3KD742LYdfnzEl3DHeW2UqK5XJC+IUz0m5OC5O8YyUCxkp5zMd60gnr60N1fpPX78aa05tHZh315j++dlgfesU1M/etWzr37y2xlRrSH8dm9LWpsGxjrZmddT7yaXF8dahJX9dnfKPT9oFwOkEeQdWjBtbQckx94ZWygVSzLh5et+XfFmWstxMTZFWymk300JwYysbNzZPqhW8G1pOv1mr96bfWIObtin83H9LKedeo1xIdfwb3X9Dxjv/jJQL41IunhP5nQoAAAAAAMDoEhJmX3x9Wj79jcvy7KuOPP3nq/L8j3bkh9/5I/nJ978jP/3JD+SnP/mB/OT735EffueP"
14:21:34.742 [Forwarding screenshot on session 9ff46c75-f860-4b6c-96bf-d1f3a31859fe to remote] DEBUG org.apache.http.wire - http-outgoing-123 &lt;&lt; "5Pkf7cjTf74qz77qyKe/cVm++LpFwh3jvVWmslK5dEEqkxNSLo67a7F8xi3QyKellA3Wi47/c2hd6h3rrwcLKX/95wu4bDp0jrauzIYe0wVczhRz4XVmh1RU53hCsJxNayLPLE5xCtq6N4e8AzvIO7DiC7VcWKbpnzIEn16YNzDtUwfjUwRN5uU1aZbVbow5V9Kpm5khDgvqxpYyb55adaC68QWfong30YL7deqi+z6cQnCTVJ+u+Df1vHdzLY5LuTAulclzIl8vAwAAAAAAjC4Wafbzr1fk8/cd+dG/cOT7Xy3Ld/9pSf7syyX5T/9kSv7TP5mSP/tySb77T0vy/a+W5Uf/wpHP33fk51/vIuGO8d6UvHOKE1IunJVyYSxYa6r1XWjtZ+wIy6ekpB3jV9LlNWmmnVMKyTZ3nZgOHZ8OKua0dax6D6Ws9ri+fjUq+NS62nvfhUAGOnlX7unraKeAvAM7yDuwYpQE5wJZ13Ez9G5AxtZX7YYUnBvIMUeXe1qlnX8jzOqSTv+EJHjMKaTFKaaMG6J/Yyxoj4Vew30PGaMqUG3rVaXTFe8TG7dU+6xbeffbJQAAAAAAgNElQp79/LfLcvh+WT77zZL8+Gsl+SuPH3+tJJ/9ZkkO33ePiZRwx3hvvrzzK+/G3Mo7f1dUUERSyqb8NaW7juuspFMCLizunEJKShe1whRPounbcNVa1N1RFvzcUUiiKubU8apyT99Oq697c9r78UWhuWZl2yx0A3kHVsy+cmnRt7p29I7TPrFQW2pLhkTrLDP2K9y0vf1OIa19WqJtffXLo/UKPvPcYHutel9eGXU2eC31Gu4N2Ds3G/wC8G+Y6iZcPBP0vPvtSwAAAAAAADAAfHl3aULKhXFxfHmn2ifpa0O9QCMdWp8qsRZqw5RVPeb0dWxovatEnFZ1569nVcFKISWlrLYG1ra7lv3XSXuCMHz9lLZtN1gjl/SvuVTiLgBOJ8g7sGJuhQ1ucCVV3qtVyznaTcopmA0+gxtZqCddPmU07DR646mbV1a/RkqTarqsS2vHajdyrZ+e4w3NMN6P2i6rVxd6n55UCl5vhdxYsG321iQAAAAAAAAMAKPyrjDuDg/Muesyv9+dWk9mzfVox+4rvQedfl6+c80Z7plutIrKm/3ynKJeKadV7mm991SxSNBKKiUVrR2UOXBR+/do7ylpFwCnE+QdWDEn6YSnxWr7+9WNRvtEwS9VVjdQXZiFq9tUCbJWUWeUGKt+AnqfAHVj1HsdaCXH6ji9oWnHRCKjEtDc5ut+n3FLtYvewIr3CwAAAAAAADAAgp5358SZHJdy7ow/5EHvX6cXjRjFG6pCT1sH6m2YnNCa1txOa647g3Wt9rMh+cyBh/ogRb+XXWgnm7H2VXJPk3buYA33uKRdAJxOkHdgRVWtlbIp44ZZ0sWd3oDTmCCb8mWavx1V7z+n37ByarpryriOOVBCey11E8xqN02jT0Eq+BQjq08XUjfIoKLQKWQ6RoyXc27lXSm8bfb9PAAAAAAAAAwAR5N3amCFu35U/crTvvBSa8ZgXZoyikgCOReupjMr4BxNrBk7y7Tedka/O2OrrbcGLYar+IJtvk4hY27R1QpUHP3flPfEXZZts9Ad5B1Y8fsJeJ8QqGk8/kTY0HZX8+anyTTtRlYKVer5PQI0Aaj3HjAmAGnTYEv6lllP5KleCObUoEAyGo1Ac+YNXB83XgoPrFCVd7+VAwAAAAAAgAHgVt6dF6c4Ic7kWSnnz0g5n3HXiqqqTt+ppbdX0nZoGa2Vwju1tEGLZq91i8gzRJ13rlYdp/dp118zPDSxYxCjVgEYbMk1qwmTdgFwOkHegZWS5dMFRxdf3W5QajJsRylz2vjUwimk3am0qj9APtV5jn8jDfoF6M8H23KDG64uHIOqPG2whj4lN6dX5QXbdSveTVlV3jnFCZHfygIAAAAAAMAAqExlpTJ53q28K56Vcn7MW9NlDEnmeEMngr52Ka03e3hXVSrYrqrWksburlBhh7/rzNZmKeUPqzB63Pmvp61HC9o1teEXpZxFIOr98by1ctIuAE4nyDuw4nj7+ju2yCqJp8m6UtYbDqELNL9yT6vg0wReMI02qMwz+s4ZPQRMOeffsPXttdmUUR2oNx8N5J/WF89SRu1XAhYyXnn2mCvvJs/J4eEhAAAAAAAADADV864yOSHl/LiUc2Pi5DNSKWb8NZ45fCIQYiVLNZ5Rfaev/3Rxp3Z46QMwCiE5V0gHE2JDU2bL+ZQ7VVYvHtGuU8pq8lB/33rlXrgwhso76ALyDqwYU3M6bmbm9tNSLng+uDlpNzj9Uw1bT4JQOXP3PgX6jVa/eeufjFi28RrCzhSCfv+78L/PG1jhTLqVd0n/MgMAAAAAAHhdcbTKO2fyrJRz7rTZija9VS/KKOe8fnNZU9r5wwq1bbalbNpv32Q8flHflZXye6KbslCTg34BiTs80djdlQveR1AJqK9zQ2tWvVpPrXXpeQcRIO/AilMI+sCpm5ka0a0wegiEy4rDkk/rWadP41EDMcx+AWb5sNMh6rRPK/wefJrgy3s3PtU7T5U/d2kOGu6D4E+bLYyJUzwrlUvIOwAAAAAAgEHhV95dmpBybtxdi+XS7nBDv31Syii6CK8LO1o2aVtq9fWq2s2lb1c1ilbyITGXD9aKnT3yzF1j7hratuPLHYyoV/CZk2uDn5N2AXA6Qd6BlWBLaio0Ftv8xCBclhz0nNNuVr7cCwRgR5+6sPDTegb4sjBr3lz9G7H2Hkqqqk4vUdZurOHqP7Mfgqroy3j/VnfbbLnItlkAAAAAAIBBoXrelYvnxCmedfuPa3Ku5BWT+K2Scmm3h7qx5kz7xRsdbZ9ywbmlbLBG7Zwia57nGOtIUwzqPe/03ned02zDFXfBermstYSi5x1EgbwDK8GnCeZNSlXiBTItuBmGp8vq59fr9Z7UarVYxx0F/QZpSDv9Ru/9uyqevHMKZ6RcYNssAAAAAADAIPEHVkx602YLY+IUvGA5TjQAACAASURBVJ53XlFJyegf57Z50ocUGu2SvF52gSQLHvMlWlavsNN7oIfkm/F86DX1VkyWFlMdve387bGd22fVJNukXQCcTpB3YEWvalPlwUGVXNr/5MKvqMt1boHVq9ziiLvByjv1aYv2yUqo953a2qsq75yikndU3gEAAAAAAAyKoOfdhJSL4+IUvJ53xUwg0/xBiHrLJLNAw5R54e+1dWCX3ux6P3W19nVy2sBFY+utVuwS6sHe2Z9dWztru9H096aul7QLgNMJ8g6smJ8A6OW/2k3K7yGn3Wxy+s0o+OQhjrzb2toaWCWecWNUW2o1wWgOrciIGlhRLoxLhWmzAAAAAAAAA2NqMitThfMymT8nxexZKVwck9z5tBTeSUv+QsrlfEryF9Le15Tk1M/+9y6FC+Y56jn3Wmnj2Lz/fdo7L+3/7H89r732hZTkz6vjgtdR17yU1frGGz3WVXsny9bcoramZtssdAF5B1bCo6xt5cT+Flq/nDjoBWCWGPfeNlur1fzX3tjYOPFKPL2HgT6q2xWN3vhxJfXynrwrnJFyYZzKOwAAAAAAgAGycLkoy5fzUp2+KKvTF6Q2fUFq029LffptqU9PSG16wv/eZ+Ztqc8EP9emJ9yfFfrj6nj9q3Gdt6XmX+Pt4Frha/jnBI+pY1cvT4iTH5NLF/X1cjAww9ilpg+z8CsC3ceSdgFwOkHegRVzO6m+DTYQdeFpskFZsou/7TZG5V29Xre+j83NTbl69ao0Gg1ZW1s7srxTN8ZSTn/v+kALvZIw2DbrFM9KZZKedwAAAAAAAINi3snKYvm8LJXPyXJ5XKrlMamW0rJSTstKKSXVqZSslFL+99WplKxMmY/bjnO/d69hO35lKvTVO95/DXVu5PXd71fLY7J6eULy57Wednkl8ELCzlszd6ylqbyDLiDvwErHhFZ92o4m6awNO43R3e65R5V3Nra2tvoWecFkoZRZeWeZEFQpatNmC+MMrAAAAAAAABggc0relTx5V+qUd6awM6XaSjmQaerY8HFVTcx1iMCShSl1TsSxoZ/r0668U9V2JW29"
14:21:34.742 [Forwarding screenshot on session 9ff46c75-f860-4b6c-96bf-d1f3a31859fe to remote] DEBUG org.apache.http.wire - http-outgoing-123 &lt;&lt; "rAY+qjWz3zPeGFxBzzuwg7wDK+om4ujjsA3xFcgwvRIvkHZa884Ieae2x25sbPT9HlWPvDjbazsaiOZCn3aobbWFUM+7PAMrAAAAAAAABolfeeeck6VSIO+q5bRdrJVSUp3qfK7aRbRVQ5V1+mP+VyX3wmKu3Hlutyq8+vSE5C9oU2e1ghd3yIW248tbY/vtmwppKWWpvAM7yDuw4g928Et5vRuOsWc/eL7kP25O1XF6yLtwv7ujsL6+3nvbbKFzNLhT8GSdNr67lEtJJa8q79xtsw7bZgEAAAAAAAbGvJOVBW3b7HKo8s4u4bpJvYitsYaoM0Ver2sbsk6dE3q+PjMhufPButgppLV2UuaWWUcveCmm/fVz0i4ATifIO7Dib5XNBTcbcwutttU0qw+CCOSevvU2SqxdvXq16/vY3NyUjY0NaTQa0mw2ux6nhlx0r7xLBxV2/mCKoIlo8G9ISSU0bRZ5BwAAAAAAMDhsPe+We1beda+ys4m2zn52nV97SULr49r16jMTkr+g1s9m2yb1vRoCqcSeX5XnraeTdgFwOkHegRVf1lkq78pG9VpQwVbWttg6BW9Pf9aVZP32utOr6cKTZzc3N63nRE+bTfsVgo72KUg5n5K55aY0m01pNmdlNpfxts2mpZwbk3LhrFQuIe8AAAAAAAAGhV55t1QKKu9ceadtc50yK+VsMq16KdgCa0q3tFktZzu3ozIvQgrqlXze9+622aBXvOP1ji+Hd6mp9bRXQKIPrkjaBcDpBHkHVvSS3nJWnzTrSTzvJlTKpo1BFXo/uaA0uHvlna2aLs4ACluPPNUDr2vPO9WLT+vTV86npXRpSupNV+BVK2dkKj8m5VxGnMKYlItnxZmk5x0AAAAAAMCgUJV3i6Vzslw6K8ulMWk2m7JSDgZMtFotY3BFuOpNP0b/uXOrrE3Ype1VeBFbaavhY0uavCu4lPytsSmjT7w/DDKnVd15FXpJuwA4nSDvwEpZ72GnCbtyLhUMrlCfIuiizxNk+uNOoXvlXfh119bWOra/NhoNaTQaHefaKvC6V96ZU2WDBqJpKRfOyULNq75bLsilwhkp5TLiFM8g7wAAAAAAAAbMnGXbrCvvMv5211arFQi7jp52aamWgqo1JfnUOeHvjUo6bUttx/bYGD32bPJObZsNqu30NXLKKC4paS2nmDYL3UDegRWjmaZqspkNSnmDUl/t55xWEmyUCXfKu1qtJuvr68Zr6pVztVrN2guv2WxGDrrY2NiIGFiR8t+PGsutqMyteFtn5+VyYVxKhTFv2+y4OEW2zQIAAAAAAAwKc2DFWWk2m7I8lZaVckZarVZQRadX1IVEW6vV8odShM9ptVqdfe1Cws62PdYUfZ1yL7zNtj7ztuTf0dfIWvFILuX2uMtrUk8XetkUlXfQFeQdWPEn4GiTWP0+ceHqu0Ig+fT+ePrEWZtQC1fOhafGtlqm0FNbbJW4q9frsrW1ZVxjc3MzsvLOf196xWAuLaWpYOvscuWsXMqPSblwRsqFs+JMFhL/ZQYAAAAAAPC64g+sKLmVd81m0502q1XctVotX5Lp35tCL21Uy6lzw5V1sQZRdOmb163/XdWTd7nzKb+KzvEGJfqtp3L6Gltbc6sttPS8gy4g78CKIeFU/7qCLsCCm0tJDa7wt8mmjKq7btNmw+JN3y6rqur0bbS6vOvW+66bvNNvkGrgRuliOhB4+bTMqMEVy0Up5s4E8q4yk/gvMwAAAAAAgNcVfdpso9Fw5d1UWlbKprzTJZ0SZmpLrHp+ZcpevaZkXGfvO03Qhb72rspLG1V89ZkJt/Iul/K3yZZyQeGLvo5Wa+hSNh0MgkTeQReQd2Al2A6rV9VpfeK8SbJl7Sakj7c2euTFlHe2Y9SkWSXuwnIuvPXW1htPDaxQwzXMYRxB2XKpMhtsnc2PSyk/Lk7xvMxX64n/MgMAAAAAAHhdUT3v1tfXg8q7Ka3PXWj4xEpI3OlbZfVedfpjVa23nT5x1ux7Z5koq64X3nZrGYTh9rxLh2Sd2UteX2cbfeS9HW9JuwA4nSDvwIoaV13KhuScNkHWl3hGE05zf78aemGTcuFts93knTru6tWrHc+H5Z2+pdbcNhtuDKqqCbXHC1mpeltnlypnpVQ4K+WpkqzUkXcAAAAAAACDQu95t1TSts2W06a8K6VkxavIM2RaWN7p22s7BlykpXpJCbluW2nTHSKvg6mUrJTDPe8mJHfebCOlqu+CIYrButnvf5cNJtIm7QLgdIK8AytGc02teWY574279nrZ+fv0i9o010LwCYO6KdnEXFi8ra2tdZ1Iq/e+01EVeQpVqddZeRfq2af9+5SgLOVS/uCKzaWCXCqclctzy1JH3gEAAAAAAAwMc2CFkncZf9psq9Uyquw6trZOBdtpo9a56ryO4RVTncJObZHtrLBLG9V9+vG16QkpvKNX16likaBdk6MXluhVd96usKRdAJxOkHdgxR9Qofe4ywflvv73uUDmGWXAxg3JLu/C02KbzWaHeKvVatJoNIzed3p1Xfh82+u4Pe+Cm2IpG7pRav+u0iV3cMXm5pxcLlyQhdUN5N2I8vTpUwAAAIhJ0r+3AeDNRm2bXdTl3VRQeddqmX3vwgMjOodTpDpkX7iyLpg2qw2hsAm6sMzrKv/UtNlgB5qTM4tH/H7xuWD4o6PvCKPyDrqAvAMrehNN/0aTVYMpUsGnBdmgms3Jp6Wc1Sa65tLuORZ5pyrk4myd3dra6hBzSur1OtesvDPfmykavWlA+XOyUG/K5uamLM2VZXVjQ+pVJ/FfZtA/T58+FUIIIYT0DvIOAJJGVd4thqbNVkt637u0X2HXURWnb5vVngvO7dKvLrSltqqJu25DK2zVembPO71VU6hdk9bbzmhHpZG0C4DTCfIOrBjNNQva9tmcOYgiGFKRcodX5NQ0V02KFeyVd7bqu1ar1VF912qZ22ZrtZqsra0Z59iq9joq7zShqA/k8CVlwX1uqjIrm5ubcvXqVdnY2JDqbC7xX2bQP8g7QgghJF6QdwCQNPq0WSXvlqfC8s5eYafEXqvVcqviLMfaKvWMCbKqGs/ogRfuh9cp9cLXrM948i4fFI2Us+5a023ZlDJ2qOn94tU6O2kXAKcT5B1YCQ+c8KvoCqFPB/ybjhqFnRKnqKRYdM+7bttfW61g8IRNyG1sbHQcHyXu1LRZY5us9n71G6X7fE6WfXlXlZnShcR/mUH/IO8IIYSQeEHeAUDS6PJOH1jRaoWmxWpTZH3hpou6HltpbdV3+vbYTsGXDsSfZeKsIQCnQvIun3GlXTHYkabvXitpAy304ZBJuwA4nSDvwIoaSBFMwdFknhpaYfTD84RdUXtcq9aLEmv1er2jkq7Vcqvt1tfX/WMajYZsbW11HNfr2u60WbXlN7gxlrRy5VI25VfkOfmMzCx58m7VkalJ5N0ogrwjhBBC4gV5BwBJMxfaNlstj/nbZg1p1kOedZNv9uq7zkmzhqjrIf30awU970KVd0Z1ndbfLqftBtO31eaQd2AHeQdW1FAHp2BOwNFlnV6FZ466Dvb4q+PjCDZbBV4U3SbQWrfNFrX3F+o14Fbepfzts04hK1Wv8m6h8rZMFpF3owjyjhBCCIkX5B0AJM18aGDFcsmTd+VOwRbVc24ldHxVk37ultjQ8yX9ebuQi/p+pWy+l5rf807bHqsVufiDErXpsubUWeQd2EHegRXb/vvSxeCGUtaq8sytp+lA+hWCIRFxJZsaUNHr/UVNlu2+bdYcUqH6+JW8f09ZCUu/5928OMW3ZerS+cR/mUH/IO8IIYSQeEHeAUDSqIEVS+VzslxyK++WS+mQjNOmwoYr43ptaQ1V7RnVcxHndUi+DtLGMe7AimDNbLac0qvuUn5bKnfwYyD6knYBcDpB3oEVv8JOmxjry7ic1i8uH/5UQR9W4YqxUi4VW7LVajVrT7swer+8+PJOL03WfjZ6DbwlS9602StzF6VQnJDS5ETiv8ygf5B3hBBCSLwg7wAgaeZCAyuWvW2zK+V0xxAKJdvCQs225TVcMVc1Hkt3Pj9lEXiWibTV0PX9bbNe5Z1f2GL0"
14:21:34.745 [Forwarding screenshot on session 9ff46c75-f860-4b6c-96bf-d1f3a31859fe to remote] DEBUG org.apache.http.wire - http-outgoing-123 &lt;&lt; "ile91/Vts+Y6lZ530A3kHVhRNxD3k4CU37tOH1BRzqe9qjVtCq2HP9yi4JYDx5Vstt533YgaatGxbVYTkfo2X33rbCmXlvnlpjSbTdncnBWncE4mi+ekjLwbSZB3hBBCSLwg7wAgaToq70qmvOu2dbajeq7bVFlD6qUjj7FX46UNcbji9eLrmDY7PSH58+kOSefoFXj6jjDVaiqf9tasTJsFO8g7sKL6vykRV9abauoVdrlg8EO4us0XeDF63nWbOtuLuBV4aliFf/MspPwbpVOZlWazabBYeUsKhbekNPmWOEXk3SiCvCOEEELiBXkHAEnj97wLDaxYKaeNijhbpZzxfKg6z1qVF6qmq9okoKUvnq3iTu+zt1oek9XL5yR/PuWLOH9NrFfi6etn1bpJa0eVtAuA0wnyDqwoCaffbJTM8/vgFYI9+/6oa+15fytqvnflXa1W8187jsTTe+PF2zabNoSjPzk3l5aSo8u7VZmdekty+bfkUvGslItviVM8l/gvM+ifuPLu/v37XYl7/lES5zzbMafhfR31+v3+tw4/rn6O+9/uqP8NCCHkTQvyDgCSZmG6KMuXc1Kdvigr0xekNn1eatNvS336balPTwTMTJg/T78t9Zm3vce1r9MT7uPasTX9Gh61bs8b579tHBe8h7eNY1cvT0g5NyaXstra2GjZ5Mk6tX1W7QwLrZ+TdgFwOkHegRW3t11QzlvKac009a2zxmScYCiE+uRAyb1ecq3RaEir1ZK1tbVYPe+uXr3qS744U2cdfxKuKR/LhZSUCxmZzGUknx+XXP6sFApnZbJwRsrFcSkXzp5yefdYdq/tyuPIY57J/s1rcu2aye7+vty81vn4tWvX5Nru487rPNuXm9duyv6z+O/v8a53vZv78uzwUJ7t37RfewD0I+/iPh4ln7rJqG7P9RJL/byv4xzX67xe76MfIXeUf1P4v+VxziGEEGIP8g4AkmZqMitThfMymTsnxey4FC6OSf5CRgrvpCV/ISX5C2nJn1ffpyR3PiV5hXrePy54Pnc+eMw9Ju2fn/PP1c9PSeGdtPFc7rz7mHs977h3guPV44ULabl0MbRjLW8WkOg/l7JehV5eq7xD3kEXkHdgxf0koNs22NCnCNoeftUfz6/E8yRZVMVdv1V3ilqt5lffra2tRcq7jl53BXPy7FQuI5P5MSnmz8il/BmZymWknD8jzuRZcS6dZnkXR4i58m73cbefXcmm/9zBswjR53Fz/1nwfkKPuTyW3T7l33E4rZV3UdIr6j11e+647yuuhLS9/35f8zj/reOe2+2/FyGEkO5B3gFA0lSmsuJMnpdy8ZyUC2elnB+Tcn5MnHxGG/6gDSDMpaSU7WztpK9XS/6x2qRXvchE9ZzLp4wCFaeoF6qYBSBlNcwxXNSiCTl9OEWwJdbsb1fW1tZqR5s7KJJts2AHeQdW9Kk4pdCnAeomU8qZAiy4iWo3vGy0vFOo19VFXi/W1tZkfX1dWq2WbG5u9uh5F4g7pxBUFap/mz+62xN8Ti4t5cIZKRfGxTn1Ayt6Vd91qbx7rFXGGYQEW4+Ku8e79kq9Z/s3DXmnS71u4u8kGUTlnXq8H+HVSy7Zjou7XbSX8DuKKOtVGXhcedfP492O6SUtkXeEENJfkHcAkDSVUlYqly6IUzwnTvGsOMUzUs6npVIMxJ0u3PzCjJxbdBK0ekqbazu9+CQXiDUnVMwRTIZNma/nb3UNjnc8+ea/j2LwuOr5HgygCESg/lxwTU0QFqi8g+4g78BKYP7THTc6YzBFzrwRuZ80mJ+KqJuYo90AHa9KL/ikxL1ZOfmUcYMzBkxk0+aNOq+9P3XjLmaMXnv+a+k3Z+8GrMqU9Rt86aIabKEq78alclrkXYzqN7uE615511lx90z2bwaizhVuu/LYKgjd63QTb6a861Z191h2r0VV/Xni0dt2289/r17y7qRkV5yEq+26PR/183G3ofZbiRf1fPhrP1V7/R5re08n9W8hhBDiBnkHAElTmcpKZfK8VCYnxCmOi1M4I+V8xl/Hqeo7fT2prw2dfCC//DVmPu2uIUOFJsY6Nrwu1deXoTWvsfOsEOxM89e63nklfY3ri7vgeV0q+iJQW+Mm7QLgdIK8Aysl9YmE6ncX+hRDfZJhija97DgoLy7pN1fv+FI2+MRDv/kaP6ubX1YrYc6b1/RvkuqTFf0GqR7XevGp1yxdVP8uc1twcFzG+7Tn7KmvvHu2f7OH3IquvNt9fCiHj3e9awTyruO6j3f981ypZ5Nx9tcyquue7cvN2D3wBifvRI7WG+0osi9O5VzU493e53Hl3VEEpk3e9fPe+olN4MUVq4g7QgiJH+QdACSNK+8uSNmrvHO3zWZC1XPm0Iegki3Uk13f7qoVnxjXyZvfq+o58zraa+f0gpBgrewUUtpjWqGKX7Wnybx8aF2rb71Va9wclXdgB3kHVoxPNYw+d6EKPF/SBX3vfAGmyTL1mJq644u/gv6pRHAjc3LajS8fusFmg08nyqrHnvbe1Ccz6v0E8k+vDtRu4lo1npNPS6WQ8f79Z8QpjktlcgR63h1Bbh0ehuTd7mMJV9514Am8ONtcH+9ek5s3Le9Nk3eD/O8SV96FRVBcERd1zbiPRx0b9T763braj5iMe0w/8u6oVY7HEYPIO0IIiR/kHQAkTWVKbZudcFsXFc+IU8gEVXdqDZhLWbapenItp8sw/bmUX4HnCz+tj7sTkmh+QUg+JU4+E2yR9SVgsNNr6qK7Hi2FKu06q/i0Fk2FjN8fPrwN2GHbLHQBeQdWgso386bmdGyfTYc+adBuiqoyrqAJslxws9NvgEqwlbQbWCl8/Y7+dF4VXdZ+k9alnZKF6lMPo09BTrvZ+jfxjJTzY+7AiuJoV97Z+9q51Wz7seSdu7W11zZdY+vrs33Zveltm328Kzf3nwXvU8m7x7veltzB/Hc5TuVdLznWb+Vd1LXiHNuPvNPfY9QxUef089pHFWz9iMJ+r62OQd4RQki8IO8AIGlU5Z0zeU7KxXExh1WYossx1ohd1pGFVMca1b4tNhWsNT3J5+iVeJpYK+VSnlDU1rT+mjnU007bllvWilECgafvHjN3uiXtAuB0grwDK05BL0kObWX1K+KC0mG9qk7JONVPwMkFW28NwaYq57Qbpb/tVt8KG74phj8ZUc9nVbWfKQ/97byFjHnjLGifzuifvBQzUs5l3D4LxVPU8+4wQsTZiDFEwq2887amhuSd+VrRks3snfdM9nf35XFHzzvvGK3yrtuwi5PgqJV36nH9q+28ozzejyA8zuvFfb7X+4t6b0eRd72q8fo9HjlHCCEnE+QdACSNmjZbmZyQcvGslHNjUtZ2RenbXB3te+NnbUeX3ifPqITrkIAZY12rhi6Ww+tX49xgjRr0fA8XtaTEEI16L3dj223akIFOAXkHdpB3YEW/ITnaJxJKhuk3yKB3XGdvPLeEOLjJldQ23FBPgHDZcvgxo9S5GPSzM/rmFdLBJyH54KZY1m+Y6lMZvdeBvrU3n5JKMdg2W35Nts0+3tX62BlyT+sp93i3Sx+7XtNsTXmnBKEuCo33aGyb7TWw4ugcpfIujnw6zvbPYco7/fpxjgv/+3q9Tq9/UxwZ1yvdKgipvCOEkJMN8g4AksbfNjs5IeWCmjabcQswtGILXYS568OgH7o/cLHg7bLKprTdVlrhRnhnmKqsywZVeP6aNBtav+oSUWsTpfdm1yViSe3yClXbhQWeGn5RyjGwAuwg78BKsMU1KCcOV7wZk3xCE2b9XgE5bXuqUQVnljk7mkjrGHJhGQveMS5c3Wj96T+ZQBQWtNcpqBtoyriB6hWG/i+CwpiUC2elcmnU5V0wXbZDqHWIM9tU2P7k3eNd91j/tZ7ty039mqGed9Hvf7jTZvXn9K/h83pdt9fxcbbFHmcrbtz3fVRJeFyZ2OtY2/WQd4QQMrgg7wAgaZS8q1xye96VC2eCyrS8ZS2ohJhWXWf0Os+npXwxEHeGfNMKSfTps7740wtNtIGKenumYCdZ8L7U+tdcuwbravVv0deiStzphStJuwA4nSDvwIp5M0obY7eD"
14:21:34.745 [Forwarding screenshot on session 9ff46c75-f860-4b6c-96bf-d1f3a31859fe to remote] DEBUG org.apache.http.wire - http-outgoing-123 &lt;&lt; "TwzM6ragZDlcOZfSbqwpvxTZ8c/Rhk7kzNfRt+QGN071XOexRvm0XvocunHqstH/pMUXiRnvfb8ePe/cSbI35WZ46mtsjtDz7rBzi65PXwMrBjttVk83qRRHrPWzlTOO+Ir7Hno9Fve1bdfpJTb7uX4//w37fV8IOkIIOX6QdwCQNEblnZo2m017rY+CajWzZZO2A0yvttPEWFARlzZEnC71jPZQ+voxq61jDekX7l0XFKAEwxy99Wou7fVX17/XCl/CPfyyVN6BHeQdWAkm+ATSS//kIbixpTsEnaM3Bw1vW9WGRAQTYs1PN4xGo0aFX+jnbHBT9YWiVonn5FMdffD8m7q+Xdb4BCflNUbNSDnvbpt1iqej8q6vfnfa1lijH503Lba/fnn9Vd4pOuSd/toD6nOn06+8I4QQQt7UIO8AIGkCeXdOnOJZcfJjUs5567KcJrfyoXVq3lyTGi2Y9F1hoS2v+mPu2rdz3amvV/V1pL9d1ib81BZd/Vq6INTX11r1n74dOGkXAKcT5B1YMW5moa9GSXA+dKPSPu1Q20+NUuCOibFa2bNRFefiVtzZPgHpvBmHb9L+TTWXMqYF6TdOvR9fcPNVU43G3F8cp0TeQX8g7wghhJB4Qd4BQNIY22aL4+IUz0gpl5ZKMRP0YFdrtqy2Vi2Ya0C9yEQVlYQr5IKhiKGqt4K2vtWLPTzBp147aB2l7TxT69hQfz6nkPJ7twftn9LGGjRYy6aRd9AV5B1Y0ffpG1N6Ora3BiKvbIi2QPj58i6fNj69KOfcx1XJc9C7LlQtZ5xjVuD5223zKfOmHb4Rh7bLlvSbv3djVzdNf6JRzut5d4qmzUJ8kHeEEEJIvCDvACBpKlNZqUyeF6fobZstnPF2RKnikVDLpmwqGDChrQlL/kRXTY7pBSLa2tUgG6w/zco4m6TT2zKZItCoBAxJxY6KPuO9B+vtpF0AnE6Qd2ClOjfpfsJxMRBpxk0qH7qp6dN21E3PEHnBFB73a2j0ttavzgldr6Rti7WN+g4Pt/DJhm7UetmzVm7tC0ZvGm6l6PW8K5yRcmFcKpeQd6MI8o4QQgiJF+QdACSNW3l3XpzJCXf3ky/vMkY1nb4WVAUiJa8veknbpRVsszXXrqrYxB9Uoe/C8otJ9Oq80DpYHy6R1Z7zB1/oa1tTGpa0FlK2Y0u5lCzPTSbuAuB0gryDrlTni+4Npeh92uDJLbNiTYm2QLDpN0J90ISx1VX/pMEfLBHIOHNbrBooEaqw0z+58Cvxgoo/vUKv5N/E9fcQvK7/VS9nLpyRcvH0T5sFO8g7QgghJF6QdwCQNLq8KxfGpZw/I2VVeWcMltCKR7RKOmurp/D2VLWNNRcuJvHWjYXQelBfV2pFKHof91I2bRSp+H3bw/JOW/ca7Z609XUVcQcRIO8ggi1ZnvUq8PRqOFVWrN9w/E88lGTTS3+1ffyasDP72mmVdcZN2ZRr4e/1ir7g5pgynjd+7uir51X2aTd4J5/x/g1K3lF5N4og7wghhJB4Qd4BQNL4AyuKSt6NiVNQPe/SUsqaO7uccF+5vPt8R5We3kLJaLkUWl/mUsbPfoFJeHutJt5MYadXBab896XeSzAd1z5Qg4o76AXyDsBCs9mUZrMpjUZD1tfXE/9lBv2DvCOEEELiBXkHAElTd2PSsgAAIABJREFUrValduWKrK+vS6PR8NdjSa8LAU4LyDsAC8i70Qd5RwghhMQL8g4AkgZ5BxAN8g7AAvJu9EHeEUIIIfGCvAOApEHeAUSDvAOwgLwbfZB3hBBCSLwg7wAgaZB3ANEg7wAsIO9GH+QdIYQQEi/IOwBIGuQdQDTIOwALyLvR5+nTpwAAABCTpH9vA8CbDfIOIBrkHYAF5B0AAAAAAMBwQN4BRIO8A7CAvAMAAAAAABgOyDuAaJB3ABaQdwAAAAAAAMMBeQcQDfIOwALyDgAAAAAAYDgg7wCiQd5BJEpgbWxsyPr6+hvD2tqa1Ot1qdVqsrq6mvgvMwAAAAAAgNeVxcVFqS4vy+rqqtRqNanX67K2tpb4unDQbGxs+LIy6bU/nG6Qd9CVq1evysbGhmxubkqz2ZStra03hs3NTdnc3JRGoyFra2uJ/zIDAAAAAAB4XVGVd2tra9JoNPz1WNLrwkHTbDZlc3NTNjY25OrVq4k7ADi9IO/ASrPZlI2NjcRvZsg7AAAAAACA15s3Vd7pbGxsUIEHXUHegRV1w0z6Boa8AwAAAAAAeL1B3m3568+kXQCcTpB3YOVNrrpD3gEAAAAAAAwP5J3LxsZG4i4ATifIO7Cyvr6e+I0LeQcAAAAAAPD6g7xzWV9fT9wFwOkEeQdWkHfIOwAAAAAAgGGAvEPeQTTIO7CCvEPeAQAAAAAADAPkHfIOokHegRXkHfIOAAAAAABgGCDvkHcQDfIOrCDvkHcAAAAAAADDAHmHvINokHdgZWDybnNDWquOtBbOS2v2jLRmUu7XhfPSWnVka3Oj97GLF2TryrRsNa8i76ArT58+BQAAgJgk/XsbAN5skHfIO4gGeQdWBiLvatPSmsm4Eq4rGdmqTcc7dm5cttar8V+/sSyV4pzU/McaslwpSmW5oR3XkOXKpMxeQd6NOk+fPhVCCCGE9A7yDgCSBnmHvINokHdgZRDyLlraHZV0zNd3RV2xWJTiXE22traksVxxf9aFXm1OJicnpVgsytwV5N0og7wjhBBC4gV5BwBJg7xD3kE0yDuwMkh5F34sSvD1e71IGstSKboCb65mCj3355rMFYuuvJu9QuXdiIO8I4QQQuIFeQcASWPIu/WarKzU5WpXebcp66tLsrS0JLXGlmxtrsvqkvtzNDVphAo8auoa/pqxJktLq7K+GTy2ub4a49ouq+vHE47IO+gG8g6sDFPeHZd+3kNjuWJsk20sV6RYWZZao+FX4k1WlmWDnncjD/KOEEIIiRfkHQAkTbjyrlFfkZW1q13kmSnXtjbXZXV1XTYj14Kbsr7qyrtGLZ6IW1pakqVao8u1Qu/hhEDeQTeQd2Dldaq8C7bHxkNtm52cnJTKYh15N6Ig7wghhJB4Qd4BQNJ0bpttyNrKiqxvuvLOqI4L06e86+85j0atp+iLfI/IOzgmyDuw8rpW3qmtscViaFBFbc7of8e02dEHeUcIIYTEC/IOAJImqudd922rnnDT5J3tWHcra0jQ9SvjGrUuVXhb/ntE3sEgQd6Bldep8k6nNlcMJJ3fA68iy42g/93kXA159xqAvCOEEELiBXkHAEkTyLu61KoLsri4aGyb7RBjerVdSN7px26ur3aVd1H96TpeMyzvQucj72DQIO/AyuhMm40v7wJx51XdGfJuy6++m5yclMrSBvJuxEHeEUIIIfGCvAOApOmovFu/4su7Rm1V1tdrsqRtjW3UtMq4I8q7Y1XeIe9gyCDvwMqwKu96Cb7jXs8m7oqVZfemHZZ33vRZv+fd3BXk3QiDvCOEEELiBXkHAEnTXd41pKa2x6pJsCGRd9Rts8epvLNJQuQdDBLkHVh5nSrvfHE3V9OEXTdckXdl1pV4k7MryLsRZVjy7v79+yd6HCGEEDLsIO8AIGm6yjtLxVtHVdzQK+82ZX11CXkHQwV5B1Zet8o7Kx2Vd9rNV+t5V529lPgvs4Bnsn/zmuw+Dh57tn9Trl27ZrL7ODjn8W7n8z24uf/Me61deXwYei3v2o931XG93/fj3R6vqb/fEyKOvLt//35P4lwj6ufw48d5LUIIIWQQQd4BQNLY5d2GrK+uyvpmIMzciruG1PyKuq2jTZvtt/Iu9NxSrSGNml7ZdzJrZuQddAN5B1Zep8q748q701V510XehWVdlAx7ti83b+7Lsy7XM3i8K9e6HNtN3nWKuk4BGFf6HYejVN7FlXX9CDhd2h3l9QghhJBBB3kHAEljyLv1mqwsrsjKyoor7tR22c2wjPOq3zbXZbVHFZ0xnXZrq//Kuy3tdUJTZ5XEo/IOBgnyDqy8XpV3NZmL3Cpr4ve8m6zIYv30yLtuUqxDolnkXc/KNx1f1gXn7j4+dKVf5Lm6pOsmBZ/J/s2bsv9s8P+9BiXvup0Tp+LuJF6PEEII"
14:21:34.746 [Forwarding screenshot on session 9ff46c75-f860-4b6c-96bf-d1f3a31859fe to remote] DEBUG org.apache.http.wire - http-outgoing-123 &lt;&lt; "Oekg7wAgaXR5V1+pSr2xKZubG1LrJeRqjYFX3ik5txT5Gp1baZF3cJIg78AKlXcjUnn3bF9uXgvJMF2y2ba4RlXeGZV2JmFJGL1t1nLdWNLPfp1u7ymKYcq7qPPC8o5ts4QQQk5bkHcAkDQd22a99dhJr0lPO8g76AbyDqwg70ZA3tnEXReOUnkXnGOXa33LO5uAe7YvN0dI3sXpkRcWcTZ5Z3s95B0hhJCkgrwDgKRB3iHvIBrkHVgZmrybHYsv6roc+2bJu8eyq1XVWYdVeHTtY9f36+3K455bZsODJyLknV7511PeHZ1hDKzoZ6AF8o4QQshpDfIOAJIGeYe8g2iQd2BlYPJufkK2ajOydXXNfP7qmmzVZqQ1PxGIuZjHDuKmeRrlnV49F4g5T64Zxz6W3VBF3tF73nVe3++BdxhVfTca8i6cfgRarwEV4Z+Rd4QQQk5rkHcAkDTIO+QdRIO8AyuDkHdbVy7L1lazx3FN97h+jn1D5J1L5yCI/nrR9UtY3nWfOGtOvX295V03ERdn2izyjhBCyGkL8g4AkgZ5h7yDaJB3YGUg8m6EGCV5p7bS7j4OCzSXqK21vavvdHnX2X9Ol3emNPSOvXZNrl27Kfv7gbwz3uMIyjubsOtWbWd7rFs/POQdIYSQpIK8A4CkQd4h7yAa5B1YQd6Nkrw7DCbMhsSd7VxfsD3e9Y73RJvt3Me73sAKr9de+Bhjiqy7Vdffoqtvv1WVd+FJuCM4sCLO8Uc9jhBCCEkiyDsASBrkHfIOokHegRXk3ejIOyXLdh+b3+vnqcdv7j+TZ8/C8s48xn9MiTtf4B3vvYffm6oIjN7iOzh5d5TJsf1cR38+6lxCCCEk6SDvACBpkHfIO4gGeQdWkHenT94F21935bG2LdU2VVYXcY93O6fAqmq5TnEWVOc93tWGXvQ9bbbzvUQNtoiuGDwaR6m8I4QQQt7EIO8AIGmQd8g7iAZ5B1aQd6dP3kF/IO8IIYSQeEHeAUDSIO+QdxAN8g6sIO+Qd6MO8o4QQgiJF+QdACQN8g55B9Eg78AK8g55N+og7wghhJB4Qd4BQNIg75B3EA3yDqysr6+/0aytrUm9XpdarSarq6uJ/zKD/kHeEUIIIfGCvAOApFlcXJTq8rKsrq5KrVaTer0ua2tria8LkyBpFwCnE+QdWKHyjsq7UQd5RwghhMQL8g4AkqY6e0lqc0VZXyhIYyEnzcWcNBcvSmspK62li6NLtShbjVUq7+DYIO/ACvIOeTfqIO8IIYSQeEHeAUDSVBcuS23xsqxXp6WxMi3NKy6t2oizWpbWcg55B8cGeQdWkHfIu1EHeUcIIYTEC/IOAJLGlXcVWV++LI3qZWmuurSuvAYsXUTewbFB3oEV5B3ybtRB3hFCCCHxgrwDgKSpLlQ8eVeRRrUizVWX1pXXAOQdnADIO7CCvEPejTrIO0IIISRekHcAkDTV+YrUFhxZX3KkUS1Lc8Wlteq4W09HGeQdnADIO7CCvEPejTrIO0IIISRekHcAkDTVeUdqC2VZXyq78q7ZlOZKyRNgpe60Wub3OrZj4xL1mv2CvIMTAHkHVpB3yLtR5+nTpwAAABCTpH9vA8CbTSDvStJYLrnyrjolrZWStFamutNq9f6+17lxjj0OyDs4AZB3YAV5h7wDAAAAAAAYBtX5stQWpmR9aUoajYY0q5ek2WxKa+WStFYmu9Nq9f4+fHwvol7vKCDv4ARA3oEV5B3yDgAAAAAAYBhU50pSm5+S9fV1aSxNSnN5UprLRXd9Wi12El7DVkPHRp0X/j7OeccBeQcnAPIOrCDvkHcAAAAAAADDoDo3JbUrV2R9YVIai0V32+xSXlrLBXeNupy3o56zHaPWt7bHouj2WkcFeQcnAPIOrCDvkHcAAAAAAADDoFqtSm1+UtYXitJYLHjyLucJsFywVl3OmdgeO20g7+AEQN6BFeQd8g4AAAAAAGAYVGenpDbnybuFvCvvFrPSWspJaynbnVYr+GrDdnwvol7vSCDv4Pgg78AK8g55BwAAAAAAMAyqs5ekNluQ9fm8NBZyrrxbeEdaixeltfhOd9QaVn0ffi7q3GGBvIMTAHkHVpB3yDsAAAAAAIBhUJ2d9ORdThoLWU/eXfAE2IVO9PVr+HH9a7dzemF7zaOCvIMTAHkHVpB3yDsAAAAAAIBhUJ0pSm02L+tzWWnMv+PKu/m3pbVwXloLb3en1Yr3WD/nnzTIOzgBkHdgBXmHvAMAAAAAABgGrrzLyfrcRWnMX9Dk3dvSWpjoTqtl/zn8eLdzun1/kiDv4ARA3oEV5B3yDgAAAAAAYBhUZ4pSm8nJ+uxFacydd+Xd3IS05iekNX/Ojlq/hr+3Pa8/Fvf5kwJ5BycA8g6sIO+QdwAAAAAAAMOgOlOQ2sxFWZ+9II25t6U5f06ac29Ja/4tac2fHW2Qd3ACIO/ACvIOeQcAAAAAADAMqjP5QN7NTkhz7i1pzp6V1txZac2NjzbIOzgBkHdgBXmHvAMAAAAAABgGrrx7R9Znz0tj9pwn75QAOzPaIO/gBEDegRXkHfIOAAAAAABgGFSn81KbfkfWZ85LY+acNGffkubMuLRmx6U1e2Z0mTsrraV3kHdwbJB3YAV5h7wbdZ4+fQoAAAAxSfr3NgC82VRnL0ltrijrCwVpLOSkuZiT5uJFaS1lpbV0cXRZLshWYxV5B8cGeQdWkHfIu1Hn6dOnQgghhJDeQd4BQNJUq1WpXbkia2tr0mg0/PVY0uvCYYO8g24g78AK8g55N+og7wghhJB4Qd4BQNIg75B3EA3yDqwg75B3ow7yjhBCCIkX5B0AJA3yDnkH0SDvwAryDnk36iDvCCGEkHhJQt69ePFC9vb25NatW/KVr3xF3nvvPdnZ2ZEvfelLcuvWLdnb25MXL14k/vcEAAwH5B3yDqJB3oEV5B3ybtRB3hFCCCHxMkx59+LFC7l7965sb29Lu92OZHt7W3Z3d5F4AG8AyDvkHUSDvAMryDvk3aiDvCOEEELiZVjy7smTJ3L9+nVpt9uys7Mjd+7ckY8++ki+973vyaeffiqvXr2Sg4MD+eijj+TOnTuys7Mj7XZbrl+/Lk+ePEn8bwsAGBzIO+QdRIO8AyvIO+TdqIO8I4QQQuJlGPLuwYMHfrXdBx98IM+fP+95zvPnz+WDDz7wq/AePHiQ+N8XADAYkHfIO4gGeQdWkHfIu1EHeUcIIYTEy6Dl3cOHD30Bt7+/3/f5e3t7vvh7+PBh4n9jAMDJg7xD3kE0yDuwgrxD3o06yDtCCCEkXgYp716+fOlvlT2KuFPs7e35W2jpgQfw+oG8Q95BNMg7sIK8Q96NOkeRd/fv3x/YOUe5NiGEEDKMDFLe3bt3T9rttty+ffvY17p9+7a02225d+9e4n9nAMDJgrxD3kE0yDuwgrxD3o06veTd/fv3Y9PrOlE/hx8/6usQQgghg8qg5N3BwYFsb2/Lzs6OvHz58tjXe/nypezs7Mj29rYcHBwk/rcGAJwcyDvkHUSDvAMryDvk3ajTT+WdLtb0r92O7UfARV0TYUcIIeQ0ZFDyTm11PclKOVXJt7e3l/jfGgBwciDvkHcQDfIOrCDvkHejTlx5pwu0bt/HOT9OxV3UaxNCCCFJZVDy7tatW9Jut+Xjjz8+sWt+/PHH0m635datW4n/rQEAJwfyDnkH0SDvwAryDnk36sTdNht+rNcxca5juybbZgkhhJzWDEre3bhxQ9rt9olucT04OJB2uy03btxI/G8NADg5kHfIO4gGeQdWkHfIu1Gnn8q7uCLtKH3yorbkHqXSjxBCCDnpDEre7ezsSLvdllevXhmPt9vtvtDPffXqlbTbbdnZ2Un8bw0AODmQd8g7iAZ5B1aQd8i7Ueco02ZF+pNocY5F3hFCCDntGbS8+/TTT43HkXcAEAZ5h7yDaJB3YAV5h7wbdY4i7/oVd3H62CHvCCGEnPYMetvss2fPTuyabJsFeD1B3iHvIBrkHVhB3iHvRp24Pe/62QKrn6t/1a/X61jkHSGEkNOWURpY8ejRIwZWALyGIO+QdxAN8g6sIO+Qd6POoCrvbMKu1+AL/bFu"
14:21:34.746 [Forwarding screenshot on session 9ff46c75-f860-4b6c-96bf-d1f3a31859fe to remote] DEBUG org.apache.http.wire - http-outgoing-123 &lt;&lt; "/fCQd4QQQpLKoOTd3t6etNttuXfv3old8969e9Jut2Vvby/xvzUA4ORA3iHvIBrkHVhB3iHvRp1ByLs4ku44xxFCCCFJZFDy7uDgQLa3t2VnZ0devnx57Ou9fPlSdnZ2ZHt7+0Qn2AJA8iDvkHcQDfIOrCDvkHejTj/yrteU2bjnRk2b7XYuIYQQknQGJe8OD4NKuTt37hz7Wnfu3DnxSj4AOB0g75B3EA3yDqwg75B3o85Rp80SQgghb1oGKe9evHgh7733nrTbbdnf3z/ydfb396Xdbst7770nL168SPzvDAA4WZB3yDuIBnkHVpKRdw2pTi9I3f/+kly6FM10tSFbW3VZuKTOU9RlwXbOQj3yPdQX3Gsi70Yf5B0hhBASL4OUd4eHh/Lw4UNpt9uyvb19JIG3v78v29vb0m635eHDh4n/jQEAJw/yDnkH0SDvwEpilXf1BbnUIeK052zyrdGQenVaLl2almpDl3fmdRrV6R7yri4L3jWQd6MP8o4QQgiJl0HLu8PDQ3nw4IEv4G7fvi3Pnz/vec7z58/lww8/9MXfgwcPEv/7AgAGA/IOeQfRIO/ASpLbZhvVaa+iTn+8IdVpXc7Zz/PlXH1BLk1XpREh7xrVaWs139TUlP91ampKSqVS4r/MoH+Qd4QQQki8DEPeHR4eypMnT+T69evSbrdlZ2dH7t27J48ePZKDgwP57LPP5LPPPpODgwN59OiR3Lt3T3Z2dqTdbsv169flyZMnif9tAQCDA3mHvINokHdg5bT1vNNF20K9l+xzt8x2CMBGVaaVpAuJvXClHpV3ow/yjhBCCImXYcm7w0O3B97du3f9Krwotre35e7du/S4A3gDQN4h7yAa5B1YSULe1RdU9Vto22x9QaarVXdLa90VcLrAazSqbn+7hXp3cReJ2V+PyrvXA+QdIYQQEi/DlHeKFy9eyN7enty6dUtu3Lgh7777rrz77rty48YNuXXrluzt7SHtAN4gkHfIO4gGeQdWkqu8C/Wq87e/Bv3o3L544S202vN9vZ4Sd6YwNCvvqon/MoP+Qd4RQggh8ZKEvAMA0EHeIe8gGuQdWDkN8q5Rnda2t4bkXK/BFhETaoOqPVfcLdTNybRU3r0eIO8IIYSQeEHeAUDSIO+QdxAN8g6sJC7vOgZOdFbWmb3uzOfrC5atsyHhV19QIq9zMi2Vd6MP8o4QQgiJF+QdACQN8g55B9Eg78BK4vLO+njEttgO2edW1fkCz7rVVr82lXevG8g7QgghJF6QdwCQNMg75B1Eg7wDK4nJu0ZVpvuWdyFRF3rcOgSjhzCk8m70Qd4RQggh8YK8A4CkQd4h7yAa5B1YSUTe6b3qjCq6OMLPNsAi1O+u6zV7yLsri4n/MoP+efr0KQAAAMQk6d/bAPBmg7xD3kE0yDuwkoS8C3rQud9HDZ3wWai7xy7UZWvLG3LRrdKuUZVp7bxoebchy9NsmwUAAAAAABg0yDvkHUSDvAMryfW8Ox2Y22bXEv9lBgAAAAAA8LqCvEPeQTTIO7CCvEPeAQAAAAAADAPkHfIOokHegRXkHfIOAAAAAABgGCDvkHcQDfIOrCDvkHcAAAAAAADDAHmHvINokHdgBXmHvAMAAAAAABgGyDvkHUSDvAMryDvkHQAAAAAAwDBA3iHvIBrkHVhB3iHvAAAAAAAAhgHyDnkH0SDvwAryDnkHAAAAAAAwDJB3yDuIBnkHVpB3yDsAAAAAAIBhgLxD3kE0yDuwgrxD3gEAAAAAAAwD5B3yDqJB3oEV5B3yDgAAAAAAYBgg75B3EA3yDqwg75B3AAAAAAAAwwB5h7yDaJB3YAV5h7wDAAAAAAAYBsg75B1Eg7wDK8g75N2o8/TpUwAAAIhJ0r+3AeDNBnmHvINokHdgBXmHvBt1nj59KoQQQgjpHeQdACQN8g55B9Eg78AK8g55N+og7wghhJB4Qd4BQNIg75B3EA3yDqwg75B3ow7yjhBCCIkX5B0AJA3yDnkH0SDvwAryDnk36iDvCCGEkHhJQt69ePFC9vb25NatW/KlL31JdnZ25L333pOvfOUrcuvWLdnb25Pvf//7if89AQDDAXmHvINokHdgBXmHvBt1kHeEEEJIvAxT3r148ULu3r0r29vb0m63I9ne3pa7d+/KixcvEv+7AgAGC/IOeQfRIO/ACvIOeTfqIO8IIYSQeBmWvHvy5Ilcv35d2u227OzsyJ07d+Sjjz6Sg4MDefXqlXz66afyve99Tz766CO5c+eO7OzsSLvdluvXr8uTJ08S/9sCAAYH8g55B9Eg78AK8g55N+og7wghhJB4GYa8e/DggV9t98EHH8jz5897nvP8+XP58MMP/Sq8Bw8eJP73BQAMBuQd8g6iQd6BFeQd8m7UQd4RQggh8TJoeffw4UNfwO3v7/d9/v7+vi/+Hj58mPjfGABw8iDvkHcQDfIOrCDvkHejDvKOEEIIiZdByruXL1/6W2WPIu4Ue3t7/hZaeuABvH4g75B3EA3yDqwg75B3o05ceXf//v2BPt/vcYQQQsiwM0h5d+/ePWm323L79u3I49SQiqhjbt++Le12W+7du5f43xkAcLIg75B3EA3yDqwg75B3o04/lXdRYq1fedftePX4/fv3u0IIIYQkkUHJu4ODA9ne3padnR15+fJl5LFx5N3Lly9lZ2dHtre35eDgIPG/NQDg5EDeIe8gGuQdWEHeIe9GneNsm9VFmk3O9SPgdGkX9TqEEEJIUhmUvFNbXeNUysWRd4eHQSXf3t5e4n9rAMDJgbxD3kE0yDuwgrxD3o06veRdlHyLkne260Qdh7wjhBBy2jMoeXfr1i1pt9vy8ccf9zw2rrz7+OOPpd1uy61btxL/WwMATg7kHfIOokHegRXkHfJu1Om38q6bsIsj7+Jsu2XbLCGEkNOaQcm7GzduSLvdjrXFNa68Ozg4kHa7LTdu3Ej8bw0AODmQd8g7iAZ5B1aQd8i7UWcQ8q7XllmbiLPJu16vQwghhAwzg5J3Ozs70m635dWrV8bjStTFRT/31atX0m63ZWdnJ/G/NQDg5EDeIe8gGuQdWEHeIe9GnTjyLq6wi3N+r2OQd4QQQk5rBi3vPv30U+Nx5B0AhEHeIe8gGuQdWEHeIe9GnbiVd0eVar0GVHS7PvKOEELIacugt80+e/as57FsmwV4s0HeIe8gGuQdWEHeIe9GnX62zXYTbrbn9MdsW2p7HYu8I4QQctoySgMrHj16xMAKgNcQ5B3yDqJB3oEV5B3ybtQ5TuWd7Xnbz92GTfQj/PTrEEIIIUlkUPJub29P2u223Lt3r+exceXdvXv3pN1uy97eXuJ/awDAyYG8Q95BNMg7sIK8Q96NOv32vLP9HH4szvHHOY4QQghJIoOSdwcHB7K9vS07Ozvy8uXLyGPjyLuXL1/Kzs6ObG9vx5pgCwCjA/IOeQfRIO/ACvIOeTfq9JJ3cURdnIq4uNNm474HQgghZNgZlLw7PAwq5e7cuRN5XBx5d+fOndiVfAAwWiDvkHcQDfIOrCDvkHejTj897wghhJA3OYOUdy9evJD33ntP2u227O/vH/k6+/v70m635b333pMXL14k/ncGAJwsyDvkHUSDvAMryDvk3aiDvCOEEELiZZDy7vDwUB4+fCjtdlu2t7ePJPD29/dle3tb2u22PHz4MPG/MQDg5EHeIe8gGuQdWEHeIe9GHeQdIYQQEi+DlneHh4fy4MEDX8Ddvn1bnj9/3vOc58+fy+3bt33x9+DBg8T/vgCAwYC8Q95BNMg7sIK8Q96NOsg7QgghJF6GIe8ODw/lyZMncv36dWm327KzsyP37t2TR48eycHBgXz22Wfy2WefycHBgTx69Eju3bsnOzs70m635fr16/LkyZPE/7YAgMGBvEPeQTTIO7CCvEPejTrIO0IIISRehiXvDg/dHnh37971q/Ci2N7elrt379LjDuANAHmHvINokHdgBXmHvBt1kHeEEEJIvAxT3ilevHghe3t7cuvWLblx44a8++678u6778qNGzfk1q1bsre3J9///vcT/3sCAIYD8g55B9Eg78AK8g55N+og7wghhJB4SULeAQDo"
14:21:34.748 [Forwarding screenshot on session 9ff46c75-f860-4b6c-96bf-d1f3a31859fe to remote] DEBUG org.apache.http.wire - http-outgoing-123 &lt;&lt; "IO+QdxAN8g6sIO+Qd6MO8o4QQgiJF+QdACQN8g55B9Eg78AK8g55N+og7wghhJB4Qd4BQNIg75B3EA3yDqwg75B3ow7yjhBCCIkX5B0AJA3yDnkH0SDvwAryDnk36iDvCCGEkHhB3gFA0iDvkHcQDfIOrCDvkHejztOnTwEAACAmSf/eBoA3G+Qd8g6iQd6BFeQd8g4AAAAAAGAYIO+QdxAN8g6sIO+QdwAAAAAAAMMAeYe8g2iQd2AFeYe8AwAAAAAAGAbIO+QdRIO8AyvIO+QdAAAAAADAMEDeIe8gGuQdWEHeIe8AAAAAAACGAfIOeQcH341kAAAgAElEQVTRIO/ACvIOeQcAAAAAADAMkHfIO4gGeQdWkHfIOwAAAAAAgGGAvEPeQTTIO7CCvEPeAQAAAAAADAPkHfIOokHegRXkHfIOAAAAAABgGCDvkHcQDfIOrCDvkHcAAAAAAADDAHmHvINokHdgBXmHvAMAAAAAABgGyDvkHUSDvAMryDvkHQAAAAAAwDBA3iHvIBrkHVhB3iHvAAAAAAAAhgHyDnkH0SDvwAryDnkHAAAAAAAwDJB3yDuIBnkHVpB3yDsAAAAAAIBhgLxD3kE0yDuwgrxD3gEAAAAAAAwD5B3yDqJB3oEV5B3yDgAAAAAAYBgg75B3EA3yDqwg75B3AAAAAAAAwwB5h7yDaJB3YAV5h7wDAAAAAAAYBsg75B1Eg7wDK8g75B0AAAAAAMAwQN4h7yAa5B1YQd4h7wAAAAAAAIYB8g55B9Eg78AK8g55BwAAAAAAMAyQd8g7iAZ5B1aQd8g7AAAAAACAYYC8Q95BNMg7sIK8Q94BAAAAAAAMA+Qd8g6iQd6BFeQd8g4AAAAAAGAYIO+QdxAN8g6sIO+QdwAAAAAAAMMAeYe8g2iQd2AFeYe8AwAAAAAAGAbIO+QdRIO8AyvIO+QdAAAAAADAMEDeIe8gGuQdWEHeIe8AAAAAAACGAfIOeQfRIO/ACvIOeQcAAAAAADAMkHfIO4gGeQdWkHfIOwAAAAAAgGGAvEPeQTTIO7CCvEPeAQAAAAAADAPkHfIOokHegRXkHfIOAAAAAABgGCDvkHcQDfIOrCDvkHcAAAAAAKOA/F9/F06Al7+eSuz/IfIOeQfRIO/ACvIOeQcAAAAAMArI//k/wQmAvEse5B10A3kHVpB3yDsAAAAAgFFA/uWvwgmAvEse5B10A3kHVpB3yDsAAAAAgFFA/vB/hBMAeZc8yDvoBvIOrCDvkHcAAAAAAKOAfOtXkkfE/n0/5yUM8i55kHfQDeQdWEHeIe8AAAAAAEYB+d//h+Ej0t/Pca+TIMi75EHeQTeQd2AFeYe8AwAAAAAYBeQPfnH4iET/HHVeryTx7/mDX0TenQKQd9AN5B1YQd4h7wAAAAAARgH5/f9u+PSTXtdJ4v1bQN4lD/IOuoG8AyvIO+QdAAAAAMAoIN/8m8ki0v/x3ZLgvwN5lzzIO+gG8g6sIO+QdwAAAAAAo4D87n+TLCLJnHvCIO+SB3kH3UDegRXkHfIOAAAAAGAUkP9tM1m6Je5xcc4dAsi75EHeQTeQd2AFeYe8AwAAAAAYBWR3IzlEzK/hx49ybkIg75IHeQfdQN6BFeQd8g4AAAAAYBSQe/XkEOn8Xn+sn/O6/TwkkHfJg7yDbiDvwAryDnkHAAAAADAKyDdWk0Ek3mO2Y/7/9u5lR44rz/O8pBRSJFUpRjDczElISmZKoiRS1CWlZyqgqmfJV5ht9fSgVt0zmCkgH6GBqRco9KT2syk0IFUJrU3N1C1LC6E2NgsPMzuX/7lfzNzje4APSAY93M2OnesvzD3Mx83/jvn+Rgjvtkd4BxfCO4gI7wjvAAAAgHMw/Z8f9TdN9r/nr6l/9z3GfB7pezoivNse4R1cCO8gIrwjvAMAAADOwfR//HY7c6n1f77vaYzwbnuEd3AhvIOI8I7wDgAAADgH0//+a1RAeLc9wju4EN5BRHhHeAcAAACcg+l/ew8VEN5tj/AOLoR3EBHeEd4BAAAA52D6L09QAeHd9gjv4EJ4BxHhHeEdAAAAcA6m/3xEBYR32yO8gwvhHUSEd4R3AAAAwDmY/vOACgjvtkd4BxfCO4gI7wjvAAAAgHPw//7Pr6GSra4h4R3hHfwI7yAivCO8AwAAAIAeCO8I7+BHeAcR4R3hHQAAAAD0QHhHeAc/wjuICO8I7wAAAACgB8I7wjv4Ed5BRHhHeAcAAAAAPRDeEd7Bj/AOIsI7wjsAAAAA6IHwjvAOfoR3EBHeEd4BAAAAQA+Ed4R38CO8g4jwjvAOAAAAAHogvCO8gx/hHUSEd4R3AAAAANAD4R3hHfwI7yAivCO8AwAAAIAeCO8I7+BHeAcR4R3hHQAAAAD0QHhHeAc/wjuICO/08O5f/uVfNp/QAAAAAODS/PM///P07KOPCO8I7+BBeAcR4Z0e3n377bebT2oAAAAAcGn+7//236ZnH300fUp4R3gHJ8I7iAjv9PDuz//8zzef1AAAAADg0vzpn/7p9PGzZ4R3hHfwILyD6C6Hd7/73e+m3/3ud0t49/Kzz6bnz59Pf/mXf7n5xAYAAAAAl+J//U//afrwgw+mj589m54/fz69VMK7eV+29f6Q8A57QHgHEeHd76Yvv/zyFN69fDk9f/58+vjZs+l/+g//Yfr222+nn376afOJDgAAAADOzU8//TT94Q9/mP7sz/5s+u1vfjN9+OGHa3j38uX0xRdfTF9++SXhHaAgvIOI8O50592XX345ff7y5fTi+fPpk48/nj768MPpg9/+dnr69On06/ffn95/773Fe+++CwAAAAAQqHunX7///vT06dPpg9/+dvroww+nTz7+eHrx/Pn0+cuX05dffsmdd4CB8A4iwjslvPv88+mzFy+m559+On387Nn0oRLgPf31r6dfv/8+AAAAACDC01//egnulrvuPv10+uzFi+nzzz8nvNtBHoD9IbyD6C6Hd2qIp/7SihcvXkyffPzx9EwJ8H77m99Mv3n6dPrN06enMA8AAAAAYJn3Tb/9zW+W4O7Zs2enu+5evNB+WcVdC+0I7xBCeAcR4d3X9t13t7+44pOPP54+fvZs+ujDD6cPP/xw+vCDD6YPbn0IAAAAANBo+6UPP5w+ur3j7pOPP56eP38+ffbZZ9Zdd1vvBwnvsCeEdxDd9fBuvkVb+62zL18ud+B9+sknS4g3e/bRRyfPngEAAAAAnj1b9knq3umTjz+ePv3kk+WOu/kXVahvl72LAR7hHVwI7yC66+GdGuLNd9998cUXyx14n714Mb14/nx6fuvTTz+dPv300+k5AAAAAECz7Jdu908vnj+fPrsN7j7//PPlN8ze5bvuCO/gQ3gHEeHd18ukMQd4Zoj3+cuX08uXL6eXn312CvQAAAAAAE4vPzvdZff5y5dWaKcGd3c1wCO8gwvhHUSEd3aAp4V4X3wxfQEAAAAAyPLlF19ood1dD+6+/prwDm6EdxAR3rkDPDXE+0r5KREAAAAAIMC4047gjvAOYYR3EBHe2dSJRJ1ktDAPAAAAACAy91HSXusuI7yDC+EdRIR3fq5JBwAAAAAgYx/lR3gHF8I7iAjvAAAAAADoh/AOLoR3EBHeAQAAAADQD+EdXAjvICK8AwAAAACgH8I7uBDeQUR4BwAAAABAP4R3cCG8g4jwDgAAAACAfgjv4EJ4BxHhHQAAAAAA/RDewYXwDiLCOwAAAAAA+iG8gwvhHUSEdwAAAAAA9EN4BxfCO4gI7wAAAAAA6IfwDi6EdxAR3gEAAAAA0A/hHVwI7yAivAMAAAAAoB/CO7gQ3kFEeAcAAAAAQD+Ed3AhvIOI8A4AAAAAgH4I7+BCeAcR4R0AAAAAAP0Q3sGF8A4iwjsAAAAAAPohvIML4R1EhHcAAAAAAPRDeAcXwjuICO8AAAAAAOiH8A4uhHcQEd4BAAAAANAP4R1cCO8gIrwDAAAAAKAfwju4EN5BRHgHAAAAAEA/hHdwIbyDiPAOAAAAAIB+CO/gQngHEeEdAAAAAAD9EN7BhfAOIsI7AAAAAAD6IbyDC+EdRIR3AAAAAAD0Q3gHF8I7iAjvAAAA"
14:21:34.748 [Forwarding screenshot on session 9ff46c75-f860-4b6c-96bf-d1f3a31859fe to remote] DEBUG org.apache.http.wire - http-outgoing-123 &lt;&lt; "AADoh/AOLoR3EBHeAQAAAADQD+EdXAjvICK8AwAAAACgH8I7uBDeQUR4BwAAAABAP4R3cCG8g4jwDgAAAACAfgjv4EJ4BxHhHQAAAAAA/RDewYXwDiLCOwAAAAAA+iG8gwvhHUSEdwAAAAAA9EN4BxfCO4gI7wAAAAAA6IfwDi6EdxAR3gEAAAAA0A/hHVwI7yAivAMAAAAAoB/CO7gQ3kFEeAcAAAAAQD+Ed3AhvIOI8A4AAAAAgH4I7+BCeAcR4R0AAAAAAP0Q3sGF8A4iwjsAAAAAAPohvIML4R1EhHcAAAAAAPRDeAcXwjuICO8AAAAAAOiH8A4uhHcQEd4BAAAAANAP4R1cCO8gIrwDAAAAAKAfwju4EN5BRHgHAAAAAEA/hHdwIbyDiPAOAAAAAIB+CO/gQngHEeEdAAAAAAD9EN7BhfAOIsI7AAAAAAD6IbyDC+EdRIR3AAAAAAD0Q3gHF8I7iAjvAAAAAADoh/AOLoR3EBHeAQAAAADQD+EdXAjvICK8AwAAAACgH8I7uBDeQUR4BwAAAABAP4R3cCG8g4jwDgAAAACAfgjv4EJ4BxHhHQAAAAAA/RDewYXwDiLCOwAAAAAA+iG8gwvhHUSEdwAAAAAA9EN4BxfCO4gI7wAAAAAA6IfwDi6EdxAR3gEAAAAA0A/hHVwI7yAivAMAAAAAoB/CO7gQ3kFEeAcAAAAAQD+Ed3AhvIOI8A4AAAAAgH4I7+BCeAcR4R0AAAAAAP0Q3sGF8A4iwjsAAAAAAPohvIML4R1EhHcAAAAAAPRDeAcXwjuICO8AAAAAAOiH8A4uhHcQEd4BAAAAANAP4R1cCO8gIrwDAAAAAKAfwju4EN5BRHgHAAAAAEA/hHdwIbyDiPAOAAAAAIB+CO/gQngHEeEdAAAAAAD9EN7BhfAOIsI7AAAAAAD6IbyDC+EdRIR3AAAAAAD0Q3gHF8I7iAjvAAAAAADoh/AOLoR3EBHeAQAAAADQD+EdXAjvICK8AwAAAACgH8I7uBDeQUR4BwAAAABAP4R3cCG8g4jwDgAAAACAfgjv4EJ4BxHhHQAAAAAA/RDewYXwDiLCOwAAAAAA+iG8gwvhHUSEdwAAAAAA9EN4BxfCO4gI7wAAAAAA6IfwDi6vffP+axMAAAAAAACA/SG8AwAAAAAAAHaK8A4AAAAAAADYqdceP348jeNYxVFydDlOx+NxenzraHj8+PH05MmTs/b48ePT+T0+nc85ndM4jssxh9RpF3Yb8Hl8XOv0eDRe7/Y517+nPXfUa0senxwr9SdvPXr6VJXzexyS3x6q1IVyvqd/N7iu4jnH14NkPl7fNZb+rV/3uu3ZVx9S/RyPx+nJ48fTk9vzkcZwaUxvZ60fXx2621L6dYxqG0Z7qnGueltv38/C80BgnKh9nU2jfu1bjLmu61nzuprnac5j6ri31H2NOjTnleL2cMbMMWzr46lAWzts3Jdmh8Oh6fMnrZMurF1b8/UOjqllu45qA862kL4eWuvZHpfZcxSeH3sO65yHYUjuG1IOMR/zei4t1i2J5ymeu+O8jsf1fLzjWtxrtTzXYRisr5l177pOZpv2XefXhmGYDodDtME0qAbLaBpN4+lP8/s2aGC1uQeB7Y8tpwG6aG1jGIx2YbcJl7i2YtfjOI5Jr+N9bes15dd2G6ZhiO9Paf3Lrk+rzsRzaTypaZP7Mfvc4+tDOaelvbU/z6gFzqgu5Pxjw3wND4e0fpLdn4LtPOJ8ze9f/h3XNyyeY2xRJ2pd+8bi07WTA46t2tk8tqr1fToXu5/U7IOnOul5/jltwxgnK9XHMBzi+4arjY/12rTaZoOvXdSflHq8bXd6e7gM3nF9B8dXuobzzQtR11/oTzXHlirrgsAaKeXct75mtOc47Dn0cZ89x2XuOU7zbZ3AVF8z6tfTNUba7bPNtRSvrbW2sf/uWpe3W6fq6yu1vg6Hw/Tw4cPp+vp6evjwobh2ix2Hr66upkePHk1XV1fK9+jt4LW5gdTp6BGDozBYxSxUz1Gw0e7gGF1SFjL6Zsdc+NWcSAdn/UmD0hYT6Xz+m0+kjQdccbBtMJEejLrQg6J5AF3bXutz9Z7/qAyu4zj5wjux3R7KFoN5iyyprZj1aE9Uy/GLE7006Tpez3OMNetCrduYsXccj9b13DK8G4Y5eDzY9TyPuYc2m+tl4dDt/MPtw77G7cK7tHHF386L+vNoz3ne1y3qT/qcY7eH8xY1ru/gOEvOT76mOdf/csK7UH1cwnW/5HY9Y8+hrw3Yc1zmnuM039a/2zGl7W5xXaV1zXzXnHQ8W6xN1To6HE7B3dOnT6evv/56evz48RLgpY65V1dX05MnT6avv/56evr0qRLg7Sm8czaYtWFtPUm0nkhPDW/7YzWl1L25uO8xkdpvA5l/0pz2mlUnUmURcVcmUju4qj+RrpOkEAxZE2n7CSZcB/Hhnd1+64kP78ZJbiv2GO0L77THiCGe+Vr+Y6xdH2lj93FH4d26QBDDO+MxtZ3qpGcdhNuHfX1bhnfmAj7y2KuFdwe5/YZet6g/redujsNbr016rMmWcX0Hx5yjfLy8C+Fd+TyxK6nrlq2Pt7B9s+cY2XNc+J7jtP6qH97NxtEd4tk/lG93fa11pdWuRiW8W6/D+hjH81Rjr63UOpqDu2+++Wb65ptvlgDv6uoq6Xqowd38XHOAt314lxDcDbcXZeuJIk9mI978uNdJKWUAcG16mk2kjkEsd8FWYyJVF71tJtLw8a/9ps9k2mMinccBfSAdlXM+TAeljlqda1QdjOvgmhrexUyo2X0pqn8p9bu0Zfk5l2MV2t7cD+yQyR8utAjwcsfUPb1tdq7PuY3rC5bBemzt/jfPZ33qQG8jrvFN1i68ix9XHPNHYXsOrzHcr1kS3pn1kduftpTfDs/vXEvWQM6+dMfCO3d/2zdpPohew+zg+FPPlT0He45L33Oc1l/twjt97BDeUpsbKmfOub6+Id55J7bBdscnrU8Ph5vp0aNrLXCbA7wnT55EB3hScDc/z6NHj6Zh0NtC8/BOvBAJg9vcMbaeLNIVDlAbH3/KAkacSA+tJ1L/sXefSIdh/fyNXU6kbQY2O7iqN5Hqn++lBhajvimd62mZdFsO4DF1UGeSlSbT7L6ktm+xrauTt7vducI7/fXt7xcnQOmYDNnnX2UM3UN4d3tOShuXfuKoBaW3j6/VD4/HY4c6kMcr1/gmaxXeDdZnDaaeR0l7Do0Rztct6ktyve1hbZIyfpa1x/M51/Q5w7WekMKwcwvvfOuluDXpuV770rXP1ueQcq7sOQb2HONl7zlO66/24Z0+hoz6NVbXEw2upbrO8/UL+W2z8vpmHIc261SjPubXe/jwoTN4e/LkyXR9fe2t9+vra+/3d77z7mA3gIwBbrkQO5gw0uQPStq/O/52SXMySnm8d+NTbSKNW2Sog0+diTR87cz+UG0iPYQn0lGqv04Tqd5O602keuijnpPy77kOhDpqcZ6hfmu9zbLihJozbpoLLLl9rJOStkmrFd4pz6dP/nbAIC0I0+eKiuOleT2N8bkHq07nxeLg6BO3/y5d0Kvm+Wx9O3gLjvFKaB/u6y8Hd1XuvJsX9rnnktmuY+Y65+sOdv3F87WFPavUHmuPJZ3OPXfcFMfuiwzv4m219s6lttviNc0ZnDt7DvYcl77nOM25/cI7X5vW6kK8rul1sM45jv6ovK73bbPWGueQeU1c57Weu2t9FgrgXAFeXHB3tNpBt7fN5kyeo6OSzkLpwLTxZHpavCQ83tVWNphITwNPzYnUPwkNw6AM/nd0Ih3rTaSDevzGAD6Oo7WRN+t+qYsG5+o9/1EZXBuNV+aEmtynjEl4nuj0Pqu2O/n5luNxju/6c9kLJHtRlBs0NJsbzOspjMtNaQuRdVyx+ry6yDD6/9w/Spzqo/X5O8Yro01sFt6pdZ96DpnhXcwPLb2vX9CnXPN593VUwrhYvz2e15ozZ4299ht9nLmM8O5gnF+6ra9peh+ov+7Z+ryc7d3VLkrWR+w52HNo56OvxXrvOU7rr23CO31cGSueo7lH0OchV5+07rwT1zfK84n7jQLLusw9"
14:21:34.750 [Forwarding screenshot on session 9ff46c75-f860-4b6c-96bf-d1f3a31859fe to remote] DEBUG org.apache.http.wire - http-outgoing-123 &lt;&lt; "HqQGePHB3dFqB7sP79QBcc8TiavBl0+cxtc6deDUhYtvkzhfv5ubm+nhw4fFrq6uopwe/07G8z+cDoeb6EnoIPQFJtLCSVQ8F3MSUSdSfbBWB9nWeoZ36viStzBVJiLn4tc/ro+DMpGKr21v/KTXcQZPkXNG8/nAvJ5j3/BOq8/bNm72kcGsQ6Hv+MbmGMvCoen5+0OvPYR38/Mkn0NmeBfXTj2vn9ifZr6xeet1lfvcW7TH81pv5qyx7THbPYafT3jnOqeMPciZtYFWa7xx3CY48InZc+Stkew1Z+y5J7Ut52uy5wi2xfFu7DlO669twzt9fBmtukmh9lnx7kWXcZgePz5Ojx8f7WslrnHsvUf+9THHAn89xQZ4acHd0WoHXcK7rElT7URnO5EWDErWpHkb5N1q3ZFTF+reifS24zx8+LDJQN7C1dXDKWYCWu7IUPtCrUVpxEQ6Sn2m40Ra88NjoxY36v9pE6ldVy0Xsv46aB/e6eNMxMJ0VNtK6obIft7o8E55TvmaH7TrGQobum6qzetpjMtt2YsQ/e4vuy+EgqLcfrksHJrWgT/0Msc5ed3QILwTxvVhyAjwEtdC8e3U89rOha1HYHzeel1ln3PjsX3zc42Ts8aW+0/eON5b3FxVFtyl98Vt9esT++gXMXuO6H2mNI9mhHcpfTF3rc6e4+7sOU7rr32Edyt9jRpzHmZf1duZpz8u9T5Ojx8/nh4/fnx6TsfjrPFfmLNSjnndb6TVe0yAlxbcHa12UDm886f1KawFu9JQtm+8fSZS8QPTrfCuTX2kLlpC7WgYDtPDh+9M4zhObz94cPK26e0mHjxIe/5xHG+DxsAENA/iWn/wb4BqT6TOge+MJlJXQCT9FEwaH6yFjDaZdljMWnXQL7wzxxuxHucFSPamyH7O5adgYltM3/Ctd+LJQcM6JnYcxx1jcI82ZW2etfBImh/HSV1sugOb9DHpVB/7Ce/cWoV3g/Vc4+AaW8rDu9R27nxt78I2vW10739Cf+zR97Sxfcvzjb7+5ettcbw5y/CuwV5kPI8Ar3vf2Lh/jGN4z5G0Zh6ksTt9HJDWYd7XTlmrD+w57tKe47T+2lt4Z445xvpTOf65rsLjt6dPDnHhnTWXBeYs+1oNxrmU1bUvoPvggw8yfjttQXjn7+T1JstBuRjmQDAMw+aTRnyjTh+UXP/WP6BTULlOhiF9wRJqPw/fUcI7K7hrF96lBnjjGBfeqZsdsz+0mUj9gYp78pQm0zqTa+lEmrookCZSbREj1kuHRazYR7cbe/Q6Kt0Q2WPyOpHq/2dtAgMTqLSoGrXX2nKs3yi8c82LSjuXfriVEnil9NGlLqrVgW8s8hDPxR80FId3xnNq7TR4bvq4pf4E3x0UpLd35+sOensIrbni2sF2Y1p/+w9t5rG+Gtd6o1J/qiFqfeRZW2TtRzadh2LbQvu1jrj+2fCcc9eX1jpTHS+F9XLNfmnOAymhF3uOu7XnOM27+9hXhNq73k4jQruD3bZG6Vrc1qcvvHPuQSLmrUG4XrXqxRXgmcLB3dFqB7sN75wDxNlMpJUmRmugcnXkuh18GOqHd+9sGN6tAV5JeKd08sF3G3DjhWloEZJsm4k0alE16H3fP5E66qb14tXZRzcegxwTaLDtOdqbGqipE6lz4nQEHzHGjPGnvm3CO7lPHLQFoxXeGf0kJrCJvRZLXVSrg4wxyns+7cIGXxvWF+nSBsUO0qRrt8obM5yvO8TU3TqGxrWDfn2vdT+Laad7GMd9dVR7ve0bv3cb3nnmrJr23ha2Cu+0tVDnOopqKzHrzMrh3fF4nIbB8U6IZR0VWrMb13RgzyGvty93z3Gad/e1r/CZjzm6vQl7DCvAG083bD15/Hh68vjx7fpTfqw1hyXMWbn9PCQU4MUFd0erHew+vFsGOaXTz51j64YaasRVJkNroPIFeOpFLjv+02Il9Xv87WcJ78Tgrk+A93ZEgDeOZnhnX5dB6hdz+2+6MLUnnHObSGN+Ki5NpOugnDiRVpxM0/rotmPQMGSGd442F/opmLj5S5g8zUXW1vW3SXjn7BO+8O6gz5PiYsYh4losdVGtDjLGKGOsE+unxZ13y1hlP9dwSLj7blDHMFc4kN9OQ+FdaRsYho7hXes+ltROtx/HXcaxVXg3TMNhdibh3eGwHnOjOtl7W9hDeLeshzqdd0xoFRXgeYK0krVccF/reE2pXtlzKO1rvBt7jtP6a1/7ilB7z9tnCNdAqcfjUQnv5h/sCY+11oMJc1bLPcf19fX0wQcfiOHdBx98YP0WWllBeBeq+C533s2TVMOKrqHqRKgNVLEBnnmx0zth7Y47h3cPnHfedQjvIl5nHP1vmzXP0xzIqy9Ml36lD3LixLPziTSp34uTqDmRSvUkL7ybLlbFPrr/iTR+bF+vy/F4XMK747He5971mkjj9Q/v3H1CvzZ2eCcHeLH9zXctlrqoVgdl4Z08BtohW62wwXxe8/+izm3wh3enBWrJemNwv37Bte/XH9d2tcVvdvaO75uPQ9L1bhjcDcM0HIbp4AjvSvpSLfJxDU3Duxr9tGV72JrZb9U1YSsp45d3relcF5eNe75+6g/v2HPEtLNL33Oc1l/72lf423tZeKddh+V6nM55De9uxzvjcdZ6OfnOuzZrnF3ceeeueH8jLposlQtoBXg7nUhrvuXjnMK7UFvSwruOv7BCDvBS77xbB2Nvv6g9kUb2rXOYSPP6vbzpTZ1Ia02maX10/xNp3Nhub1608M5aoCrfmzB59phIU8fxnuGdv0/4wjtjQ5AR3vnGraUuqtVBnfDOWU8V3za7jFue59HPy3F+yvFbm6AK6xhvvfrqLro/thnPpLFU+vuWth+HbC3W2vpYMId3g70mKexPpVx33S3H3Lhutr72Mf1ok34S6Lutzju6zUSsM6W1cY1jNF8z/NrqfMKew2xnd2XPcVp/7WtfUdof9xve1a/b3XzmnbPiIxpxifUnFKPSuUbtwu5J7QkxLryT6kH6etwAkLNICbUlNbyTA7z1s+nu3bs33bv3luHewvz8uvv370/371NqjQkAACAASURBVN8XP9fuwYMHy/+nfebdPIGug7Bromw2kcZMEDufSGNuWXf3eWXCFM53GIaEibRNgLff8K7mbxJfFyPH46iEd2u/0CbNwgBlH+N6z/Au1Cf0Mcb1VgHzLUDJ861wLZa6qFYH+eFdOMCTx9CiMVkZY1z/b5/baB2/On6pY1K9NYdQZ97wLr5uavbHUelX5jjapm+VtNM9jEP2tW611tbH8WFa3z67rmu2DPDM11aPTzvuhvbaJlqtb0rWRdq/5z5fcW0Uu8ZxrQ+1dfMgzT11jlWdi825QA7t2HP42tVd2XOc1l/72leU9seY8G5Q2tX8Nnz1hoHlc+9Gu0+t88C24d15/LbZzM4S1aGcA+ttAx/295Ow2hNgengX2whH65jnfw+Z9eprP2Z4pwd4a3h279696Zv3X/O6+dUvl1Du3r1703vXb05fvfu6FvCpvnn/tem96zejfmnFOKrhnT2YhhYH1SbSxLta8yfTuu1TO58Kfd9clOsTqTT+eH6i02iRavXRyhNBq4k0pe0tPywZlfBOGYfF+k+YPFtOpFnM6zk2DBhciw+1DSvXxhXeqYvQkr6nXov6dZAX3MUde3nbs/qFMs742qv3PI0F/fz3Wotxb7262kpC/dRaE83rjtHRt/YX4O1gHDLqscU629WXTvPCfFfbOk+U9KdS+usPS7DYI7hb+/D+2sWemH1aDevnMa9W/0pf19jrSN/auM41GpW2Y69xfWtx9hyetnXhew5t/XUG4d3R01797c3VrtZz1sK7+Qd/1rrGuB4pa5yKY7ovuHvy5Enw/+UAr0F4Nzf20o7j60zOAeDCJ9L88C6lTtSJ5fS6w5C3YPdNJFJ490AM796avnr3Needdy+evDHd/OqX0/3796dn4y/EcO+96ze1f9+7dy/jzjt94HXeeWEMREykxiSa+VaWuX+b9aBNpOLCzDMptF6o7mCSXcbDhLE9pu2p56qGd/OGW1zIJEye0kS67djeL7xzLj7UNq3UpR3IrI+f"
14:21:34.750 [Forwarding screenshot on session 9ff46c75-f860-4b6c-96bf-d1f3a31859fe to remote] DEBUG org.apache.http.wire - http-outgoing-123 &lt;&lt; "58SsOVfpq8u1uPPhnf58rr4Tc47mWFSzreaGd+Hzz/8BqdkO13PW2xHhXfz6qquDvbYv6Uu1qMdSssYosXVbMPvZnkj9Wb1Tyj0u5PWJ6LVNYnhXcx1nn3N4Pc6ew9+2Ln3Poa2/ziG8O+aE6Y4+aYwLengXeutsRnhX6fxjgruYx9kBXs3wbt4s3Faw1YEq8H8mwLhewB0tslpNguHgzgzwpK+N9rEajX8chunm5iarTn0TqTO8MwK8e2+9FX3n3b1797Q77p6Nv5iejb+Y3rt+c3rx5A3n22yTP/POc17NJtLleRP6yuYTqWMcyJhM9Z+AGQP8/H+Hw7R8Lo9zIj0Yz9tuobr1JLsc0/HYLLwbR/23zbYO77Yb2/uEd3q797Rhra2vwYxd73ZQFMXoo/qi5lzCu0EcQ8uCgnB4dzisoanzHNQ7Lhq06ZzgrlV4Z7dr89yFzf2xtF21sc3Yk1anNR2W/q/fcTe3sRp9qnR9dApW1I3i+nl3hw511KoPl7SNvVH7s7o+Co8NaeeuzlXxaxtlLTkMznVzyz6szguuG1PYcwjtajTX25e75ziNu9vvK1Lk7TOENjXo4bkZ3h2Po+fjVLYJ72KDu9jH6wFeQXhnDxynilI3WupkWmWC9A1uqmE/jbrqBGgNVKEAT73QR+H/Ru04XZPYzc2NUv/xdTuO6eHdfPfd8ll3b0l33t2z7ryb/33zq19OX737+nTzq18ugZ0Z3qWEeONoh3dx/aHBRJrwVpBNJ1LlraI1JlLtFnXPRHpQJ9KDOnG66636ItXZT7cbe2In0vCkutalutFWw7u5DuxFTEF45zifvuzgrn14JyxABqV9H9a7TdzhnfsXWnj5wrtRr4uyc24c3hntrld4dzgcvOenjj/t+r4c3El3aMbWT8om9rQWi9kkresTdQyp3beqjO+bjD12vdZYT6fQ+8CgH0dhnypaHyntRzrOnvbUPvbGDOZj23HNPYd/XWOPkea6uHVf9q3J2XO429Vd2XOc1l93L7yb+4b6vHZ4t36W5B7Cu9TgLvb71gCvILyTOrhZwepP6mpMpsG3zRoDwdYNdx6ca06A8XfeHSd3aHecooK7QQ/vzMEn5txd7ccb3t1+ft1X7/rvuFN99e7r01fvvi7+34snb4iPj3nr7Dgab5sdIhcHd3AiHcfARJp7+7o5CEu3rw+DUF/q9/kX3U366LjdJGsulGMm0rhF7kFrJ+Jn3t2OxbXDO21z330sbx/e+fuB0oaFdu4NZsQFTSTlrXLLtVD6ePl5X3B4t4wtyrEr4V1KEJbV/we73lwBb3x4Fzfvh9uz3q5PdbHejVOvfdXVf9yxx6HSdXQq38ZGHY9K+lX22mgw9xxmf+1bV3vYUG/dR8Q1kdqvj/P6ILw2M9doMeeet64ZrHlUH7fbXVd1PjDniXkcZ88Rbl+Xvuc4jb3nFd6F5gVfeDca9TXPf8ej/Zl3c9+Xvjd1jTMcysK73OAu9vtPAV7V8M5e2EnPVzIx+u+8MztE2wE3fmCuPAmqg1VReHf6unYXgGMQNsO7lAnV1X5C4d2DB/ene2+9NT0b35jeu35zuevO94soVOrj1Dvv1Dv10u+8S/1tVhUn0oRJdKuJ1A6u6rx93jWRWv/vrK+D8Wf5RBrdR0dX32vJWNTcvn7KBsv7E+pR31hLd96tE2lZeLdOpPqGfos6Ne846xPeSW1XDu/s76sQ3t2ar8fxeKwcYLYO7+z6KhqTlbYc83h9bbIGd8Owvkuh3bojFN7Z9RM6n5i1Tnr7WtupPW7W7WPlbXXbNWVe/WZytGf7eOr1r9R5SToeeT3Wp8720D5qBCLV1kNHoz+P5rogvX5DdRzdhoTX733n3Tyfrudn72nZc3jal+l4uXuO0/x7ZuHdkHMnrNCujP4n33k3utc3KeHdkP9D1WEYpkePHmUHd7OrK3eA9+jRo2kY9LaQF94pjTt2IM2ZTOMGBnuxtXXjrToRaoNUbIB3dHZydSPhm7zU8M78PLylYzkmN1f78YV3c4B3+ty6N6LusJs/4871CyvM8C72c+/Gcf1ts6GB6C5PpOIHjh/1wChvMWxMkskTadzrNu2jLRd+njHHDA9j2697Ut0gvFsmUv0n+E0X0xLzehp1UCquPyhtWrs+nvBOfYww3sdQ28RSF46+n+6ywzt9bFHmzubtd4yoN7tvhs7H1TfmhbO5Nki+RsNg9fP92DaciR8nysVffz28K+lbOXsPaW3r64s9bN1G9hTemWuRZZ2WcUeX+vdlrSXUQUr7ca0nzbVz66Bk7tvr667rAvYcjjZl/P3S9xyn8Xev4Z18LKH2GxXeCf1PCu/Mm5G0tUWV8C6uvq+vr6enT59mB3ezq6srK8B7+vRpxTvvlLdSuQalGpOpf2DwT1hbNuqqE6A2SMUEd9K/T38G61mpaym80x6jTDjmhOrqvCnh3XLn3VtvWZ9nZ/59DvLmkE/9xRXp4d2DaRxP4V3sJNpkIs35CeVGE6n54bHWRJrx2RP2RBp4TIeJNKmPdhyDtMWy8frJbdiaVNW3Aq7M8G6hTpyl4Z1xTt3HdvN6GovHUnH9ISW8Mx7nfIyH8ZZZ7S5Io8/nn3uP8E6vi6IxOTG8OxwO2rnOY023sUCZA8QFbUJ4Zy1q1Ws46NcnK7xTArx5DFP/3N7WwUxOu0/nbMfm9Z+PS5l7S/pW6tzkO54ae45cW940oLbTrZn9d1mjJd51V2vPIa+rHeGMOt90HK8H5bzGMXE/zp7jdP3N/n4he47DYc/hnXvOSt9n2PVkvotwDe/0/5PX0mn7j9LxexzHJcDLDe5maoA3B3drfVQK73wb1NCCMGlwyAjvtlpwVZ8MrYEqJcA7fW08qnfEBCbJITK8E67H3B5cbSr8ttkH01vK22bNz62bA7k5rJsDu/ktsXNw99W7r2tvlU298+76+np69OjR9PDhw+nm5majiTRjAdl5IrXa51jnp2BLW208keZMpnF10D+8k97eeTzWCO/kOnKGd6Nx913k5GnOD8fjUazTruO6VKeVxvWkfmD2h0NseJff/9Q2YV2L4vPvFd4NyW1Pbo/p4d3cb4ah78Zeq19ne4oP75b+5rt2xvogrW2vxzDX2X6Cu/l8t1tL5s+faf3cxX9sncO7wf/5izF9sqUt28lewju1/87tq1p4l7HnsNfVnsBgMJ672/Vb20/yeo09x3Q8Xu6e4zQGn1t4l/MZlHodSXmHHd6t63Pf2iJpnVN43nN2kBvcza6urqZHjx4pwd3ROu+C8M6/IA1ewNik2jNwhyeRrSbSihOhNkilhHfr8cQMLtGfeTc/ZpCvxbzIl6556M67+/fvTx8pb5md776bQ7n5LjvXZ+Cpj1Mfkxre/cmf/MnSCd95552oAK/WRLo+134nUmvyrDiRzgsZabzZeiKN7qNKXfQab6w7xObgPvBTsJhJVQprXOGd9fk2kZOnPpEab5tVzq/r2C5d00rjetKC0lxYHuLCu7n/5dy9o7YJrS4E6effN7wrHo8zwrt5Qbj2zZ7rjzrB3bKodV0/ZS2QdW2MY5rreqmzSn2tyhi/wToyv07T+ri73XvW+GO/t86qc5JvXo09p5a2ait7oL71Xe3PqcGdVaeDMd4k7Dlc7Sgc4PW8juu5pO8T2HMcj5e75zgc7l54d7q72j5P+W2zt/3Hta5QXiu4ztlB3YXGiazwzqzsmJ8m1xgw/APDPhdd1SdEZWK0O3EouIsb0MzPXbi5ubHqe7Am0JjrsQ7w8+fISW9VffvtU4B379696a233preeuut6f79+0t4p74ldg7x5rfOzp+Hp37G3XvXb07379+f7t+/v4R3McGddAdeTIBXdSItWeRsOZHOt7APaX3cniClMUeeSOXHJb5m7T6qLCp6jTfyOBGeSEOT6jgMYkgjhXfL4zImT3kidQdnXcZz6ZpWGNPT+rUd3s1jRFx4d8h466w6Ftlvmz2r8G6ID6/d43FeeLcuvPsu8KSw1ld/9mdLeeZyx/UZhK/Ht29pDBgm8w68Le/I22Idmdvea/WJ0DGq829pHwvNS/OYFzqmluur2LXEFm1lmz4h/dtuWynh"
14:21:34.752 [Forwarding screenshot on session 9ff46c75-f860-4b6c-96bf-d1f3a31859fe to remote] DEBUG org.apache.http.wire - http-outgoing-123 &lt;&lt; "Xe09R+zYZx7DFuN2Tr9gz3HZe451DXGHwjtrDD39W/pts+75kvBOrvCD/ydgsRcxZuAoufOu/09Qtr7zzgzu1DqMn5DnicRdp3mBhzu8c5sDvdmD+bfS3v77FPDd/v3evenB/QdLaPf2229Pb9/e0Rd71536urEBnjkQlU2i+59InZPpMpHqd+4kn4tYry0n0rIAb6vwTjwONfBKGINdk6p6fuprecO7cUyePMWJ1Dgfe6xqPJ5L17R4TE/t14XhXUH/0zfMtYI7dQ7pE97VGZPT2/Fp4V2jHR699b7tHWq542e4DaZsclrrvYaU5rpa4sbgcFA2zy29wruY6yCFR6l7jpx1l76eOO89Ry6139Zda5Wv0Yr6vvBvXZ3rmNon2HNc/p7jtIY4r/AuFETL4d1af+p1nZ/vePSFd6Pyjp9Bf07ltfzrtPOo1/Lwboj/DJfYiV0dCKzBQV3EZ3T+nhXcYuI4qn8/qoOW+e/5GIalTr3HdZw/L+v0uXjqecyLJf+EmnYuOeHdVpbP4lMCvOvr6w4TadkisveHx4Ym0vRzcg3w7o1I6UQ6L7ir1IMRnvUaZ8zXn8e92PHdVefSAtb8/AnpMct1iJw8Veqxm3ffdR3bhdcvDUrS+7U7vHM+/mA+Nq0/mH13WTiMteqhd3hXdvddnfBu7Tu17uDcXrsNtRZSj+uYtpWeC3Rzs1hNVrsNrO8r3PUT2wdjjylpvqtYv+r16v9W+a36xW1/VdZi5zjedKuvcV2nzfWX2m7tNS97DmndkrLGcq1/XWuJXnuO01h8buFd4HceCO132W8sY6d9znZ4pxuV65ke3m1fZ2GF4d3hkHaLYezzr4tkfbFuhXdDXuc/14nUHQzM56T/3fytW+FB4qj/Xel87noc1+uRcC4l4d38mXgxd9HFPi717rvW4V3JT8C2mEjlybRsInUP8BGTLuGd/fop469Ql66QwfcLK9afguWFd+qxE965wjt3n5DqPKcPzt+31EWlOtgivCsfl3NCaCX4VOdtYdysvW5o7naeUd+eX4vUBsdx2wCv3/pRmY+K27zcp8PtNmF9n/jcucYh/oaBcUz87LBKdTyvh4elb5znniO+T/j7a92+N045e449cN4xNirri2Pm5xOz55guec9xONyV8G6uk4LwbtSvE+GdMFikNqCUxcP6dglzUiwfAM5xIg0P+uvk5hqIxnFc7rJbHW1G5wvV4elr8dciJrwz3yarmn/b7PKWWEdw9971m8HHxer5ttkqi8c7MJGqHxxbayItWXD2Du/kful6/fzwTjrP+e9meCcFENnh3TymWefTeVw3X99xnrHy+rUjvJvnSenxQp3n9MH5+5a6qFAH+pzRM7zLDxnywzulfZrzt0Pt9UN965zRYt3juk7z+HzJAZ46Rugbkb7tPvWYc/tVitT67732kq5brzazTV+I66+1+505Bu2Zb5zX5gHlOiav1dhzTJe851jXw+cV3vnWSf7wTs42jkfX22bV8E546+whvG4bEue87RSEd3OnyJlgkgaUefAf9MX72unvWHinvjVN6sijHdyZA4z+vMfbMO/2z2N8eCdPpnFiwrv79+8vv4BiNv+iijm8c4V7Zshnfj0lzEv5jbM1JtLSn4BtNZFak+lRmEgjJ1P/AN9jIs2ri12Gd8okHxs4+MI7M1yQwjszfMgJ7/SJ9JLCu9x+XSe8i17QCt+z1EXR+et1sUV4VzY2p7Vj9Q6RUGB3HqGdu8/VfN7QdZjHmq3PucVYM7d1a57LldHWc87TnLtr67HnSFmn+NZf2lpsHJquA2r3veh+cPtnaDw9h/GmV32Fgrzl8ZF9iT3H3dhzHA5nGt552rEvvJPP0RfeqY/JDO8y5pdtZIZ3JZN76GL6KnVdBNcZAFpWbsuBfxztjezxeLwN7hwdQ+skt/WlbYDXu+7MzuCbfHPPO/fOu/m3y5qejb+Y3rt+U/w/yXvXb0a9lXYO7m5ubuJ/0+xhHSxyF6iXOpHGnl/2RDqYj8ucSIfMMUVYjLVatLv7pCe8ixh7neOFg+9ts7P5GqUEePpEGhfeNRvX1Xo1xuJk2f3aCO/Ut22ofUF9vKO+U/ugdj1Kz1+zVXiXFzKoY3t0eKecpy8APsfwrtW6J2YTOr+TYIs6a7t2XDdz1jzXqZ0fDnl3IIxj27vvcus+9/VK1l/L35Xr2bbddO4Dc1+Nqsd6Ad7W511aZ9KYr67X1LV49JykzEs92zl7jn57jtOYfBfCu/U3zOvPtZ6z/LZZ/bGncdf+geudD+9SPjRWGmyzBpiDuZEsDO+EiaCWVhOl664e1yTqCvDsgWIO7+wJcl40yRNp3mQae+ddzB11rrvrbn71y+mrd1+fXjx5I/vOu1Nw92i6urqK2lCs7TRvIq0xiW45keptNG8iDQ/w7SfSZbFdspAY9T7aa4xxv202L7zztYvjqPzCCm/dDGXhnXU+nmvQYkxX61WRPoaX9Ot64V1WPxz08K7O3LZdeBfTF0rH9nUMUe++0ceHcRxPvySqWp32IS0oazxv6nWZx7xtz73imC7M5b3at16neeeQGyDE9L2Ses1+3YI1mLUma912urX/MblOh6HS+jJzz7EXx3Fcbpww5wJzrhjHhLvv2HM417jJax3VTvYch8MFh3eDTh8n7b97f9usMiaYz0t4d0j70NjUC+q6yOsgVbHTN6rcmgO9FQQYk5h53azbec1Oclg35a5jnb9+PIZ/22xOHYTCuwcPHjjvpJs/x04K7+a79eY79NQQbw7tUn55xXys88IjaSJNvIW99K0alzqR2oO88H0NJtKcxWavt83G1b890ceOu3p45w8WQnfeqT+hT7ljaZ1IjfMIHE+Tcd28nhHHICnr1/7wTny8p76TF7TD5YV3qZsddREYtU4yrv0ybxv9NNTH9qTlmid1XbjW87DU45Z1ULogN+ftkrEipx5nPdf28X2vbM9R9tplG3J17Gq16e7X9k/jdu413PsY1Lz+lHqU5gGzjqLXa+w5nONP6lpnqRtf31fHBu1xbfYcp3H5/MI739u/5TvvBmH/ss6Rx2MovFv71no94m4cKM21+ikJ7woXMCmvdTAqXB1w1sZdcAdeiwbbYtA/jkJwFxh4XB3koCbc/jqZr3dO/a3XRv+elDvv5rfEqnfOvXjyxvI18867r959ffrq3denZ+MvltBuDvPmx8WGeOqxxkymZj2nLmwuYSJV20XqRBpXr/p5zhOpFk7XmkgTF5s9wrv4hYz6+pnh3RC++zDmbbPLRBqYPM12skxU5vn0HteF108OW4r7tR3eqdfJd+ddzpjjuh5157WNw7vI/rDWQdxPcKU5c16vWKFd57vG8q9TzFxf9hrm+JM6f/YKQJutGdV5O7dNJ9bb1mv7czmu3KDD/rzu89lzWO1+TA/Yzb5cY52Zs+fYG3X8V9cT+r52DLZb9hx6u7jUPcfhcKbhnSfol7KJ9QccheHd7Q/DksK78cLDu5K3zKpyJwH1Ytf55RV974wpHfDXz0YIXy9viHdYfxK2HrN9LvPCKWciddVFTHj39ttvL0HdvXv3ljvp5oDu5le/1MK7F0/emL55/7Xl61Kw92z8xRLi5YZ33s2wUb/xk+glTqTyQs+3CI4b4OUNS4uJVFpIec9ZtZfwLvPOu9iFdkx4N4/P6nPHLCyliepcw7vyfu0P78THBxYsztdyXo/ac9r24V3Khsesd9/jpOs/3yGmv6X+PAK81msec+zJkTpet6qLrDFdnbN9c7qnLefWm1r3Nc6n9DgkNY6rNNj0jZm+69MjwOvR7kvamB7g7Xssaj9+GOP/OM8B8pqTPUd8vV7qnuM0Bp5jeOfOKaRMYhzttdH6fJHh3biuqay1sqdPtBiX28gM76qlk5Gv5wyglE5ZHuDVb7DFA5FK/SnNMXwrqrPutIFmrb+jUQ/qa8VMtqn1EXvn3XvXb2p32L13/ab2NljXnXmzOfC7f/++9Rl64fDugXas5kAamkhrLAiZSH0TqfJ35+NqTKTx9dI6vEs6BmGijx3j1/Au/Hrx4d1ojU/+eWaut7zwruq4bl7PhGOY56Xyfm2Ed8YcaLd3wrtY"
14:21:34.752 [Forwarding screenshot on session 9ff46c75-f860-4b6c-96bf-d1f3a31859fe to remote] DEBUG org.apache.http.wire - http-outgoing-123 &lt;&lt; "aWN13CLQcvtaUjtS76rfo9brnfka1ApXtq6P1IX43D7U4E78zDThazltODzmlql1PPrYU2f+rHU8qddIC/DGdU7uuTao0UeL6q1iH926PrKPe3SM/7frZd+dV646Zc8xt4nL3XMcDncgvBv0j+nJDe/U50i78+486jQ7vKt5EDETQjC8WyYDtcFn3DFTucHWGOS14xvj754J15c+CI3D+qvszclxbtQlE6lZJzHh3XyH3Xz33Tfvvza9ePLG9OLJG9Oz8RdLGKe+hXb+u3pnnno33vy9JeHdcXT/NrycibT2JLqHiVT9zIHYiTR+gO87kaYsNC8lvEtZYKeEdykbgHVcOf/wrk6/rh/eOccfx+PUHyTVsY/wLqVdhj9L8CC3DWUsUcO6ks9Q7KH1emeu+5wNqK9Nt76bse6YLt2dZc/p8r/r1FnNtf041n3rbM36rnVM81gb+gUj5jVV3y3Uc12Q387rBHfq2JmyvthqXGpWn6M+3lufdyfUC3uOuHZ6yXuO0/h8weHdPG8vfTs/vFu+No7iteoxz7SVEd6dFkUVDyLmNV3MRHV5G+22i7Gak4aZQCdtMmLqTjHXwXg8avUxN+padTeOcb+wYv6cuvmXVMxBnHrXnRrYzW+dNd9Wa77Vdn5c8DfOPnDfeefqK3d1IjXvIFk3TvIkmbp5dk2k+udPDNUn0nXDHVc3R1PF8C7rWiwT27mHd8qEpYyL3cb1UX/ttGOQN3XppPBuWH94ZbX38GIlti+qfcB6u0/B/HaJ4Z3zPJWxZO6L2vxeVI/19VnvDOtm3vizhhb1Mo+L1cZ0c6425nBrTle/bsyRpXVVcw1cL4ite8PAOJZ/9p22LnFdG+Pf5jWu+fZZtV3WVqsvSv28aM3ZZXxqMK6O6/pYfceTuk5w1YurXtlzXP6e43CYwztlLVxxXGwnPrwb5+vpDClTwjslFDdex3U851SnaluICu9qT/DHY/hOsri7yPROljso1DifmoP8OrCnT6JJdTYvQoQ6mK97zXpL+YUV89tezVDuq3dfX8I983HznXoq9TfORv3CCk94dwpSyyfSppNoh4nUCquUyVS90yR03tHt2Pv5Ew0n0siF8T7Du/RxJGVhnRLeqZv12LnGmtCVsbHXmF4U3hltKZ8/vBMfH7FgiemP47jeFeCqi7zwKS+82zLA84V3p6Ah0A5G+7f27u3Ou15rnnXsbhPeLeNIxbpxrZOyx3RznhbmcnM+muvtcIjr3zHrkNrret9HuyRdvwbHFtvXQ2uS5e/C9RGDPHMsq9iO5nZZpf/f/lmzH5rtVd1z7HmMqj62jva4fzo+/1qTPYdRZ1r9Xf6e43A4zzvvjkf33c7SWKD9cLgkvBuV8E5YZ0i2rqd4ev1EhXetDiS6I0mEu8jmRXKPSaH2JHE0jiV3Ek0NPNd60zfNh0PcT7BT6ujq6moax/AvrDDvxjuFbqfgzfX5deb/pX3O3fqWWW94pwyou55Ig5PpfE7xE6oYTo32gGkeh11HtSdS6XHlE6n0kzDXZrvV22azFjfK66v9M7Zdxr5eWngXf/edeu7S21Z7jumxb5u1vy5v5PJI4Z3dl7THRyxYrHHIeLw9nhgLLGksCF6T2HFIDu72Gt6Z87dGeR3t7oud3XXXa70jjtsRbTVHzfpR10jFY7o5Pxtz9jIPGaGeNDeW1k+LtX2Na9fiuMaxwm+eNepdWzOY1064nEYVqgAAIABJREFUtjUDPLVd1lK7D7r3Inc0wDPGf739yN8jXRf2HHdjz7GOhf3Cu1rzgmt+coV3ah/JCu/GUXsu83q5jmVPdean100wvBuGdr9G19eZ0kIovbNlJfsVLl6VAf5YtshICzzNxcZcD/sJ73p68MAf3s2Di9luUybSFpOoOKEGJ9K0n4K57rixftKhLGLNW9nViTSpHYsTo+9x5fWsT6b6Qiq4yKgQ3mUtDLWJTz+O2AVe7Os1De9c55E5nmYzr2egDajnWi9sksO7g6dfpGzu1UWp3g70Pqwusqw7CAJ1Y/ONRXKw0XrcDNeTXKfDMPjPe7Drz6y7WmuHXL3WO+ZiunV4F7uGCbfVcRqH8vHE2daFeXsY1fap9PlK9bXVuv7sj80cg81xOHBdzbGvuD0NRjst0KL/+fcjecfca7yqOsaO+nhvrZk9dcGe4+7uOQ6HvnfelY5J2lgbUc9zX9BC7YI778zn6xXe1a47mV4/wfCu9QHlDfpSAGV3oh6TQs3JYX6edpNlKMAjvAuFd9JCZ/cTqTi55i0+1H87J1LjtaSwodZEatZ/jYnUvNNnWWjHLDK0nxD2G0/s8E6fUGLGjpR2kRrejWN8eKePKxuHd+Y19dT/fJ5SG8pnh3frWFIxvFMWpubYoc8Pet93jQ8p7SJ4l0rjMTNqPHKEd8HzU+p3aY/FdVZPr/Fpbct9w7t5XHO+rbnbeDKu7dnR7rW509Gfa9VX8dgYaBuXemz+tbV9/Zxrr9uvlWzG67Tn+Lm5fn3lBXhb1ld2PY+jsWae75xU243/OcR6Zc9x0XuOw6HfZ97VHnddda7WnXpdR2dImRDeHfW2Evqs4mGo+4OilnOXXi8R4V27A4m8wN6BXw6htgjw9jKJptebPvjMxzIvomrW16WEd6fPoZBuz952EhUnhYLJU5pM1UlVn1zXSWh+3eX1h0H7aWtUqLCTiVR722BgkVErvCtZHLruvAstXuafgsVKD+/G4HVfJlLXeWSPrZnzk3RNA31DajtlfbhxeKf0yeFwWBbBWh82FpSun4aXji/a4nuDsdLfNqX6jwmF1usy3j4+727FumosUlOu61J/G4R387UqqrPCO+/M9m1tdMW271/PldRF63V9ybVqfWyhvl62vhbWXdY6TF+TFbWpoaBNj/V+o2xyfSnjQeratO/YVWm8NR3H23n1oLQX3zmz57iLe47TeOgKteqq0bdixtlBaZtSOy+9804a3y4rvDvxhndjh0n+eLQn+sHsIGLHignw4gbGGhND0QB1rPdBv2nh3SD8fR00atfZrsO7Bw+S7rxT+03MRLrdBNpo8aEMtvMgqU6kw7haNiS39ZDcjje8hV3/CWJE3VSYZIuuj3kL+RgZ3gkTqU9WeBdxDMfjUWtbm4Z3wuv7j6F2cKe2ZXvjXiO8W8ampQ3ofXcwzkPt8/lvm42xTYjnriO7TqPOw7iOah8dq9dZ6/6QNz6t7atNGBW9Nkoc4+rV3dye9bYthTtWH24QdtZoAyGx87xzDmhoHBt8LI15zQb5+trrsvy770rbcu41qlJfap1l9MveY1jxuLEc97qe0PZckXVg1St7jovecxwO5mfetRsTa88LrkxD/UGxGbjVDO+WgNwzX9bOuFrUo26tG2941/r91TOpc3kDvKjwTu9QsYNjbsXXGKxqTKZl4d1aV/Mir2Z9XVJ4J/4kbMOJNKV9Zy06PJOousl2TaTqZHqWE6mjfqWfqJZMtMULncw771LbT054F/oBxbJxc51HSTsumigjQyqhzZT37Q7h3UHfbPrDO3+ANxZep1D7aT2OutumXp+ntppyzHp4p9Zdk7qq2g/yxyh9jbFdeDfUmB+H8fatPaX1Jd+FpdWVuV6rVGfLGNvYOOYFZLXaaEjOWjtqXa3923/HXUm/HI9j8V13c/9s2u9i6y2xf/Yex4rHXWWszw3v2HPcvT3H4dDnzrsW4640B6h1p19PpW/UDO9G/+fetTrvNvOWXj+B8K7FAcjyB31feJc32OS85a14wLptjKUTanp4J7u5uak+ke45vHswh3dvR4Z34zowhCbSphNoxZ90xSw+rFv/R/snYKMykZqL1qx23PkWdmsi1X56rm+4a4Z3Va6PNdGv44qvrlNfLyu8G/1vnV3HkvrhXco4JU6WxnU2xwGtjShtp7yP2+HdOq7UCe9OdW8ECXP/NRfIwxretb3zzqfdeOqae9Xwbll4ph6rsWCd67BPndVbUEb39aX9CoT1SasAYT73pZ/m1mHGW2ft1xQCHKu/t6urXj+Ql9b0ccfXa89R+e47z35E33fId99ltaui8G59zXFs88sq0uoqLcDrPZYVj73GuD+O4/JDs9h1PHuO"
14:21:34.754 [Forwarding screenshot on session 9ff46c75-f860-4b6c-96bf-d1f3a31859fe to remote] DEBUG org.apache.http.wire - http-outgoing-123 &lt;&lt; "u7fnONzcKGN2m/CuZn8yn9dZ12ZfP47CHmYdq4/HuN82e7x9LnMdElobnEedqvXiCe9anZT7ZBM++84b3vk7UXSAl3Gxigcr47l8P1VJmiwjFhimm0ePqt+teEnh3TIJD+t76qXrpU7Q1SbPhOvSbCJdftLhmYQcdxec5UQ6rvUuLiqsiWcH4d24HkfSRBohO7yLmkgd51JpfE2fLP3XfBxHu50oC8sy7cO7YZD7qusc1rd6bRXeKSqPrcMwiPWmhnfS2z3c9Oed36ah9tku43fFRWn8dfGs1YT1Se3gwDz3+XqUvr0rur6UNiDfeeXq7/56yq2rYehz190sdq4/l+MLrrEDa2v1uouffZfQtvLHAuM1jeer3QfT9m9p7wDoPqaVjL/KWH88Hte381ltI3TOI3uOO7TnONzcKONCm/CuFd94ou457P1KZnh3NNvJSdye4xwo9TJ6wrstDs7sSOmDf7hzxA6WqXffFQ9S2nPpz5eyyKgZ3g1D3V9acX193X0CyDUHjTHXTn27hDRIFQ/qnX7SlTqRzm3TvDtHDL6UBePZTaTzeSjXQlxYjK7Jp+34MZrHYbxlNjSR5izMcsM731tntbFEOpca7ThrsjSu8Wgej9FGFOX9v314t5yDENxJfXteeO0ivLPU2azY4/g6xqSdp/K8hzmgWMfP1nXW6if1Id7grnF4p24MzDFFvS7J82rinXdmO0gO7gIBXmqd5byjpOaaPnh8nY/tOKaFVelr69gAL31+Uttjylikvp65Plj7br230qaGd7X3HClzfdNxWBuP1c8BTV/js+e4O3uOw+074PS77+rO5a3GV1e9Dwd3H6/5tlltTHNc89bnX3uMUscqMbw7LTDbnJD3ZAf9N4OkT5RxHSj0OVbS5Ba6SMUDlfM51TvxEn/ddbDe3HV0c/NoeczcqdzHH3d9h2GYrq+vp6urq0gPp4cPbVezK+Xv87+T3L7GO+9M77zzzvTw4Tun5796qGxqQ9dtnMZxECfSc588nRPpcV5AODb2rol07m+p7Vhqq9JjW4d35k/JhTrZT3hXPpH6ZId3Y+pEeibhnRB6NQ/vxDEmbXOv9smU8G4YBrFOth6ndGV1r4/lc19JuevOOIbDujntEd61WZC6xyr9LU3qWFw/iBLHMnE9p/dnsb/GzrXLWih2PHc8r7Ofx9dZTt1ssaaPWbOew/GlB1LmNTXWFo6xIql9OZ9HeF5pDaOsE6R+nVM35fuRunuO9PGt0VhsjZH6/J0U3rHnuDN7jiW808aFOnP72p7avc3TN08fjWu9jkll4Z30vK6xrOXbkNX6rVGXy99vn1cM79pcyDhqcBc/UWYGdxEDVq8B337O+XmPinXwOngGoyp33t08ippM6zfS+nXrnwSVD7QMLq4cE8xxvdOgZCLd2+Qp1Zf0uRPmpt75llPlHEMLwz1OpN4AzwzvEvpDlWszGq9v/KROGufdG96wovDOce3XMUT9s254t75GBOt6BoK7Mwvv1mvv6a+OPq7OCeqYsF/pda/X1cl8vtGva4xZw0H+oObaWs7F0pglB3fDJK45HOuT7IDAM4bJ5+Cel/zXMrZu1bHB0x58dVS5rrZ6u9U4xt310qrNxlyraoFUwk0F8hrTDtW8fTHqzjvPDyAj1yGhtVq9utLnPNc4aY5Frca5NuPybZ0a8zd7Dnd93eU9x0H57PlWd9217Euu+dpcQ/k/dig+vJP2CUfPtW85fqh1XHO+mp9fDO9anFD0iQ+Df9BPnCS9nUPrKL4BpO1gn/O8rkHFWXeJdXV622xgsXFcj79V569Rv+YAsU6A6+JSrY/UW9jVn6bpm73znjjN81wnkHHybYadE6lxp8O5TaSu8G40/lwnov5tW5rI5kF/7+Gd+nkOrd42u9RXzNgTuMan5zrf8G45fqtvxp3DfBdar7eA1hVX9+p4vox/2a9jBBVie+rUtjPn4WXMksJHse2GQym1PaeGdv7xS+7Tvv4aupYx9ev83qi+HhfepYR4w7DNXW2zmGPc8vhc81F0EJW5xvaFxnFtLNBePWsYaX3iu6t2PubU4M69ngvXF3sOz3Oy53Cv1y9oz6GFd1p7L2v72lzesB/J607HmKdc65LwzjX/9px31Hotr1/l+5VzssK7rSf649Fx9513wC8M74S3T2i3XlYZ6NMnatdjpUlV3bhpdWb+PTO8O21ejLcMGcfSul3UmkjVcGBekOROpOrkoi5u/Au27SfGkonUbncJE6lyK7tvMZg0kQ7m43qEd4NWL3KbaN+mrbbtDO9cE2ne65WEd+MY+JxVz7lUq6/ISdPXF8Q2YbSb0nZohXeD0Uekx0ds7od5HPL10YhzUMeE8wrvFJ7z09dFo7NNuOnXRnuuUdenTVeaf4/qAnU+T7M9poV3UeGJNk/n1YfVd635WX1uYcxPHs9T+np6eBeqw63uupv55vl97DnCm/oW4V1ovRluZ3bbXL4utulwGw71KWmvkRx8Ru/f2HO4xzb2HHdhz6GGd+p1d73DJqdN9xz75x+COvtKs/DO/gWgreed/HpWr6lOfT4rvGs9GMaedPnAH9E5HB3GHDziJlIXc/LMmaTl71kbpX8Dl7O4mH9hhbxZkxfyvdpGyWSg/xTM/LXreROpWielk/IemZOo3OYCE+mtpU4Ck2loIrVC/dYTqXAuZpvS20Ot0D+tbfvCO3vy2i68k45lqRvPuVSts4hJ1FXPp3/7g7tW4Z32Q5rA2B8T3A1S2448B7W9jw2u0Tb0+pxD7rw+ay/+h4P+9tsabbvb3Hu0N8+n/iy123BwFxPgudYhuXVi9V2hnavXryz4SO3r8eFdVGgybB2Mhd8626v9+rjWId51ScH62m7PaXsDV9s0+6K8dskP71x9PbnOEvZx4th7ZM+h9i32HJe55zDDu7lOTm3TDrhS27P6tR7jqm/ubh/e2cfSarzw1XWYdF3t83nt3r17EwAAAAAAAID9IbwDAAAAAAAAduq1iUIRynfffTf9+7//OwAAAAAA6OC7777bOgqg7LQQ3lHEQngHAAAAAEA/hHcUVyG8o4iF8A4AAAAAgH4I7yiuQnhHEQvhHQAAAAAA/RDeUVyF8I4iFsI7AAAAAAD6IbyjuArhHUUshHcAAAAAAPRDeEdxFcI7ilgI7wAAAAAA6IfwjuIqhHcUsRDeAQAAAADQD+EdxVUI7yhiIbwDAAAAAKAfwjuKqxDeUcRCeAcAAAAAQD+EdxRXIbyjiIXwDgAAAACAfgjvKK5CeEcRC+EdAAAAAAD9EN5RXIXwjiIWwjsAAAAAAPohvKO4CuEdRSyEdwAAAAAA9EN4R3EVwjuKWAjvAAAAAADoh/CO4iqEdxSxEN4BAAAAANAP4R3FVQjvKGIhvAMAAAAAoB/CO4qrEN5RxEJ4BwAAAABAP4R3FFchvKOIhfAOAAAAAIB+CO8orkJ4RxEL4R0AAAAAAP0Q3lFchfCOIhbCOwAAAAAA+iG8o7gK4R1FLIR3AAAAAAD0Q3hHcRXCO4pYCO8AAAAAAOiH8I7iKoR3FLEQ3gEAAAAA0A/hHcVVCO8oYiG8AwAAAACgH8I7iqsQ3lHEQngHAAAAAEA/hHcUVyG8o4iF8A4AAAAAgH4I7yiuQnhHEQvhHQAAAAAA/RDeUVyF8I4iFsI7AAAAAAD6IbyjuArhHUUshHcAAAAAAPRDeEdxFcI7ilgI7wAAAAAA6IfwjuIqhHcUsRDeAQAAAADQD+EdxVUI7yhiIbwDAAAAAKAfwjuKqxDeUcRCeAcAAAAAQD+EdxRXIbyjiOX777+ffv75580HLwAAAAAALt3PP/88/d3f/d3WUQBlp4XwjiKWH3/8cfrjH/+4+QAGAAAAAMCl++Mf/zj9+OOPW0cBlJ0WwjuKWH766afphx9+4O47AAAAAAAa+vnnn6cffvhh+umnn7aOAig7LYR3FGf5x3/8x+nv//7vp3/9138lxAMAAAAAoKKff/55+uMf/zj98MMP0z/90z9tHQFQdlwI7yje8m//9m/Tjz/+OH3//ffTd999BwAAAAAAKvj++++nH3/8kTvuKMFCeEehUCgUCoVCoVAoFAqFQqHs"
14:21:34.755 [Forwarding screenshot on session 9ff46c75-f860-4b6c-96bf-d1f3a31859fe to remote] DEBUG org.apache.http.wire - http-outgoing-123 &lt;&lt; "tBDeUSgUCoVCoVAoFAqFQqFQKDsthHcUCoVCoVAoFAqFQqFQKBTKTgvhHYVCoVAoFAqFQqFQKBQKhbLTQnhHoVAoFAqFQqFQKBQKhUKh7LQQ3lEoFAqFQqFQKBQKhUKhUCg7LYR3FAqFQqFQKBQKhUKhUCgUyk4L4R2FQqFQKBQKhUKhUCgUCoWy00J4R6FQKBQKhUKhUCgUCoVCoey0EN5RKBQKhUKhUCgUCoVCoVAoOy2EdxQKhUKhUCgUCoVCoVAoFMpOC+EdhUKhUCgUCoVCoVAoFAqFstNCeEehUCgUCoVCoVAoFAqFQqHstBDeUSgUCoVCoVAoFAqFQqFQKDsthHcUCoVCoVAoFAqFQqFQKBTKTgvhHYVCoVAoFAqFQqFQKBQKhbLTQnhHoVAoFAqFQqFQKBQKhUKh7LQQ3lEoFAqFQqFQKBQKhUKhUCg7LYR3FAqFQqFQKBQKhUKhUCgUyk4L4R2FQqFQKBQKhUKhUCgUCoWy0/La//iH/28CAAAAAAAAsD+EdwAAAAAAAMBOEd4BAAAAAAAAO0V4BwAAAAAAAOwU4R0AAAAAAACwU4R3AAAAAAAAwE4R3gEAAAAAAAA7RXgHAAAAAAAA7BThHQAAAAAAALBThHcAAAAAAADAThHeAQAAAAAAADtFeAcAAAAAAADsFOEdAAAAAAAAsFOEdwAAAAAAAMBOEd4BAAAAAAAAO0V4BwAAAAAAAOwU4R0AAAAAAACwU4R3AAAAAAAAwE4R3gEAAAAAAAA7RXgHAAAAAAAA7BThHQAAAAAAALBThHcAAAAAAADAThHeAQAAAAAAADtFeAcAAAAAAADsFOEdAAAAAAAAsFOEdwAAAAAAAMBOEd4BAAAAAAAAO0V4BwAAAAAAAOwU4R0AAAAAAACwU4R3AAAAAAAAwE4R3gEAkOnVq1e7fM0tjgvtruc5X+tzOb+c13F9T8s+WvKaJXWjPn/K+e29fQIAcC4I7wAAKBC7kVVJXzM3yCWvF3pcyuth+/ZT4zlqtsFLPD/p66Hvdf1fzGuW1EvK87nqIOXcXK8VGmNqtgEAAO46wjsAACKkbIJ9d6r4Nr6twrva4Qyb8brtKuWxe2iDl3h+MY+NeY3Y0KpmeJf6XKnXxPe10iCxZlsDAOCSEd4BABAhdcNcI1jIvWsm5Txq1IV6rK7H57xuzHOG7g6qdSwxzxlz/UquxxZtsPTa7vn8Qv0p9Py59ZlaL6FjTR0LaoZ3KdeltA4AALjLCO8AAEiUunkOBQu+8Mf3XL6v+Y69xrmHzi/m/2KPM1QvMXVZeiyx4VvKcZdcjy3aYM613fP5pYR/Lc4v5/t6vHZKUCjVKeEdAAD1Ed4BABDJdVeO+X+u7/N9v+v7Ur8mvU5qEBI6ntDm3HeOpecde7wtgrOS8K5W+NOzDda4tudyfr7wLiWAiu1few7vcq9pSuhZqw4AALgrCO8AAMgUG4C5goHQRj/nzhfpNWO+HnOuob9L55jz+jHPmRqOtArvSuu9NMBo2Qa3CO+2Oj9feCf93fW8Me2uRr3EPEfK+JEyjsS2kdAxEt4BABCP8A4AgES+oM31ePPvMXeplAQklxze5dRTj/Aup85LrkfrNrhleNfr/EqDuNBjavTDGiFcjddObSOh1yK8AwAgHuEdAAARUjbG0mbXFQz0CO9yN/kxx7VFeJdTJ63Duxb/t3Ub7B3ebXl+vvDP16ZcXwudS2lw5bsOJe04dH4xr014BwBAfYR3AAAkyLnrxRcMhMKQWDGv6XtMznn7jjv0f6HXKn3OnuFdTNiU839bt0H1677vKb3eW59f6Pt9bUoKEWu0mdi22CK8K+nfvnqtXQcAANwlhHcAACTICWpCwUDKBj/lrpn5z9oBQmwIEnueodcIPUfO12qFHqUhYavwJebcU9tgzrXd8/mVhHehMNMXNObWS0qbK6nfmMfW6POEdwAAxCO8AwAgQe1gIfUOmtgwIHT3TMprSs/rez3X9+S+lu8YfHdDpR5nzDlLd1qFwpq9h3cx7STmWpzb+UnXTuo30jV3HUtssJYbXNV4vtLHxtRrzGsR3gEAEI/wDgCABL4Nf0x44woEzMf5Xj/m66GAKTdQQ/32lPM9W7TBnIB2z+cX6ks5/bFleJcTapa+dsz5Ed4BANAe4R0AAAlSN9BSiOZ7ntjAICWIq333D/q1p5zv6dEG78L55YZ3Mf0yNUBLOeZQwJo6xoSOOTW844cHAACkI7wDAAAAAAAAdorwDgAAAAAAANgpwjsAAAAAAABgpwjvAAAAAAAAgJ0ivAMAAAAAAAB2ivAOAAAAAAAA2CnCOwAAAAAAAGCnCO8AAAAAAACAnSK8AwAAAAAAAHaK8A4AAAAAAADYKcI7AAAAAAAAYKcI7wAAAAAAAICdIrwDAAAAAAAAdorwDgAAAAAAANgpwjsAAAAAAABgpwjvAAAAAAAAgJ0ivAMAAAAAAAB2ivAOAAAAAAAA2CnCOwAAAAAAAGCnCO8AAAAAAACAnSK8AwAAAAAAAHaK8A4AAAAAAADYKcI7AAAAAAAAYKcI7wAAAAAAAICdIrwDAAAAAAAAdorwDgAAAAAAANgpwjsAAAAAAABgpwjvAAAAAAAAgJ0ivAMAdPfq1ask0vfHfK3m8Za8Vstja/1arufreU53RWmdpnx/6Lr6niunTeSe2xbtr/d1SB3/9lpvAACgHcI7AEB3pSFDani3ZVhYspH3HXvOeda8VoQA9e0pvCv9e+h5S/pezrmm9qNe1zL0OPotAAD4H/9AeAcA2EDuJl26KyhmU14SaoRCNN9rloSEvjugXF+rtWFPDTvPPRDYy/HXCqRC18gXuMUEcK62mRLexZ5/apuWzjk1bEypz9K+UrNv0W8BALhchHcAgO5yN+mpgVbK6+UEEqnnmHJMKeeaG8aUnIcvQAwFlDnBQcxz1r4WMeFOre8rvVapIY+vvbgCv5hQMBRulbapnGuaE97lXofa1632+JPbb3OPZY/9NraNhf4PAICeCO8AAN25NvahjX5okxXzeuZzpT4mFGDEPNb3PTHHE7Oprb3ZjH0u33VJuWY5z+nbeIfqKveYU44ldO41g5pQgOFr2zltKxSK5fSjmNeICZpS+mDt6xB6vpxxosYxhR6X0zZSn9P3uJb9Nrat1uyjAACUIrwDAHSXGjaYf1f/jNn0hp4j5s8a5xhTB+bxp7y+a0NbY8O5x/Auth2F2lZq8JRzLHsJ70q+z9c3atRhbltKeb2U7yu9Bqn12kKNfpt7nHvpty3+DwCA3gjvAADdtdiopTx3yR0boaAw5rG+75HOOxRMxgR0sY8rOX7p+2LaQcrzu9pEatsqDXSk6xDbpnMeH7pOqc8V09/U5/bVly/Ui6nj0vDO15ZyrnWs1OsWe54lWvZbqc7Pod/mPk+tPgoAQA2EdwCA7nwb79Bj56+lbIRDYUFOsJB6jqnH6QtEcoOZFtes1uNyjmPL8M51nUrOPbVOpDYSE6jEhFY5bStUFzHHGdvuU/t0atCU0g5LrmtqUFh6nCX9ttZx7DG8k+paqhPCOwDAVgjvAADdlYRnqSGA6/lDf7q+N3ZznbMhzwkxYl8rddMZG46khCi+r9U4ptivpbS/0PHGBgQpz5VaF6lBkq9d+PpN7Pe6vi/lOqa2s5Tzz2l7uc+fcr1Tgqmc50ypz0vqt7n/N/9dGo8BAOiN8A4A0F1K8KBummI2UCnP5/sz9lhDx5P7mNjjy6mDVtcoVH85x5F6Tilfk4KolHMNXZdagVOP6x1zPrXqYo/hnSucTGknsXUYcz41wrua/Ta3Te2h35aEdzXqAACAGgjvAADdlQQEof9P2ailBi45gUDuv6VjLgkJcwOA1GuQUn+xxxT7nLnnXnLMNUPMPYR3oXNK6Zuh53QFMTXOzwx2fEFcrTrPrf+ctpLzPKFrW7tN7bXfxrbh3OsAAEALhHcAgO5KNrbS12I2Y7EbsRrhXW5Y6AvvQoFnyf/lXCtfPbvCkdzwJPZ5U7/PfEzMc/q+p8ax1LpGMc/l6xe+9pYatLmeL6V/xASHoWMrqeOU54npq6H6Lz1m+m1823C9Vs45AwDQCuEdAKA7"
14:21:34.755 [Forwarding screenshot on session 9ff46c75-f860-4b6c-96bf-d1f3a31859fe to remote] DEBUG org.apache.http.wire - http-outgoing-123 &lt;&lt; "aXPmI32/77lTHh96rG8z59tA+l7XFUJIf6+1wa8ZAOQ+H/LrO/R9sf0oJfQIfS2l3eeEd7HBTmqg1OpapYZJsceWesz0WwAALg/hHQCgu5Iwzfe1nLAv9P2+sCHmMTmBpC8gSTku87lqXCPuQmmnJLxrfUyhdusL8kKBofT/NUO21B8OxDyf9PyxxxF6ztDXc9oC/RYAgPNGeAcAAAAAAADsFOEdAAAAAAAAsFOEdwAAAAAAAMBOEd4BAAAAAAAAO0V4BwAAAAAAAOwU4R0AAAAAAACwU4R3AAAAAAAAwE4R3gEAdufVq1dJX9/qeO6qV69eBXEN9qNW3eU+T+r31WpDMc+RM9bkHFvJ820xHpa+5l7H6piN//cyAAAGCklEQVSxq9UYBgBACcI7AMDu7Cm8Y4OXfh0I79rUeW7oYH4tty23DO9y+1ROKKZ+Pebvoe/PvQ6xr+V6bt9rpn49p45qtJXY88o51hJ3fbwBAOwP4R0AYBdSwolewZnvde7y5o7wbh/nlBqQ+L4v9prmBE2tg8bcUMx3XqVhUY3wzndMKdezRkCZc41irrv099T2mXLtYl3ieAMAOG+EdwCA3cnZ5IY29zF3d7heK2dzmLLZNI8zdH65517j+1zfWxqshr43azP9t389/YV2XP/L9F//tt5xhc41NhDLldsOU69ZaTiS8viY13I9JrZdxoZKoe/znVvJOcder1DbTPl7zPe2aNfSa6W8ZupjU9pIShsHAKA1wjsAwG7VCAlqhXKxwVRs6OU7zpTNc+75tQxrSq9zTmBg+pvfv5pevfr99Dfa17+d/urVq+kv/q//XnxcoXqOCcRah3e1Ao+c1049zpQQJfa1c/tqav+LDdRqX8eUY4w9t5zHxFzL0LgXU6et2meL7wcAoDbCOwDAbpWGdyXBl/o1VziTe+wpx1kS9N3Z8O4Pv59e/ce/nv6ff5hDvJNTaPffp//6H19Nf/WH/OOKPb5QsNAjYJDCj9RgpeT1U8+zZluIaeOu8Cj29VPGEPW1UkKu1MdL3xM6Nunfqdc/NC6mhHcp31uj3dX8XgAAWiC8AwDsRs4m1fx+379jH5/yejnBR0nImLo59j1n6DxjQ5/Q9Uq9liWBzSmcu317rBLine66U77++2+z2mfK8aUGPyX9IhT+pLbPUIBjXtucYw21t9Cxx/S/1L5lfl/qNczpn6UhVMwxxrQ1V5AWe+1yzl+qy5j2Glvv0uNi2mT8eAMAQB+EdwCA3UrZGOc+PiZMSAkgYl47NVyJec3SumkROtS45umv9e30V7dvl/2b37vusFsfk3NcvcM73/GkhDKu9hQTyvS69jEhSk7/ST2HUJAkBYih+izpu6njkCsUy7nmKf/ucZwp7TS2LaQ8DgCALRDeAQB2I3aTGLsJTg20co8n9blTwoeSoCj2PHO+v2dwl/Z69cO71LCoRvuJPaZQnZnhhyssSb3Oscee+ricY8oJ82KDNtf35VzTkvAu9f9jg6/a7bZkHPG10RptMeX4CO8AAHtDeAcA2I2UuytyNp2hx6c+3zmEdzlBZ8x5h5Rc+5z/Xxlvm13eHuv6evpxlX6tZl2lBLOhUKRFeFdyjLHHFFsfOW0+dRxqFd6l9reYACxnbMg9x5S6jG2bqde/5vMAANAb4R0AYBdSN+25AUrqRi83pKqxiS05z9Rzzw0kUs+9xrUPavwLK2LbUb1AMq2uap1HKFDzXaeUNhw6hlC/iwl4pNfJ6Weu400J1HL7V26IllpfpeFdasgYuhYlY2nu8RHeAQD2hvAOALA7qWFIzOZe2pylBnCxIZNvQxhznKHnjK2bnHpJqZ/U6+d7fGzwEesU2plvjf12+qtXc4hXflyx16tW/cbWi+84U0IS12N94U9skJZy7DmPSW17scfnOseUsSHldVKFrl1MndX63tL2G2pLOccR21YI7wAAe0N4BwDYldyNYY9jqRkaXLIW9ZL1nH/719NfaOHG7dtmd1BHtc6/VgBmfs31HKkBX8pr5FznlLBQ+t7QecUGlLl1HnvsNQO4lFBsq/AuZuxNCTNz2kbu9wIA0ALhHQBgN0J3oGxxPK02h5eoZZ3c5boOnXtpu/TdtRVzHKl3jtW6zjmBjnS+5vP5wi7XeZRcg9w6iQ3ffOftC8piHhtzTL46qR1yljw+dKwAAGyJ8A4AAAAAAADYKcI7AAAAAAAAYKcI7wAAAAAAAICdIrwDAAAAAAAAdorwDgAAAAAAANgpwjsAAAAAAABgpwjvAAAAAAAAgJ0ivAMAAAAAAAB2ivAOAAAAAAAA2CnCOwAAAAAAAGCnCO8AAAAAAACAnSK8AwAAAAAAAHaK8A4AAAAAAADYKcI7AAAAAAAAYKcI7wAAAAAAAICdIrwDAAAAAAAAdorwDgAAAAAAANgpwjsAAAAAAABgpwjvAAAAAAAAgJ36/wHC/PDLIm7c/AAAAABJRU5ErkJggg=="}"
14:21:34.755 [Forwarding screenshot on session 9ff46c75-f860-4b6c-96bf-d1f3a31859fe to remote] DEBUG o.a.h.i.c.DefaultManagedHttpClientConnection - http-outgoing-123: Shutdown connection
14:21:34.756 [Forwarding screenshot on session 9ff46c75-f860-4b6c-96bf-d1f3a31859fe to remote] DEBUG o.a.h.impl.execchain.MainClientExec - Connection discarded
14:21:34.756 [Forwarding screenshot on session 9ff46c75-f860-4b6c-96bf-d1f3a31859fe to remote] DEBUG o.a.h.i.c.DefaultManagedHttpClientConnection - http-outgoing-123: Close connection
14:21:34.756 [Forwarding screenshot on session 9ff46c75-f860-4b6c-96bf-d1f3a31859fe to remote] DEBUG o.a.h.i.c.PoolingHttpClientConnectionManager - Connection released: [id: 123][route: {}-&gt;http://127.0.0.1:7055][total kept alive: 0; route allocated: 0 of 2000; total allocated: 0 of 2000]
14:21:36.762 [main] INFO  org.testng.annotations.Test - 班长创建第2个投票
14:21:36.763 [Forwarding findElement on session 9ff46c75-f860-4b6c-96bf-d1f3a31859fe to remote] DEBUG o.a.h.c.protocol.RequestAddCookies - CookieSpec selected: best-match
14:21:36.764 [Forwarding findElement on session 9ff46c75-f860-4b6c-96bf-d1f3a31859fe to remote] DEBUG o.a.h.c.protocol.RequestAuthCache - Auth cache not set in the context
14:21:36.764 [Forwarding findElement on session 9ff46c75-f860-4b6c-96bf-d1f3a31859fe to remote] DEBUG o.a.h.i.c.PoolingHttpClientConnectionManager - Connection request: [route: {}-&gt;http://127.0.0.1:7055][total kept alive: 0; route allocated: 0 of 2000; total allocated: 0 of 2000]
14:21:36.764 [Forwarding findElement on session 9ff46c75-f860-4b6c-96bf-d1f3a31859fe to remote] DEBUG o.a.h.i.c.PoolingHttpClientConnectionManager - Connection leased: [id: 124][route: {}-&gt;http://127.0.0.1:7055][total kept alive: 0; route allocated: 1 of 2000; total allocated: 1 of 2000]
14:21:36.764 [Forwarding findElement on session 9ff46c75-f860-4b6c-96bf-d1f3a31859fe to remote] DEBUG o.a.h.impl.execchain.MainClientExec - Opening connection {}-&gt;http://127.0.0.1:7055
14:21:36.764 [Forwarding findElement on session 9ff46c75-f860-4b6c-96bf-d1f3a31859fe to remote] DEBUG o.a.h.i.c.HttpClientConnectionOperator - Connecting to /127.0.0.1:7055
14:21:36.766 [Forwarding findElement on session 9ff46c75-f860-4b6c-96bf-d1f3a31859fe to remote] DEBUG o.a.h.i.c.HttpClientConnectionOperator - Connection established 127.0.0.1:59040&lt;-&gt;127.0.0.1:7055
14:21:36.766 [Forwarding findElement on session 9ff46c75-f860-4b6c-96bf-d1f3a31859fe to remote] DEBUG o.a.h.impl.execchain.MainClientExec - Executing request POST /hub/session/9ff46c75-f860-4b6c-96bf-d1f3a31859fe/element HTTP/1.1
14:21:36.766 [Forwarding findElement on session 9ff46c75-f860-4b6c-96bf-d1f3a31859fe to remote] DEBUG o.a.h.impl.execchain.MainClientExec - Target auth state: UNCHALLENGED
14:21:36.767 [Forwarding findElement on session 9ff46c75-f860-4b6c-96bf-d1f3a31859fe to remote] DEBUG o.a.h.impl.execchain.MainClientExec - Proxy auth state: UNCHALLENGED
14:21:36.767 [Forwarding findElement on session 9ff46c75-f860-4b6c-96bf-d1f3a31859fe to remote] DEBUG org.apache.http.headers - http-outgoing-124 &gt;&gt; POST /hub/session/9ff46c75-f860-4b6c-96bf-d1f3a31859fe/element HTTP/1.1
14:21:36.768 [Forwarding findElement on session 9ff46c75-f860-4b6c-96bf-d1f3a31859fe to remote] DEBUG org.apache.http.headers - http-outgoing-124 &gt;&gt; Content-Type: application/json; charset=utf-8
14:21:36.768 [Forwarding findElement on session 9ff46c75-f860-4b6c-96bf-d1f3a31859fe to remote] DEBUG org.apache.http.headers - http-outgoing-124 &gt;&gt; Content-Length: 46
14:21:36.768 [Forwarding findElement on session 9ff46c75-f860-4b6c-96bf-d1f3a31859fe to remote] DEBUG org.apache.http.headers - http-outgoing-124 &gt;&gt; Host: 127.0.0.1:7055
14:21:36.769 [Forwarding findElement on session 9ff46c75-f860-4b6c-96bf-d1f3a31859fe to remote] DEBUG org.apache.http.headers - http-outgoing-124 &gt;&gt; Connection: Keep-Alive
14:21:36.769 [Forwarding findElement on session 9ff46c75-f860-4b6c-96bf-d1f3a31859fe to remote] DEBUG org.apache.http.headers - http-outgoing-124 &gt;&gt; User-Agent: Apache-HttpClient/4.3.4 (java 1.5)
14:21:36.769 [Forwarding findElement on session 9ff46c75-f860-4b6c-96bf-d1f3a31859fe to remote] DEBUG org.apache.http.headers - http-outgoing-124 &gt;&gt; Accept-Encoding: gzip,deflate
14:21:36.769 [Forwarding findElement on session 9ff46c75-f860-4b6c-96bf-d1f3a31859fe to remote] DEBUG org.apache.http.wire - http-outgoing-124 &gt;&gt; "POST /hub/session/9ff46c75-f860-4b6c-96bf-d1f3a31859fe/element HTTP/1.1[\r][\n]"
14:21:36.769 [Forwarding findElement on session 9ff46c75-f860-4b6c-96bf-d1f3a31859fe to remote] DEBUG org.apache.http.wire - http-outgoing-124 &gt;&gt; "Content-Type: application/json; charset=utf-8[\r][\n]"
14:21:36.770 [Forwarding findElement on session 9ff46c75-f860-4b6c-96bf-d1f3a31859fe to remote] DEBUG org.apache.http.wire - http-outgoing-124 &gt;&gt; "Content-Length: 46[\r][\n]"
14:21:36.770 [Forwarding findElement on session 9ff46c75-f860-4b6c-96bf-d1f3a31859fe to remote] DEBUG org.apache.http.wire - http-outgoing-124 &gt;&gt; "Host: 127.0.0.1:7055[\r][\n]"
14:21:36.771 [Forwarding findElement on session 9ff46c75-f860-4b6c-96bf-d1f3a31859fe to remote] DEBUG org.apache.http.wire - http-outgoing-124 &gt;&gt; "Connection: Keep-Alive[\r][\n]"
14:21:36.771 [Forwarding findElement on session 9ff46c75-f860-4b6c-96bf-d1f3a31859fe to remote] DEBUG org.apache.http.wire - http-outgoing-124 &gt;&gt; "User-Agent: Apache-HttpClient/4.3.4 (java 1.5)[\r][\n]"
14:21:36.771 [Forwarding findElement on session 9ff46c75-f860-4b6c-96bf-d1f3a31859fe to remote] DEBUG org.apache.http.wire - http-outgoing-124 &gt;&gt; "Accept-Encoding: gzip,deflate[\r][\n]"
14:21:36.771 [Forwarding findElement on session 9ff46c75-f860-4b6c-96bf-d1f3a31859fe to remote] DEBUG org.apache.http.wire - http-outgoing-124 &gt;&gt; "[\r][\n]"
14:21:36.771 [Forwarding findElement on session 9ff46c75-f860-4b6c-96bf-d1f3a31859fe to remote] DEBUG org.apache.http.wire - http-outgoing-124 &gt;&gt; "{"using":"css selector","value":".onbtnCss03"}"
14:21:36.780 [Forwarding findElement on session 9ff46c75-f860-4b6c-96bf-d1f3a31859fe to remote] DEBUG org.apache.http.wire - http-outgoing-124 &lt;&lt; "HTTP/1.1 200 OK[\r][\n]"
14:21:36.781 [Forwarding findElement on session 9ff46c75-f860-4b6c-96bf-d1f3a31859fe to remote] DEBUG org.apache.http.wire - http-outgoing-124 &lt;&lt; "content-type: application/json; charset=UTF-8[\r][\n]"
14:21:36.781 [Forwarding findElement on session 9ff46c75-f860-4b6c-96bf-d1f3a31859fe to remote] DEBUG org.apache.http.wire - http-outgoing-124 &lt;&lt; "connection: close[\r][\n]"
14:21:36.781 [Forwarding findElement on session 9ff46c75-f860-4b6c-96bf-d1f3a31859fe to remote] DEBUG org.apache.http.wire - http-outgoing-124 &lt;&lt; "content-length: 145[\r][\n]"
14:21:36.781 [Forwarding findElement on session 9ff46c75-f860-4b6c-96bf-d1f3a31859fe to remote] DEBUG org.apache.http.wire - http-outgoing-124 &lt;&lt; "server: httpd.js[\r][\n]"
14:21:36.781 [Forwarding findElement on session 9ff46c75-f860-4b6c-96bf-d1f3a31859fe to remote] DEBUG org.apache.http.wire - http-outgoing-124 &lt;&lt; "date: Thu, 04 Jun 2015 06:21:36 GMT[\r][\n]"
14:21:36.782 [Forwarding findElement on session 9ff46c75-f860-4b6c-96bf-d1f3a31859fe to remote] DEBUG org.apache.http.wire - http-outgoing-124 &lt;&lt; "[\r][\n]"
14:21:36.782 [Forwarding findElement on session 9ff46c75-f860-4b6c-96bf-d1f3a31859fe to remote] DEBUG org.apache.http.wire - http-outgoing-124 &lt;&lt; "{"name":"findElement","sessionId":"9ff46c75-f860-4b6c-96bf-d1f3a31859fe","status":0,"value":{"ELEMENT":"{dc86f1ed-47aa-4913-9496-fbba89423de7}"}}"
14:21:36.782 [Forwarding findElement on session 9ff46c75-f860-4b6c-96bf-d1f3a31859fe to remote] DEBUG org.apache.http.headers - http-outgoing-124 &lt;&lt; HTTP/1.1 200 OK
14:21:36.782 [Forwarding findElement on session 9ff46c75-f860-4b6c-96bf-d1f3a31859fe to remote] DEBUG org.apache.http.headers - http-outgoing-124 &lt;&lt; content-type: application/json; charset=UTF-8
14:21:36.782 [Forwarding findElement on session 9ff46c75-f860-4b6c-96bf-d1f3a31859fe to remote] DEBUG org.apache.http.headers - http-outgoing-124 &lt;&lt; connection: close
14:21:36.783 [Forwarding findElement on session 9ff46c75-f860-4b6c-96bf-d1f3a31859fe to remote] DEBUG org.apache.http.headers - http-outgoing-124 &lt;&lt; content-length: 145
14:21:36.783 [Forwarding findElement on session 9ff46c75-f860-4b6c-96bf-d1f3a31859fe to remote] DEBUG org.apache.http.headers - http-outgoing-124 &lt;&lt; server: httpd.js
14:21:36.783 [Forwarding findElement on session 9ff46c75-f860-4b6c-96bf-d1f3a31859fe to remote] DEBUG org.apache.http.headers - http-outgoing-124 &lt;&lt; date: Thu, 04 Jun 2015 06:21:36 GMT
14:21:36.784 [Forwarding findElement on session 9ff46c75-f860-4b6c-96bf-d1f3a31859fe to remote] DEBUG o.a.h.i.c.DefaultManagedHttpClientConnection - http-outgoing-124: Shutdown connection
14:21:36.784 [Forwarding findElement on session 9ff46c75-f860-4b6c-96bf-d1f3a31859fe to remote] DEBUG o.a.h.impl.execchain.MainClientExec - Connection discarded
14:21:36.784 [Forwarding findElement on session 9ff46c75-f860-4b6c-96bf-d1f3a31859fe to remote] DEBUG o.a.h.i.c.DefaultManagedHttpClientConnection - http-outgoing-124: Close connection
14:21:36.785 [Forwarding findElement on session 9ff46c75-f860-4b6c-96bf-d1f3a31859fe to remote] DEBUG o.a.h.i.c.PoolingHttpClientConnectionManager - Connection released: [id: 124][route: {}-&gt;http://127.0.0.1:7055][total kept alive: 0; route allocated: 0 of 2000; total allocated: 0 of 2000]
14:21:36.807 [Forwarding findElement on session 9ff46c75-f860-4b6c-96bf-d1f3a31859fe to remote] DEBUG o.a.h.c.protocol.RequestAddCookies - CookieSpec selected: best-match
14:21:36.807 [Forwarding findElement on session 9ff46c75-f860-4b6c-96bf-d1f3a31859fe to remote] DEBUG o.a.h.c.protocol.RequestAuthCache - Auth cache not set in the context
14:21:36.808 [Forwarding findElement on session 9ff46c75-f860-4b6c-96bf-d1f3a31859fe to remote] DEBUG o.a.h.i.c.PoolingHttpClientConnectionManager - Connection request: [route: {}-&gt;http://127.0.0.1:7055][total kept alive: 0; route allocated: 0 of 2000; total allocated: 0 of 2000]
14:21:36.808 [Forwarding findElement on session 9ff46c75-f860-4b6c-96bf-d1f3a31859fe to remote] DEBUG o.a.h.i.c.PoolingHttpClientConnectionManager - Connection leased: [id: 125][route: {}-&gt;http://127.0.0.1:7055][total kept alive: 0; route allocated: 1 of 2000; total allocated: 1 of 2000]
14:21:36.808 [Forwarding findElement on session 9ff46c75-f860-4b6c-96bf-d1f3a31859fe to remote] DEBUG o.a.h.impl.execchain.MainClientExec - Opening connection {}-&gt;http://127.0.0.1:7055
14:21:36.809 [Forwarding findElement on session 9ff46c75-f860-4b6c-96bf-d1f3a31859fe to remote] DEBUG o.a.h.i.c.HttpClientConnectionOperator - Connecting to /127.0.0.1:7055
14:21:36.810 [Forwarding findElement on session 9ff46c75-f860-4b6c-96bf-d1f3a31859fe to remote] DEBUG o.a.h.i.c.HttpClientConnectionOperator - Connection established 127.0.0.1:59041&lt;-&gt;127.0.0.1:7055
14:21:36.810 [Forwarding findElement on session 9ff46c75-f860-4b6c-96bf-d1f3a31859fe to remote] DEBUG o.a.h.impl.execchain.MainClientExec - Executing request POST /hub/session/9ff46c75-f860-4b6c-96bf-d1f3a31859fe/element HTTP/1.1
14:21:36.811 [Forwarding findElement on session 9ff46c75-f860-4b6c-96bf-d1f3a31859fe to remote] DEBUG o.a.h.impl.execchain.MainClientExec - Target auth state: UNCHALLENGED
14:21:36.811 [Forwarding findElement on session 9ff46c75-f860-4b6c-96bf-d1f3a31859fe to remote] DEBUG o.a.h.impl.execchain.MainClientExec - Proxy auth state: UNCHALLENGED
14:21:36.811 [Forwarding findElement on session 9ff46c75-f860-4b6c-96bf-d1f3a31859fe to remote] DEBUG org.apache.http.headers - http-outgoing-125 &gt;&gt; POST /hub/session/9ff46c75-f860-4b6c-96bf-d1f3a31859fe/element HTTP/1.1
14:21:36.811 [Forwarding findElement on session 9ff46c75-f860-4b6c-96bf-d1f3a31859fe to remote] DEBUG org.apache.http.headers - http-outgoing-125 &gt;&gt; Content-Type: application/json; charset=utf-8
14:21:36.811 [Forwarding findElement on session 9ff46c75-f860-4b6c-96bf-d1f3a31859fe to remote] DEBUG org.apache.http.headers - http-outgoing-125 &gt;&gt; Content-Length: 46
14:21:36.812 [Forwarding findElement on session 9ff46c75-f860-4b6c-96bf-d1f3a31859fe to remote] DEBUG org.apache.http.headers - http-outgoing-125 &gt;&gt; Host: 127.0.0.1:7055
14:21:36.812 [Forwarding findElement on session 9ff46c75-f860-4b6c-96bf-d1f3a31859fe to remote] DEBUG org.apache.http.headers - http-outgoing-125 &gt;&gt; Connection: Keep-Alive
14:21:36.812 [Forwarding findElement on session 9ff46c75-f860-4b6c-96bf-d1f3a31859fe to remote] DEBUG org.apache.http.headers - http-outgoing-125 &gt;&gt; User-Agent: Apache-HttpClient/4.3.4 (java 1.5)
14:21:36.812 [Forwarding findElement on session 9ff46c75-f860-4b6c-96bf-d1f3a31859fe to remote] DEBUG org.apache.http.headers - http-outgoing-125 &gt;&gt; Accept-Encoding: gzip,deflate
14:21:36.812 [Forwarding findElement on session 9ff46c75-f860-4b6c-96bf-d1f3a31859fe to remote] DEBUG org.apache.http.wire - http-outgoing-125 &gt;&gt; "POST /hub/session/9ff46c75-f860-4b6c-96bf-d1f3a31859fe/element HTTP/1.1[\r][\n]"
14:21:36.813 [Forwarding findElement on session 9ff46c75-f860-4b6c-96bf-d1f3a31859fe to remote] DEBUG org.apache.http.wire - http-outgoing-125 &gt;&gt; "Content-Type: application/json; charset=utf-8[\r][\n]"
14:21:36.813 [Forwarding findElement on session 9ff46c75-f860-4b6c-96bf-d1f3a31859fe to remote] DEBUG org.apache.http.wire - http-outgoing-125 &gt;&gt; "Content-Length: 46[\r][\n]"
14:21:36.813 [Forwarding findElement on session 9ff46c75-f860-4b6c-96bf-d1f3a31859fe to remote] DEBUG org.apache.http.wire - http-outgoing-125 &gt;&gt; "Host: 127.0.0.1:7055[\r][\n]"
14:21:36.813 [Forwarding findElement on session 9ff46c75-f860-4b6c-96bf-d1f3a31859fe to remote] DEBUG org.apache.http.wire - http-outgoing-125 &gt;&gt; "Connection: Keep-Alive[\r][\n]"
14:21:36.813 [Forwarding findElement on session 9ff46c75-f860-4b6c-96bf-d1f3a31859fe to remote] DEBUG org.apache.http.wire - http-outgoing-125 &gt;&gt; "User-Agent: Apache-HttpClient/4.3.4 (java 1.5)[\r][\n]"
14:21:36.816 [Forwarding findElement on session 9ff46c75-f860-4b6c-96bf-d1f3a31859fe to remote] DEBUG org.apache.http.wire - http-outgoing-125 &gt;&gt; "Accept-Encoding: gzip,deflate[\r][\n]"
14:21:36.816 [Forwarding findElement on session 9ff46c75-f860-4b6c-96bf-d1f3a31859fe to remote] DEBUG org.apache.http.wire - http-outgoing-125 &gt;&gt; "[\r][\n]"
14:21:36.816 [Forwarding findElement on session 9ff46c75-f860-4b6c-96bf-d1f3a31859fe to remote] DEBUG org.apache.http.wire - http-outgoing-125 &gt;&gt; "{"using":"css selector","value":".onbtnCss03"}"
14:21:36.827 [Forwarding findElement on session 9ff46c75-f860-4b6c-96bf-d1f3a31859fe to remote] DEBUG org.apache.http.wire - http-outgoing-125 &lt;&lt; "HTTP/1.1 200 OK[\r][\n]"
14:21:36.827 [Forwarding findElement on session 9ff46c75-f860-4b6c-96bf-d1f3a31859fe to remote] DEBUG org.apache.http.wire - http-outgoing-125 &lt;&lt; "content-type: application/json; charset=UTF-8[\r][\n]"
14:21:36.827 [Forwarding findElement on session 9ff46c75-f860-4b6c-96bf-d1f3a31859fe to remote] DEBUG org.apache.http.wire - http-outgoing-125 &lt;&lt; "connection: close[\r][\n]"
14:21:36.827 [Forwarding findElement on session 9ff46c75-f860-4b6c-96bf-d1f3a31859fe to remote] DEBUG org.apache.http.wire - http-outgoing-125 &lt;&lt; "content-length: 145[\r][\n]"
14:21:36.827 [Forwarding findElement on session 9ff46c75-f860-4b6c-96bf-d1f3a31859fe to remote] DEBUG org.apache.http.wire - http-outgoing-125 &lt;&lt; "server: httpd.js[\r][\n]"
14:21:36.827 [Forwarding findElement on session 9ff46c75-f860-4b6c-96bf-d1f3a31859fe to remote] DEBUG org.apache.http.wire - http-outgoing-125 &lt;&lt; "date: Thu, 04 Jun 2015 06:21:36 GMT[\r][\n]"
14:21:36.827 [Forwarding findElement on session 9ff46c75-f860-4b6c-96bf-d1f3a31859fe to remote] DEBUG org.apache.http.wire - http-outgoing-125 &lt;&lt; "[\r][\n]"
14:21:36.827 [Forwarding findElement on session 9ff46c75-f860-4b6c-96bf-d1f3a31859fe to remote] DEBUG org.apache.http.wire - http-outgoing-125 &lt;&lt; "{"name":"findElement","sessionId":"9ff46c75-f860-4b6c-96bf-d1f3a31859fe","status":0,"value":{"ELEMENT":"{dc86f1ed-47aa-4913-9496-fbba89423de7}"}}"
14:21:36.827 [Forwarding findElement on session 9ff46c75-f860-4b6c-96bf-d1f3a31859fe to remote] DEBUG org.apache.http.headers - http-outgoing-125 &lt;&lt; HTTP/1.1 200 OK
14:21:36.827 [Forwarding findElement on session 9ff46c75-f860-4b6c-96bf-d1f3a31859fe to remote] DEBUG org.apache.http.headers - http-outgoing-125 &lt;&lt; content-type: application/json; charset=UTF-8
14:21:36.828 [Forwarding findElement on session 9ff46c75-f860-4b6c-96bf-d1f3a31859fe to remote] DEBUG org.apache.http.headers - http-outgoing-125 &lt;&lt; connection: close
14:21:36.828 [Forwarding findElement on session 9ff46c75-f860-4b6c-96bf-d1f3a31859fe to remote] DEBUG org.apache.http.headers - http-outgoing-125 &lt;&lt; content-length: 145
14:21:36.828 [Forwarding findElement on session 9ff46c75-f860-4b6c-96bf-d1f3a31859fe to remote] DEBUG org.apache.http.headers - http-outgoing-125 &lt;&lt; server: httpd.js
14:21:36.828 [Forwarding findElement on session 9ff46c75-f860-4b6c-96bf-d1f3a31859fe to remote] DEBUG org.apache.http.headers - http-outgoing-125 &lt;&lt; date: Thu, 04 Jun 2015 06:21:36 GMT
14:21:36.829 [Forwarding findElement on session 9ff46c75-f860-4b6c-96bf-d1f3a31859fe to remote] DEBUG o.a.h.i.c.DefaultManagedHttpClientConnection - http-outgoing-125: Shutdown connection
14:21:36.829 [Forwarding findElement on session 9ff46c75-f860-4b6c-96bf-d1f3a31859fe to remote] DEBUG o.a.h.impl.execchain.MainClientExec - Connection discarded
14:21:36.829 [Forwarding findElement on session 9ff46c75-f860-4b6c-96bf-d1f3a31859fe to remote] DEBUG o.a.h.i.c.DefaultManagedHttpClientConnection - http-outgoing-125: Close connection
14:21:36.829 [Forwarding findElement on session 9ff46c75-f860-4b6c-96bf-d1f3a31859fe to remote] DEBUG o.a.h.i.c.PoolingHttpClientConnectionManager - Connection released: [id: 125][route: {}-&gt;http://127.0.0.1:7055][total kept alive: 0; route allocated: 0 of 2000; total allocated: 0 of 2000]
14:21:36.831 [Forwarding findElement on session 9ff46c75-f860-4b6c-96bf-d1f3a31859fe to remote] DEBUG o.a.h.c.protocol.RequestAddCookies - CookieSpec selected: best-match
14:21:36.831 [Forwarding findElement on session 9ff46c75-f860-4b6c-96bf-d1f3a31859fe to remote] DEBUG o.a.h.c.protocol.RequestAuthCache - Auth cache not set in the context
14:21:36.831 [Forwarding findElement on session 9ff46c75-f860-4b6c-96bf-d1f3a31859fe to remote] DEBUG o.a.h.i.c.PoolingHttpClientConnectionManager - Connection request: [route: {}-&gt;http://127.0.0.1:7055][total kept alive: 0; route allocated: 0 of 2000; total allocated: 0 of 2000]
14:21:36.832 [Forwarding findElement on session 9ff46c75-f860-4b6c-96bf-d1f3a31859fe to remote] DEBUG o.a.h.i.c.PoolingHttpClientConnectionManager - Connection leased: [id: 126][route: {}-&gt;http://127.0.0.1:7055][total kept alive: 0; route allocated: 1 of 2000; total allocated: 1 of 2000]
14:21:36.832 [Forwarding findElement on session 9ff46c75-f860-4b6c-96bf-d1f3a31859fe to remote] DEBUG o.a.h.impl.execchain.MainClientExec - Opening connection {}-&gt;http://127.0.0.1:7055
14:21:36.832 [Forwarding findElement on session 9ff46c75-f860-4b6c-96bf-d1f3a31859fe to remote] DEBUG o.a.h.i.c.HttpClientConnectionOperator - Connecting to /127.0.0.1:7055
14:21:36.833 [Forwarding findElement on session 9ff46c75-f860-4b6c-96bf-d1f3a31859fe to remote] DEBUG o.a.h.i.c.HttpClientConnectionOperator - Connection established 127.0.0.1:59042&lt;-&gt;127.0.0.1:7055
14:21:36.833 [Forwarding findElement on session 9ff46c75-f860-4b6c-96bf-d1f3a31859fe to remote] DEBUG o.a.h.impl.execchain.MainClientExec - Executing request POST /hub/session/9ff46c75-f860-4b6c-96bf-d1f3a31859fe/element HTTP/1.1
14:21:36.833 [Forwarding findElement on session 9ff46c75-f860-4b6c-96bf-d1f3a31859fe to remote] DEBUG o.a.h.impl.execchain.MainClientExec - Target auth state: UNCHALLENGED
14:21:36.833 [Forwarding findElement on session 9ff46c75-f860-4b6c-96bf-d1f3a31859fe to remote] DEBUG o.a.h.impl.execchain.MainClientExec - Proxy auth state: UNCHALLENGED
14:21:36.833 [Forwarding findElement on session 9ff46c75-f860-4b6c-96bf-d1f3a31859fe to remote] DEBUG org.apache.http.headers - http-outgoing-126 &gt;&gt; POST /hub/session/9ff46c75-f860-4b6c-96bf-d1f3a31859fe/element HTTP/1.1
14:21:36.833 [Forwarding findElement on session 9ff46c75-f860-4b6c-96bf-d1f3a31859fe to remote] DEBUG org.apache.http.headers - http-outgoing-126 &gt;&gt; Content-Type: application/json; charset=utf-8
14:21:36.833 [Forwarding findElement on session 9ff46c75-f860-4b6c-96bf-d1f3a31859fe to remote] DEBUG org.apache.http.headers - http-outgoing-126 &gt;&gt; Content-Length: 46
14:21:36.833 [Forwarding findElement on session 9ff46c75-f860-4b6c-96bf-d1f3a31859fe to remote] DEBUG org.apache.http.headers - http-outgoing-126 &gt;&gt; Host: 127.0.0.1:7055
14:21:36.833 [Forwarding findElement on session 9ff46c75-f860-4b6c-96bf-d1f3a31859fe to remote] DEBUG org.apache.http.headers - http-outgoing-126 &gt;&gt; Connection: Keep-Alive
14:21:36.833 [Forwarding findElement on session 9ff46c75-f860-4b6c-96bf-d1f3a31859fe to remote] DEBUG org.apache.http.headers - http-outgoing-126 &gt;&gt; User-Agent: Apache-HttpClient/4.3.4 (java 1.5)
14:21:36.833 [Forwarding findElement on session 9ff46c75-f860-4b6c-96bf-d1f3a31859fe to remote] DEBUG org.apache.http.headers - http-outgoing-126 &gt;&gt; Accept-Encoding: gzip,deflate
14:21:36.834 [Forwarding findElement on session 9ff46c75-f860-4b6c-96bf-d1f3a31859fe to remote] DEBUG org.apache.http.wire - http-outgoing-126 &gt;&gt; "POST /hub/session/9ff46c75-f860-4b6c-96bf-d1f3a31859fe/element HTTP/1.1[\r][\n]"
14:21:36.834 [Forwarding findElement on session 9ff46c75-f860-4b6c-96bf-d1f3a31859fe to remote] DEBUG org.apache.http.wire - http-outgoing-126 &gt;&gt; "Content-Type: application/json; charset=utf-8[\r][\n]"
14:21:36.834 [Forwarding findElement on session 9ff46c75-f860-4b6c-96bf-d1f3a31859fe to remote] DEBUG org.apache.http.wire - http-outgoing-126 &gt;&gt; "Content-Length: 46[\r][\n]"
14:21:36.834 [Forwarding findElement on session 9ff46c75-f860-4b6c-96bf-d1f3a31859fe to remote] DEBUG org.apache.http.wire - http-outgoing-126 &gt;&gt; "Host: 127.0.0.1:7055[\r][\n]"
14:21:36.834 [Forwarding findElement on session 9ff46c75-f860-4b6c-96bf-d1f3a31859fe to remote] DEBUG org.apache.http.wire - http-outgoing-126 &gt;&gt; "Connection: Keep-Alive[\r][\n]"
14:21:36.834 [Forwarding findElement on session 9ff46c75-f860-4b6c-96bf-d1f3a31859fe to remote] DEBUG org.apache.http.wire - http-outgoing-126 &gt;&gt; "User-Agent: Apache-HttpClient/4.3.4 (java 1.5)[\r][\n]"
14:21:36.835 [Forwarding findElement on session 9ff46c75-f860-4b6c-96bf-d1f3a31859fe to remote] DEBUG org.apache.http.wire - http-outgoing-126 &gt;&gt; "Accept-Encoding: gzip,deflate[\r][\n]"
14:21:36.835 [Forwarding findElement on session 9ff46c75-f860-4b6c-96bf-d1f3a31859fe to remote] DEBUG org.apache.http.wire - http-outgoing-126 &gt;&gt; "[\r][\n]"
14:21:36.835 [Forwarding findElement on session 9ff46c75-f860-4b6c-96bf-d1f3a31859fe to remote] DEBUG org.apache.http.wire - http-outgoing-126 &gt;&gt; "{"using":"css selector","value":".onbtnCss03"}"
14:21:36.846 [Forwarding findElement on session 9ff46c75-f860-4b6c-96bf-d1f3a31859fe to remote] DEBUG org.apache.http.wire - http-outgoing-126 &lt;&lt; "HTTP/1.1 200 OK[\r][\n]"
14:21:36.847 [Forwarding findElement on session 9ff46c75-f860-4b6c-96bf-d1f3a31859fe to remote] DEBUG org.apache.http.wire - http-outgoing-126 &lt;&lt; "content-type: application/json; charset=UTF-8[\r][\n]"
14:21:36.847 [Forwarding findElement on session 9ff46c75-f860-4b6c-96bf-d1f3a31859fe to remote] DEBUG org.apache.http.wire - http-outgoing-126 &lt;&lt; "connection: close[\r][\n]"
14:21:36.847 [Forwarding findElement on session 9ff46c75-f860-4b6c-96bf-d1f3a31859fe to remote] DEBUG org.apache.http.wire - http-outgoing-126 &lt;&lt; "content-length: 145[\r][\n]"
14:21:36.847 [Forwarding findElement on session 9ff46c75-f860-4b6c-96bf-d1f3a31859fe to remote] DEBUG org.apache.http.wire - http-outgoing-126 &lt;&lt; "server: httpd.js[\r][\n]"
14:21:36.847 [Forwarding findElement on session 9ff46c75-f860-4b6c-96bf-d1f3a31859fe to remote] DEBUG org.apache.http.wire - http-outgoing-126 &lt;&lt; "date: Thu, 04 Jun 2015 06:21:36 GMT[\r][\n]"
14:21:36.847 [Forwarding findElement on session 9ff46c75-f860-4b6c-96bf-d1f3a31859fe to remote] DEBUG org.apache.http.wire - http-outgoing-126 &lt;&lt; "[\r][\n]"
14:21:36.847 [Forwarding findElement on session 9ff46c75-f860-4b6c-96bf-d1f3a31859fe to remote] DEBUG org.apache.http.headers - http-outgoing-126 &lt;&lt; HTTP/1.1 200 OK
14:21:36.847 [Forwarding findElement on session 9ff46c75-f860-4b6c-96bf-d1f3a31859fe to remote] DEBUG org.apache.http.headers - http-outgoing-126 &lt;&lt; content-type: application/json; charset=UTF-8
14:21:36.847 [Forwarding findElement on session 9ff46c75-f860-4b6c-96bf-d1f3a31859fe to remote] DEBUG org.apache.http.headers - http-outgoing-126 &lt;&lt; connection: close
14:21:36.847 [Forwarding findElement on session 9ff46c75-f860-4b6c-96bf-d1f3a31859fe to remote] DEBUG org.apache.http.headers - http-outgoing-126 &lt;&lt; content-length: 145
14:21:36.847 [Forwarding findElement on session 9ff46c75-f860-4b6c-96bf-d1f3a31859fe to remote] DEBUG org.apache.http.headers - http-outgoing-126 &lt;&lt; server: httpd.js
14:21:36.847 [Forwarding findElement on session 9ff46c75-f860-4b6c-96bf-d1f3a31859fe to remote] DEBUG org.apache.http.headers - http-outgoing-126 &lt;&lt; date: Thu, 04 Jun 2015 06:21:36 GMT
14:21:36.848 [Forwarding findElement on session 9ff46c75-f860-4b6c-96bf-d1f3a31859fe to remote] DEBUG org.apache.http.wire - http-outgoing-126 &lt;&lt; "{"name":"findElement","sessionId":"9ff46c75-f860-4b6c-96bf-d1f3a31859fe","status":0,"value":{"ELEMENT":"{dc86f1ed-47aa-4913-9496-fbba89423de7}"}}"
14:21:36.848 [Forwarding findElement on session 9ff46c75-f860-4b6c-96bf-d1f3a31859fe to remote] DEBUG o.a.h.i.c.DefaultManagedHttpClientConnection - http-outgoing-126: Shutdown connection
14:21:36.848 [Forwarding findElement on session 9ff46c75-f860-4b6c-96bf-d1f3a31859fe to remote] DEBUG o.a.h.impl.execchain.MainClientExec - Connection discarded
14:21:36.848 [Forwarding findElement on session 9ff46c75-f860-4b6c-96bf-d1f3a31859fe to remote] DEBUG o.a.h.i.c.DefaultManagedHttpClientConnection - http-outgoing-126: Close connection
14:21:36.848 [Forwarding findElement on session 9ff46c75-f860-4b6c-96bf-d1f3a31859fe to remote] DEBUG o.a.h.i.c.PoolingHttpClientConnectionManager - Connection released: [id: 126][route: {}-&gt;http://127.0.0.1:7055][total kept alive: 0; route allocated: 0 of 2000; total allocated: 0 of 2000]
14:21:36.852 [Forwarding clickElement on session 9ff46c75-f860-4b6c-96bf-d1f3a31859fe to remote] DEBUG o.a.h.c.protocol.RequestAddCookies - CookieSpec selected: best-match
14:21:36.852 [Forwarding clickElement on session 9ff46c75-f860-4b6c-96bf-d1f3a31859fe to remote] DEBUG o.a.h.c.protocol.RequestAuthCache - Auth cache not set in the context
14:21:36.852 [Forwarding clickElement on session 9ff46c75-f860-4b6c-96bf-d1f3a31859fe to remote] DEBUG o.a.h.i.c.PoolingHttpClientConnectionManager - Connection request: [route: {}-&gt;http://127.0.0.1:7055][total kept alive: 0; route allocated: 0 of 2000; total allocated: 0 of 2000]
14:21:36.852 [Forwarding clickElement on session 9ff46c75-f860-4b6c-96bf-d1f3a31859fe to remote] DEBUG o.a.h.i.c.PoolingHttpClientConnectionManager - Connection leased: [id: 127][route: {}-&gt;http://127.0.0.1:7055][total kept alive: 0; route allocated: 1 of 2000; total allocated: 1 of 2000]
14:21:36.852 [Forwarding clickElement on session 9ff46c75-f860-4b6c-96bf-d1f3a31859fe to remote] DEBUG o.a.h.impl.execchain.MainClientExec - Opening connection {}-&gt;http://127.0.0.1:7055
14:21:36.852 [Forwarding clickElement on session 9ff46c75-f860-4b6c-96bf-d1f3a31859fe to remote] DEBUG o.a.h.i.c.HttpClientConnectionOperator - Connecting to /127.0.0.1:7055
14:21:36.852 [Forwarding clickElement on session 9ff46c75-f860-4b6c-96bf-d1f3a31859fe to remote] DEBUG o.a.h.i.c.HttpClientConnectionOperator - Connection established 127.0.0.1:59043&lt;-&gt;127.0.0.1:7055
14:21:36.852 [Forwarding clickElement on session 9ff46c75-f860-4b6c-96bf-d1f3a31859fe to remote] DEBUG o.a.h.impl.execchain.MainClientExec - Executing request POST /hub/session/9ff46c75-f860-4b6c-96bf-d1f3a31859fe/element/%7Bdc86f1ed-47aa-4913-9496-fbba89423de7%7D/click HTTP/1.1
14:21:36.852 [Forwarding clickElement on session 9ff46c75-f860-4b6c-96bf-d1f3a31859fe to remote] DEBUG o.a.h.impl.execchain.MainClientExec - Target auth state: UNCHALLENGED
14:21:36.852 [Forwarding clickElement on session 9ff46c75-f860-4b6c-96bf-d1f3a31859fe to remote] DEBUG o.a.h.impl.execchain.MainClientExec - Proxy auth state: UNCHALLENGED
14:21:36.852 [Forwarding clickElement on session 9ff46c75-f860-4b6c-96bf-d1f3a31859fe to remote] DEBUG org.apache.http.headers - http-outgoing-127 &gt;&gt; POST /hub/session/9ff46c75-f860-4b6c-96bf-d1f3a31859fe/element/%7Bdc86f1ed-47aa-4913-9496-fbba89423de7%7D/click HTTP/1.1
14:21:36.852 [Forwarding clickElement on session 9ff46c75-f860-4b6c-96bf-d1f3a31859fe to remote] DEBUG org.apache.http.headers - http-outgoing-127 &gt;&gt; Content-Type: application/json; charset=utf-8
14:21:36.853 [Forwarding clickElement on session 9ff46c75-f860-4b6c-96bf-d1f3a31859fe to remote] DEBUG org.apache.http.headers - http-outgoing-127 &gt;&gt; Content-Length: 47
14:21:36.853 [Forwarding clickElement on session 9ff46c75-f860-4b6c-96bf-d1f3a31859fe to remote] DEBUG org.apache.http.headers - http-outgoing-127 &gt;&gt; Host: 127.0.0.1:7055
14:21:36.853 [Forwarding clickElement on session 9ff46c75-f860-4b6c-96bf-d1f3a31859fe to remote] DEBUG org.apache.http.headers - http-outgoing-127 &gt;&gt; Connection: Keep-Alive
14:21:36.853 [Forwarding clickElement on session 9ff46c75-f860-4b6c-96bf-d1f3a31859fe to remote] DEBUG org.apache.http.headers - http-outgoing-127 &gt;&gt; User-Agent: Apache-HttpClient/4.3.4 (java 1.5)
14:21:36.853 [Forwarding clickElement on session 9ff46c75-f860-4b6c-96bf-d1f3a31859fe to remote] DEBUG org.apache.http.headers - http-outgoing-127 &gt;&gt; Accept-Encoding: gzip,deflate
14:21:36.853 [Forwarding clickElement on session 9ff46c75-f860-4b6c-96bf-d1f3a31859fe to remote] DEBUG org.apache.http.wire - http-outgoing-127 &gt;&gt; "POST /hub/session/9ff46c75-f860-4b6c-96bf-d1f3a31859fe/element/%7Bdc86f1ed-47aa-4913-9496-fbba89423de7%7D/click HTTP/1.1[\r][\n]"
14:21:36.853 [Forwarding clickElement on session 9ff46c75-f860-4b6c-96bf-d1f3a31859fe to remote] DEBUG org.apache.http.wire - http-outgoing-127 &gt;&gt; "Content-Type: application/json; charset=utf-8[\r][\n]"
14:21:36.854 [Forwarding clickElement on session 9ff46c75-f860-4b6c-96bf-d1f3a31859fe to remote] DEBUG org.apache.http.wire - http-outgoing-127 &gt;&gt; "Content-Length: 47[\r][\n]"
14:21:36.854 [Forwarding clickElement on session 9ff46c75-f860-4b6c-96bf-d1f3a31859fe to remote] DEBUG org.apache.http.wire - http-outgoing-127 &gt;&gt; "Host: 127.0.0.1:7055[\r][\n]"
14:21:36.854 [Forwarding clickElement on session 9ff46c75-f860-4b6c-96bf-d1f3a31859fe to remote] DEBUG org.apache.http.wire - http-outgoing-127 &gt;&gt; "Connection: Keep-Alive[\r][\n]"
14:21:36.854 [Forwarding clickElement on session 9ff46c75-f860-4b6c-96bf-d1f3a31859fe to remote] DEBUG org.apache.http.wire - http-outgoing-127 &gt;&gt; "User-Agent: Apache-HttpClient/4.3.4 (java 1.5)[\r][\n]"
14:21:36.854 [Forwarding clickElement on session 9ff46c75-f860-4b6c-96bf-d1f3a31859fe to remote] DEBUG org.apache.http.wire - http-outgoing-127 &gt;&gt; "Accept-Encoding: gzip,deflate[\r][\n]"
14:21:36.854 [Forwarding clickElement on session 9ff46c75-f860-4b6c-96bf-d1f3a31859fe to remote] DEBUG org.apache.http.wire - http-outgoing-127 &gt;&gt; "[\r][\n]"
14:21:36.854 [Forwarding clickElement on session 9ff46c75-f860-4b6c-96bf-d1f3a31859fe to remote] DEBUG org.apache.http.wire - http-outgoing-127 &gt;&gt; "{"id":"{dc86f1ed-47aa-4913-9496-fbba89423de7}"}"
14:21:37.125 [Forwarding clickElement on session 9ff46c75-f860-4b6c-96bf-d1f3a31859fe to remote] DEBUG org.apache.http.wire - http-outgoing-127 &lt;&lt; "HTTP/1.1 200 OK[\r][\n]"
14:21:37.125 [Forwarding clickElement on session 9ff46c75-f860-4b6c-96bf-d1f3a31859fe to remote] DEBUG org.apache.http.wire - http-outgoing-127 &lt;&lt; "content-type: application/json; charset=UTF-8[\r][\n]"
14:21:37.125 [Forwarding clickElement on session 9ff46c75-f860-4b6c-96bf-d1f3a31859fe to remote] DEBUG org.apache.http.wire - http-outgoing-127 &lt;&lt; "connection: close[\r][\n]"
14:21:37.125 [Forwarding clickElement on session 9ff46c75-f860-4b6c-96bf-d1f3a31859fe to remote] DEBUG org.apache.http.wire - http-outgoing-127 &lt;&lt; "content-length: 98[\r][\n]"
14:21:37.125 [Forwarding clickElement on session 9ff46c75-f860-4b6c-96bf-d1f3a31859fe to remote] DEBUG org.apache.http.wire - http-outgoing-127 &lt;&lt; "server: httpd.js[\r][\n]"
14:21:37.125 [Forwarding clickElement on session 9ff46c75-f860-4b6c-96bf-d1f3a31859fe to remote] DEBUG org.apache.http.wire - http-outgoing-127 &lt;&lt; "date: Thu, 04 Jun 2015 06:21:37 GMT[\r][\n]"
14:21:37.125 [Forwarding clickElement on session 9ff46c75-f860-4b6c-96bf-d1f3a31859fe to remote] DEBUG org.apache.http.wire - http-outgoing-127 &lt;&lt; "[\r][\n]"
14:21:37.125 [Forwarding clickElement on session 9ff46c75-f860-4b6c-96bf-d1f3a31859fe to remote] DEBUG org.apache.http.headers - http-outgoing-127 &lt;&lt; HTTP/1.1 200 OK
14:21:37.125 [Forwarding clickElement on session 9ff46c75-f860-4b6c-96bf-d1f3a31859fe to remote] DEBUG org.apache.http.headers - http-outgoing-127 &lt;&lt; content-type: application/json; charset=UTF-8
14:21:37.125 [Forwarding clickElement on session 9ff46c75-f860-4b6c-96bf-d1f3a31859fe to remote] DEBUG org.apache.http.headers - http-outgoing-127 &lt;&lt; connection: close
14:21:37.125 [Forwarding clickElement on session 9ff46c75-f860-4b6c-96bf-d1f3a31859fe to remote] DEBUG org.apache.http.headers - http-outgoing-127 &lt;&lt; content-length: 98
14:21:37.125 [Forwarding clickElement on session 9ff46c75-f860-4b6c-96bf-d1f3a31859fe to remote] DEBUG org.apache.http.headers - http-outgoing-127 &lt;&lt; server: httpd.js
14:21:37.125 [Forwarding clickElement on session 9ff46c75-f860-4b6c-96bf-d1f3a31859fe to remote] DEBUG org.apache.http.headers - http-outgoing-127 &lt;&lt; date: Thu, 04 Jun 2015 06:21:37 GMT
14:21:37.137 [Forwarding clickElement on session 9ff46c75-f860-4b6c-96bf-d1f3a31859fe to remote] DEBUG org.apache.http.wire - http-outgoing-127 &lt;&lt; "{"name":"clickElement","sessionId":"9ff46c75-f860-4b6c-96bf-d1f3a31859fe","status":0,"value":"ok"}"
14:21:37.137 [Forwarding clickElement on session 9ff46c75-f860-4b6c-96bf-d1f3a31859fe to remote] DEBUG o.a.h.i.c.DefaultManagedHttpClientConnection - http-outgoing-127: Shutdown connection
14:21:37.137 [Forwarding clickElement on session 9ff46c75-f860-4b6c-96bf-d1f3a31859fe to remote] DEBUG o.a.h.impl.execchain.MainClientExec - Connection discarded
14:21:37.137 [Forwarding clickElement on session 9ff46c75-f860-4b6c-96bf-d1f3a31859fe to remote] DEBUG o.a.h.i.c.DefaultManagedHttpClientConnection - http-outgoing-127: Close connection
14:21:37.137 [Forwarding clickElement on session 9ff46c75-f860-4b6c-96bf-d1f3a31859fe to remote] DEBUG o.a.h.i.c.PoolingHttpClientConnectionManager - Connection released: [id: 127][route: {}-&gt;http://127.0.0.1:7055][total kept alive: 0; route allocated: 0 of 2000; total allocated: 0 of 2000]
14:21:37.138 [Forwarding findElement on session 9ff46c75-f860-4b6c-96bf-d1f3a31859fe to remote] DEBUG o.a.h.c.protocol.RequestAddCookies - CookieSpec selected: best-match
14:21:37.139 [Forwarding findElement on session 9ff46c75-f860-4b6c-96bf-d1f3a31859fe to remote] DEBUG o.a.h.c.protocol.RequestAuthCache - Auth cache not set in the context
14:21:37.139 [Forwarding findElement on session 9ff46c75-f860-4b6c-96bf-d1f3a31859fe to remote] DEBUG o.a.h.i.c.PoolingHttpClientConnectionManager - Connection request: [route: {}-&gt;http://127.0.0.1:7055][total kept alive: 0; route allocated: 0 of 2000; total allocated: 0 of 2000]
14:21:37.139 [Forwarding findElement on session 9ff46c75-f860-4b6c-96bf-d1f3a31859fe to remote] DEBUG o.a.h.i.c.PoolingHttpClientConnectionManager - Connection leased: [id: 128][route: {}-&gt;http://127.0.0.1:7055][total kept alive: 0; route allocated: 1 of 2000; total allocated: 1 of 2000]
14:21:37.139 [Forwarding findElement on session 9ff46c75-f860-4b6c-96bf-d1f3a31859fe to remote] DEBUG o.a.h.impl.execchain.MainClientExec - Opening connection {}-&gt;http://127.0.0.1:7055
14:21:37.139 [Forwarding findElement on session 9ff46c75-f860-4b6c-96bf-d1f3a31859fe to remote] DEBUG o.a.h.i.c.HttpClientConnectionOperator - Connecting to /127.0.0.1:7055
14:21:37.139 [Forwarding findElement on session 9ff46c75-f860-4b6c-96bf-d1f3a31859fe to remote] DEBUG o.a.h.i.c.HttpClientConnectionOperator - Connection established 127.0.0.1:59044&lt;-&gt;127.0.0.1:7055
14:21:37.139 [Forwarding findElement on session 9ff46c75-f860-4b6c-96bf-d1f3a31859fe to remote] DEBUG o.a.h.impl.execchain.MainClientExec - Executing request POST /hub/session/9ff46c75-f860-4b6c-96bf-d1f3a31859fe/element HTTP/1.1
14:21:37.139 [Forwarding findElement on session 9ff46c75-f860-4b6c-96bf-d1f3a31859fe to remote] DEBUG o.a.h.impl.execchain.MainClientExec - Target auth state: UNCHALLENGED
14:21:37.139 [Forwarding findElement on session 9ff46c75-f860-4b6c-96bf-d1f3a31859fe to remote] DEBUG o.a.h.impl.execchain.MainClientExec - Proxy auth state: UNCHALLENGED
14:21:37.139 [Forwarding findElement on session 9ff46c75-f860-4b6c-96bf-d1f3a31859fe to remote] DEBUG org.apache.http.headers - http-outgoing-128 &gt;&gt; POST /hub/session/9ff46c75-f860-4b6c-96bf-d1f3a31859fe/element HTTP/1.1
14:21:37.139 [Forwarding findElement on session 9ff46c75-f860-4b6c-96bf-d1f3a31859fe to remote] DEBUG org.apache.http.headers - http-outgoing-128 &gt;&gt; Content-Type: application/json; charset=utf-8
14:21:37.139 [Forwarding findElement on session 9ff46c75-f860-4b6c-96bf-d1f3a31859fe to remote] DEBUG org.apache.http.headers - http-outgoing-128 &gt;&gt; Content-Length: 104
14:21:37.139 [Forwarding findElement on session 9ff46c75-f860-4b6c-96bf-d1f3a31859fe to remote] DEBUG org.apache.http.headers - http-outgoing-128 &gt;&gt; Host: 127.0.0.1:7055
14:21:37.139 [Forwarding findElement on session 9ff46c75-f860-4b6c-96bf-d1f3a31859fe to remote] DEBUG org.apache.http.headers - http-outgoing-128 &gt;&gt; Connection: Keep-Alive
14:21:37.139 [Forwarding findElement on session 9ff46c75-f860-4b6c-96bf-d1f3a31859fe to remote] DEBUG org.apache.http.headers - http-outgoing-128 &gt;&gt; User-Agent: Apache-HttpClient/4.3.4 (java 1.5)
14:21:37.139 [Forwarding findElement on session 9ff46c75-f860-4b6c-96bf-d1f3a31859fe to remote] DEBUG org.apache.http.headers - http-outgoing-128 &gt;&gt; Accept-Encoding: gzip,deflate
14:21:37.140 [Forwarding findElement on session 9ff46c75-f860-4b6c-96bf-d1f3a31859fe to remote] DEBUG org.apache.http.wire - http-outgoing-128 &gt;&gt; "POST /hub/session/9ff46c75-f860-4b6c-96bf-d1f3a31859fe/element HTTP/1.1[\r][\n]"
14:21:37.140 [Forwarding findElement on session 9ff46c75-f860-4b6c-96bf-d1f3a31859fe to remote] DEBUG org.apache.http.wire - http-outgoing-128 &gt;&gt; "Content-Type: application/json; charset=utf-8[\r][\n]"
14:21:37.140 [Forwarding findElement on session 9ff46c75-f860-4b6c-96bf-d1f3a31859fe to remote] DEBUG org.apache.http.wire - http-outgoing-128 &gt;&gt; "Content-Length: 104[\r][\n]"
14:21:37.140 [Forwarding findElement on session 9ff46c75-f860-4b6c-96bf-d1f3a31859fe to remote] DEBUG org.apache.http.wire - http-outgoing-128 &gt;&gt; "Host: 127.0.0.1:7055[\r][\n]"
14:21:37.140 [Forwarding findElement on session 9ff46c75-f860-4b6c-96bf-d1f3a31859fe to remote] DEBUG org.apache.http.wire - http-outgoing-128 &gt;&gt; "Connection: Keep-Alive[\r][\n]"
14:21:37.140 [Forwarding findElement on session 9ff46c75-f860-4b6c-96bf-d1f3a31859fe to remote] DEBUG org.apache.http.wire - http-outgoing-128 &gt;&gt; "User-Agent: Apache-HttpClient/4.3.4 (java 1.5)[\r][\n]"
14:21:37.140 [Forwarding findElement on session 9ff46c75-f860-4b6c-96bf-d1f3a31859fe to remote] DEBUG org.apache.http.wire - http-outgoing-128 &gt;&gt; "Accept-Encoding: gzip,deflate[\r][\n]"
14:21:37.140 [Forwarding findElement on session 9ff46c75-f860-4b6c-96bf-d1f3a31859fe to remote] DEBUG org.apache.http.wire - http-outgoing-128 &gt;&gt; "[\r][\n]"
14:21:37.140 [Forwarding findElement on session 9ff46c75-f860-4b6c-96bf-d1f3a31859fe to remote] DEBUG org.apache.http.wire - http-outgoing-128 &gt;&gt; "{"using":"xpath","value":".//*[@id\u003d\u0027popupDiv\u0027]/div/div[1]/table/tbody/tr[1]/td[2]/input"}"
14:21:37.306 [Forwarding findElement on session 9ff46c75-f860-4b6c-96bf-d1f3a31859fe to remote] DEBUG org.apache.http.wire - http-outgoing-128 &lt;&lt; "HTTP/1.1 200 OK[\r][\n]"
14:21:37.306 [Forwarding findElement on session 9ff46c75-f860-4b6c-96bf-d1f3a31859fe to remote] DEBUG org.apache.http.wire - http-outgoing-128 &lt;&lt; "content-type: application/json; charset=UTF-8[\r][\n]"
14:21:37.307 [Forwarding findElement on session 9ff46c75-f860-4b6c-96bf-d1f3a31859fe to remote] DEBUG org.apache.http.wire - http-outgoing-128 &lt;&lt; "connection: close[\r][\n]"
14:21:37.307 [Forwarding findElement on session 9ff46c75-f860-4b6c-96bf-d1f3a31859fe to remote] DEBUG org.apache.http.wire - http-outgoing-128 &lt;&lt; "content-length: 145[\r][\n]"
14:21:37.307 [Forwarding findElement on session 9ff46c75-f860-4b6c-96bf-d1f3a31859fe to remote] DEBUG org.apache.http.wire - http-outgoing-128 &lt;&lt; "server: httpd.js[\r][\n]"
14:21:37.307 [Forwarding findElement on session 9ff46c75-f860-4b6c-96bf-d1f3a31859fe to remote] DEBUG org.apache.http.wire - http-outgoing-128 &lt;&lt; "date: Thu, 04 Jun 2015 06:21:37 GMT[\r][\n]"
14:21:37.307 [Forwarding findElement on session 9ff46c75-f860-4b6c-96bf-d1f3a31859fe to remote] DEBUG org.apache.http.wire - http-outgoing-128 &lt;&lt; "[\r][\n]"
14:21:37.307 [Forwarding findElement on session 9ff46c75-f860-4b6c-96bf-d1f3a31859fe to remote] DEBUG org.apache.http.headers - http-outgoing-128 &lt;&lt; HTTP/1.1 200 OK
14:21:37.307 [Forwarding findElement on session 9ff46c75-f860-4b6c-96bf-d1f3a31859fe to remote] DEBUG org.apache.http.headers - http-outgoing-128 &lt;&lt; content-type: application/json; charset=UTF-8
14:21:37.307 [Forwarding findElement on session 9ff46c75-f860-4b6c-96bf-d1f3a31859fe to remote] DEBUG org.apache.http.headers - http-outgoing-128 &lt;&lt; connection: close
14:21:37.307 [Forwarding findElement on session 9ff46c75-f860-4b6c-96bf-d1f3a31859fe to remote] DEBUG org.apache.http.headers - http-outgoing-128 &lt;&lt; content-length: 145
14:21:37.307 [Forwarding findElement on session 9ff46c75-f860-4b6c-96bf-d1f3a31859fe to remote] DEBUG org.apache.http.headers - http-outgoing-128 &lt;&lt; server: httpd.js
14:21:37.307 [Forwarding findElement on session 9ff46c75-f860-4b6c-96bf-d1f3a31859fe to remote] DEBUG org.apache.http.headers - http-outgoing-128 &lt;&lt; date: Thu, 04 Jun 2015 06:21:37 GMT
14:21:37.366 [Forwarding findElement on session 9ff46c75-f860-4b6c-96bf-d1f3a31859fe to remote] DEBUG org.apache.http.wire - http-outgoing-128 &lt;&lt; "{"name":"findElement","sessionId":"9ff46c75-f860-4b6c-96bf-d1f3a31859fe","status":0,"value":{"ELEMENT":"{0916aaf3-323e-4d5d-9b46-b7b82152765f}"}}"
14:21:37.367 [Forwarding findElement on session 9ff46c75-f860-4b6c-96bf-d1f3a31859fe to remote] DEBUG o.a.h.i.c.DefaultManagedHttpClientConnection - http-outgoing-128: Shutdown connection
14:21:37.367 [Forwarding findElement on session 9ff46c75-f860-4b6c-96bf-d1f3a31859fe to remote] DEBUG o.a.h.impl.execchain.MainClientExec - Connection discarded
14:21:37.367 [Forwarding findElement on session 9ff46c75-f860-4b6c-96bf-d1f3a31859fe to remote] DEBUG o.a.h.i.c.DefaultManagedHttpClientConnection - http-outgoing-128: Close connection
14:21:37.367 [Forwarding findElement on session 9ff46c75-f860-4b6c-96bf-d1f3a31859fe to remote] DEBUG o.a.h.i.c.PoolingHttpClientConnectionManager - Connection released: [id: 128][route: {}-&gt;http://127.0.0.1:7055][total kept alive: 0; route allocated: 0 of 2000; total allocated: 0 of 2000]
14:21:37.368 [Forwarding findElement on session 9ff46c75-f860-4b6c-96bf-d1f3a31859fe to remote] DEBUG o.a.h.c.protocol.RequestAddCookies - CookieSpec selected: best-match
14:21:37.368 [Forwarding findElement on session 9ff46c75-f860-4b6c-96bf-d1f3a31859fe to remote] DEBUG o.a.h.c.protocol.RequestAuthCache - Auth cache not set in the context
14:21:37.368 [Forwarding findElement on session 9ff46c75-f860-4b6c-96bf-d1f3a31859fe to remote] DEBUG o.a.h.i.c.PoolingHttpClientConnectionManager - Connection request: [route: {}-&gt;http://127.0.0.1:7055][total kept alive: 0; route allocated: 0 of 2000; total allocated: 0 of 2000]
14:21:37.368 [Forwarding findElement on session 9ff46c75-f860-4b6c-96bf-d1f3a31859fe to remote] DEBUG o.a.h.i.c.PoolingHttpClientConnectionManager - Connection leased: [id: 129][route: {}-&gt;http://127.0.0.1:7055][total kept alive: 0; route allocated: 1 of 2000; total allocated: 1 of 2000]
14:21:37.368 [Forwarding findElement on session 9ff46c75-f860-4b6c-96bf-d1f3a31859fe to remote] DEBUG o.a.h.impl.execchain.MainClientExec - Opening connection {}-&gt;http://127.0.0.1:7055
14:21:37.368 [Forwarding findElement on session 9ff46c75-f860-4b6c-96bf-d1f3a31859fe to remote] DEBUG o.a.h.i.c.HttpClientConnectionOperator - Connecting to /127.0.0.1:7055
14:21:37.369 [Forwarding findElement on session 9ff46c75-f860-4b6c-96bf-d1f3a31859fe to remote] DEBUG o.a.h.i.c.HttpClientConnectionOperator - Connection established 127.0.0.1:59045&lt;-&gt;127.0.0.1:7055
14:21:37.369 [Forwarding findElement on session 9ff46c75-f860-4b6c-96bf-d1f3a31859fe to remote] DEBUG o.a.h.impl.execchain.MainClientExec - Executing request POST /hub/session/9ff46c75-f860-4b6c-96bf-d1f3a31859fe/element HTTP/1.1
14:21:37.369 [Forwarding findElement on session 9ff46c75-f860-4b6c-96bf-d1f3a31859fe to remote] DEBUG o.a.h.impl.execchain.MainClientExec - Target auth state: UNCHALLENGED
14:21:37.369 [Forwarding findElement on session 9ff46c75-f860-4b6c-96bf-d1f3a31859fe to remote] DEBUG o.a.h.impl.execchain.MainClientExec - Proxy auth state: UNCHALLENGED
14:21:37.369 [Forwarding findElement on session 9ff46c75-f860-4b6c-96bf-d1f3a31859fe to remote] DEBUG org.apache.http.headers - http-outgoing-129 &gt;&gt; POST /hub/session/9ff46c75-f860-4b6c-96bf-d1f3a31859fe/element HTTP/1.1
14:21:37.369 [Forwarding findElement on session 9ff46c75-f860-4b6c-96bf-d1f3a31859fe to remote] DEBUG org.apache.http.headers - http-outgoing-129 &gt;&gt; Content-Type: application/json; charset=utf-8
14:21:37.369 [Forwarding findElement on session 9ff46c75-f860-4b6c-96bf-d1f3a31859fe to remote] DEBUG org.apache.http.headers - http-outgoing-129 &gt;&gt; Content-Length: 104
14:21:37.369 [Forwarding findElement on session 9ff46c75-f860-4b6c-96bf-d1f3a31859fe to remote] DEBUG org.apache.http.headers - http-outgoing-129 &gt;&gt; Host: 127.0.0.1:7055
14:21:37.370 [Forwarding findElement on session 9ff46c75-f860-4b6c-96bf-d1f3a31859fe to remote] DEBUG org.apache.http.headers - http-outgoing-129 &gt;&gt; Connection: Keep-Alive
14:21:37.370 [Forwarding findElement on session 9ff46c75-f860-4b6c-96bf-d1f3a31859fe to remote] DEBUG org.apache.http.headers - http-outgoing-129 &gt;&gt; User-Agent: Apache-HttpClient/4.3.4 (java 1.5)
14:21:37.370 [Forwarding findElement on session 9ff46c75-f860-4b6c-96bf-d1f3a31859fe to remote] DEBUG org.apache.http.headers - http-outgoing-129 &gt;&gt; Accept-Encoding: gzip,deflate
14:21:37.370 [Forwarding findElement on session 9ff46c75-f860-4b6c-96bf-d1f3a31859fe to remote] DEBUG org.apache.http.wire - http-outgoing-129 &gt;&gt; "POST /hub/session/9ff46c75-f860-4b6c-96bf-d1f3a31859fe/element HTTP/1.1[\r][\n]"
14:21:37.370 [Forwarding findElement on session 9ff46c75-f860-4b6c-96bf-d1f3a31859fe to remote] DEBUG org.apache.http.wire - http-outgoing-129 &gt;&gt; "Content-Type: application/json; charset=utf-8[\r][\n]"
14:21:37.370 [Forwarding findElement on session 9ff46c75-f860-4b6c-96bf-d1f3a31859fe to remote] DEBUG org.apache.http.wire - http-outgoing-129 &gt;&gt; "Content-Length: 104[\r][\n]"
14:21:37.370 [Forwarding findElement on session 9ff46c75-f860-4b6c-96bf-d1f3a31859fe to remote] DEBUG org.apache.http.wire - http-outgoing-129 &gt;&gt; "Host: 127.0.0.1:7055[\r][\n]"
14:21:37.370 [Forwarding findElement on session 9ff46c75-f860-4b6c-96bf-d1f3a31859fe to remote] DEBUG org.apache.http.wire - http-outgoing-129 &gt;&gt; "Connection: Keep-Alive[\r][\n]"
14:21:37.370 [Forwarding findElement on session 9ff46c75-f860-4b6c-96bf-d1f3a31859fe to remote] DEBUG org.apache.http.wire - http-outgoing-129 &gt;&gt; "User-Agent: Apache-HttpClient/4.3.4 (java 1.5)[\r][\n]"
14:21:37.370 [Forwarding findElement on session 9ff46c75-f860-4b6c-96bf-d1f3a31859fe to remote] DEBUG org.apache.http.wire - http-outgoing-129 &gt;&gt; "Accept-Encoding: gzip,deflate[\r][\n]"
14:21:37.370 [Forwarding findElement on session 9ff46c75-f860-4b6c-96bf-d1f3a31859fe to remote] DEBUG org.apache.http.wire - http-outgoing-129 &gt;&gt; "[\r][\n]"
14:21:37.370 [Forwarding findElement on session 9ff46c75-f860-4b6c-96bf-d1f3a31859fe to remote] DEBUG org.apache.http.wire - http-outgoing-129 &gt;&gt; "{"using":"xpath","value":".//*[@id\u003d\u0027popupDiv\u0027]/div/div[1]/table/tbody/tr[1]/td[2]/input"}"
14:21:37.445 [Forwarding findElement on session 9ff46c75-f860-4b6c-96bf-d1f3a31859fe to remote] DEBUG org.apache.http.wire - http-outgoing-129 &lt;&lt; "HTTP/1.1 200 OK[\r][\n]"
14:21:37.445 [Forwarding findElement on session 9ff46c75-f860-4b6c-96bf-d1f3a31859fe to remote] DEBUG org.apache.http.wire - http-outgoing-129 &lt;&lt; "content-type: application/json; charset=UTF-8[\r][\n]"
14:21:37.445 [Forwarding findElement on session 9ff46c75-f860-4b6c-96bf-d1f3a31859fe to remote] DEBUG org.apache.http.wire - http-outgoing-129 &lt;&lt; "connection: close[\r][\n]"
14:21:37.445 [Forwarding findElement on session 9ff46c75-f860-4b6c-96bf-d1f3a31859fe to remote] DEBUG org.apache.http.wire - http-outgoing-129 &lt;&lt; "content-length: 145[\r][\n]"
14:21:37.445 [Forwarding findElement on session 9ff46c75-f860-4b6c-96bf-d1f3a31859fe to remote] DEBUG org.apache.http.wire - http-outgoing-129 &lt;&lt; "server: httpd.js[\r][\n]"
14:21:37.445 [Forwarding findElement on session 9ff46c75-f860-4b6c-96bf-d1f3a31859fe to remote] DEBUG org.apache.http.wire - http-outgoing-129 &lt;&lt; "date: Thu, 04 Jun 2015 06:21:37 GMT[\r][\n]"
14:21:37.445 [Forwarding findElement on session 9ff46c75-f860-4b6c-96bf-d1f3a31859fe to remote] DEBUG org.apache.http.wire - http-outgoing-129 &lt;&lt; "[\r][\n]"
14:21:37.445 [Forwarding findElement on session 9ff46c75-f860-4b6c-96bf-d1f3a31859fe to remote] DEBUG org.apache.http.headers - http-outgoing-129 &lt;&lt; HTTP/1.1 200 OK
14:21:37.445 [Forwarding findElement on session 9ff46c75-f860-4b6c-96bf-d1f3a31859fe to remote] DEBUG org.apache.http.headers - http-outgoing-129 &lt;&lt; content-type: application/json; charset=UTF-8
14:21:37.445 [Forwarding findElement on session 9ff46c75-f860-4b6c-96bf-d1f3a31859fe to remote] DEBUG org.apache.http.headers - http-outgoing-129 &lt;&lt; connection: close
14:21:37.445 [Forwarding findElement on session 9ff46c75-f860-4b6c-96bf-d1f3a31859fe to remote] DEBUG org.apache.http.headers - http-outgoing-129 &lt;&lt; content-length: 145
14:21:37.445 [Forwarding findElement on session 9ff46c75-f860-4b6c-96bf-d1f3a31859fe to remote] DEBUG org.apache.http.headers - http-outgoing-129 &lt;&lt; server: httpd.js
14:21:37.446 [Forwarding findElement on session 9ff46c75-f860-4b6c-96bf-d1f3a31859fe to remote] DEBUG org.apache.http.headers - http-outgoing-129 &lt;&lt; date: Thu, 04 Jun 2015 06:21:37 GMT
14:21:37.449 [Forwarding findElement on session 9ff46c75-f860-4b6c-96bf-d1f3a31859fe to remote] DEBUG org.apache.http.wire - http-outgoing-129 &lt;&lt; "{"name":"findElement","sessionId":"9ff46c75-f860-4b6c-96bf-d1f3a31859fe","status":0,"value":{"ELEMENT":"{0916aaf3-323e-4d5d-9b46-b7b82152765f}"}}"
14:21:37.449 [Forwarding findElement on session 9ff46c75-f860-4b6c-96bf-d1f3a31859fe to remote] DEBUG o.a.h.i.c.DefaultManagedHttpClientConnection - http-outgoing-129: Shutdown connection
14:21:37.449 [Forwarding findElement on session 9ff46c75-f860-4b6c-96bf-d1f3a31859fe to remote] DEBUG o.a.h.impl.execchain.MainClientExec - Connection discarded
14:21:37.449 [Forwarding findElement on session 9ff46c75-f860-4b6c-96bf-d1f3a31859fe to remote] DEBUG o.a.h.i.c.DefaultManagedHttpClientConnection - http-outgoing-129: Close connection
14:21:37.449 [Forwarding findElement on session 9ff46c75-f860-4b6c-96bf-d1f3a31859fe to remote] DEBUG o.a.h.i.c.PoolingHttpClientConnectionManager - Connection released: [id: 129][route: {}-&gt;http://127.0.0.1:7055][total kept alive: 0; route allocated: 0 of 2000; total allocated: 0 of 2000]
14:21:37.455 [Forwarding findElement on session 9ff46c75-f860-4b6c-96bf-d1f3a31859fe to remote] DEBUG o.a.h.c.protocol.RequestAddCookies - CookieSpec selected: best-match
14:21:37.455 [Forwarding findElement on session 9ff46c75-f860-4b6c-96bf-d1f3a31859fe to remote] DEBUG o.a.h.c.protocol.RequestAuthCache - Auth cache not set in the context
14:21:37.455 [Forwarding findElement on session 9ff46c75-f860-4b6c-96bf-d1f3a31859fe to remote] DEBUG o.a.h.i.c.PoolingHttpClientConnectionManager - Connection request: [route: {}-&gt;http://127.0.0.1:7055][total kept alive: 0; route allocated: 0 of 2000; total allocated: 0 of 2000]
14:21:37.455 [Forwarding findElement on session 9ff46c75-f860-4b6c-96bf-d1f3a31859fe to remote] DEBUG o.a.h.i.c.PoolingHttpClientConnectionManager - Connection leased: [id: 130][route: {}-&gt;http://127.0.0.1:7055][total kept alive: 0; route allocated: 1 of 2000; total allocated: 1 of 2000]
14:21:37.455 [Forwarding findElement on session 9ff46c75-f860-4b6c-96bf-d1f3a31859fe to remote] DEBUG o.a.h.impl.execchain.MainClientExec - Opening connection {}-&gt;http://127.0.0.1:7055
14:21:37.456 [Forwarding findElement on session 9ff46c75-f860-4b6c-96bf-d1f3a31859fe to remote] DEBUG o.a.h.i.c.HttpClientConnectionOperator - Connecting to /127.0.0.1:7055
14:21:37.456 [Forwarding findElement on session 9ff46c75-f860-4b6c-96bf-d1f3a31859fe to remote] DEBUG o.a.h.i.c.HttpClientConnectionOperator - Connection established 127.0.0.1:59046&lt;-&gt;127.0.0.1:7055
14:21:37.456 [Forwarding findElement on session 9ff46c75-f860-4b6c-96bf-d1f3a31859fe to remote] DEBUG o.a.h.impl.execchain.MainClientExec - Executing request POST /hub/session/9ff46c75-f860-4b6c-96bf-d1f3a31859fe/element HTTP/1.1
14:21:37.456 [Forwarding findElement on session 9ff46c75-f860-4b6c-96bf-d1f3a31859fe to remote] DEBUG o.a.h.impl.execchain.MainClientExec - Target auth state: UNCHALLENGED
14:21:37.456 [Forwarding findElement on session 9ff46c75-f860-4b6c-96bf-d1f3a31859fe to remote] DEBUG o.a.h.impl.execchain.MainClientExec - Proxy auth state: UNCHALLENGED
14:21:37.456 [Forwarding findElement on session 9ff46c75-f860-4b6c-96bf-d1f3a31859fe to remote] DEBUG org.apache.http.headers - http-outgoing-130 &gt;&gt; POST /hub/session/9ff46c75-f860-4b6c-96bf-d1f3a31859fe/element HTTP/1.1
14:21:37.456 [Forwarding findElement on session 9ff46c75-f860-4b6c-96bf-d1f3a31859fe to remote] DEBUG org.apache.http.headers - http-outgoing-130 &gt;&gt; Content-Type: application/json; charset=utf-8
14:21:37.456 [Forwarding findElement on session 9ff46c75-f860-4b6c-96bf-d1f3a31859fe to remote] DEBUG org.apache.http.headers - http-outgoing-130 &gt;&gt; Content-Length: 104
14:21:37.456 [Forwarding findElement on session 9ff46c75-f860-4b6c-96bf-d1f3a31859fe to remote] DEBUG org.apache.http.headers - http-outgoing-130 &gt;&gt; Host: 127.0.0.1:7055
14:21:37.457 [Forwarding findElement on session 9ff46c75-f860-4b6c-96bf-d1f3a31859fe to remote] DEBUG org.apache.http.headers - http-outgoing-130 &gt;&gt; Connection: Keep-Alive
14:21:37.457 [Forwarding findElement on session 9ff46c75-f860-4b6c-96bf-d1f3a31859fe to remote] DEBUG org.apache.http.headers - http-outgoing-130 &gt;&gt; User-Agent: Apache-HttpClient/4.3.4 (java 1.5)
14:21:37.457 [Forwarding findElement on session 9ff46c75-f860-4b6c-96bf-d1f3a31859fe to remote] DEBUG org.apache.http.headers - http-outgoing-130 &gt;&gt; Accept-Encoding: gzip,deflate
14:21:37.457 [Forwarding findElement on session 9ff46c75-f860-4b6c-96bf-d1f3a31859fe to remote] DEBUG org.apache.http.wire - http-outgoing-130 &gt;&gt; "POST /hub/session/9ff46c75-f860-4b6c-96bf-d1f3a31859fe/element HTTP/1.1[\r][\n]"
14:21:37.457 [Forwarding findElement on session 9ff46c75-f860-4b6c-96bf-d1f3a31859fe to remote] DEBUG org.apache.http.wire - http-outgoing-130 &gt;&gt; "Content-Type: application/json; charset=utf-8[\r][\n]"
14:21:37.457 [Forwarding findElement on session 9ff46c75-f860-4b6c-96bf-d1f3a31859fe to remote] DEBUG org.apache.http.wire - http-outgoing-130 &gt;&gt; "Content-Length: 104[\r][\n]"
14:21:37.457 [Forwarding findElement on session 9ff46c75-f860-4b6c-96bf-d1f3a31859fe to remote] DEBUG org.apache.http.wire - http-outgoing-130 &gt;&gt; "Host: 127.0.0.1:7055[\r][\n]"
14:21:37.457 [Forwarding findElement on session 9ff46c75-f860-4b6c-96bf-d1f3a31859fe to remote] DEBUG org.apache.http.wire - http-outgoing-130 &gt;&gt; "Connection: Keep-Alive[\r][\n]"
14:21:37.457 [Forwarding findElement on session 9ff46c75-f860-4b6c-96bf-d1f3a31859fe to remote] DEBUG org.apache.http.wire - http-outgoing-130 &gt;&gt; "User-Agent: Apache-HttpClient/4.3.4 (java 1.5)[\r][\n]"
14:21:37.457 [Forwarding findElement on session 9ff46c75-f860-4b6c-96bf-d1f3a31859fe to remote] DEBUG org.apache.http.wire - http-outgoing-130 &gt;&gt; "Accept-Encoding: gzip,deflate[\r][\n]"
14:21:37.457 [Forwarding findElement on session 9ff46c75-f860-4b6c-96bf-d1f3a31859fe to remote] DEBUG org.apache.http.wire - http-outgoing-130 &gt;&gt; "[\r][\n]"
14:21:37.457 [Forwarding findElement on session 9ff46c75-f860-4b6c-96bf-d1f3a31859fe to remote] DEBUG org.apache.http.wire - http-outgoing-130 &gt;&gt; "{"using":"xpath","value":".//*[@id\u003d\u0027popupDiv\u0027]/div/div[1]/table/tbody/tr[1]/td[2]/input"}"
14:21:37.514 [Forwarding findElement on session 9ff46c75-f860-4b6c-96bf-d1f3a31859fe to remote] DEBUG org.apache.http.wire - http-outgoing-130 &lt;&lt; "HTTP/1.1 200 OK[\r][\n]"
14:21:37.514 [Forwarding findElement on session 9ff46c75-f860-4b6c-96bf-d1f3a31859fe to remote] DEBUG org.apache.http.wire - http-outgoing-130 &lt;&lt; "content-type: application/json; charset=UTF-8[\r][\n]"
14:21:37.514 [Forwarding findElement on session 9ff46c75-f860-4b6c-96bf-d1f3a31859fe to remote] DEBUG org.apache.http.wire - http-outgoing-130 &lt;&lt; "connection: close[\r][\n]"
14:21:37.514 [Forwarding findElement on session 9ff46c75-f860-4b6c-96bf-d1f3a31859fe to remote] DEBUG org.apache.http.wire - http-outgoing-130 &lt;&lt; "content-length: 145[\r][\n]"
14:21:37.514 [Forwarding findElement on session 9ff46c75-f860-4b6c-96bf-d1f3a31859fe to remote] DEBUG org.apache.http.wire - http-outgoing-130 &lt;&lt; "server: httpd.js[\r][\n]"
14:21:37.514 [Forwarding findElement on session 9ff46c75-f860-4b6c-96bf-d1f3a31859fe to remote] DEBUG org.apache.http.wire - http-outgoing-130 &lt;&lt; "date: Thu, 04 Jun 2015 06:21:37 GMT[\r][\n]"
14:21:37.514 [Forwarding findElement on session 9ff46c75-f860-4b6c-96bf-d1f3a31859fe to remote] DEBUG org.apache.http.wire - http-outgoing-130 &lt;&lt; "[\r][\n]"
14:21:37.514 [Forwarding findElement on session 9ff46c75-f860-4b6c-96bf-d1f3a31859fe to remote] DEBUG org.apache.http.headers - http-outgoing-130 &lt;&lt; HTTP/1.1 200 OK
14:21:37.514 [Forwarding findElement on session 9ff46c75-f860-4b6c-96bf-d1f3a31859fe to remote] DEBUG org.apache.http.headers - http-outgoing-130 &lt;&lt; content-type: application/json; charset=UTF-8
14:21:37.514 [Forwarding findElement on session 9ff46c75-f860-4b6c-96bf-d1f3a31859fe to remote] DEBUG org.apache.http.headers - http-outgoing-130 &lt;&lt; connection: close
14:21:37.514 [Forwarding findElement on session 9ff46c75-f860-4b6c-96bf-d1f3a31859fe to remote] DEBUG org.apache.http.headers - http-outgoing-130 &lt;&lt; content-length: 145
14:21:37.514 [Forwarding findElement on session 9ff46c75-f860-4b6c-96bf-d1f3a31859fe to remote] DEBUG org.apache.http.headers - http-outgoing-130 &lt;&lt; server: httpd.js
14:21:37.514 [Forwarding findElement on session 9ff46c75-f860-4b6c-96bf-d1f3a31859fe to remote] DEBUG org.apache.http.headers - http-outgoing-130 &lt;&lt; date: Thu, 04 Jun 2015 06:21:37 GMT
14:21:37.515 [Forwarding findElement on session 9ff46c75-f860-4b6c-96bf-d1f3a31859fe to remote] DEBUG org.apache.http.wire - http-outgoing-130 &lt;&lt; "{"name":"findElement","sessionId":"9ff46c75-f860-4b6c-96bf-d1f3a31859fe","status":0,"value":{"ELEMENT":"{0916aaf3-323e-4d5d-9b46-b7b82152765f}"}}"
14:21:37.515 [Forwarding findElement on session 9ff46c75-f860-4b6c-96bf-d1f3a31859fe to remote] DEBUG o.a.h.i.c.DefaultManagedHttpClientConnection - http-outgoing-130: Shutdown connection
14:21:37.515 [Forwarding findElement on session 9ff46c75-f860-4b6c-96bf-d1f3a31859fe to remote] DEBUG o.a.h.impl.execchain.MainClientExec - Connection discarded
14:21:37.515 [Forwarding findElement on session 9ff46c75-f860-4b6c-96bf-d1f3a31859fe to remote] DEBUG o.a.h.i.c.DefaultManagedHttpClientConnection - http-outgoing-130: Close connection
14:21:37.515 [Forwarding findElement on session 9ff46c75-f860-4b6c-96bf-d1f3a31859fe to remote] DEBUG o.a.h.i.c.PoolingHttpClientConnectionManager - Connection released: [id: 130][route: {}-&gt;http://127.0.0.1:7055][total kept alive: 0; route allocated: 0 of 2000; total allocated: 0 of 2000]
14:21:37.517 [Forwarding sendKeysToElement on session 9ff46c75-f860-4b6c-96bf-d1f3a31859fe to remote] DEBUG o.a.h.c.protocol.RequestAddCookies - CookieSpec selected: best-match
14:21:37.517 [Forwarding sendKeysToElement on session 9ff46c75-f860-4b6c-96bf-d1f3a31859fe to remote] DEBUG o.a.h.c.protocol.RequestAuthCache - Auth cache not set in the context
14:21:37.517 [Forwarding sendKeysToElement on session 9ff46c75-f860-4b6c-96bf-d1f3a31859fe to remote] DEBUG o.a.h.i.c.PoolingHttpClientConnectionManager - Connection request: [route: {}-&gt;http://127.0.0.1:7055][total kept alive: 0; route allocated: 0 of 2000; total allocated: 0 of 2000]
14:21:37.517 [Forwarding sendKeysToElement on session 9ff46c75-f860-4b6c-96bf-d1f3a31859fe to remote] DEBUG o.a.h.i.c.PoolingHttpClientConnectionManager - Connection leased: [id: 131][route: {}-&gt;http://127.0.0.1:7055][total kept alive: 0; route allocated: 1 of 2000; total allocated: 1 of 2000]
14:21:37.517 [Forwarding sendKeysToElement on session 9ff46c75-f860-4b6c-96bf-d1f3a31859fe to remote] DEBUG o.a.h.impl.execchain.MainClientExec - Opening connection {}-&gt;http://127.0.0.1:7055
14:21:37.517 [Forwarding sendKeysToElement on session 9ff46c75-f860-4b6c-96bf-d1f3a31859fe to remote] DEBUG o.a.h.i.c.HttpClientConnectionOperator - Connecting to /127.0.0.1:7055
14:21:37.518 [Forwarding sendKeysToElement on session 9ff46c75-f860-4b6c-96bf-d1f3a31859fe to remote] DEBUG o.a.h.i.c.HttpClientConnectionOperator - Connection established 127.0.0.1:59047&lt;-&gt;127.0.0.1:7055
14:21:37.518 [Forwarding sendKeysToElement on session 9ff46c75-f860-4b6c-96bf-d1f3a31859fe to remote] DEBUG o.a.h.impl.execchain.MainClientExec - Executing request POST /hub/session/9ff46c75-f860-4b6c-96bf-d1f3a31859fe/element/%7B0916aaf3-323e-4d5d-9b46-b7b82152765f%7D/value HTTP/1.1
14:21:37.518 [Forwarding sendKeysToElement on session 9ff46c75-f860-4b6c-96bf-d1f3a31859fe to remote] DEBUG o.a.h.impl.execchain.MainClientExec - Target auth state: UNCHALLENGED
14:21:37.518 [Forwarding sendKeysToElement on session 9ff46c75-f860-4b6c-96bf-d1f3a31859fe to remote] DEBUG o.a.h.impl.execchain.MainClientExec - Proxy auth state: UNCHALLENGED
14:21:37.518 [Forwarding sendKeysToElement on session 9ff46c75-f860-4b6c-96bf-d1f3a31859fe to remote] DEBUG org.apache.http.headers - http-outgoing-131 &gt;&gt; POST /hub/session/9ff46c75-f860-4b6c-96bf-d1f3a31859fe/element/%7B0916aaf3-323e-4d5d-9b46-b7b82152765f%7D/value HTTP/1.1
14:21:37.518 [Forwarding sendKeysToElement on session 9ff46c75-f860-4b6c-96bf-d1f3a31859fe to remote] DEBUG org.apache.http.headers - http-outgoing-131 &gt;&gt; Content-Type: application/json; charset=utf-8
14:21:37.518 [Forwarding sendKeysToElement on session 9ff46c75-f860-4b6c-96bf-d1f3a31859fe to remote] DEBUG org.apache.http.headers - http-outgoing-131 &gt;&gt; Content-Length: 90
14:21:37.518 [Forwarding sendKeysToElement on session 9ff46c75-f860-4b6c-96bf-d1f3a31859fe to remote] DEBUG org.apache.http.headers - http-outgoing-131 &gt;&gt; Host: 127.0.0.1:7055
14:21:37.518 [Forwarding sendKeysToElement on session 9ff46c75-f860-4b6c-96bf-d1f3a31859fe to remote] DEBUG org.apache.http.headers - http-outgoing-131 &gt;&gt; Connection: Keep-Alive
14:21:37.518 [Forwarding sendKeysToElement on session 9ff46c75-f860-4b6c-96bf-d1f3a31859fe to remote] DEBUG org.apache.http.headers - http-outgoing-131 &gt;&gt; User-Agent: Apache-HttpClient/4.3.4 (java 1.5)
14:21:37.518 [Forwarding sendKeysToElement on session 9ff46c75-f860-4b6c-96bf-d1f3a31859fe to remote] DEBUG org.apache.http.headers - http-outgoing-131 &gt;&gt; Accept-Encoding: gzip,deflate
14:21:37.518 [Forwarding sendKeysToElement on session 9ff46c75-f860-4b6c-96bf-d1f3a31859fe to remote] DEBUG org.apache.http.wire - http-outgoing-131 &gt;&gt; "POST /hub/session/9ff46c75-f860-4b6c-96bf-d1f3a31859fe/element/%7B0916aaf3-323e-4d5d-9b46-b7b82152765f%7D/value HTTP/1.1[\r][\n]"
14:21:37.518 [Forwarding sendKeysToElement on session 9ff46c75-f860-4b6c-96bf-d1f3a31859fe to remote] DEBUG org.apache.http.wire - http-outgoing-131 &gt;&gt; "Content-Type: application/json; charset=utf-8[\r][\n]"
14:21:37.518 [Forwarding sendKeysToElement on session 9ff46c75-f860-4b6c-96bf-d1f3a31859fe to remote] DEBUG org.apache.http.wire - http-outgoing-131 &gt;&gt; "Content-Length: 90[\r][\n]"
14:21:37.518 [Forwarding sendKeysToElement on session 9ff46c75-f860-4b6c-96bf-d1f3a31859fe to remote] DEBUG org.apache.http.wire - http-outgoing-131 &gt;&gt; "Host: 127.0.0.1:7055[\r][\n]"
14:21:37.518 [Forwarding sendKeysToElement on session 9ff46c75-f860-4b6c-96bf-d1f3a31859fe to remote] DEBUG org.apache.http.wire - http-outgoing-131 &gt;&gt; "Connection: Keep-Alive[\r][\n]"
14:21:37.519 [Forwarding sendKeysToElement on session 9ff46c75-f860-4b6c-96bf-d1f3a31859fe to remote] DEBUG org.apache.http.wire - http-outgoing-131 &gt;&gt; "User-Agent: Apache-HttpClient/4.3.4 (java 1.5)[\r][\n]"
14:21:37.519 [Forwarding sendKeysToElement on session 9ff46c75-f860-4b6c-96bf-d1f3a31859fe to remote] DEBUG org.apache.http.wire - http-outgoing-131 &gt;&gt; "Accept-Encoding: gzip,deflate[\r][\n]"
14:21:37.519 [Forwarding sendKeysToElement on session 9ff46c75-f860-4b6c-96bf-d1f3a31859fe to remote] DEBUG org.apache.http.wire - http-outgoing-131 &gt;&gt; "[\r][\n]"
14:21:37.519 [Forwarding sendKeysToElement on session 9ff46c75-f860-4b6c-96bf-d1f3a31859fe to remote] DEBUG org.apache.http.wire - http-outgoing-131 &gt;&gt; "{"id":"{0916aaf3-323e-4d5d-9b46-b7b82152765f}","value":["[0xe6][0x9c][0x80][0xe5][0x96][0x9c][0xe6][0xac][0xa2][0xe7][0x9a][0x84][0xe5][0xa5][0xb3][0xe8][0x80][0x81][0xe5][0xb8][0x88][0xe6][0x98][0xaf][0xe8][0xb0][0x81][0xef][0xbc][0x9f]"]}"
14:21:57.616 [Forwarding sendKeysToElement on session 9ff46c75-f860-4b6c-96bf-d1f3a31859fe to remote] DEBUG org.apache.http.wire - http-outgoing-131 &lt;&lt; "HTTP/1.1 500 Internal Server Error[\r][\n]"
14:21:57.617 [Forwarding sendKeysToElement on session 9ff46c75-f860-4b6c-96bf-d1f3a31859fe to remote] DEBUG org.apache.http.wire - http-outgoing-131 &lt;&lt; "content-type: application/json; charset=UTF-8[\r][\n]"
14:21:57.617 [Forwarding sendKeysToElement on session 9ff46c75-f860-4b6c-96bf-d1f3a31859fe to remote] DEBUG org.apache.http.wire - http-outgoing-131 &lt;&lt; "connection: close[\r][\n]"
14:21:57.617 [Forwarding sendKeysToElement on session 9ff46c75-f860-4b6c-96bf-d1f3a31859fe to remote] DEBUG org.apache.http.wire - http-outgoing-131 &lt;&lt; "content-length: 1185[\r][\n]"
14:21:57.617 [Forwarding sendKeysToElement on session 9ff46c75-f860-4b6c-96bf-d1f3a31859fe to remote] DEBUG org.apache.http.wire - http-outgoing-131 &lt;&lt; "server: httpd.js[\r][\n]"
14:21:57.617 [Forwarding sendKeysToElement on session 9ff46c75-f860-4b6c-96bf-d1f3a31859fe to remote] DEBUG org.apache.http.wire - http-outgoing-131 &lt;&lt; "date: Thu, 04 Jun 2015 06:21:57 GMT[\r][\n]"
14:21:57.617 [Forwarding sendKeysToElement on session 9ff46c75-f860-4b6c-96bf-d1f3a31859fe to remote] DEBUG org.apache.http.wire - http-outgoing-131 &lt;&lt; "[\r][\n]"
14:21:57.617 [Forwarding sendKeysToElement on session 9ff46c75-f860-4b6c-96bf-d1f3a31859fe to remote] DEBUG org.apache.http.wire - http-outgoing-131 &lt;&lt; "{"name":"sendKeysToElement","sessionId":"9ff46c75-f860-4b6c-96bf-d1f3a31859fe","status":11,"value":{"message":"Element is not currently visible and so may not be interacted with","stackTrace":[{"methodName":"fxdriver.preconditions.visible","fileName":"file:///C:/Users/SoulTest/AppData/Local/Temp/anonymous4496018821105563880webdriver-profile/extensions/fxdriver@googlecode.com/components/command-processor.js","lineNumber":8959},{"methodName":"DelayedCommand.prototype.checkPreconditions_","fileName":"file:///C:/Users/SoulTest/AppData/Local/Temp/anonymous4496018821105563880webdriver-profile/extensions/fxdriver@googlecode.com/components/command-processor.js","lineNumber":11618},{"methodName":"DelayedCommand.prototype.executeInternal_/h","fileName":"file:///C:/Users/SoulTest/AppData/Local/Temp/anonymous4496018821105563880webdriver-profile/extensions/fxdriver@googlecode.com/components/command-processor.js","lineNumber":11635},{"methodName":"fxdriver.Timer.prototype.setTimeout/&lt;.notify","fileName":"file:///C:/Users/SoulTest/AppData/Local/Temp/anonymous4496018821105563880webdriver-profile/extensions/fxdriver@googlecode.com/components/command-processor.js","lineNumber":548}]}}"
14:21:57.617 [Forwarding sendKeysToElement on session 9ff46c75-f860-4b6c-96bf-d1f3a31859fe to remote] DEBUG org.apache.http.headers - http-outgoing-131 &lt;&lt; HTTP/1.1 500 Internal Server Error
14:21:57.617 [Forwarding sendKeysToElement on session 9ff46c75-f860-4b6c-96bf-d1f3a31859fe to remote] DEBUG org.apache.http.headers - http-outgoing-131 &lt;&lt; content-type: application/json; charset=UTF-8
14:21:57.617 [Forwarding sendKeysToElement on session 9ff46c75-f860-4b6c-96bf-d1f3a31859fe to remote] DEBUG org.apache.http.headers - http-outgoing-131 &lt;&lt; connection: close
14:21:57.617 [Forwarding sendKeysToElement on session 9ff46c75-f860-4b6c-96bf-d1f3a31859fe to remote] DEBUG org.apache.http.headers - http-outgoing-131 &lt;&lt; content-length: 1185
14:21:57.617 [Forwarding sendKeysToElement on session 9ff46c75-f860-4b6c-96bf-d1f3a31859fe to remote] DEBUG org.apache.http.headers - http-outgoing-131 &lt;&lt; server: httpd.js
14:21:57.617 [Forwarding sendKeysToElement on session 9ff46c75-f860-4b6c-96bf-d1f3a31859fe to remote] DEBUG org.apache.http.headers - http-outgoing-131 &lt;&lt; date: Thu, 04 Jun 2015 06:21:57 GMT
14:21:57.618 [Forwarding sendKeysToElement on session 9ff46c75-f860-4b6c-96bf-d1f3a31859fe to remote] DEBUG o.a.h.i.c.DefaultManagedHttpClientConnection - http-outgoing-131: Shutdown connection
14:21:57.619 [Forwarding sendKeysToElement on session 9ff46c75-f860-4b6c-96bf-d1f3a31859fe to remote] DEBUG o.a.h.impl.execchain.MainClientExec - Connection discarded
14:21:57.619 [Forwarding sendKeysToElement on session 9ff46c75-f860-4b6c-96bf-d1f3a31859fe to remote] DEBUG o.a.h.i.c.DefaultManagedHttpClientConnection - http-outgoing-131: Close connection
14:21:57.619 [Forwarding sendKeysToElement on session 9ff46c75-f860-4b6c-96bf-d1f3a31859fe to remote] DEBUG o.a.h.i.c.PoolingHttpClientConnectionManager - Connection released: [id: 131][route: {}-&gt;http://127.0.0.1:7055][total kept alive: 0; route allocated: 0 of 2000; total allocated: 0 of 2000]
</system-out>
  </testcase>
  <testcase name="testLogout" classname="com.soulinfo.cases.LoginCase" time="0.974"/>
  <testcase name="closeBrowser" classname="com.soulinfo.cases.BrowserCase" time="0.658"/>
</testsuite>